[2022-05-17 16:52:36]	INFO	[Task]	Help	Get The Dynamic new nKey: , szTitle:  	5	Đẳng cấp nhân vật cao nhất đã mở đến cấp 200
[2022-05-17 16:52:36]	INFO	[Task]	Help	Get The Dynamic new nKey: , szTitle:  	19	Điều chỉnh giới hạn đẳng cấp tham gia thi đấu môn phái
[2022-05-17 16:52:36]	INFO	[Task]	Help	Get The Dynamic new nKey: , szTitle:  	4	Làm sao nhận được bạc
[2022-05-17 16:52:36]	INFO	[Task]	Help	Get The Dynamic new nKey: , szTitle:  	6	05月17日国庆活动幸运卡民族
[2022-05-17 16:52:56]	ATTEN	[Player]	Cap cao nhat 200
[2022-05-17 16:52:56]	INFO	[Domain]	Statuary	AddNpc	there is no tbInfo.tbPlayerInfo[self.INFOID_PLAYERNAME]
[2022-05-17 16:52:56]	INFO	[Domain]	Statuary	AddNpc	there is no tbInfo.tbPlayerInfo[self.INFOID_PLAYERNAME]
[2022-05-17 16:52:56]	INFO	[Domain]	Statuary	AddNpc	there is no tbInfo.tbPlayerInfo[self.INFOID_PLAYERNAME]
[2022-05-17 16:52:56]	INFO	[Domain]	Statuary	AddNpc	there is no tbInfo.tbPlayerInfo[self.INFOID_PLAYERNAME]
[2022-05-17 16:52:56]	INFO	[Domain]	Statuary	AddNpc	there is no tbInfo.tbPlayerInfo[self.INFOID_PLAYERNAME]
[2022-05-17 16:52:56]	INFO	[Domain]	Statuary	AddNpc	there is no tbInfo.tbPlayerInfo[self.INFOID_PLAYERNAME]
[2022-05-17 16:52:56]	INFO	[Domain]	Statuary	AddNpc	there is no tbInfo.tbPlayerInfo[self.INFOID_PLAYERNAME]
[2022-05-17 16:52:56]	INFO	[Domain]	Statuary	AddNpc	there is no tbInfo.tbPlayerInfo[self.INFOID_PLAYERNAME]
[2022-05-17 16:52:56]	INFO	[Domain]	Statuary	AddNpc	there is no tbInfo.tbPlayerInfo[self.INFOID_PLAYERNAME]
[2022-05-17 16:52:56]	INFO	[Domain]	Statuary	AddNpc	there is no tbInfo.tbPlayerInfo[self.INFOID_PLAYERNAME]
[2022-05-17 16:52:56]	INFO	[Domain]	Statuary	AddNpc	there is no tbInfo.tbPlayerInfo[self.INFOID_PLAYERNAME]
[2022-05-17 16:52:56]	INFO	[Domain]	Statuary	AddNpc	there is no tbInfo.tbPlayerInfo[self.INFOID_PLAYERNAME]
[2022-05-17 16:52:56]	INFO	[Domain]	Statuary	AddNpc	there is no tbInfo.tbPlayerInfo[self.INFOID_PLAYERNAME]
[2022-05-17 16:52:56]	INFO	[Domain]	Statuary	AddNpc	there is no tbInfo.tbPlayerInfo[self.INFOID_PLAYERNAME]
[2022-05-17 16:52:56]	INFO	[Domain]	Statuary	AddNpc	there is no tbInfo.tbPlayerInfo[self.INFOID_PLAYERNAME]
[2022-05-17 16:52:56]	INFO	[Domain]	Statuary	AddNpc	there is no tbInfo.tbPlayerInfo[self.INFOID_PLAYERNAME]
[2022-05-17 16:52:56]	INFO	[Domain]	Statuary	AddNpc	there is no tbInfo.tbPlayerInfo[self.INFOID_PLAYERNAME]
[2022-05-17 16:52:56]	INFO	[Domain]	Statuary	AddNpc	there is no tbInfo.tbPlayerInfo[self.INFOID_PLAYERNAME]
[2022-05-17 16:52:56]	INFO	[Domain]	Statuary	AddNpc	there is no tbInfo.tbPlayerInfo[self.INFOID_PLAYERNAME]
[2022-05-17 16:52:56]	INFO	[Domain]	Statuary	AddNpc	there is no tbInfo.tbPlayerInfo[self.INFOID_PLAYERNAME]
[2022-05-17 16:52:56]	INFO	[Domain]	Statuary	AddNpc	there is no tbInfo.tbPlayerInfo[self.INFOID_PLAYERNAME]
[2022-05-17 16:52:56]	INFO	[Domain]	Statuary	AddNpc	there is no tbInfo.tbPlayerInfo[self.INFOID_PLAYERNAME]
[2022-05-17 16:52:56]	INFO	[Domain]	Statuary	AddNpc	there is no tbInfo.tbPlayerInfo[self.INFOID_PLAYERNAME]
[2022-05-17 16:52:56]	INFO	[Domain]	Statuary	AddNpc	there is no tbInfo.tbPlayerInfo[self.INFOID_PLAYERNAME]
[2022-05-17 16:52:56]	INFO	[Domain]	Statuary	AddNpc	there is no tbInfo.tbPlayerInfo[self.INFOID_PLAYERNAME]
[2022-05-17 16:52:56]	INFO	[Player]	Offline	 Bạch Câu Hoàn 	nTimeFrameStartSale
[2022-05-17 16:52:56]	INFO	[Player]	Offline	 Bạch Câu Hoàn 	nTimeFrameEndSale
[2022-05-17 16:52:56]	INFO	[Player]	Offline	 Bạch Câu Hoàn 	36
[2022-05-17 16:52:56]	INFO	[Player]	Offline	Đại Bạch Câu Hoàn	nTimeFrameStartSale
[2022-05-17 16:52:56]	INFO	[Player]	Offline	Đại Bạch Câu Hoàn	nTimeFrameEndSale
[2022-05-17 16:52:56]	INFO	[Player]	Offline	Đại Bạch Câu Hoàn	180
[2022-05-17 16:52:56]	INFO	[Player]	Offline	Cường Hiệu Bạch Câu Hoàn	nTimeFrameStartSale
[2022-05-17 16:52:56]	INFO	[Player]	Offline	Cường Hiệu Bạch Câu Hoàn	nTimeFrameEndSale
[2022-05-17 16:52:56]	INFO	[Player]	Offline	Cường Hiệu Bạch Câu Hoàn	540
[2022-05-17 16:52:56]	INFO	[Player]	Offline	Đặc Hiệu Bạch Câu Hoàn	nTimeFrameStartSale	53
[2022-05-17 16:52:56]	INFO	[Player]	Offline	Đặc Hiệu Bạch Câu Hoàn	nTimeFrameEndSale	100000
[2022-05-17 16:52:56]	INFO	[Player]	Offline	_LoadBaijuCoin	Đặc Hiệu Bạch Câu Hoàn	tbValue.nTimeFrameStartSale and tbValue.nTimeFrameEndSale	53	100000
[2022-05-17 16:52:56]	INFO	[Player]	Offline	Đặc Hiệu Bạch Câu Hoàn	99999999
[2022-05-17 16:52:56]	ATTEN	[Merchant]	Gọi Thương Nhân Thần Bí ngẫu nhiên	22-05-17 16:52	1
[2022-05-17 16:52:56]	ATTEN	[Merchant]	Gọi Thương Nhân Thần Bí ngẫu nhiên	22-05-17 16:52	2
[2022-05-17 16:52:56]	ATTEN	[Merchant]	Gọi Thương Nhân Thần Bí ngẫu nhiên	22-05-17 16:52	3
[2022-05-17 16:52:56]	ATTEN	[Merchant]	Gọi Thương Nhân Thần Bí ngẫu nhiên	22-05-17 16:52	4
[2022-05-17 16:52:56]	ATTEN	[Merchant]	Gọi Thương Nhân Thần Bí ngẫu nhiên	22-05-17 16:52	5
[2022-05-17 16:52:56]	ATTEN	[Merchant]	Gọi Thương Nhân Thần Bí ngẫu nhiên	22-05-17 16:52	6
[2022-05-17 16:52:56]	ATTEN	[Merchant]	Gọi Thương Nhân Thần Bí ngẫu nhiên	22-05-17 16:52	7
[2022-05-17 16:52:56]	ATTEN	[Merchant]	Gọi Thương Nhân Thần Bí ngẫu nhiên	22-05-17 16:52	8
[2022-05-17 16:52:56]	ATTEN	[Merchant]	Gọi Thương Nhân Thần Bí ngẫu nhiên	22-05-17 16:52	9
[2022-05-17 16:52:56]	ATTEN	[Merchant]	Gọi Thương Nhân Thần Bí ngẫu nhiên	22-05-17 16:52	10
[2022-05-17 16:52:56]	ATTEN	[Merchant]	Gọi Thương Nhân Thần Bí ngẫu nhiên	22-05-17 16:52	11
[2022-05-17 16:52:56]	ATTEN	[Merchant]	Gọi Thương Nhân Thần Bí ngẫu nhiên	22-05-17 16:52	12
[2022-05-17 17:00:01]	ATTEN	[Merchant]	Gọi Thương Nhân Thần Bí ngẫu nhiên	22-05-17 17:00	1
[2022-05-17 17:00:01]	ATTEN	[Merchant]	Gọi Thương Nhân Thần Bí ngẫu nhiên	22-05-17 17:00	2
[2022-05-17 17:00:01]	ATTEN	[Merchant]	Gọi Thương Nhân Thần Bí ngẫu nhiên	22-05-17 17:00	3
[2022-05-17 17:00:01]	ATTEN	[Merchant]	Gọi Thương Nhân Thần Bí ngẫu nhiên	22-05-17 17:00	4
[2022-05-17 17:00:01]	ATTEN	[Merchant]	Gọi Thương Nhân Thần Bí ngẫu nhiên	22-05-17 17:00	5
[2022-05-17 17:00:01]	ATTEN	[Merchant]	Gọi Thương Nhân Thần Bí ngẫu nhiên	22-05-17 17:00	6
[2022-05-17 17:00:01]	ATTEN	[Merchant]	Gọi Thương Nhân Thần Bí ngẫu nhiên	22-05-17 17:00	7
[2022-05-17 17:00:01]	ATTEN	[Merchant]	Gọi Thương Nhân Thần Bí ngẫu nhiên	22-05-17 17:00	8
[2022-05-17 17:00:01]	ATTEN	[Merchant]	Gọi Thương Nhân Thần Bí ngẫu nhiên	22-05-17 17:00	9
[2022-05-17 17:00:01]	ATTEN	[Merchant]	Gọi Thương Nhân Thần Bí ngẫu nhiên	22-05-17 17:00	10
[2022-05-17 17:00:01]	ATTEN	[Merchant]	Gọi Thương Nhân Thần Bí ngẫu nhiên	22-05-17 17:00	11
[2022-05-17 17:00:01]	ATTEN	[Merchant]	Gọi Thương Nhân Thần Bí ngẫu nhiên	22-05-17 17:00	12
[2022-05-17 17:00:21]	ATTEN	[XoyoGame]	
[2022-05-17 17:00:21]	ATTEN	[XoyoGame]	
[2022-05-17 17:00:21]	ATTEN	[XoyoGame]	
[2022-05-17 17:00:21]	ATTEN	[XoyoGame]	
[2022-05-17 17:00:21]	ATTEN	[XoyoGame]	
[2022-05-17 17:00:21]	ATTEN	[XoyoGame]	
