20220517-170853<DEBUG:0000169C>: [PrevInitCore]:1, start tickers = 346701419817
20220517-170855<DEBUG:0000169C>: [PrevInitCore]:1->[PrevInitCore]:0 timeout, tickers = 6245349699
20220517-170856<ERROR:0000169C>: GetInteger(12, 1) failed !
20220517-170857<ERROR:0000169C>: NpcTemplate[20155] not found!
20220517-170857<DEBUG:0000169C>: KGLOG_PROCESS_ERROR(nOffset < nSize) at line 65 in s_GoNextLine
20220517-170857<ERROR:0000169C>: NpcTemplate[20121] not found!
20220517-170857<ERROR:0000169C>: NpcTemplate[20121] not found!
20220517-170857<ERROR:0000169C>: NpcTemplate[20121] not found!
20220517-170857<ERROR:0000169C>: NpcTemplate[20121] not found!
20220517-170857<ERROR:0000169C>: NpcTemplate[20121] not found!
20220517-170857<ERROR:0000169C>: NpcTemplate[20121] not found!
20220517-170857<ERROR:0000169C>: NpcTemplate[20121] not found!
20220517-170857<ERROR:0000169C>: NpcTemplate[20121] not found!
20220517-170857<ERROR:0000169C>: NpcTemplate[20121] not found!
20220517-170857<ERROR:0000169C>: NpcTemplate[20121] not found!
20220517-170857<ERROR:0000169C>: NpcTemplate[20121] not found!
20220517-170857<ERROR:0000169C>: NpcTemplate[20121] not found!
20220517-170857<ERROR:0000169C>: NpcTemplate[20121] not found!
20220517-170857<ERROR:0000169C>: NpcTemplate[20121] not found!
20220517-170857<ERROR:0000169C>: NpcTemplate[20121] not found!
20220517-170857<ERROR:0000169C>: NpcTemplate[20121] not found!
20220517-170857<ERROR:0000169C>: NpcTemplate[20121] not found!
20220517-170857<ERROR:0000169C>: NpcTemplate[20121] not found!
20220517-170857<ERROR:0000169C>: NpcTemplate[20121] not found!
20220517-170857<ERROR:0000169C>: NpcTemplate[20121] not found!
20220517-170857<ERROR:0000169C>: NpcTemplate[20121] not found!
20220517-170857<ERROR:0000169C>: NpcTemplate[20121] not found!
20220517-170857<ERROR:0000169C>: NpcTemplate[20121] not found!
20220517-170857<ERROR:0000169C>: NpcTemplate[20121] not found!
20220517-170857<ERROR:0000169C>: NpcTemplate[20121] not found!
20220517-170857<ERROR:0000169C>: NpcTemplate[20121] not found!
20220517-170857<ERROR:0000169C>: NpcTemplate[20121] not found!
20220517-170857<ERROR:0000169C>: NpcTemplate[20121] not found!
20220517-170857<ERROR:0000169C>: NpcTemplate[20121] not found!
20220517-170857<ERROR:0000169C>: NpcTemplate[20121] not found!
20220517-170857<ERROR:0000169C>: NpcTemplate[20121] not found!
20220517-170857<ERROR:0000169C>: NpcTemplate[20121] not found!
20220517-170857<ERROR:0000169C>: NpcTemplate[20121] not found!
20220517-170857<ERROR:0000169C>: NpcTemplate[20121] not found!
20220517-170857<ERROR:0000169C>: NpcTemplate[20121] not found!
20220517-170857<ERROR:0000169C>: NpcTemplate[20121] not found!
20220517-170857<ERROR:0000169C>: NpcTemplate[20121] not found!
20220517-170857<ERROR:0000169C>: NpcTemplate[20121] not found!
20220517-170859<DEBUG:0000169C>: KGLOG_PROCESS_ERROR(nOffset < nSize) at line 65 in s_GoNextLine
20220517-170859<DEBUG:0000169C>: KGLOG_PROCESS_ERROR(nMaxSize > 0) at line 72 in KItemDropRate::LoadData
20220517-170859<DEBUG:0000169C>: KGLOG_PROCESS_ERROR(nOffset < nSize) at line 65 in s_GoNextLine
20220517-170903<ERROR:0000169C>: GetInteger(2, Money) failed !
20220517-170903<ERROR:0000169C>: GetInteger(2, BindMoney) failed !
20220517-170903<ERROR:0000169C>: GetInteger(2, LuckyRate) failed !
20220517-170903<ERROR:0000169C>: GetInteger(2, Money) failed !
20220517-170903<ERROR:0000169C>: GetInteger(2, BindMoney) failed !
20220517-170903<ERROR:0000169C>: GetInteger(2, LuckyRate) failed !
20220517-170903<ERROR:0000169C>: GetInteger(2, Money) failed !
20220517-170903<ERROR:0000169C>: GetInteger(2, BindMoney) failed !
20220517-170903<ERROR:0000169C>: GetInteger(2, LuckyRate) failed !
20220517-170903<ERROR:0000169C>: GetInteger(2, Money) failed !
20220517-170903<ERROR:0000169C>: GetInteger(2, BindMoney) failed !
20220517-170903<ERROR:0000169C>: GetInteger(2, LuckyRate) failed !
20220517-170903<ERROR:0000169C>: GetInteger(2, Money) failed !
20220517-170903<ERROR:0000169C>: GetInteger(2, BindMoney) failed !
20220517-170903<ERROR:0000169C>: GetInteger(2, LuckyRate) failed !
20220517-170903<ERROR:0000169C>: GetInteger(2, Money) failed !
20220517-170903<ERROR:0000169C>: GetInteger(2, BindMoney) failed !
20220517-170903<ERROR:0000169C>: GetInteger(2, LuckyRate) failed !
20220517-170903<ERROR:0000169C>: GetInteger(2, Money) failed !
20220517-170903<ERROR:0000169C>: GetInteger(2, BindMoney) failed !
20220517-170903<ERROR:0000169C>: GetInteger(2, LuckyRate) failed !
20220517-170903<ERROR:0000169C>: GetInteger(2, Money) failed !
20220517-170903<ERROR:0000169C>: GetInteger(2, BindMoney) failed !
20220517-170903<ERROR:0000169C>: GetInteger(2, LuckyRate) failed !
20220517-170906<DEBUG:0000169C>: KGLOG_PROCESS_ERROR(nOffset < nSize) at line 65 in s_GoNextLine
20220517-170906<DEBUG:0000169C>: KGLOG_PROCESS_ERROR(nMaxSize > 0) at line 72 in KItemDropRate::LoadData
20220517-170906<DEBUG:0000169C>: KGLOG_PROCESS_ERROR(nOffset < nSize) at line 65 in s_GoNextLine
20220517-170906<DEBUG:0000169C>: KGLOG_PROCESS_ERROR(nMaxSize > 0) at line 72 in KItemDropRate::LoadData
20220517-170906<DEBUG:0000169C>: KGLOG_PROCESS_ERROR(nOffset < nSize) at line 65 in s_GoNextLine
20220517-170906<DEBUG:0000169C>: KGLOG_PROCESS_ERROR(nMaxSize > 0) at line 72 in KItemDropRate::LoadData
20220517-170906<DEBUG:0000169C>: KGLOG_PROCESS_ERROR(nOffset < nSize) at line 65 in s_GoNextLine
20220517-170906<DEBUG:0000169C>: KGLOG_PROCESS_ERROR(nMaxSize > 0) at line 72 in KItemDropRate::LoadData
20220517-170906<DEBUG:0000169C>: KGLOG_PROCESS_ERROR(nOffset < nSize) at line 65 in s_GoNextLine
20220517-170906<DEBUG:0000169C>: KGLOG_PROCESS_ERROR(nMaxSize > 0) at line 72 in KItemDropRate::LoadData
20220517-170906<DEBUG:0000169C>: KGLOG_PROCESS_ERROR(nOffset < nSize) at line 65 in s_GoNextLine
20220517-170906<DEBUG:0000169C>: KGLOG_PROCESS_ERROR(nMaxSize > 0) at line 72 in KItemDropRate::LoadData
20220517-170906<DEBUG:0000169C>: KGLOG_PROCESS_ERROR(nOffset < nSize) at line 65 in s_GoNextLine
20220517-170906<DEBUG:0000169C>: KGLOG_PROCESS_ERROR(nMaxSize > 0) at line 72 in KItemDropRate::LoadData
20220517-170906<DEBUG:0000169C>: KGLOG_PROCESS_ERROR(nOffset < nSize) at line 65 in s_GoNextLine
20220517-170906<DEBUG:0000169C>: KGLOG_PROCESS_ERROR(nMaxSize > 0) at line 72 in KItemDropRate::LoadData
20220517-170907<DEBUG:0000169C>: KGLOG_PROCESS_ERROR(nOffset < nSize) at line 65 in s_GoNextLine
20220517-170907<DEBUG:0000169C>: KGLOG_PROCESS_ERROR(nMaxSize > 0) at line 72 in KItemDropRate::LoadData
20220517-170907<DEBUG:0000169C>: KGLOG_PROCESS_ERROR(nOffset < nSize) at line 65 in s_GoNextLine
20220517-170907<DEBUG:0000169C>: KGLOG_PROCESS_ERROR(nMaxSize > 0) at line 72 in KItemDropRate::LoadData
20220517-170910<DEBUG:0000169C>: KGLOG_PROCESS_ERROR(nOffset < nSize) at line 65 in s_GoNextLine
20220517-170910<DEBUG:0000169C>: KGLOG_PROCESS_ERROR(nMaxSize > 0) at line 72 in KItemDropRate::LoadData
20220517-170910<DEBUG:0000169C>: KGLOG_PROCESS_ERROR(nOffset < nSize) at line 65 in s_GoNextLine
20220517-170910<DEBUG:0000169C>: KGLOG_PROCESS_ERROR(nMaxSize > 0) at line 72 in KItemDropRate::LoadData
20220517-170910<DEBUG:0000169C>: KGLOG_PROCESS_ERROR(nOffset < nSize) at line 65 in s_GoNextLine
20220517-170910<DEBUG:0000169C>: KGLOG_PROCESS_ERROR(nMaxSize > 0) at line 72 in KItemDropRate::LoadData
20220517-170910<DEBUG:0000169C>: KGLOG_PROCESS_ERROR(nOffset < nSize) at line 65 in s_GoNextLine
20220517-170910<DEBUG:0000169C>: KGLOG_PROCESS_ERROR(nMaxSize > 0) at line 72 in KItemDropRate::LoadData
20220517-170910<DEBUG:0000169C>: KGLOG_PROCESS_ERROR(nOffset < nSize) at line 65 in s_GoNextLine
20220517-170910<DEBUG:0000169C>: KGLOG_PROCESS_ERROR(nMaxSize > 0) at line 72 in KItemDropRate::LoadData
20220517-170910<DEBUG:0000169C>: KGLOG_PROCESS_ERROR(nOffset < nSize) at line 65 in s_GoNextLine
20220517-170910<DEBUG:0000169C>: KGLOG_PROCESS_ERROR(nMaxSize > 0) at line 72 in KItemDropRate::LoadData
20220517-170911<DEBUG:0000169C>: KGLOG_PROCESS_ERROR(nOffset < nSize) at line 65 in s_GoNextLine
20220517-170911<DEBUG:0000169C>: KGLOG_PROCESS_ERROR(nMaxSize > 0) at line 72 in KItemDropRate::LoadData
20220517-170911<DEBUG:0000169C>: KGLOG_PROCESS_ERROR(nOffset < nSize) at line 65 in s_GoNextLine
20220517-170911<DEBUG:0000169C>: KGLOG_PROCESS_ERROR(nMaxSize > 0) at line 72 in KItemDropRate::LoadData
20220517-170911<DEBUG:0000169C>: KGLOG_PROCESS_ERROR(nOffset < nSize) at line 65 in s_GoNextLine
20220517-170911<DEBUG:0000169C>: KGLOG_PROCESS_ERROR(nMaxSize > 0) at line 72 in KItemDropRate::LoadData
20220517-170911<DEBUG:0000169C>: KGLOG_PROCESS_ERROR(nOffset < nSize) at line 65 in s_GoNextLine
20220517-170911<DEBUG:0000169C>: KGLOG_PROCESS_ERROR(nMaxSize > 0) at line 72 in KItemDropRate::LoadData
20220517-170911<DEBUG:0000169C>: KGLOG_PROCESS_ERROR(nOffset < nSize) at line 65 in s_GoNextLine
20220517-170911<DEBUG:0000169C>: KGLOG_PROCESS_ERROR(nMaxSize > 0) at line 72 in KItemDropRate::LoadData
20220517-170911<DEBUG:0000169C>: KGLOG_PROCESS_ERROR(nOffset < nSize) at line 65 in s_GoNextLine
20220517-170911<DEBUG:0000169C>: KGLOG_PROCESS_ERROR(nMaxSize > 0) at line 72 in KItemDropRate::LoadData
20220517-170911<DEBUG:0000169C>: KGLOG_PROCESS_ERROR(nOffset < nSize) at line 65 in s_GoNextLine
20220517-170911<DEBUG:0000169C>: KGLOG_PROCESS_ERROR(nMaxSize > 0) at line 72 in KItemDropRate::LoadData
20220517-170911<DEBUG:0000169C>: KGLOG_PROCESS_ERROR(nOffset < nSize) at line 65 in s_GoNextLine
20220517-170911<DEBUG:0000169C>: KGLOG_PROCESS_ERROR(nMaxSize > 0) at line 72 in KItemDropRate::LoadData
20220517-170911<DEBUG:0000169C>: KGLOG_PROCESS_ERROR(nOffset < nSize) at line 65 in s_GoNextLine
20220517-170911<DEBUG:0000169C>: KGLOG_PROCESS_ERROR(nMaxSize > 0) at line 72 in KItemDropRate::LoadData
20220517-170911<DEBUG:0000169C>: KGLOG_PROCESS_ERROR(nOffset < nSize) at line 65 in s_GoNextLine
20220517-170911<DEBUG:0000169C>: KGLOG_PROCESS_ERROR(nMaxSize > 0) at line 72 in KItemDropRate::LoadData
20220517-170911<DEBUG:0000169C>: KGLOG_PROCESS_ERROR(nOffset < nSize) at line 65 in s_GoNextLine
20220517-170911<DEBUG:0000169C>: KGLOG_PROCESS_ERROR(nMaxSize > 0) at line 72 in KItemDropRate::LoadData
20220517-170911<DEBUG:0000169C>: KGLOG_PROCESS_ERROR(nOffset < nSize) at line 65 in s_GoNextLine
20220517-170911<DEBUG:0000169C>: KGLOG_PROCESS_ERROR(nMaxSize > 0) at line 72 in KItemDropRate::LoadData
20220517-170911<DEBUG:0000169C>: KGLOG_PROCESS_ERROR(nOffset < nSize) at line 65 in s_GoNextLine
20220517-170911<DEBUG:0000169C>: KGLOG_PROCESS_ERROR(nMaxSize > 0) at line 72 in KItemDropRate::LoadData
20220517-170911<DEBUG:0000169C>: KGLOG_PROCESS_ERROR(nOffset < nSize) at line 65 in s_GoNextLine
20220517-170911<DEBUG:0000169C>: KGLOG_PROCESS_ERROR(nMaxSize > 0) at line 72 in KItemDropRate::LoadData
20220517-170911<DEBUG:0000169C>: KGLOG_PROCESS_ERROR(nOffset < nSize) at line 65 in s_GoNextLine
20220517-170911<DEBUG:0000169C>: KGLOG_PROCESS_ERROR(nMaxSize > 0) at line 72 in KItemDropRate::LoadData
20220517-170911<DEBUG:0000169C>: KGLOG_PROCESS_ERROR(nOffset < nSize) at line 65 in s_GoNextLine
20220517-170911<DEBUG:0000169C>: KGLOG_PROCESS_ERROR(nMaxSize > 0) at line 72 in KItemDropRate::LoadData
20220517-170911<DEBUG:0000169C>: KGLOG_PROCESS_ERROR(nOffset < nSize) at line 65 in s_GoNextLine
20220517-170911<DEBUG:0000169C>: KGLOG_PROCESS_ERROR(nMaxSize > 0) at line 72 in KItemDropRate::LoadData
20220517-170914<WARN :0000169C>: LostFps: 313 (+313)
20220517-170915<WARN :0000169C>: LostFps: 277 (-36)
20220517-170916<WARN :0000169C>: LostFps: 231 (-46)
20220517-170917<WARN :0000169C>: LostFps: 185 (-46)
20220517-170918<WARN :0000169C>: LostFps: 139 (-46)
20220517-170919<WARN :0000169C>: LostFps: 94 (-45)
20220517-170920<WARN :0000169C>: LostFps: 48 (-46)
20220517-170921<WARN :0000169C>: LostFps: 2 (-46)
20220517-170922<WARN :0000169C>: LostFps: 0 (-2)
20220517-171115<WARN :0000169C>: LostFps: 3 (+3)
20220517-171116<WARN :0000169C>: LostFps: 0 (-3)
20220517-171409<DEBUG:0000169C>: nSocket = 428, nSendFlag = 0, Error = 10054
20220517-171409<DEBUG:0000169C>: main thread exit
