20220517-165228<DEBUG:000016BC>: [PrevInitCore]:1, start tickers = 9189885809456
20220517-165230<DEBUG:000016BC>: [PrevInitCore]:1->[PrevInitCore]:0 timeout, tickers = 6705087782
20220517-165234<ERROR:000016BC>: GetInteger(12, 1) failed !
20220517-165236<ERROR:000016BC>: NpcTemplate[20155] not found!
20220517-165236<DEBUG:000016BC>: KGLOG_PROCESS_ERROR(nOffset < nSize) at line 65 in s_GoNextLine
20220517-165236<ERROR:000016BC>: NpcTemplate[20121] not found!
20220517-165236<ERROR:000016BC>: NpcTemplate[20121] not found!
20220517-165236<ERROR:000016BC>: NpcTemplate[20121] not found!
20220517-165236<ERROR:000016BC>: NpcTemplate[20121] not found!
20220517-165236<ERROR:000016BC>: NpcTemplate[20121] not found!
20220517-165236<ERROR:000016BC>: NpcTemplate[20121] not found!
20220517-165236<ERROR:000016BC>: NpcTemplate[20121] not found!
20220517-165236<ERROR:000016BC>: NpcTemplate[20121] not found!
20220517-165236<ERROR:000016BC>: NpcTemplate[20121] not found!
20220517-165236<ERROR:000016BC>: NpcTemplate[20121] not found!
20220517-165236<ERROR:000016BC>: NpcTemplate[20121] not found!
20220517-165236<ERROR:000016BC>: NpcTemplate[20121] not found!
20220517-165236<ERROR:000016BC>: NpcTemplate[20121] not found!
20220517-165236<ERROR:000016BC>: NpcTemplate[20121] not found!
20220517-165236<ERROR:000016BC>: NpcTemplate[20121] not found!
20220517-165236<ERROR:000016BC>: NpcTemplate[20121] not found!
20220517-165236<ERROR:000016BC>: NpcTemplate[20121] not found!
20220517-165236<ERROR:000016BC>: NpcTemplate[20121] not found!
20220517-165236<ERROR:000016BC>: NpcTemplate[20121] not found!
20220517-165236<ERROR:000016BC>: NpcTemplate[20121] not found!
20220517-165236<ERROR:000016BC>: NpcTemplate[20121] not found!
20220517-165236<ERROR:000016BC>: NpcTemplate[20121] not found!
20220517-165236<ERROR:000016BC>: NpcTemplate[20121] not found!
20220517-165236<ERROR:000016BC>: NpcTemplate[20121] not found!
20220517-165236<ERROR:000016BC>: NpcTemplate[20121] not found!
20220517-165236<ERROR:000016BC>: NpcTemplate[20121] not found!
20220517-165236<ERROR:000016BC>: NpcTemplate[20121] not found!
20220517-165236<ERROR:000016BC>: NpcTemplate[20121] not found!
20220517-165236<ERROR:000016BC>: NpcTemplate[20121] not found!
20220517-165236<ERROR:000016BC>: NpcTemplate[20121] not found!
20220517-165236<ERROR:000016BC>: NpcTemplate[20121] not found!
20220517-165236<ERROR:000016BC>: NpcTemplate[20121] not found!
20220517-165236<ERROR:000016BC>: NpcTemplate[20121] not found!
20220517-165236<ERROR:000016BC>: NpcTemplate[20121] not found!
20220517-165236<ERROR:000016BC>: NpcTemplate[20121] not found!
20220517-165236<ERROR:000016BC>: NpcTemplate[20121] not found!
20220517-165236<ERROR:000016BC>: NpcTemplate[20121] not found!
20220517-165236<ERROR:000016BC>: NpcTemplate[20121] not found!
20220517-165241<DEBUG:000016BC>: KGLOG_PROCESS_ERROR(nOffset < nSize) at line 65 in s_GoNextLine
20220517-165241<DEBUG:000016BC>: KGLOG_PROCESS_ERROR(nMaxSize > 0) at line 72 in KItemDropRate::LoadData
20220517-165241<DEBUG:000016BC>: KGLOG_PROCESS_ERROR(nOffset < nSize) at line 65 in s_GoNextLine
20220517-165246<ERROR:000016BC>: GetInteger(2, Money) failed !
20220517-165246<ERROR:000016BC>: GetInteger(2, BindMoney) failed !
20220517-165246<ERROR:000016BC>: GetInteger(2, LuckyRate) failed !
20220517-165246<ERROR:000016BC>: GetInteger(2, Money) failed !
20220517-165246<ERROR:000016BC>: GetInteger(2, BindMoney) failed !
20220517-165246<ERROR:000016BC>: GetInteger(2, LuckyRate) failed !
20220517-165246<ERROR:000016BC>: GetInteger(2, Money) failed !
20220517-165246<ERROR:000016BC>: GetInteger(2, BindMoney) failed !
20220517-165246<ERROR:000016BC>: GetInteger(2, LuckyRate) failed !
20220517-165246<ERROR:000016BC>: GetInteger(2, Money) failed !
20220517-165246<ERROR:000016BC>: GetInteger(2, BindMoney) failed !
20220517-165246<ERROR:000016BC>: GetInteger(2, LuckyRate) failed !
20220517-165246<ERROR:000016BC>: GetInteger(2, Money) failed !
20220517-165246<ERROR:000016BC>: GetInteger(2, BindMoney) failed !
20220517-165246<ERROR:000016BC>: GetInteger(2, LuckyRate) failed !
20220517-165246<ERROR:000016BC>: GetInteger(2, Money) failed !
20220517-165246<ERROR:000016BC>: GetInteger(2, BindMoney) failed !
20220517-165246<ERROR:000016BC>: GetInteger(2, LuckyRate) failed !
20220517-165246<ERROR:000016BC>: GetInteger(2, Money) failed !
20220517-165246<ERROR:000016BC>: GetInteger(2, BindMoney) failed !
20220517-165246<ERROR:000016BC>: GetInteger(2, LuckyRate) failed !
20220517-165246<ERROR:000016BC>: GetInteger(2, Money) failed !
20220517-165246<ERROR:000016BC>: GetInteger(2, BindMoney) failed !
20220517-165246<ERROR:000016BC>: GetInteger(2, LuckyRate) failed !
20220517-165249<DEBUG:000016BC>: KGLOG_PROCESS_ERROR(nOffset < nSize) at line 65 in s_GoNextLine
20220517-165249<DEBUG:000016BC>: KGLOG_PROCESS_ERROR(nMaxSize > 0) at line 72 in KItemDropRate::LoadData
20220517-165249<DEBUG:000016BC>: KGLOG_PROCESS_ERROR(nOffset < nSize) at line 65 in s_GoNextLine
20220517-165249<DEBUG:000016BC>: KGLOG_PROCESS_ERROR(nMaxSize > 0) at line 72 in KItemDropRate::LoadData
20220517-165250<DEBUG:000016BC>: KGLOG_PROCESS_ERROR(nOffset < nSize) at line 65 in s_GoNextLine
20220517-165250<DEBUG:000016BC>: KGLOG_PROCESS_ERROR(nMaxSize > 0) at line 72 in KItemDropRate::LoadData
20220517-165250<DEBUG:000016BC>: KGLOG_PROCESS_ERROR(nOffset < nSize) at line 65 in s_GoNextLine
20220517-165250<DEBUG:000016BC>: KGLOG_PROCESS_ERROR(nMaxSize > 0) at line 72 in KItemDropRate::LoadData
20220517-165250<DEBUG:000016BC>: KGLOG_PROCESS_ERROR(nOffset < nSize) at line 65 in s_GoNextLine
20220517-165250<DEBUG:000016BC>: KGLOG_PROCESS_ERROR(nMaxSize > 0) at line 72 in KItemDropRate::LoadData
20220517-165250<DEBUG:000016BC>: KGLOG_PROCESS_ERROR(nOffset < nSize) at line 65 in s_GoNextLine
20220517-165250<DEBUG:000016BC>: KGLOG_PROCESS_ERROR(nMaxSize > 0) at line 72 in KItemDropRate::LoadData
20220517-165250<DEBUG:000016BC>: KGLOG_PROCESS_ERROR(nOffset < nSize) at line 65 in s_GoNextLine
20220517-165250<DEBUG:000016BC>: KGLOG_PROCESS_ERROR(nMaxSize > 0) at line 72 in KItemDropRate::LoadData
20220517-165250<DEBUG:000016BC>: KGLOG_PROCESS_ERROR(nOffset < nSize) at line 65 in s_GoNextLine
20220517-165250<DEBUG:000016BC>: KGLOG_PROCESS_ERROR(nMaxSize > 0) at line 72 in KItemDropRate::LoadData
20220517-165250<DEBUG:000016BC>: KGLOG_PROCESS_ERROR(nOffset < nSize) at line 65 in s_GoNextLine
20220517-165250<DEBUG:000016BC>: KGLOG_PROCESS_ERROR(nMaxSize > 0) at line 72 in KItemDropRate::LoadData
20220517-165251<DEBUG:000016BC>: KGLOG_PROCESS_ERROR(nOffset < nSize) at line 65 in s_GoNextLine
20220517-165251<DEBUG:000016BC>: KGLOG_PROCESS_ERROR(nMaxSize > 0) at line 72 in KItemDropRate::LoadData
20220517-165254<DEBUG:000016BC>: KGLOG_PROCESS_ERROR(nOffset < nSize) at line 65 in s_GoNextLine
20220517-165254<DEBUG:000016BC>: KGLOG_PROCESS_ERROR(nMaxSize > 0) at line 72 in KItemDropRate::LoadData
20220517-165254<DEBUG:000016BC>: KGLOG_PROCESS_ERROR(nOffset < nSize) at line 65 in s_GoNextLine
20220517-165254<DEBUG:000016BC>: KGLOG_PROCESS_ERROR(nMaxSize > 0) at line 72 in KItemDropRate::LoadData
20220517-165255<DEBUG:000016BC>: KGLOG_PROCESS_ERROR(nOffset < nSize) at line 65 in s_GoNextLine
20220517-165255<DEBUG:000016BC>: KGLOG_PROCESS_ERROR(nMaxSize > 0) at line 72 in KItemDropRate::LoadData
20220517-165255<DEBUG:000016BC>: KGLOG_PROCESS_ERROR(nOffset < nSize) at line 65 in s_GoNextLine
20220517-165255<DEBUG:000016BC>: KGLOG_PROCESS_ERROR(nMaxSize > 0) at line 72 in KItemDropRate::LoadData
20220517-165255<DEBUG:000016BC>: KGLOG_PROCESS_ERROR(nOffset < nSize) at line 65 in s_GoNextLine
20220517-165255<DEBUG:000016BC>: KGLOG_PROCESS_ERROR(nMaxSize > 0) at line 72 in KItemDropRate::LoadData
20220517-165255<DEBUG:000016BC>: KGLOG_PROCESS_ERROR(nOffset < nSize) at line 65 in s_GoNextLine
20220517-165255<DEBUG:000016BC>: KGLOG_PROCESS_ERROR(nMaxSize > 0) at line 72 in KItemDropRate::LoadData
20220517-165255<DEBUG:000016BC>: KGLOG_PROCESS_ERROR(nOffset < nSize) at line 65 in s_GoNextLine
20220517-165255<DEBUG:000016BC>: KGLOG_PROCESS_ERROR(nMaxSize > 0) at line 72 in KItemDropRate::LoadData
20220517-165255<DEBUG:000016BC>: KGLOG_PROCESS_ERROR(nOffset < nSize) at line 65 in s_GoNextLine
20220517-165255<DEBUG:000016BC>: KGLOG_PROCESS_ERROR(nMaxSize > 0) at line 72 in KItemDropRate::LoadData
20220517-165255<DEBUG:000016BC>: KGLOG_PROCESS_ERROR(nOffset < nSize) at line 65 in s_GoNextLine
20220517-165255<DEBUG:000016BC>: KGLOG_PROCESS_ERROR(nMaxSize > 0) at line 72 in KItemDropRate::LoadData
20220517-165255<DEBUG:000016BC>: KGLOG_PROCESS_ERROR(nOffset < nSize) at line 65 in s_GoNextLine
20220517-165255<DEBUG:000016BC>: KGLOG_PROCESS_ERROR(nMaxSize > 0) at line 72 in KItemDropRate::LoadData
20220517-165255<DEBUG:000016BC>: KGLOG_PROCESS_ERROR(nOffset < nSize) at line 65 in s_GoNextLine
20220517-165255<DEBUG:000016BC>: KGLOG_PROCESS_ERROR(nMaxSize > 0) at line 72 in KItemDropRate::LoadData
20220517-165255<DEBUG:000016BC>: KGLOG_PROCESS_ERROR(nOffset < nSize) at line 65 in s_GoNextLine
20220517-165255<DEBUG:000016BC>: KGLOG_PROCESS_ERROR(nMaxSize > 0) at line 72 in KItemDropRate::LoadData
20220517-165255<DEBUG:000016BC>: KGLOG_PROCESS_ERROR(nOffset < nSize) at line 65 in s_GoNextLine
20220517-165255<DEBUG:000016BC>: KGLOG_PROCESS_ERROR(nMaxSize > 0) at line 72 in KItemDropRate::LoadData
20220517-165255<DEBUG:000016BC>: KGLOG_PROCESS_ERROR(nOffset < nSize) at line 65 in s_GoNextLine
20220517-165255<DEBUG:000016BC>: KGLOG_PROCESS_ERROR(nMaxSize > 0) at line 72 in KItemDropRate::LoadData
20220517-165255<DEBUG:000016BC>: KGLOG_PROCESS_ERROR(nOffset < nSize) at line 65 in s_GoNextLine
20220517-165255<DEBUG:000016BC>: KGLOG_PROCESS_ERROR(nMaxSize > 0) at line 72 in KItemDropRate::LoadData
20220517-165255<DEBUG:000016BC>: KGLOG_PROCESS_ERROR(nOffset < nSize) at line 65 in s_GoNextLine
20220517-165255<DEBUG:000016BC>: KGLOG_PROCESS_ERROR(nMaxSize > 0) at line 72 in KItemDropRate::LoadData
20220517-165255<DEBUG:000016BC>: KGLOG_PROCESS_ERROR(nOffset < nSize) at line 65 in s_GoNextLine
20220517-165255<DEBUG:000016BC>: KGLOG_PROCESS_ERROR(nMaxSize > 0) at line 72 in KItemDropRate::LoadData
20220517-165255<DEBUG:000016BC>: KGLOG_PROCESS_ERROR(nOffset < nSize) at line 65 in s_GoNextLine
20220517-165255<DEBUG:000016BC>: KGLOG_PROCESS_ERROR(nMaxSize > 0) at line 72 in KItemDropRate::LoadData
20220517-165255<DEBUG:000016BC>: KGLOG_PROCESS_ERROR(nOffset < nSize) at line 65 in s_GoNextLine
20220517-165255<DEBUG:000016BC>: KGLOG_PROCESS_ERROR(nMaxSize > 0) at line 72 in KItemDropRate::LoadData
20220517-165255<DEBUG:000016BC>: KGLOG_PROCESS_ERROR(nOffset < nSize) at line 65 in s_GoNextLine
20220517-165255<DEBUG:000016BC>: KGLOG_PROCESS_ERROR(nMaxSize > 0) at line 72 in KItemDropRate::LoadData
20220517-165255<DEBUG:000016BC>: KGLOG_PROCESS_ERROR(nOffset < nSize) at line 65 in s_GoNextLine
20220517-165255<DEBUG:000016BC>: KGLOG_PROCESS_ERROR(nMaxSize > 0) at line 72 in KItemDropRate::LoadData
20220517-165256<DEBUG:000016BC>: KGLOG_PROCESS_ERROR(nOffset < nSize) at line 65 in s_GoNextLine
20220517-165256<DEBUG:000016BC>: KGLOG_PROCESS_ERROR(nMaxSize > 0) at line 72 in KItemDropRate::LoadData
20220517-165256<DEBUG:000016BC>: KGLOG_PROCESS_ERROR(nOffset < nSize) at line 65 in s_GoNextLine
20220517-165256<DEBUG:000016BC>: KGLOG_PROCESS_ERROR(nMaxSize > 0) at line 72 in KItemDropRate::LoadData
20220517-165304<WARN :000016BC>: LostFps: 42 (+42)
20220517-165305<WARN :000016BC>: LostFps: 0 (-42)
20220517-170014<ERROR:000016BC>: GetInteger(2, Money) failed !
20220517-170014<ERROR:000016BC>: GetInteger(2, BindMoney) failed !
20220517-170014<ERROR:000016BC>: GetInteger(2, LuckyRate) failed !
