[2022-05-18 09:59:28]	INFO	Login AddCharacter: Account[administrator], Role[Testgame]
[2022-05-18 09:59:29]	INFO	administrator(Testgame) login
[2022-05-18 09:59:29]	INFO	LoadPlayerData OK: Account[administrator], RoleName[Testgame], CRC[A1280307], LastSaveTime[1970-01-01 07:00:00]
[2022-05-18 09:59:50]	INFO	SendPlayerSave OK: Account[administrator], RoleName[Testgame], CRC[774A754F]
[2022-05-18 10:00:47]	INFO	SendPlayerSave OK: Account[administrator], RoleName[Testgame], CRC[D5893CEE]
[2022-05-18 10:01:14]	INFO	SendPlayerSave OK: Account[administrator], RoleName[Testgame], CRC[17F6AFEF]
[2022-05-18 10:05:36]	INFO	administrator(Testgame) logout
[2022-05-18 10:05:36]	INFO	SendPlayerSave OK: Account[administrator], RoleName[Testgame], CRC[8AD576C7]
[2022-05-18 10:42:59]	INFO	Login AddCharacter: Account[administrator], Role[Testgame]
[2022-05-18 10:43:00]	INFO	administrator(Testgame) login
[2022-05-18 10:43:00]	INFO	LoadPlayerData OK: Account[administrator], RoleName[Testgame], CRC[8AD576C7], LastSaveTime[2022-05-18 10:05:36]
[2022-05-18 11:04:07]	INFO	Login AddCharacter: Account[hungnv], Role[Solana]
[2022-05-18 11:04:09]	INFO	hungnv(Solana) login
[2022-05-18 11:04:09]	INFO	LoadPlayerData OK: Account[hungnv], RoleName[Solana], CRC[6448682F], LastSaveTime[1970-01-01 07:00:00]
[2022-05-18 11:05:53]	INFO	SendPlayerSave OK: Account[hungnv], RoleName[Solana], CRC[2D37BF7A]
[2022-05-18 11:06:13]	INFO	SendPlayerSave OK: Account[hungnv], RoleName[Solana], CRC[B593E5F7]
[2022-05-18 11:06:53]	INFO	SendPlayerSave OK: Account[administrator], RoleName[Testgame], CRC[56DDFA00]
[2022-05-18 11:10:02]	INFO	SendPlayerSave OK: Account[hungnv], RoleName[Solana], CRC[5481FE4D]
[2022-05-18 11:11:07]	INFO	SendPlayerSave OK: Account[hungnv], RoleName[Solana], CRC[620FA08F]
[2022-05-18 11:12:39]	INFO	SendPlayerSave OK: Account[hungnv], RoleName[Solana], CRC[AB26D4D1]
[2022-05-18 11:32:34]	INFO	hungnv(Solana) logout
[2022-05-18 11:32:34]	INFO	SendPlayerSave OK: Account[hungnv], RoleName[Solana], CRC[515996CB]
[2022-05-18 11:34:57]	INFO	SendPlayerSave OK: Account[administrator], RoleName[Testgame], CRC[381E2F71]
[2022-05-18 11:36:31]	INFO	SendPlayerSave OK: Account[administrator], RoleName[Testgame], CRC[B673A970]
[2022-05-18 11:36:38]	INFO	Login AddCharacter: Account[hungnv], Role[Solana]
[2022-05-18 11:36:39]	INFO	hungnv(Solana) login
[2022-05-18 11:36:39]	INFO	LoadPlayerData OK: Account[hungnv], RoleName[Solana], CRC[515996CB], LastSaveTime[2022-05-18 11:32:34]
[2022-05-18 11:38:22]	INFO	SendPlayerSave OK: Account[administrator], RoleName[Testgame], CRC[58C9FEFD]
[2022-05-18 11:38:50]	INFO	SendPlayerSave OK: Account[administrator], RoleName[Testgame], CRC[417CA359]
[2022-05-18 11:39:04]	INFO	SendPlayerSave OK: Account[administrator], RoleName[Testgame], CRC[F82AB9F]
[2022-05-18 12:06:49]	INFO	SendPlayerSave OK: Account[hungnv], RoleName[Solana], CRC[3F5EAD29]
[2022-05-18 12:09:14]	INFO	SendPlayerSave OK: Account[administrator], RoleName[Testgame], CRC[61699D6E]
[2022-05-18 12:37:00]	INFO	SendPlayerSave OK: Account[hungnv], RoleName[Solana], CRC[13E2A4CC]
[2022-05-18 12:39:24]	INFO	SendPlayerSave OK: Account[administrator], RoleName[Testgame], CRC[126875BD]
[2022-05-18 13:07:10]	INFO	SendPlayerSave OK: Account[hungnv], RoleName[Solana], CRC[50019056]
[2022-05-18 13:09:34]	INFO	SendPlayerSave OK: Account[administrator], RoleName[Testgame], CRC[83C12D57]
[2022-05-18 13:16:58]	INFO	administrator(Testgame) logout
[2022-05-18 13:16:58]	INFO	SendPlayerSave OK: Account[administrator], RoleName[Testgame], CRC[D3AF5AEE]
[2022-05-18 13:17:52]	INFO	Login AddCharacter: Account[testgamea], Role[MaNhẫn05]
[2022-05-18 13:17:53]	INFO	testgamea(MaNhẫn05) login
[2022-05-18 13:17:53]	INFO	LoadPlayerData OK: Account[testgamea], RoleName[MaNhẫn05], CRC[EDA64B9A], LastSaveTime[1970-01-01 07:00:00]
[2022-05-18 13:18:22]	INFO	SendPlayerSave OK: Account[testgamea], RoleName[MaNhẫn05], CRC[D39B86]
[2022-05-18 13:18:56]	INFO	SendPlayerSave OK: Account[testgamea], RoleName[MaNhẫn05], CRC[CD66375A]
[2022-05-18 13:19:30]	INFO	SendPlayerSave OK: Account[testgamea], RoleName[MaNhẫn05], CRC[9954EACD]
[2022-05-18 13:20:18]	INFO	SendPlayerSave OK: Account[testgamea], RoleName[MaNhẫn05], CRC[403D42B4]
[2022-05-18 13:20:51]	INFO	SendPlayerSave OK: Account[testgamea], RoleName[MaNhẫn05], CRC[1E0CBF86]
[2022-05-18 13:21:15]	INFO	SendPlayerSave OK: Account[testgamea], RoleName[MaNhẫn05], CRC[79F9A27E]
[2022-05-18 13:23:13]	INFO	SendPlayerSave OK: Account[testgamea], RoleName[MaNhẫn05], CRC[2E378238]
[2022-05-18 13:23:51]	INFO	SendPlayerSave OK: Account[testgamea], RoleName[MaNhẫn05], CRC[2228D886]
[2022-05-18 13:24:10]	INFO	SendPlayerSave OK: Account[testgamea], RoleName[MaNhẫn05], CRC[514C5B6C]
[2022-05-18 13:24:24]	INFO	SendPlayerSave OK: Account[testgamea], RoleName[MaNhẫn05], CRC[1B3B5909]
[2022-05-18 13:26:53]	INFO	hungnv(Solana) logout
[2022-05-18 13:26:53]	INFO	SendPlayerSave OK: Account[hungnv], RoleName[Solana], CRC[2AB11C2E]
[2022-05-18 13:36:52]	INFO	Login AddCharacter: Account[administrator], Role[Testgame]
[2022-05-18 13:36:53]	INFO	administrator(Testgame) login
[2022-05-18 13:36:53]	INFO	LoadPlayerData OK: Account[administrator], RoleName[Testgame], CRC[D3AF5AEE], LastSaveTime[2022-05-18 13:16:58]
[2022-05-18 13:54:34]	INFO	SendPlayerSave OK: Account[testgamea], RoleName[MaNhẫn05], CRC[D7ED5EB6]
[2022-05-18 13:55:32]	INFO	SendPlayerSave OK: Account[testgamea], RoleName[MaNhẫn05], CRC[ADC1BD6F]
[2022-05-18 13:59:16]	INFO	SendPlayerSave OK: Account[testgamea], RoleName[MaNhẫn05], CRC[6B31652]
[2022-05-18 14:02:27]	INFO	SendPlayerSave OK: Account[testgamea], RoleName[MaNhẫn05], CRC[F2BEA518]
[2022-05-18 14:03:11]	INFO	SendPlayerSave OK: Account[testgamea], RoleName[MaNhẫn05], CRC[45402D4]
[2022-05-18 14:05:20]	INFO	SendPlayerSave OK: Account[testgamea], RoleName[MaNhẫn05], CRC[75377110]
