[2022-05-18 14:20:11]	INFO	Login AddCharacter: Account[testgamea], Role[MaNhẫn05]
[2022-05-18 14:20:12]	INFO	testgamea(MaNhẫn05) login
[2022-05-18 14:20:12]	INFO	LoadPlayerData OK: Account[testgamea], RoleName[MaNhẫn05], CRC[75377110], LastSaveTime[2022-05-18 14:05:20]
[2022-05-18 14:20:20]	INFO	testgamea(MaNhẫn05) logout
[2022-05-18 14:20:20]	INFO	SendPlayerSave OK: Account[testgamea], RoleName[MaNhẫn05], CRC[38DEEFE1]
[2022-05-18 14:20:55]	INFO	Login AddCharacter: Account[testgamea], Role[MaNhẫn05]
[2022-05-18 14:20:56]	INFO	testgamea(MaNhẫn05) login
[2022-05-18 14:20:56]	INFO	LoadPlayerData OK: Account[testgamea], RoleName[MaNhẫn05], CRC[38DEEFE1], LastSaveTime[2022-05-18 14:20:20]
[2022-05-18 14:22:28]	INFO	SendPlayerSave OK: Account[testgamea], RoleName[MaNhẫn05], CRC[45966475]
[2022-05-18 14:22:44]	INFO	SendPlayerSave OK: Account[testgamea], RoleName[MaNhẫn05], CRC[4CFC5D39]
[2022-05-18 14:23:35]	INFO	SendPlayerSave OK: Account[testgamea], RoleName[MaNhẫn05], CRC[8A0C6DA0]
[2022-05-18 14:24:10]	INFO	SendPlayerSave OK: Account[testgamea], RoleName[MaNhẫn05], CRC[9778A34B]
[2022-05-18 14:24:46]	INFO	SendPlayerSave OK: Account[testgamea], RoleName[MaNhẫn05], CRC[4F5C66BE]
[2022-05-18 14:25:04]	INFO	SendPlayerSave OK: Account[testgamea], RoleName[MaNhẫn05], CRC[AFA2EF04]
[2022-05-18 14:25:22]	INFO	SendPlayerSave OK: Account[testgamea], RoleName[MaNhẫn05], CRC[23C26CB1]
[2022-05-18 14:25:42]	INFO	SendPlayerSave OK: Account[testgamea], RoleName[MaNhẫn05], CRC[1C282BB9]
[2022-05-18 14:26:09]	INFO	SendPlayerSave OK: Account[testgamea], RoleName[MaNhẫn05], CRC[53DF013D]
[2022-05-18 14:26:31]	INFO	SendPlayerSave OK: Account[testgamea], RoleName[MaNhẫn05], CRC[6BE1C3FD]
[2022-05-18 14:26:57]	INFO	SendPlayerSave OK: Account[testgamea], RoleName[MaNhẫn05], CRC[7CF8932C]
[2022-05-18 14:27:32]	INFO	SendPlayerSave OK: Account[testgamea], RoleName[MaNhẫn05], CRC[7B0AB6D0]
[2022-05-18 14:28:08]	INFO	SendPlayerSave OK: Account[testgamea], RoleName[MaNhẫn05], CRC[C96C494E]
[2022-05-18 14:29:09]	INFO	SendPlayerSave OK: Account[testgamea], RoleName[MaNhẫn05], CRC[A3E73AC3]
[2022-05-18 14:30:32]	INFO	SendPlayerSave OK: Account[testgamea], RoleName[MaNhẫn05], CRC[A0763921]
[2022-05-18 14:30:45]	INFO	SendPlayerSave OK: Account[testgamea], RoleName[MaNhẫn05], CRC[FBB5BB7E]
[2022-05-18 14:31:15]	INFO	SendPlayerSave OK: Account[testgamea], RoleName[MaNhẫn05], CRC[EB0DD23F]
[2022-05-18 14:32:18]	INFO	SendPlayerSave OK: Account[testgamea], RoleName[MaNhẫn05], CRC[9710690E]
[2022-05-18 14:33:43]	INFO	SendPlayerSave OK: Account[testgamea], RoleName[MaNhẫn05], CRC[3E2BF3C5]
[2022-05-18 14:34:01]	INFO	SendPlayerSave OK: Account[testgamea], RoleName[MaNhẫn05], CRC[F1FFFBF]
[2022-05-18 14:34:17]	INFO	SendPlayerSave OK: Account[testgamea], RoleName[MaNhẫn05], CRC[8919B5F5]
[2022-05-18 14:34:28]	INFO	SendPlayerSave OK: Account[testgamea], RoleName[MaNhẫn05], CRC[C5E3C511]
[2022-05-18 14:35:38]	INFO	SendPlayerSave OK: Account[testgamea], RoleName[MaNhẫn05], CRC[72BFD93A]
[2022-05-18 14:37:05]	INFO	SendPlayerSave OK: Account[testgamea], RoleName[MaNhẫn05], CRC[3F585154]
[2022-05-18 14:37:22]	INFO	SendPlayerSave OK: Account[testgamea], RoleName[MaNhẫn05], CRC[B5A85EB5]
[2022-05-18 14:37:44]	INFO	SendPlayerSave OK: Account[testgamea], RoleName[MaNhẫn05], CRC[86C3796F]
[2022-05-18 14:38:50]	INFO	SendPlayerSave OK: Account[testgamea], RoleName[MaNhẫn05], CRC[3E2CBD4E]
[2022-05-18 14:40:32]	INFO	SendPlayerSave OK: Account[testgamea], RoleName[MaNhẫn05], CRC[5E183BE4]
[2022-05-18 14:40:52]	INFO	SendPlayerSave OK: Account[testgamea], RoleName[MaNhẫn05], CRC[E6387510]
[2022-05-18 14:41:16]	INFO	SendPlayerSave OK: Account[testgamea], RoleName[MaNhẫn05], CRC[20716158]
[2022-05-18 14:42:20]	INFO	SendPlayerSave OK: Account[testgamea], RoleName[MaNhẫn05], CRC[92611626]
[2022-05-18 14:43:42]	INFO	SendPlayerSave OK: Account[testgamea], RoleName[MaNhẫn05], CRC[A367766B]
[2022-05-18 14:44:03]	INFO	SendPlayerSave OK: Account[testgamea], RoleName[MaNhẫn05], CRC[48D737E9]
[2022-05-18 14:44:27]	INFO	SendPlayerSave OK: Account[testgamea], RoleName[MaNhẫn05], CRC[FD3F4337]
[2022-05-18 14:44:45]	INFO	SendPlayerSave OK: Account[testgamea], RoleName[MaNhẫn05], CRC[797ED5E1]
[2022-05-18 14:45:50]	INFO	SendPlayerSave OK: Account[testgamea], RoleName[MaNhẫn05], CRC[B474D559]
[2022-05-18 14:47:03]	INFO	SendPlayerSave OK: Account[testgamea], RoleName[MaNhẫn05], CRC[A06738FD]
[2022-05-18 14:47:14]	INFO	SendPlayerSave OK: Account[testgamea], RoleName[MaNhẫn05], CRC[527BE137]
[2022-05-18 14:48:02]	INFO	SendPlayerSave OK: Account[testgamea], RoleName[MaNhẫn05], CRC[AE773589]
[2022-05-18 14:48:14]	INFO	SendPlayerSave OK: Account[testgamea], RoleName[MaNhẫn05], CRC[331A6E96]
[2022-05-18 14:49:18]	INFO	SendPlayerSave OK: Account[testgamea], RoleName[MaNhẫn05], CRC[929CB5F9]
[2022-05-18 14:50:14]	INFO	SendPlayerSave OK: Account[testgamea], RoleName[MaNhẫn05], CRC[F69470E8]
[2022-05-18 14:50:30]	INFO	SendPlayerSave OK: Account[testgamea], RoleName[MaNhẫn05], CRC[F1A9A037]
[2022-05-18 14:51:40]	INFO	SendPlayerSave OK: Account[testgamea], RoleName[MaNhẫn05], CRC[2323C291]
[2022-05-18 14:51:54]	INFO	SendPlayerSave OK: Account[testgamea], RoleName[MaNhẫn05], CRC[61E59A4E]
[2022-05-18 14:52:48]	INFO	SendPlayerSave OK: Account[testgamea], RoleName[MaNhẫn05], CRC[531ED1C0]
[2022-05-18 14:53:41]	INFO	SendPlayerSave OK: Account[testgamea], RoleName[MaNhẫn05], CRC[F42DA519]
[2022-05-18 14:53:57]	INFO	SendPlayerSave OK: Account[testgamea], RoleName[MaNhẫn05], CRC[BBDE7690]
[2022-05-18 14:55:17]	INFO	SendPlayerSave OK: Account[testgamea], RoleName[MaNhẫn05], CRC[569C46E5]
[2022-05-18 14:55:28]	INFO	SendPlayerSave OK: Account[testgamea], RoleName[MaNhẫn05], CRC[EB6F76AD]
