[2022-05-18 15:01:13]	INFO	Login AddCharacter: Account[testgamea], Role[MaNhẫn05]
[2022-05-18 15:01:15]	INFO	testgamea(MaNhẫn05) login
[2022-05-18 15:01:15]	INFO	LoadPlayerData OK: Account[testgamea], RoleName[MaNhẫn05], CRC[1DFF2A9C], LastSaveTime[2022-05-18 14:55:58]
[2022-05-18 15:02:07]	INFO	SendPlayerSave OK: Account[testgamea], RoleName[MaNhẫn05], CRC[44FA287D]
[2022-05-18 15:02:57]	INFO	SendPlayerSave OK: Account[testgamea], RoleName[MaNhẫn05], CRC[741533AC]
[2022-05-18 15:03:33]	INFO	SendPlayerSave OK: Account[testgamea], RoleName[MaNhẫn05], CRC[D73F58CE]
[2022-05-18 15:06:29]	INFO	SendPlayerSave OK: Account[testgamea], RoleName[MaNhẫn05], CRC[E6326205]
[2022-05-18 15:08:30]	INFO	SendPlayerSave OK: Account[testgamea], RoleName[MaNhẫn05], CRC[819B7B90]
[2022-05-18 15:09:51]	INFO	SendPlayerSave OK: Account[testgamea], RoleName[MaNhẫn05], CRC[1B4597A2]
[2022-05-18 15:10:35]	INFO	SendPlayerSave OK: Account[testgamea], RoleName[MaNhẫn05], CRC[23A113B7]
[2022-05-18 15:10:59]	INFO	SendPlayerSave OK: Account[testgamea], RoleName[MaNhẫn05], CRC[52104DF]
[2022-05-18 15:11:22]	INFO	SendPlayerSave OK: Account[testgamea], RoleName[MaNhẫn05], CRC[9083E3E1]
[2022-05-18 15:11:34]	INFO	SendPlayerSave OK: Account[testgamea], RoleName[MaNhẫn05], CRC[1BD7B778]
[2022-05-18 15:12:42]	INFO	SendPlayerSave OK: Account[testgamea], RoleName[MaNhẫn05], CRC[4187C794]
[2022-05-18 15:13:31]	INFO	SendPlayerSave OK: Account[testgamea], RoleName[MaNhẫn05], CRC[BBF825E3]
[2022-05-18 15:20:01]	INFO	SendPlayerSave OK: Account[testgamea], RoleName[MaNhẫn05], CRC[D0220F7A]
[2022-05-18 15:20:20]	INFO	SendPlayerSave OK: Account[testgamea], RoleName[MaNhẫn05], CRC[C77F0B68]
[2022-05-18 15:20:31]	INFO	SendPlayerSave OK: Account[testgamea], RoleName[MaNhẫn05], CRC[3D914916]
[2022-05-18 15:21:41]	INFO	SendPlayerSave OK: Account[testgamea], RoleName[MaNhẫn05], CRC[7AED25EC]
[2022-05-18 15:21:57]	INFO	SendPlayerSave OK: Account[testgamea], RoleName[MaNhẫn05], CRC[54152816]
[2022-05-18 15:24:49]	INFO	SendPlayerSave OK: Account[testgamea], RoleName[MaNhẫn05], CRC[1ECAF540]
[2022-05-18 15:26:29]	INFO	SendPlayerSave OK: Account[testgamea], RoleName[MaNhẫn05], CRC[65C92A6C]
[2022-05-18 15:26:46]	INFO	SendPlayerSave OK: Account[testgamea], RoleName[MaNhẫn05], CRC[834F9E41]
[2022-05-18 15:27:05]	INFO	SendPlayerSave OK: Account[testgamea], RoleName[MaNhẫn05], CRC[824BC08A]
[2022-05-18 15:27:45]	INFO	SendPlayerSave OK: Account[testgamea], RoleName[MaNhẫn05], CRC[A238EBE7]
[2022-05-18 15:35:40]	INFO	testgamea(MaNhẫn05) logout
