[2022-05-18 14:56:28]	INFO	[Task]	Help	Get The Dynamic new nKey: , szTitle:  	1	Testgame đạt cấp 69 đầu tiên!
[2022-05-18 14:56:28]	INFO	[Task]	Help	Get The Dynamic new nKey: , szTitle:  	5	Đẳng cấp nhân vật cao nhất đã mở đến cấp 200
[2022-05-18 14:56:28]	INFO	[Task]	Help	Get The Dynamic new nKey: , szTitle:  	6	05月18日国庆活动幸运卡民族
[2022-05-18 14:56:28]	INFO	[Task]	Help	Get The Dynamic new nKey: , szTitle:  	4	Làm sao nhận được bạc
[2022-05-18 14:56:28]	INFO	[Task]	Help	Get The Dynamic new nKey: , szTitle:  	19	Điều chỉnh giới hạn đẳng cấp tham gia thi đấu môn phái
[2022-05-18 14:56:38]	ATTEN	[Player]	Cap cao nhat 200
[2022-05-18 14:56:39]	INFO	[Domain]	Statuary	AddNpc	there is no tbInfo.tbPlayerInfo[self.INFOID_PLAYERNAME]
[2022-05-18 14:56:39]	INFO	[Domain]	Statuary	AddNpc	there is no tbInfo.tbPlayerInfo[self.INFOID_PLAYERNAME]
[2022-05-18 14:56:39]	INFO	[Domain]	Statuary	AddNpc	there is no tbInfo.tbPlayerInfo[self.INFOID_PLAYERNAME]
[2022-05-18 14:56:39]	INFO	[Domain]	Statuary	AddNpc	there is no tbInfo.tbPlayerInfo[self.INFOID_PLAYERNAME]
[2022-05-18 14:56:39]	INFO	[Domain]	Statuary	AddNpc	there is no tbInfo.tbPlayerInfo[self.INFOID_PLAYERNAME]
[2022-05-18 14:56:39]	INFO	[Domain]	Statuary	AddNpc	there is no tbInfo.tbPlayerInfo[self.INFOID_PLAYERNAME]
[2022-05-18 14:56:39]	INFO	[Domain]	Statuary	AddNpc	there is no tbInfo.tbPlayerInfo[self.INFOID_PLAYERNAME]
[2022-05-18 14:56:39]	INFO	[Domain]	Statuary	AddNpc	there is no tbInfo.tbPlayerInfo[self.INFOID_PLAYERNAME]
[2022-05-18 14:56:39]	INFO	[Domain]	Statuary	AddNpc	there is no tbInfo.tbPlayerInfo[self.INFOID_PLAYERNAME]
[2022-05-18 14:56:39]	INFO	[Domain]	Statuary	AddNpc	there is no tbInfo.tbPlayerInfo[self.INFOID_PLAYERNAME]
[2022-05-18 14:56:39]	INFO	[Domain]	Statuary	AddNpc	there is no tbInfo.tbPlayerInfo[self.INFOID_PLAYERNAME]
[2022-05-18 14:56:39]	INFO	[Domain]	Statuary	AddNpc	there is no tbInfo.tbPlayerInfo[self.INFOID_PLAYERNAME]
[2022-05-18 14:56:39]	INFO	[Domain]	Statuary	AddNpc	there is no tbInfo.tbPlayerInfo[self.INFOID_PLAYERNAME]
[2022-05-18 14:56:39]	INFO	[Domain]	Statuary	AddNpc	there is no tbInfo.tbPlayerInfo[self.INFOID_PLAYERNAME]
[2022-05-18 14:56:39]	INFO	[Domain]	Statuary	AddNpc	there is no tbInfo.tbPlayerInfo[self.INFOID_PLAYERNAME]
[2022-05-18 14:56:39]	INFO	[Domain]	Statuary	AddNpc	there is no tbInfo.tbPlayerInfo[self.INFOID_PLAYERNAME]
[2022-05-18 14:56:39]	INFO	[Domain]	Statuary	AddNpc	there is no tbInfo.tbPlayerInfo[self.INFOID_PLAYERNAME]
[2022-05-18 14:56:39]	INFO	[Domain]	Statuary	AddNpc	there is no tbInfo.tbPlayerInfo[self.INFOID_PLAYERNAME]
[2022-05-18 14:56:39]	INFO	[Domain]	Statuary	AddNpc	there is no tbInfo.tbPlayerInfo[self.INFOID_PLAYERNAME]
[2022-05-18 14:56:39]	INFO	[Domain]	Statuary	AddNpc	there is no tbInfo.tbPlayerInfo[self.INFOID_PLAYERNAME]
[2022-05-18 14:56:39]	INFO	[Domain]	Statuary	AddNpc	there is no tbInfo.tbPlayerInfo[self.INFOID_PLAYERNAME]
[2022-05-18 14:56:39]	INFO	[Domain]	Statuary	AddNpc	there is no tbInfo.tbPlayerInfo[self.INFOID_PLAYERNAME]
[2022-05-18 14:56:39]	INFO	[Domain]	Statuary	AddNpc	there is no tbInfo.tbPlayerInfo[self.INFOID_PLAYERNAME]
[2022-05-18 14:56:39]	INFO	[Domain]	Statuary	AddNpc	there is no tbInfo.tbPlayerInfo[self.INFOID_PLAYERNAME]
[2022-05-18 14:56:39]	INFO	[Domain]	Statuary	AddNpc	there is no tbInfo.tbPlayerInfo[self.INFOID_PLAYERNAME]
[2022-05-18 14:56:39]	INFO	[Player]	Offline	 Bạch Câu Hoàn 	nTimeFrameStartSale
[2022-05-18 14:56:39]	INFO	[Player]	Offline	 Bạch Câu Hoàn 	nTimeFrameEndSale
[2022-05-18 14:56:39]	INFO	[Player]	Offline	 Bạch Câu Hoàn 	36
[2022-05-18 14:56:39]	INFO	[Player]	Offline	Đại Bạch Câu Hoàn	nTimeFrameStartSale
[2022-05-18 14:56:39]	INFO	[Player]	Offline	Đại Bạch Câu Hoàn	nTimeFrameEndSale
[2022-05-18 14:56:39]	INFO	[Player]	Offline	Đại Bạch Câu Hoàn	180
[2022-05-18 14:56:39]	INFO	[Player]	Offline	Cường Hiệu Bạch Câu Hoàn	nTimeFrameStartSale
[2022-05-18 14:56:39]	INFO	[Player]	Offline	Cường Hiệu Bạch Câu Hoàn	nTimeFrameEndSale
[2022-05-18 14:56:39]	INFO	[Player]	Offline	Cường Hiệu Bạch Câu Hoàn	540
[2022-05-18 14:56:39]	INFO	[Player]	Offline	Đặc Hiệu Bạch Câu Hoàn	nTimeFrameStartSale	53
[2022-05-18 14:56:39]	INFO	[Player]	Offline	Đặc Hiệu Bạch Câu Hoàn	nTimeFrameEndSale	100000
[2022-05-18 14:56:39]	INFO	[Player]	Offline	_LoadBaijuCoin	Đặc Hiệu Bạch Câu Hoàn	tbValue.nTimeFrameStartSale and tbValue.nTimeFrameEndSale	53	100000
[2022-05-18 14:56:39]	INFO	[Player]	Offline	Đặc Hiệu Bạch Câu Hoàn	99999999
[2022-05-18 14:56:39]	ATTEN	[Merchant]	Gọi Thương Nhân Thần Bí ngẫu nhiên	22-05-18 14:56	1
[2022-05-18 14:56:39]	ATTEN	[Merchant]	Gọi Thương Nhân Thần Bí ngẫu nhiên	22-05-18 14:56	2
[2022-05-18 14:56:39]	ATTEN	[Merchant]	Gọi Thương Nhân Thần Bí ngẫu nhiên	22-05-18 14:56	3
[2022-05-18 14:56:39]	ATTEN	[Merchant]	Gọi Thương Nhân Thần Bí ngẫu nhiên	22-05-18 14:56	4
[2022-05-18 14:56:39]	ATTEN	[Merchant]	Gọi Thương Nhân Thần Bí ngẫu nhiên	22-05-18 14:56	5
[2022-05-18 14:56:39]	ATTEN	[Merchant]	Gọi Thương Nhân Thần Bí ngẫu nhiên	22-05-18 14:56	6
[2022-05-18 14:56:39]	ATTEN	[Merchant]	Gọi Thương Nhân Thần Bí ngẫu nhiên	22-05-18 14:56	7
[2022-05-18 14:56:39]	ATTEN	[Merchant]	Gọi Thương Nhân Thần Bí ngẫu nhiên	22-05-18 14:56	8
[2022-05-18 14:56:39]	ATTEN	[Merchant]	Gọi Thương Nhân Thần Bí ngẫu nhiên	22-05-18 14:56	9
[2022-05-18 14:56:39]	ATTEN	[Merchant]	Gọi Thương Nhân Thần Bí ngẫu nhiên	22-05-18 14:56	10
[2022-05-18 14:56:39]	ATTEN	[Merchant]	Gọi Thương Nhân Thần Bí ngẫu nhiên	22-05-18 14:56	11
[2022-05-18 14:56:39]	ATTEN	[Merchant]	Gọi Thương Nhân Thần Bí ngẫu nhiên	22-05-18 14:56	12
[2022-05-18 14:57:06]	INFO	[Player]	Offline	ProcessOfflineTime	MaNhẫn05 Last Logout time and now login time: 1652860558 1652860626
[2022-05-18 14:57:06]	INFO	[Player]	Offline	ProcessOfflineTime	MaNhẫn05 nOffLiveTime, nTodayUsedtime = 0, 0
[2022-05-18 14:57:06]	INFO	[Player]	Offline	ProcessOfflineTime	MaNhẫn05	nCurLevel, nCurExp, nLevelLimit 	110	8224000	150
[2022-05-18 14:57:06]	INFO	[Player]	Offline	ProcessWasteTime	Player MaNhẫn05 have nWasteTime 892, nNowAddExp 624400 !
[2022-05-18 14:57:07]	INFO	[Player]	plugin_log	玩家	MaNhẫn05	使用了插件，插件数量	27
[2022-05-18 15:00:01]	ATTEN	[Merchant]	Gọi Thương Nhân Thần Bí ngẫu nhiên	22-05-18 15:00	1
[2022-05-18 15:00:01]	ATTEN	[Merchant]	Gọi Thương Nhân Thần Bí ngẫu nhiên	22-05-18 15:00	2
[2022-05-18 15:00:01]	ATTEN	[Merchant]	Gọi Thương Nhân Thần Bí ngẫu nhiên	22-05-18 15:00	3
[2022-05-18 15:00:01]	ATTEN	[Merchant]	Gọi Thương Nhân Thần Bí ngẫu nhiên	22-05-18 15:00	4
[2022-05-18 15:00:01]	ATTEN	[Merchant]	Gọi Thương Nhân Thần Bí ngẫu nhiên	22-05-18 15:00	5
[2022-05-18 15:00:01]	ATTEN	[Merchant]	Gọi Thương Nhân Thần Bí ngẫu nhiên	22-05-18 15:00	6
[2022-05-18 15:00:01]	ATTEN	[Merchant]	Gọi Thương Nhân Thần Bí ngẫu nhiên	22-05-18 15:00	7
[2022-05-18 15:00:01]	ATTEN	[Merchant]	Gọi Thương Nhân Thần Bí ngẫu nhiên	22-05-18 15:00	8
[2022-05-18 15:00:01]	ATTEN	[Merchant]	Gọi Thương Nhân Thần Bí ngẫu nhiên	22-05-18 15:00	9
[2022-05-18 15:00:01]	ATTEN	[Merchant]	Gọi Thương Nhân Thần Bí ngẫu nhiên	22-05-18 15:00	10
[2022-05-18 15:00:01]	ATTEN	[Merchant]	Gọi Thương Nhân Thần Bí ngẫu nhiên	22-05-18 15:00	11
