[2022-05-18 09:58:16]	INFO	[Task]	Help	Get The Dynamic new nKey: , szTitle:  	5	Đẳng cấp nhân vật cao nhất đã mở đến cấp 200
[2022-05-18 09:58:16]	INFO	[Task]	Help	Get The Dynamic new nKey: , szTitle:  	19	Điều chỉnh giới hạn đẳng cấp tham gia thi đấu môn phái
[2022-05-18 09:58:16]	INFO	[Task]	Help	Get The Dynamic new nKey: , szTitle:  	4	Làm sao nhận được bạc
[2022-05-18 09:58:16]	INFO	[Task]	Help	Get The Dynamic new nKey: , szTitle:  	6	05月18日国庆活动幸运卡民族
[2022-05-18 09:58:31]	ATTEN	[Player]	Cap cao nhat 200
[2022-05-18 09:58:31]	INFO	[Domain]	Statuary	AddNpc	there is no tbInfo.tbPlayerInfo[self.INFOID_PLAYERNAME]
[2022-05-18 09:58:31]	INFO	[Domain]	Statuary	AddNpc	there is no tbInfo.tbPlayerInfo[self.INFOID_PLAYERNAME]
[2022-05-18 09:58:31]	INFO	[Domain]	Statuary	AddNpc	there is no tbInfo.tbPlayerInfo[self.INFOID_PLAYERNAME]
[2022-05-18 09:58:31]	INFO	[Domain]	Statuary	AddNpc	there is no tbInfo.tbPlayerInfo[self.INFOID_PLAYERNAME]
[2022-05-18 09:58:31]	INFO	[Domain]	Statuary	AddNpc	there is no tbInfo.tbPlayerInfo[self.INFOID_PLAYERNAME]
[2022-05-18 09:58:31]	INFO	[Domain]	Statuary	AddNpc	there is no tbInfo.tbPlayerInfo[self.INFOID_PLAYERNAME]
[2022-05-18 09:58:31]	INFO	[Domain]	Statuary	AddNpc	there is no tbInfo.tbPlayerInfo[self.INFOID_PLAYERNAME]
[2022-05-18 09:58:31]	INFO	[Domain]	Statuary	AddNpc	there is no tbInfo.tbPlayerInfo[self.INFOID_PLAYERNAME]
[2022-05-18 09:58:31]	INFO	[Domain]	Statuary	AddNpc	there is no tbInfo.tbPlayerInfo[self.INFOID_PLAYERNAME]
[2022-05-18 09:58:31]	INFO	[Domain]	Statuary	AddNpc	there is no tbInfo.tbPlayerInfo[self.INFOID_PLAYERNAME]
[2022-05-18 09:58:31]	INFO	[Domain]	Statuary	AddNpc	there is no tbInfo.tbPlayerInfo[self.INFOID_PLAYERNAME]
[2022-05-18 09:58:31]	INFO	[Domain]	Statuary	AddNpc	there is no tbInfo.tbPlayerInfo[self.INFOID_PLAYERNAME]
[2022-05-18 09:58:31]	INFO	[Domain]	Statuary	AddNpc	there is no tbInfo.tbPlayerInfo[self.INFOID_PLAYERNAME]
[2022-05-18 09:58:31]	INFO	[Domain]	Statuary	AddNpc	there is no tbInfo.tbPlayerInfo[self.INFOID_PLAYERNAME]
[2022-05-18 09:58:31]	INFO	[Domain]	Statuary	AddNpc	there is no tbInfo.tbPlayerInfo[self.INFOID_PLAYERNAME]
[2022-05-18 09:58:31]	INFO	[Domain]	Statuary	AddNpc	there is no tbInfo.tbPlayerInfo[self.INFOID_PLAYERNAME]
[2022-05-18 09:58:31]	INFO	[Domain]	Statuary	AddNpc	there is no tbInfo.tbPlayerInfo[self.INFOID_PLAYERNAME]
[2022-05-18 09:58:31]	INFO	[Domain]	Statuary	AddNpc	there is no tbInfo.tbPlayerInfo[self.INFOID_PLAYERNAME]
[2022-05-18 09:58:31]	INFO	[Domain]	Statuary	AddNpc	there is no tbInfo.tbPlayerInfo[self.INFOID_PLAYERNAME]
[2022-05-18 09:58:31]	INFO	[Domain]	Statuary	AddNpc	there is no tbInfo.tbPlayerInfo[self.INFOID_PLAYERNAME]
[2022-05-18 09:58:31]	INFO	[Domain]	Statuary	AddNpc	there is no tbInfo.tbPlayerInfo[self.INFOID_PLAYERNAME]
[2022-05-18 09:58:31]	INFO	[Domain]	Statuary	AddNpc	there is no tbInfo.tbPlayerInfo[self.INFOID_PLAYERNAME]
[2022-05-18 09:58:31]	INFO	[Domain]	Statuary	AddNpc	there is no tbInfo.tbPlayerInfo[self.INFOID_PLAYERNAME]
[2022-05-18 09:58:31]	INFO	[Domain]	Statuary	AddNpc	there is no tbInfo.tbPlayerInfo[self.INFOID_PLAYERNAME]
[2022-05-18 09:58:31]	INFO	[Domain]	Statuary	AddNpc	there is no tbInfo.tbPlayerInfo[self.INFOID_PLAYERNAME]
[2022-05-18 09:58:31]	INFO	[Player]	Offline	 Bạch Câu Hoàn 	nTimeFrameStartSale
[2022-05-18 09:58:31]	INFO	[Player]	Offline	 Bạch Câu Hoàn 	nTimeFrameEndSale
[2022-05-18 09:58:31]	INFO	[Player]	Offline	 Bạch Câu Hoàn 	36
[2022-05-18 09:58:31]	INFO	[Player]	Offline	Đại Bạch Câu Hoàn	nTimeFrameStartSale
[2022-05-18 09:58:31]	INFO	[Player]	Offline	Đại Bạch Câu Hoàn	nTimeFrameEndSale
[2022-05-18 09:58:31]	INFO	[Player]	Offline	Đại Bạch Câu Hoàn	180
[2022-05-18 09:58:31]	INFO	[Player]	Offline	Cường Hiệu Bạch Câu Hoàn	nTimeFrameStartSale
[2022-05-18 09:58:31]	INFO	[Player]	Offline	Cường Hiệu Bạch Câu Hoàn	nTimeFrameEndSale
[2022-05-18 09:58:31]	INFO	[Player]	Offline	Cường Hiệu Bạch Câu Hoàn	540
[2022-05-18 09:58:31]	INFO	[Player]	Offline	Đặc Hiệu Bạch Câu Hoàn	nTimeFrameStartSale	53
[2022-05-18 09:58:31]	INFO	[Player]	Offline	Đặc Hiệu Bạch Câu Hoàn	nTimeFrameEndSale	100000
[2022-05-18 09:58:31]	INFO	[Player]	Offline	_LoadBaijuCoin	Đặc Hiệu Bạch Câu Hoàn	tbValue.nTimeFrameStartSale and tbValue.nTimeFrameEndSale	53	100000
[2022-05-18 09:58:31]	INFO	[Player]	Offline	Đặc Hiệu Bạch Câu Hoàn	99999999
[2022-05-18 09:58:31]	ATTEN	[Merchant]	Gọi Thương Nhân Thần Bí ngẫu nhiên	22-05-18 09:58	1
[2022-05-18 09:58:31]	ATTEN	[Merchant]	Gọi Thương Nhân Thần Bí ngẫu nhiên	22-05-18 09:58	2
[2022-05-18 09:58:31]	ATTEN	[Merchant]	Gọi Thương Nhân Thần Bí ngẫu nhiên	22-05-18 09:58	3
[2022-05-18 09:58:31]	ATTEN	[Merchant]	Gọi Thương Nhân Thần Bí ngẫu nhiên	22-05-18 09:58	4
[2022-05-18 09:58:31]	ATTEN	[Merchant]	Gọi Thương Nhân Thần Bí ngẫu nhiên	22-05-18 09:58	5
[2022-05-18 09:58:31]	ATTEN	[Merchant]	Gọi Thương Nhân Thần Bí ngẫu nhiên	22-05-18 09:58	6
[2022-05-18 09:58:31]	ATTEN	[Merchant]	Gọi Thương Nhân Thần Bí ngẫu nhiên	22-05-18 09:58	7
[2022-05-18 09:58:31]	ATTEN	[Merchant]	Gọi Thương Nhân Thần Bí ngẫu nhiên	22-05-18 09:58	8
[2022-05-18 09:58:31]	ATTEN	[Merchant]	Gọi Thương Nhân Thần Bí ngẫu nhiên	22-05-18 09:58	9
[2022-05-18 09:58:31]	ATTEN	[Merchant]	Gọi Thương Nhân Thần Bí ngẫu nhiên	22-05-18 09:58	10
[2022-05-18 09:58:31]	ATTEN	[Merchant]	Gọi Thương Nhân Thần Bí ngẫu nhiên	22-05-18 09:58	11
[2022-05-18 09:58:31]	ATTEN	[Merchant]	Gọi Thương Nhân Thần Bí ngẫu nhiên	22-05-18 09:58	12
[2022-05-18 09:59:30]	INFO	[Task]	Help	tbHelp:SetDynamicNews	1	Testgame đạt cấp 69 đầu tiên!	Võ lâm cao thủ đạt cấp 69 đầu tiên đã xuất hiện
Họ tên: <color=gold>Testgame<color>
Giới tính: <color=gold>Nam<color>
Nhánh môn phái: <color=gold>Chưa<color>
Tổng thời gian lên mạng: <color=gold>0.0<color> giờ	1653101970	1652842770
[2022-05-18 09:59:30]	ATTEN	[AddStackItem]	Tên nhân vật:Testgame	Tài khoản:administrator	Đạo cụ18	1	1	8	Thêm đạo cụ thất bại! Cần thêm 15, thực tế chỉ thêm 13
[2022-05-18 09:59:31]	INFO	[PlayerHonor]	RefreshHonorLevel	Testgame	0		0	1
[2022-05-18 09:59:31]	INFO	[PlayerHonor]	UpdataMaxWealth	Testgame	1	8	0	0
[2022-05-18 09:59:31]	INFO	[Player]	Offline	ProcessOfflineTime	Testgame Last Logout time and now login time: 0 1652842771
[2022-05-18 09:59:31]	INFO	[Player]	Offline	ProcessWasteTime	Player Testgame have nWasteTime 0, nNowAddExp 0 !
[2022-05-18 09:59:31]	INFO	[Task]	Help	Get The Dynamic new nKey: , szTitle:  	1	Testgame đạt cấp 69 đầu tiên!
[2022-05-18 09:59:32]	INFO	[Player]	plugin_log	玩家	Testgame	使用了插件，插件数量	27
[2022-05-18 09:59:43]	INFO	[PlayerHonor]	UpdataMaxWealth	Testgame	1	8	0	3000000
[2022-05-18 09:59:51]	INFO	[PlayerHonor]	UpdataMaxWealth	Testgame	1	8	0	4000000
[2022-05-18 09:59:52]	INFO	[PlayerHonor]	UpdataMaxWealth	Testgame	1	8	0	5000000
[2022-05-18 09:59:56]	INFO	[PlayerHonor]	UpdataMaxWealth	Testgame	1	8	0	5050000
[2022-05-18 09:59:58]	INFO	[PlayerHonor]	UpdataMaxWealth	Testgame	1	8	0	6050000
[2022-05-18 10:00:01]	ATTEN	[Merchant]	Gọi Thương Nhân Thần Bí ngẫu nhiên	22-05-18 10:00	1
[2022-05-18 10:00:01]	ATTEN	[Merchant]	Gọi Thương Nhân Thần Bí ngẫu nhiên	22-05-18 10:00	2
[2022-05-18 10:00:01]	ATTEN	[Merchant]	Gọi Thương Nhân Thần Bí ngẫu nhiên	22-05-18 10:00	3
[2022-05-18 10:00:01]	ATTEN	[Merchant]	Gọi Thương Nhân Thần Bí ngẫu nhiên	22-05-18 10:00	4
[2022-05-18 10:00:01]	ATTEN	[Merchant]	Gọi Thương Nhân Thần Bí ngẫu nhiên	22-05-18 10:00	5
[2022-05-18 10:00:01]	ATTEN	[Merchant]	Gọi Thương Nhân Thần Bí ngẫu nhiên	22-05-18 10:00	6
[2022-05-18 10:00:01]	ATTEN	[Merchant]	Gọi Thương Nhân Thần Bí ngẫu nhiên	22-05-18 10:00	7
[2022-05-18 10:00:01]	ATTEN	[Merchant]	Gọi Thương Nhân Thần Bí ngẫu nhiên	22-05-18 10:00	8
[2022-05-18 10:00:01]	ATTEN	[Merchant]	Gọi Thương Nhân Thần Bí ngẫu nhiên	22-05-18 10:00	9
[2022-05-18 10:00:01]	ATTEN	[Merchant]	Gọi Thương Nhân Thần Bí ngẫu nhiên	22-05-18 10:00	10
[2022-05-18 10:00:01]	ATTEN	[Merchant]	Gọi Thương Nhân Thần Bí ngẫu nhiên	22-05-18 10:00	11
[2022-05-18 10:00:01]	ATTEN	[Merchant]	Gọi Thương Nhân Thần Bí ngẫu nhiên	22-05-18 10:00	12
[2022-05-18 10:00:04]	INFO	[PlayerHonor]	UpdataMaxWealth	Testgame	1	8	0	7050000
[2022-05-18 10:00:21]	ATTEN	[XoyoGame]	
[2022-05-18 10:00:21]	ATTEN	[XoyoGame]	
[2022-05-18 10:00:21]	ATTEN	[XoyoGame]	
[2022-05-18 10:00:21]	ATTEN	[XoyoGame]	
[2022-05-18 10:00:21]	ATTEN	[XoyoGame]	
[2022-05-18 10:00:21]	ATTEN	[XoyoGame]	
[2022-05-18 10:00:21]	ATTEN	[XoyoGame]	
[2022-05-18 10:00:38]	INFO	[PlayerHonor]	UpdataMaxWealth	Testgame	1	8	0	308261532
[2022-05-18 10:00:40]	INFO	[PlayerHonor]	UpdataMaxWealth	Testgame	1	8	0	421077564
[2022-05-18 10:00:41]	INFO	[PlayerHonor]	UpdataMaxWealth	Testgame	1	8	0	533852287
[2022-05-18 10:00:41]	INFO	[PlayerHonor]	UpdataMaxWealth	Testgame	1	8	0	646523257
[2022-05-18 10:00:42]	INFO	[PlayerHonor]	UpdataMaxWealth	Testgame	1	8	0	759248174
[2022-05-18 10:00:43]	INFO	[PlayerHonor]	UpdataMaxWealth	Testgame	1	8	0	834376076
[2022-05-18 10:00:43]	INFO	[PlayerHonor]	UpdataMaxWealth	Testgame	1	8	0	909522266
[2022-05-18 10:00:43]	INFO	[PlayerHonor]	UpdataMaxWealth	Testgame	1	8	0	984633314
[2022-05-18 10:00:44]	INFO	[PlayerHonor]	UpdataMaxWealth	Testgame	1	8	0	1059843577
[2022-05-18 10:00:44]	INFO	[PlayerHonor]	UpdataMaxWealth	Testgame	1	8	0	1134971970
[2022-05-18 10:00:49]	INFO	[PlayerHonor]	UpdataMaxWealth	Testgame	1	8	0	1434901570
[2022-05-18 10:00:57]	ATTEN	[EventManager]	administrator	Testgame	事件大编号:0	事件小编号:0	[使用贴心同伴道具]获得一个模板Id为：3 的同伴
[2022-05-18 10:01:01]	ATTEN	[EventManager]	administrator	Testgame	事件大编号:0	事件小编号:0	[使用贴心同伴道具]获得一个模板Id为：3 的同伴
[2022-05-18 10:01:04]	ATTEN	[EventManager]	administrator	Testgame	事件大编号:0	事件小编号:0	[使用贴心同伴道具]获得一个模板Id为：3 的同伴
[2022-05-18 10:01:22]	INFO	[PlayerHonor]	UpdataMaxWealth	Testgame	1	8	0	1434912820
[2022-05-18 10:30:00]	ATTEN	[Merchant]	Gọi Thương Nhân Thần Bí ngẫu nhiên	22-05-18 10:30	1
[2022-05-18 10:30:00]	ATTEN	[Merchant]	Gọi Thương Nhân Thần Bí ngẫu nhiên	22-05-18 10:30	2
[2022-05-18 10:30:00]	ATTEN	[Merchant]	Gọi Thương Nhân Thần Bí ngẫu nhiên	22-05-18 10:30	3
[2022-05-18 10:30:00]	ATTEN	[Merchant]	Gọi Thương Nhân Thần Bí ngẫu nhiên	22-05-18 10:30	4
[2022-05-18 10:30:00]	ATTEN	[Merchant]	Gọi Thương Nhân Thần Bí ngẫu nhiên	22-05-18 10:30	5
[2022-05-18 10:30:00]	ATTEN	[Merchant]	Gọi Thương Nhân Thần Bí ngẫu nhiên	22-05-18 10:30	6
[2022-05-18 10:30:00]	ATTEN	[Merchant]	Gọi Thương Nhân Thần Bí ngẫu nhiên	22-05-18 10:30	7
[2022-05-18 10:30:00]	ATTEN	[Merchant]	Gọi Thương Nhân Thần Bí ngẫu nhiên	22-05-18 10:30	8
[2022-05-18 10:30:00]	ATTEN	[Merchant]	Gọi Thương Nhân Thần Bí ngẫu nhiên	22-05-18 10:30	9
[2022-05-18 10:30:00]	ATTEN	[Merchant]	Gọi Thương Nhân Thần Bí ngẫu nhiên	22-05-18 10:30	10
[2022-05-18 10:30:00]	ATTEN	[Merchant]	Gọi Thương Nhân Thần Bí ngẫu nhiên	22-05-18 10:30	11
[2022-05-18 10:30:00]	ATTEN	[Merchant]	Gọi Thương Nhân Thần Bí ngẫu nhiên	22-05-18 10:30	12
[2022-05-18 10:30:00]	ATTEN	[BaiHuTang]	10800	ShowGongGao	1	10:30-00
[2022-05-18 10:30:20]	ATTEN	[XoyoGame]	
[2022-05-18 10:30:20]	ATTEN	[XoyoGame]	
[2022-05-18 10:30:20]	ATTEN	[XoyoGame]	
[2022-05-18 10:30:20]	ATTEN	[XoyoGame]	
[2022-05-18 10:30:20]	ATTEN	[XoyoGame]	
[2022-05-18 10:30:20]	ATTEN	[XoyoGame]	
[2022-05-18 10:30:20]	ATTEN	[XoyoGame]	
[2022-05-18 10:40:01]	ATTEN	[BaiHuTang]	10800	ShowGongGao	2	10:40-01
[2022-05-18 10:43:00]	INFO	[Player]	SetPlayerComeBackFlag	Testgame	 is doubt new player
[2022-05-18 10:43:00]	INFO	[Player]	Offline	ProcessOfflineTime	Testgame Last Logout time and now login time: 1652843136 1652845380
[2022-05-18 10:43:00]	INFO	[Player]	Offline	ProcessOfflineTime	Testgame nOffLiveTime, nTodayUsedtime = 2244, 2244
[2022-05-18 10:43:00]	INFO	[Player]	Offline	ProcessOfflineTime	Testgame	nCurLevel, nCurExp, nLevelLimit 	110	0	150
[2022-05-18 10:43:00]	INFO	[Player]	Offline	ProcessOfflineTime	Player Testgame use BaiJu Đặc Hiệu Bạch Câu Hoàn , Original BaiJu Time is 0; Used Baiju Time is 0; Rest Baiju Time is 0  !
[2022-05-18 10:43:00]	INFO	[Player]	Offline	ProcessOfflineTime	Player Testgame use BaiJu Cường Hiệu Bạch Câu Hoàn , Original BaiJu Time is 0; Used Baiju Time is 0; Rest Baiju Time is 0  !
[2022-05-18 10:43:00]	INFO	[Player]	Offline	ProcessOfflineTime	Player Testgame use BaiJu Đại Bạch Câu Hoàn , Original BaiJu Time is 0; Used Baiju Time is 0; Rest Baiju Time is 0  !
[2022-05-18 10:43:00]	INFO	[Player]	Offline	ProcessOfflineTime	Player Testgame use BaiJu  Bạch Câu Hoàn  , Original BaiJu Time is 0; Used Baiju Time is 0; Rest Baiju Time is 0  !
[2022-05-18 10:43:00]	INFO	[Player]	Offline	ProcessOfflineTime	Testgame The really rest time is 0, nTotalAddExp 0, nTotalAddPoint 0 !
[2022-05-18 10:43:00]	INFO	[Player]	Offline	ProcessWasteTime	Player Testgame have nWasteTime 2244, nNowAddExp 1570800 !
[2022-05-18 10:43:01]	INFO	[Player]	plugin_log	玩家	Testgame	使用了插件，插件数量	27
[2022-05-18 10:50:01]	ATTEN	[BaiHuTang]	5400	ShowGongGao	3	10:50-01
[2022-05-18 11:00:01]	ATTEN	[Merchant]	Gọi Thương Nhân Thần Bí ngẫu nhiên	22-05-18 11:00	1
[2022-05-18 11:00:01]	ATTEN	[Merchant]	Gọi Thương Nhân Thần Bí ngẫu nhiên	22-05-18 11:00	2
[2022-05-18 11:00:01]	ATTEN	[Merchant]	Gọi Thương Nhân Thần Bí ngẫu nhiên	22-05-18 11:00	3
[2022-05-18 11:00:01]	ATTEN	[Merchant]	Gọi Thương Nhân Thần Bí ngẫu nhiên	22-05-18 11:00	4
[2022-05-18 11:00:01]	ATTEN	[Merchant]	Gọi Thương Nhân Thần Bí ngẫu nhiên	22-05-18 11:00	5
[2022-05-18 11:00:01]	ATTEN	[Merchant]	Gọi Thương Nhân Thần Bí ngẫu nhiên	22-05-18 11:00	6
[2022-05-18 11:00:01]	ATTEN	[Merchant]	Gọi Thương Nhân Thần Bí ngẫu nhiên	22-05-18 11:00	7
[2022-05-18 11:00:01]	ATTEN	[Merchant]	Gọi Thương Nhân Thần Bí ngẫu nhiên	22-05-18 11:00	8
[2022-05-18 11:00:01]	ATTEN	[Merchant]	Gọi Thương Nhân Thần Bí ngẫu nhiên	22-05-18 11:00	9
[2022-05-18 11:00:01]	ATTEN	[Merchant]	Gọi Thương Nhân Thần Bí ngẫu nhiên	22-05-18 11:00	10
[2022-05-18 11:00:01]	ATTEN	[Merchant]	Gọi Thương Nhân Thần Bí ngẫu nhiên	22-05-18 11:00	11
[2022-05-18 11:00:01]	ATTEN	[Merchant]	Gọi Thương Nhân Thần Bí ngẫu nhiên	22-05-18 11:00	12
[2022-05-18 11:00:21]	ATTEN	[XoyoGame]	
[2022-05-18 11:00:21]	ATTEN	[XoyoGame]	
[2022-05-18 11:00:21]	ATTEN	[XoyoGame]	
[2022-05-18 11:00:21]	ATTEN	[XoyoGame]	
[2022-05-18 11:00:21]	ATTEN	[XoyoGame]	
[2022-05-18 11:00:21]	ATTEN	[XoyoGame]	
[2022-05-18 11:00:21]	ATTEN	[XoyoGame]	
[2022-05-18 11:04:11]	ATTEN	[AddStackItem]	Tên nhân vật:Solana	Tài khoản:hungnv	Đạo cụ18	1	1	8	Thêm đạo cụ thất bại! Cần thêm 15, thực tế chỉ thêm 13
[2022-05-18 11:04:12]	INFO	[PlayerHonor]	RefreshHonorLevel	Solana	0		0	1
[2022-05-18 11:04:12]	INFO	[PlayerHonor]	UpdataMaxWealth	Solana	2	8	0	0
[2022-05-18 11:04:12]	INFO	[Player]	Offline	ProcessOfflineTime	Solana Last Logout time and now login time: 0 1652846652
[2022-05-18 11:04:12]	INFO	[Player]	Offline	ProcessWasteTime	Player Solana have nWasteTime 0, nNowAddExp 0 !
[2022-05-18 11:04:13]	INFO	[Player]	plugin_log	玩家	Solana	使用了插件，插件数量	27
[2022-05-18 11:05:22]	INFO	[PlayerHonor]	UpdataMaxWealth	Solana	2	8	0	1000000
[2022-05-18 11:05:25]	INFO	[PlayerHonor]	UpdataMaxWealth	Solana	2	8	0	2000000
[2022-05-18 11:05:27]	INFO	[PlayerHonor]	UpdataMaxWealth	Solana	2	8	0	3000000
[2022-05-18 11:05:57]	INFO	[PlayerHonor]	UpdataMaxWealth	Solana	2	8	0	6000000
[2022-05-18 11:06:13]	INFO	[PlayerHonor]	UpdataMaxWealth	Solana	2	8	0	7000000
[2022-05-18 11:06:14]	INFO	[PlayerHonor]	UpdataMaxWealth	Solana	2	8	0	7050000
[2022-05-18 11:09:53]	INFO	[PlayerHonor]	UpdataMaxWealth	Solana	2	8	0	82162822
[2022-05-18 11:09:54]	INFO	[PlayerHonor]	UpdataMaxWealth	Solana	2	8	0	157324187
[2022-05-18 11:09:55]	INFO	[PlayerHonor]	UpdataMaxWealth	Solana	2	8	0	232438167
[2022-05-18 11:09:56]	INFO	[PlayerHonor]	UpdataMaxWealth	Solana	2	8	0	345212890
[2022-05-18 11:09:56]	INFO	[PlayerHonor]	UpdataMaxWealth	Solana	2	8	0	420422786
[2022-05-18 11:09:57]	INFO	[PlayerHonor]	UpdataMaxWealth	Solana	2	8	0	495551179
[2022-05-18 11:09:58]	INFO	[PlayerHonor]	UpdataMaxWealth	Solana	2	8	0	608277833
[2022-05-18 11:09:58]	INFO	[PlayerHonor]	UpdataMaxWealth	Solana	2	8	0	720948803
[2022-05-18 11:09:59]	INFO	[PlayerHonor]	UpdataMaxWealth	Solana	2	8	0	1022130203
[2022-05-18 11:10:00]	INFO	[PlayerHonor]	UpdataMaxWealth	Solana	2	8	0	1022160335
[2022-05-18 11:10:01]	INFO	[PlayerHonor]	UpdataMaxWealth	Solana	2	8	0	1134972398
[2022-05-18 11:10:44]	ATTEN	[EventManager]	hungnv	Solana	事件大编号:0	事件小编号:0	[使用贴心同伴道具]获得一个模板Id为：8 的同伴
[2022-05-18 11:10:52]	ATTEN	[EventManager]	hungnv	Solana	事件大编号:0	事件小编号:0	[使用贴心同伴道具]获得一个模板Id为：8 的同伴
[2022-05-18 11:10:57]	ATTEN	[EventManager]	hungnv	Solana	事件大编号:0	事件小编号:0	[使用贴心同伴道具]获得一个模板Id为：8 的同伴
[2022-05-18 11:23:14]	INFO	[Faction]	EnterXisuidao_Duoxiu	Testgame	2
[2022-05-18 11:23:39]	INFO	[Faction]	ChangeGenreFaction	Testgame	2	1	4
[2022-05-18 11:23:49]	INFO	[Faction]	tbXisuimenpai:OnLeave	Testgame	2	4
[2022-05-18 11:30:00]	ATTEN	[Merchant]	Gọi Thương Nhân Thần Bí ngẫu nhiên	22-05-18 11:30	1
[2022-05-18 11:30:00]	ATTEN	[Merchant]	Gọi Thương Nhân Thần Bí ngẫu nhiên	22-05-18 11:30	2
[2022-05-18 11:30:00]	ATTEN	[Merchant]	Gọi Thương Nhân Thần Bí ngẫu nhiên	22-05-18 11:30	3
[2022-05-18 11:30:00]	ATTEN	[Merchant]	Gọi Thương Nhân Thần Bí ngẫu nhiên	22-05-18 11:30	4
[2022-05-18 11:30:00]	ATTEN	[Merchant]	Gọi Thương Nhân Thần Bí ngẫu nhiên	22-05-18 11:30	5
[2022-05-18 11:30:00]	ATTEN	[Merchant]	Gọi Thương Nhân Thần Bí ngẫu nhiên	22-05-18 11:30	6
[2022-05-18 11:30:00]	ATTEN	[Merchant]	Gọi Thương Nhân Thần Bí ngẫu nhiên	22-05-18 11:30	7
[2022-05-18 11:30:00]	ATTEN	[Merchant]	Gọi Thương Nhân Thần Bí ngẫu nhiên	22-05-18 11:30	8
[2022-05-18 11:30:00]	ATTEN	[Merchant]	Gọi Thương Nhân Thần Bí ngẫu nhiên	22-05-18 11:30	9
[2022-05-18 11:30:00]	ATTEN	[Merchant]	Gọi Thương Nhân Thần Bí ngẫu nhiên	22-05-18 11:30	10
[2022-05-18 11:30:00]	ATTEN	[Merchant]	Gọi Thương Nhân Thần Bí ngẫu nhiên	22-05-18 11:30	11
[2022-05-18 11:30:00]	ATTEN	[Merchant]	Gọi Thương Nhân Thần Bí ngẫu nhiên	22-05-18 11:30	12
[2022-05-18 11:30:01]	ATTEN	[BaiHuTang]	10800	ShowGongGao	1	11:30-01
[2022-05-18 11:30:21]	ATTEN	[XoyoGame]	
[2022-05-18 11:30:21]	ATTEN	[XoyoGame]	
[2022-05-18 11:30:21]	ATTEN	[XoyoGame]	
[2022-05-18 11:30:21]	ATTEN	[XoyoGame]	
[2022-05-18 11:30:21]	ATTEN	[XoyoGame]	
[2022-05-18 11:30:21]	ATTEN	[XoyoGame]	
[2022-05-18 11:30:21]	ATTEN	[XoyoGame]	
[2022-05-18 11:31:17]	INFO	[PlayerHonor]	UpdataMaxWealth	Solana	2	8	0	1134983648
[2022-05-18 11:35:56]	INFO	[PlayerHonor]	UpdataMaxWealth	Testgame	1	8	0	1434957820
[2022-05-18 11:36:03]	INFO	[PlayerHonor]	UpdataMaxWealth	Testgame	1	8	0	1435002820
[2022-05-18 11:36:30]	INFO	[Faction]	SwitchFaction	Testgame	1	4
[2022-05-18 11:36:39]	INFO	[Player]	SetPlayerComeBackFlag	Solana	 is doubt new player
[2022-05-18 11:36:39]	INFO	[Player]	Offline	ProcessOfflineTime	Solana Last Logout time and now login time: 1652848354 1652848599
[2022-05-18 11:36:39]	INFO	[Player]	Offline	ProcessOfflineTime	Solana nOffLiveTime, nTodayUsedtime = 0, 0
[2022-05-18 11:36:39]	INFO	[Player]	Offline	ProcessOfflineTime	Solana	nCurLevel, nCurExp, nLevelLimit 	110	6	150
[2022-05-18 11:36:39]	INFO	[Player]	Offline	ProcessWasteTime	Player Solana have nWasteTime 0, nNowAddExp 0 !
[2022-05-18 11:36:40]	INFO	[Player]	plugin_log	玩家	Solana	使用了插件，插件数量	27
[2022-05-18 11:38:54]	ATTEN	[AddConsumeValue]	14996480	administrator	Testgame	refine
[2022-05-18 11:38:54]	INFO	[PlayerHonor]	UpdataMaxWealth	Testgame	1	8	0	1449999300
[2022-05-18 11:38:54]	ATTEN	[AddConsumeValue]	29992960	administrator	Testgame	refine
[2022-05-18 11:38:54]	INFO	[PlayerHonor]	UpdataMaxWealth	Testgame	1	8	0	1479992260
[2022-05-18 11:38:54]	INFO	[PlayerHonor]	UpdataMaxWealth	Testgame	1	8	0	1485854628
[2022-05-18 11:40:00]	ATTEN	[BaiHuTang]	10800	ShowGongGao	2	11:40-00
[2022-05-18 11:50:00]	ATTEN	[BaiHuTang]	5400	ShowGongGao	3	11:50-00
[2022-05-18 12:00:01]	ATTEN	[Merchant]	Gọi Thương Nhân Thần Bí ngẫu nhiên	22-05-18 12:00	1
[2022-05-18 12:00:01]	ATTEN	[Merchant]	Gọi Thương Nhân Thần Bí ngẫu nhiên	22-05-18 12:00	2
[2022-05-18 12:00:01]	ATTEN	[Merchant]	Gọi Thương Nhân Thần Bí ngẫu nhiên	22-05-18 12:00	3
[2022-05-18 12:00:01]	ATTEN	[Merchant]	Gọi Thương Nhân Thần Bí ngẫu nhiên	22-05-18 12:00	4
[2022-05-18 12:00:01]	ATTEN	[Merchant]	Gọi Thương Nhân Thần Bí ngẫu nhiên	22-05-18 12:00	5
[2022-05-18 12:00:01]	ATTEN	[Merchant]	Gọi Thương Nhân Thần Bí ngẫu nhiên	22-05-18 12:00	6
[2022-05-18 12:00:01]	ATTEN	[Merchant]	Gọi Thương Nhân Thần Bí ngẫu nhiên	22-05-18 12:00	7
[2022-05-18 12:00:01]	ATTEN	[Merchant]	Gọi Thương Nhân Thần Bí ngẫu nhiên	22-05-18 12:00	8
[2022-05-18 12:00:01]	ATTEN	[Merchant]	Gọi Thương Nhân Thần Bí ngẫu nhiên	22-05-18 12:00	9
[2022-05-18 12:00:01]	ATTEN	[Merchant]	Gọi Thương Nhân Thần Bí ngẫu nhiên	22-05-18 12:00	10
[2022-05-18 12:00:01]	ATTEN	[Merchant]	Gọi Thương Nhân Thần Bí ngẫu nhiên	22-05-18 12:00	11
[2022-05-18 12:00:01]	ATTEN	[Merchant]	Gọi Thương Nhân Thần Bí ngẫu nhiên	22-05-18 12:00	12
[2022-05-18 12:00:01]	INFO	[PlayerHonor]	RefreshHonorLevel	Solana	0		1	1652850002
[2022-05-18 12:00:01]	INFO	[PlayerHonor]	UpdataMaxWealth	Solana	2	8	0	1135244398
[2022-05-18 12:00:01]	INFO	[PlayerHonor]	RefreshHonorLevel	Testgame	0		1	1652850002
[2022-05-18 12:00:01]	INFO	[PlayerHonor]	UpdataMaxWealth	Testgame	1	8	0	1486106628
[2022-05-18 12:00:21]	ATTEN	[XoyoGame]	
[2022-05-18 12:00:21]	ATTEN	[XoyoGame]	
[2022-05-18 12:00:21]	ATTEN	[XoyoGame]	
[2022-05-18 12:00:21]	ATTEN	[XoyoGame]	
[2022-05-18 12:00:21]	ATTEN	[XoyoGame]	
[2022-05-18 12:00:21]	ATTEN	[XoyoGame]	
[2022-05-18 12:00:21]	ATTEN	[XoyoGame]	
[2022-05-18 12:30:00]	ATTEN	[Merchant]	Gọi Thương Nhân Thần Bí ngẫu nhiên	22-05-18 12:30	1
[2022-05-18 12:30:00]	ATTEN	[Merchant]	Gọi Thương Nhân Thần Bí ngẫu nhiên	22-05-18 12:30	2
[2022-05-18 12:30:00]	ATTEN	[Merchant]	Gọi Thương Nhân Thần Bí ngẫu nhiên	22-05-18 12:30	3
[2022-05-18 12:30:00]	ATTEN	[Merchant]	Gọi Thương Nhân Thần Bí ngẫu nhiên	22-05-18 12:30	4
[2022-05-18 12:30:00]	ATTEN	[Merchant]	Gọi Thương Nhân Thần Bí ngẫu nhiên	22-05-18 12:30	5
[2022-05-18 12:30:00]	ATTEN	[Merchant]	Gọi Thương Nhân Thần Bí ngẫu nhiên	22-05-18 12:30	6
[2022-05-18 12:30:00]	ATTEN	[Merchant]	Gọi Thương Nhân Thần Bí ngẫu nhiên	22-05-18 12:30	7
[2022-05-18 12:30:00]	ATTEN	[Merchant]	Gọi Thương Nhân Thần Bí ngẫu nhiên	22-05-18 12:30	8
[2022-05-18 12:30:00]	ATTEN	[Merchant]	Gọi Thương Nhân Thần Bí ngẫu nhiên	22-05-18 12:30	9
[2022-05-18 12:30:00]	ATTEN	[Merchant]	Gọi Thương Nhân Thần Bí ngẫu nhiên	22-05-18 12:30	10
[2022-05-18 12:30:00]	ATTEN	[Merchant]	Gọi Thương Nhân Thần Bí ngẫu nhiên	22-05-18 12:30	11
[2022-05-18 12:30:00]	ATTEN	[Merchant]	Gọi Thương Nhân Thần Bí ngẫu nhiên	22-05-18 12:30	12
[2022-05-18 12:30:00]	ATTEN	[BaiHuTang]	10800	ShowGongGao	1	12:30-00
[2022-05-18 12:30:20]	ATTEN	[XoyoGame]	
[2022-05-18 12:30:20]	ATTEN	[XoyoGame]	
[2022-05-18 12:30:20]	ATTEN	[XoyoGame]	
[2022-05-18 12:30:20]	ATTEN	[XoyoGame]	
[2022-05-18 12:30:20]	ATTEN	[XoyoGame]	
[2022-05-18 12:30:20]	ATTEN	[XoyoGame]	
[2022-05-18 12:30:20]	ATTEN	[XoyoGame]	
[2022-05-18 12:40:00]	ATTEN	[BaiHuTang]	10800	ShowGongGao	2	12:40-00
[2022-05-18 12:50:00]	ATTEN	[BaiHuTang]	5400	ShowGongGao	3	12:50-00
[2022-05-18 13:00:01]	ATTEN	[Merchant]	Gọi Thương Nhân Thần Bí ngẫu nhiên	22-05-18 13:00	1
[2022-05-18 13:00:01]	ATTEN	[Merchant]	Gọi Thương Nhân Thần Bí ngẫu nhiên	22-05-18 13:00	2
[2022-05-18 13:00:01]	ATTEN	[Merchant]	Gọi Thương Nhân Thần Bí ngẫu nhiên	22-05-18 13:00	3
[2022-05-18 13:00:01]	ATTEN	[Merchant]	Gọi Thương Nhân Thần Bí ngẫu nhiên	22-05-18 13:00	4
[2022-05-18 13:00:01]	ATTEN	[Merchant]	Gọi Thương Nhân Thần Bí ngẫu nhiên	22-05-18 13:00	5
[2022-05-18 13:00:01]	ATTEN	[Merchant]	Gọi Thương Nhân Thần Bí ngẫu nhiên	22-05-18 13:00	6
[2022-05-18 13:00:01]	ATTEN	[Merchant]	Gọi Thương Nhân Thần Bí ngẫu nhiên	22-05-18 13:00	7
[2022-05-18 13:00:01]	ATTEN	[Merchant]	Gọi Thương Nhân Thần Bí ngẫu nhiên	22-05-18 13:00	8
[2022-05-18 13:00:01]	ATTEN	[Merchant]	Gọi Thương Nhân Thần Bí ngẫu nhiên	22-05-18 13:00	9
[2022-05-18 13:00:01]	ATTEN	[Merchant]	Gọi Thương Nhân Thần Bí ngẫu nhiên	22-05-18 13:00	10
[2022-05-18 13:00:01]	ATTEN	[Merchant]	Gọi Thương Nhân Thần Bí ngẫu nhiên	22-05-18 13:00	11
[2022-05-18 13:00:01]	ATTEN	[Merchant]	Gọi Thương Nhân Thần Bí ngẫu nhiên	22-05-18 13:00	12
[2022-05-18 13:00:21]	ATTEN	[XoyoGame]	
[2022-05-18 13:00:21]	ATTEN	[XoyoGame]	
[2022-05-18 13:00:21]	ATTEN	[XoyoGame]	
[2022-05-18 13:00:21]	ATTEN	[XoyoGame]	
[2022-05-18 13:00:21]	ATTEN	[XoyoGame]	
[2022-05-18 13:00:21]	ATTEN	[XoyoGame]	
[2022-05-18 13:00:21]	ATTEN	[XoyoGame]	
[2022-05-18 13:17:54]	ATTEN	[AddStackItem]	Tên nhân vật:MaNhẫn05	Tài khoản:testgamea	Đạo cụ18	1	1	8	Thêm đạo cụ thất bại! Cần thêm 15, thực tế chỉ thêm 13
[2022-05-18 13:17:56]	INFO	[PlayerHonor]	RefreshHonorLevel	MaNhẫn05	0		0	1652850002
[2022-05-18 13:17:56]	INFO	[PlayerHonor]	UpdataMaxWealth	MaNhẫn05	3	8	0	0
[2022-05-18 13:17:56]	INFO	[Player]	Offline	ProcessOfflineTime	MaNhẫn05 Last Logout time and now login time: 0 1652854676
[2022-05-18 13:17:56]	INFO	[Player]	Offline	ProcessWasteTime	Player MaNhẫn05 have nWasteTime 0, nNowAddExp 0 !
[2022-05-18 13:17:56]	INFO	[Player]	plugin_log	玩家	MaNhẫn05	使用了插件，插件数量	27
[2022-05-18 13:18:14]	INFO	[PlayerHonor]	UpdataMaxWealth	MaNhẫn05	3	8	0	3000000
[2022-05-18 13:18:16]	INFO	[PlayerHonor]	UpdataMaxWealth	MaNhẫn05	3	8	0	4000000
[2022-05-18 13:18:16]	INFO	[PlayerHonor]	UpdataMaxWealth	MaNhẫn05	3	8	0	5000000
[2022-05-18 13:18:17]	INFO	[PlayerHonor]	UpdataMaxWealth	MaNhẫn05	3	8	0	6000000
[2022-05-18 13:18:18]	INFO	[PlayerHonor]	UpdataMaxWealth	MaNhẫn05	3	8	0	6050000
[2022-05-18 13:18:18]	INFO	[PlayerHonor]	UpdataMaxWealth	MaNhẫn05	3	8	0	7050000
[2022-05-18 13:18:49]	INFO	[PlayerHonor]	UpdataMaxWealth	MaNhẫn05	3	8	0	308231400
[2022-05-18 13:18:49]	INFO	[PlayerHonor]	UpdataMaxWealth	MaNhẫn05	3	8	0	421047432
[2022-05-18 13:18:49]	INFO	[PlayerHonor]	UpdataMaxWealth	MaNhẫn05	3	8	0	421077564
[2022-05-18 13:18:50]	INFO	[PlayerHonor]	UpdataMaxWealth	MaNhẫn05	3	8	0	533744136
[2022-05-18 13:18:51]	INFO	[PlayerHonor]	UpdataMaxWealth	MaNhẫn05	3	8	0	646470790
[2022-05-18 13:18:51]	INFO	[PlayerHonor]	UpdataMaxWealth	MaNhẫn05	3	8	0	759197444
[2022-05-18 13:18:52]	INFO	[PlayerHonor]	UpdataMaxWealth	MaNhẫn05	3	8	0	834326504
[2022-05-18 13:18:52]	INFO	[PlayerHonor]	UpdataMaxWealth	MaNhẫn05	3	8	0	909440484
[2022-05-18 13:18:52]	INFO	[PlayerHonor]	UpdataMaxWealth	MaNhẫn05	3	8	0	984586674
[2022-05-18 13:18:52]	INFO	[PlayerHonor]	UpdataMaxWealth	MaNhẫn05	3	8	0	1059795779
[2022-05-18 13:18:53]	INFO	[PlayerHonor]	UpdataMaxWealth	MaNhẫn05	3	8	0	1134921527
[2022-05-18 13:19:09]	ATTEN	[EventManager]	testgamea	MaNhẫn05	事件大编号:0	事件小编号:0	[使用贴心同伴道具]获得一个模板Id为：2 的同伴
[2022-05-18 13:19:14]	ATTEN	[EventManager]	testgamea	MaNhẫn05	事件大编号:0	事件小编号:0	[使用贴心同伴道具]获得一个模板Id为：2 的同伴
[2022-05-18 13:19:20]	ATTEN	[EventManager]	testgamea	MaNhẫn05	事件大编号:0	事件小编号:0	[使用贴心同伴道具]获得一个模板Id为：2 的同伴
[2022-05-18 13:19:23]	INFO	[PlayerHonor]	UpdataMaxWealth	MaNhẫn05	3	8	0	1434851127
[2022-05-18 13:19:42]	INFO	[PlayerHonor]	UpdataMaxWealth	MaNhẫn05	3	8	0	1434862377
[2022-05-18 13:22:23]	INFO	[Help]	PlayerPray	SetPrayElement	Player MaNhẫn05 set pray 1 round element 4
[2022-05-18 13:22:26]	INFO	[Help]	PlayerPray	SetPrayElement	Player MaNhẫn05 set pray 2 round element 3
[2022-05-18 13:22:26]	INFO	[Help]	PlayerPray	GivePrayResult	DecParyCount 1 time!!
[2022-05-18 13:22:26]	INFO	[Help]	PlayerPray	DecPrayCount	Player MaNhẫn05 OrgSysPrayCount 1, OrgExPrayCount 0 !!
[2022-05-18 13:22:26]	INFO	[Help]	PlayerPray	DecPrayCount	Player MaNhẫn05 NowSysPrayCount 0, NowExPrayCount 0 !!
[2022-05-18 13:22:26]	INFO	[Help]	PlayerPray	GivePrayResult	The pray have the result!!
[2022-05-18 13:22:29]	INFO	[Help]	PlayerPray	GiveDetailAward	Give player award	MaNhẫn05	item	18,1,80,1
[2022-05-18 13:22:29]	INFO	[Help]	PlayerPray	GiveDetailAward	Give player award	MaNhẫn05	effect	879,2,2,64800,1,0,1
[2022-05-18 13:22:29]	INFO	[Help]	PlayerPray	GiveDetailAward	Give player award	MaNhẫn05	effect	876,5,2,64800,1,0,1
[2022-05-18 13:22:29]	INFO	[Help]	PlayerPray	GiveDetailAward	Give player award	MaNhẫn05	repute	5,4,1
[2022-05-18 13:23:03]	ATTEN	[Compose]	Tên nhân vật:MaNhẫn05	Tài khoản:testgamea	Nguyên liệu: Huyền Tinh có tì vết (cấp 8)13个  	Tỷ lệ thành công: 31338/26409767 có thể hợp thành 11 (cấp) 
[2022-05-18 13:23:03]	ATTEN	[Compose]	Tên nhân vật: MaNhẫn05	 hợp thành 1 Huyền Tinh hoàn mỹ (cấp 10)
[2022-05-18 13:24:14]	ATTEN	[AddConsumeValue]	14996480	testgamea	MaNhẫn05	refine
[2022-05-18 13:24:14]	INFO	[PlayerHonor]	UpdataMaxWealth	MaNhẫn05	3	8	0	1449858857
[2022-05-18 13:24:14]	ATTEN	[AddConsumeValue]	29992960	testgamea	MaNhẫn05	refine
[2022-05-18 13:24:14]	INFO	[PlayerHonor]	UpdataMaxWealth	MaNhẫn05	3	8	0	1479851817
[2022-05-18 13:24:14]	INFO	[PlayerHonor]	UpdataMaxWealth	MaNhẫn05	3	8	0	1485671217
[2022-05-18 13:30:00]	ATTEN	[Merchant]	Gọi Thương Nhân Thần Bí ngẫu nhiên	22-05-18 13:30	1
[2022-05-18 13:30:00]	ATTEN	[Merchant]	Gọi Thương Nhân Thần Bí ngẫu nhiên	22-05-18 13:30	2
[2022-05-18 13:30:00]	ATTEN	[Merchant]	Gọi Thương Nhân Thần Bí ngẫu nhiên	22-05-18 13:30	3
[2022-05-18 13:30:00]	ATTEN	[Merchant]	Gọi Thương Nhân Thần Bí ngẫu nhiên	22-05-18 13:30	4
[2022-05-18 13:30:00]	ATTEN	[Merchant]	Gọi Thương Nhân Thần Bí ngẫu nhiên	22-05-18 13:30	5
[2022-05-18 13:30:00]	ATTEN	[Merchant]	Gọi Thương Nhân Thần Bí ngẫu nhiên	22-05-18 13:30	6
[2022-05-18 13:30:00]	ATTEN	[Merchant]	Gọi Thương Nhân Thần Bí ngẫu nhiên	22-05-18 13:30	7
[2022-05-18 13:30:00]	ATTEN	[Merchant]	Gọi Thương Nhân Thần Bí ngẫu nhiên	22-05-18 13:30	8
[2022-05-18 13:30:00]	ATTEN	[Merchant]	Gọi Thương Nhân Thần Bí ngẫu nhiên	22-05-18 13:30	9
[2022-05-18 13:30:00]	ATTEN	[Merchant]	Gọi Thương Nhân Thần Bí ngẫu nhiên	22-05-18 13:30	10
[2022-05-18 13:30:00]	ATTEN	[Merchant]	Gọi Thương Nhân Thần Bí ngẫu nhiên	22-05-18 13:30	11
[2022-05-18 13:30:00]	ATTEN	[Merchant]	Gọi Thương Nhân Thần Bí ngẫu nhiên	22-05-18 13:30	12
[2022-05-18 13:30:00]	ATTEN	[BaiHuTang]	10800	ShowGongGao	1	13:30-00
[2022-05-18 13:30:20]	ATTEN	[XoyoGame]	
[2022-05-18 13:30:20]	ATTEN	[XoyoGame]	
[2022-05-18 13:30:20]	ATTEN	[XoyoGame]	
[2022-05-18 13:30:20]	ATTEN	[XoyoGame]	
[2022-05-18 13:30:20]	ATTEN	[XoyoGame]	
[2022-05-18 13:30:20]	ATTEN	[XoyoGame]	
[2022-05-18 13:30:20]	ATTEN	[XoyoGame]	
[2022-05-18 13:36:53]	INFO	[Player]	Offline	ProcessOfflineTime	Testgame Last Logout time and now login time: 1652854618 1652855813
[2022-05-18 13:36:53]	INFO	[Player]	Offline	ProcessOfflineTime	Testgame nOffLiveTime, nTodayUsedtime = 1195, 3439
[2022-05-18 13:36:53]	INFO	[Player]	Offline	ProcessOfflineTime	Testgame	nCurLevel, nCurExp, nLevelLimit 	110	2000000	150
[2022-05-18 13:36:53]	INFO	[Player]	Offline	ProcessOfflineTime	Player Testgame use BaiJu Đặc Hiệu Bạch Câu Hoàn , Original BaiJu Time is 0; Used Baiju Time is 0; Rest Baiju Time is 0  !
[2022-05-18 13:36:53]	INFO	[Player]	Offline	ProcessOfflineTime	Player Testgame use BaiJu Cường Hiệu Bạch Câu Hoàn , Original BaiJu Time is 0; Used Baiju Time is 0; Rest Baiju Time is 0  !
[2022-05-18 13:36:53]	INFO	[Player]	Offline	ProcessOfflineTime	Player Testgame use BaiJu Đại Bạch Câu Hoàn , Original BaiJu Time is 0; Used Baiju Time is 0; Rest Baiju Time is 0  !
[2022-05-18 13:36:53]	INFO	[Player]	Offline	ProcessOfflineTime	Player Testgame use BaiJu  Bạch Câu Hoàn  , Original BaiJu Time is 0; Used Baiju Time is 0; Rest Baiju Time is 0  !
[2022-05-18 13:36:53]	INFO	[Player]	Offline	ProcessOfflineTime	Testgame The really rest time is 0, nTotalAddExp 0, nTotalAddPoint 0 !
[2022-05-18 13:36:53]	INFO	[Player]	Offline	ProcessWasteTime	Player Testgame have nWasteTime 2244, nNowAddExp 1570800 !
[2022-05-18 13:36:54]	INFO	[Player]	plugin_log	玩家	Testgame	使用了插件，插件数量	27
[2022-05-18 13:40:00]	ATTEN	[BaiHuTang]	10800	ShowGongGao	2	13:40-00
[2022-05-18 13:50:00]	ATTEN	[BaiHuTang]	5400	ShowGongGao	3	13:50-00
[2022-05-18 14:00:01]	ATTEN	[Merchant]	Gọi Thương Nhân Thần Bí ngẫu nhiên	22-05-18 14:00	1
[2022-05-18 14:00:01]	ATTEN	[Merchant]	Gọi Thương Nhân Thần Bí ngẫu nhiên	22-05-18 14:00	2
[2022-05-18 14:00:01]	ATTEN	[Merchant]	Gọi Thương Nhân Thần Bí ngẫu nhiên	22-05-18 14:00	3
[2022-05-18 14:00:01]	ATTEN	[Merchant]	Gọi Thương Nhân Thần Bí ngẫu nhiên	22-05-18 14:00	4
[2022-05-18 14:00:01]	ATTEN	[Merchant]	Gọi Thương Nhân Thần Bí ngẫu nhiên	22-05-18 14:00	5
[2022-05-18 14:00:01]	ATTEN	[Merchant]	Gọi Thương Nhân Thần Bí ngẫu nhiên	22-05-18 14:00	6
[2022-05-18 14:00:01]	ATTEN	[Merchant]	Gọi Thương Nhân Thần Bí ngẫu nhiên	22-05-18 14:00	7
[2022-05-18 14:00:01]	ATTEN	[Merchant]	Gọi Thương Nhân Thần Bí ngẫu nhiên	22-05-18 14:00	8
[2022-05-18 14:00:01]	ATTEN	[Merchant]	Gọi Thương Nhân Thần Bí ngẫu nhiên	22-05-18 14:00	9
[2022-05-18 14:00:01]	ATTEN	[Merchant]	Gọi Thương Nhân Thần Bí ngẫu nhiên	22-05-18 14:00	10
[2022-05-18 14:00:01]	ATTEN	[Merchant]	Gọi Thương Nhân Thần Bí ngẫu nhiên	22-05-18 14:00	11
[2022-05-18 14:00:01]	ATTEN	[Merchant]	Gọi Thương Nhân Thần Bí ngẫu nhiên	22-05-18 14:00	12
[2022-05-18 14:00:21]	ATTEN	[XoyoGame]	
[2022-05-18 14:00:21]	ATTEN	[XoyoGame]	
[2022-05-18 14:00:21]	ATTEN	[XoyoGame]	
[2022-05-18 14:00:21]	ATTEN	[XoyoGame]	
[2022-05-18 14:00:21]	ATTEN	[XoyoGame]	
[2022-05-18 14:00:21]	ATTEN	[XoyoGame]	
[2022-05-18 14:00:21]	ATTEN	[XoyoGame]	
