20220517-162740<INFO :000012A0>: [KG_Goddess] starting ...
20220517-162740<INFO :000012A0>: [KG_Goddess] Loading kg_goddess.ini
20220517-162740<INFO :000012A0>: [KG_Goddess] Loaded KG_Angel, version 2.5
20220517-162740<INFO :000012A0>: [KG_Goddess] Initializing role database ...
20220517-162740<DEBUG:000012A0>: [KGD] Success connect to localhost:3306, character set switch to latin1
20220517-162740<INFO :000012A0>: [KG_Goddess] Initializing role statistic ...
20220517-162740<INFO :000012A0>: [KG_Goddess] Initializing server manager ...
20220517-162740<INFO :000012A0>: [KG_Goddess] Initializing Sequence ...
20220517-162740<INFO :000012A0>: [KG_Goddess] Initializing NameServer ...
20220517-162740<DEBUG:000012A0>: [Database] character set switch to latin1
20220517-162740<INFO :000012A0>: [ServerManager] Listening at 127.0.0.1:5001
20220517-162740<INFO :000012A0>: [KG_Goddess] RoleLock disable
20220517-162740<INFO :000012A0>: [KG_Goddess] Set log level to DEBUG
20220517-162740<INFO :000012A0>: [KG_Goddess] Start success
20220517-162746<INFO :00001700>: [ServerManager] Accept from (127.0.0.1: 49609) SocketStream = 02122910
20220517-162746<INFO :0000103C>: [Goddess Server 00] Started, service for 127.0.0.1:49609
20220517-162746<DEBUG:0000103C>: [KGD] Success connect to localhost:3306, character set switch to latin1
20220517-162752<INFO :00001700>: [ServerManager] Accept from (127.0.0.1: 49615) SocketStream = 02122958
20220517-162752<INFO :00000CB8>: [Goddess Server 01] Started, service for 127.0.0.1:49615
20220517-162752<DEBUG:00000CB8>: [KGD] Success connect to localhost:3306, character set switch to latin1
20220517-162806<DEBUG:0000103C>: [Goddess Server 00] Enter KG_GoddessServer::_ping()
20220517-162821<DEBUG:00000CB8>: [Goddess Server 01] Enter KG_GoddessServer::_ping()
20220517-162826<DEBUG:0000103C>: [Goddess Server 00] Enter KG_GoddessServer::_ping()
20220517-162846<DEBUG:0000103C>: [Goddess Server 00] Enter KG_GoddessServer::_ping()
20220517-162851<DEBUG:00000CB8>: [Goddess Server 01] Enter KG_GoddessServer::_ping()
20220517-162906<DEBUG:0000103C>: [Goddess Server 00] Enter KG_GoddessServer::_ping()
20220517-162921<DEBUG:00000CB8>: [Goddess Server 01] Enter KG_GoddessServer::_ping()
20220517-162926<DEBUG:0000103C>: [Goddess Server 00] Enter KG_GoddessServer::_ping()
20220517-162946<DEBUG:0000103C>: [Goddess Server 00] Enter KG_GoddessServer::_ping()
20220517-162951<DEBUG:00000CB8>: [Goddess Server 01] Enter KG_GoddessServer::_ping()
20220517-163006<DEBUG:0000103C>: [Goddess Server 00] Enter KG_GoddessServer::_ping()
20220517-163021<DEBUG:00000CB8>: [Goddess Server 01] Enter KG_GoddessServer::_ping()
20220517-163026<DEBUG:0000103C>: [Goddess Server 00] Enter KG_GoddessServer::_ping()
20220517-163046<DEBUG:0000103C>: [Goddess Server 00] Enter KG_GoddessServer::_ping()
20220517-163051<DEBUG:00000CB8>: [Goddess Server 01] Enter KG_GoddessServer::_ping()
20220517-163106<DEBUG:0000103C>: [Goddess Server 00] Enter KG_GoddessServer::_ping()
20220517-163121<DEBUG:00000CB8>: [Goddess Server 01] Enter KG_GoddessServer::_ping()
20220517-163126<DEBUG:0000103C>: [Goddess Server 00] Enter KG_GoddessServer::_ping()
20220517-163146<DEBUG:0000103C>: [Goddess Server 00] Enter KG_GoddessServer::_ping()
20220517-163151<DEBUG:00000CB8>: [Goddess Server 01] Enter KG_GoddessServer::_ping()
20220517-163206<DEBUG:0000103C>: [Goddess Server 00] Enter KG_GoddessServer::_ping()
20220517-163221<DEBUG:00000CB8>: [Goddess Server 01] Enter KG_GoddessServer::_ping()
20220517-163226<DEBUG:0000103C>: [Goddess Server 00] Enter KG_GoddessServer::_ping()
20220517-163246<DEBUG:0000103C>: [Goddess Server 00] Enter KG_GoddessServer::_ping()
20220517-163251<DEBUG:00000CB8>: [Goddess Server 01] Enter KG_GoddessServer::_ping()
20220517-163306<DEBUG:0000103C>: [Goddess Server 00] Enter KG_GoddessServer::_ping()
20220517-163321<DEBUG:00000CB8>: [Goddess Server 01] Enter KG_GoddessServer::_ping()
20220517-163326<DEBUG:0000103C>: [Goddess Server 00] Enter KG_GoddessServer::_ping()
20220517-163346<DEBUG:0000103C>: [Goddess Server 00] Enter KG_GoddessServer::_ping()
20220517-163351<DEBUG:00000CB8>: [Goddess Server 01] Enter KG_GoddessServer::_ping()
20220517-163406<DEBUG:0000103C>: [Goddess Server 00] Enter KG_GoddessServer::_ping()
20220517-163421<DEBUG:00000CB8>: [Goddess Server 01] Enter KG_GoddessServer::_ping()
20220517-163427<DEBUG:0000103C>: [Goddess Server 00] Enter KG_GoddessServer::_ping()
20220517-163447<DEBUG:0000103C>: [Goddess Server 00] Enter KG_GoddessServer::_ping()
20220517-163451<DEBUG:00000CB8>: [Goddess Server 01] Enter KG_GoddessServer::_ping()
20220517-163507<DEBUG:0000103C>: [Goddess Server 00] Enter KG_GoddessServer::_ping()
20220517-163521<DEBUG:00000CB8>: [Goddess Server 01] Enter KG_GoddessServer::_ping()
20220517-163527<DEBUG:0000103C>: [Goddess Server 00] Enter KG_GoddessServer::_ping()
20220517-163547<DEBUG:0000103C>: [Goddess Server 00] Enter KG_GoddessServer::_ping()
20220517-163551<DEBUG:00000CB8>: [Goddess Server 01] Enter KG_GoddessServer::_ping()
20220517-163607<DEBUG:0000103C>: [Goddess Server 00] Enter KG_GoddessServer::_ping()
20220517-163621<DEBUG:00000CB8>: [Goddess Server 01] Enter KG_GoddessServer::_ping()
20220517-163627<DEBUG:0000103C>: [Goddess Server 00] Enter KG_GoddessServer::_ping()
20220517-163647<DEBUG:0000103C>: [Goddess Server 00] Enter KG_GoddessServer::_ping()
20220517-163651<DEBUG:00000CB8>: [Goddess Server 01] Enter KG_GoddessServer::_ping()
20220517-163707<DEBUG:0000103C>: [Goddess Server 00] Enter KG_GoddessServer::_ping()
20220517-163721<DEBUG:00000CB8>: [Goddess Server 01] Enter KG_GoddessServer::_ping()
20220517-163727<DEBUG:0000103C>: [Goddess Server 00] Enter KG_GoddessServer::_ping()
20220517-163747<DEBUG:0000103C>: [Goddess Server 00] Enter KG_GoddessServer::_ping()
20220517-163751<DEBUG:00000CB8>: [Goddess Server 01] Enter KG_GoddessServer::_ping()
20220517-163807<DEBUG:0000103C>: [Goddess Server 00] Enter KG_GoddessServer::_ping()
20220517-163821<DEBUG:00000CB8>: [Goddess Server 01] Enter KG_GoddessServer::_ping()
20220517-163827<DEBUG:0000103C>: [Goddess Server 00] Enter KG_GoddessServer::_ping()
20220517-163847<DEBUG:0000103C>: [Goddess Server 00] Enter KG_GoddessServer::_ping()
20220517-163851<DEBUG:00000CB8>: [Goddess Server 01] Enter KG_GoddessServer::_ping()
20220517-163907<DEBUG:0000103C>: [Goddess Server 00] Enter KG_GoddessServer::_ping()
20220517-163921<DEBUG:00000CB8>: [Goddess Server 01] Enter KG_GoddessServer::_ping()
20220517-163927<DEBUG:0000103C>: [Goddess Server 00] Enter KG_GoddessServer::_ping()
20220517-163947<DEBUG:0000103C>: [Goddess Server 00] Enter KG_GoddessServer::_ping()
20220517-163951<DEBUG:00000CB8>: [Goddess Server 01] Enter KG_GoddessServer::_ping()
20220517-164007<DEBUG:0000103C>: [Goddess Server 00] Enter KG_GoddessServer::_ping()
20220517-164012<DEBUG:00000CB8>: nSocket = 492, nSendFlag = 0, Error = 10054
20220517-164012<DEBUG:00000CB8>: KGLOG_PROCESS_ERROR(nRetCode && "Receive packet failed") at line 1023 in KG_GoddessServer::ProcessRequest
20220517-164012<DEBUG:00000CB8>: KGLOG_PROCESS_ERROR(nRetCode && "Process Request failed, will stop") at line 1099 in KG_GoddessServer::_ThreadFunction
20220517-164012<INFO :00000CB8>: [Goddess Server 01] Stopped
20220517-164014<INFO :00001700>: [ServerManager] Accept from (127.0.0.1: 49672) SocketStream = 02122958
20220517-164014<INFO :000016F8>: [Goddess Server 02] Started, service for 127.0.0.1:49672
20220517-164014<DEBUG:000016F8>: [KGD] Success connect to localhost:3306, character set switch to latin1
20220517-164027<DEBUG:0000103C>: [Goddess Server 00] Enter KG_GoddessServer::_ping()
20220517-164043<DEBUG:000016F8>: [Goddess Server 02] Enter KG_GoddessServer::_ping()
20220517-164047<DEBUG:0000103C>: [Goddess Server 00] Enter KG_GoddessServer::_ping()
20220517-164107<DEBUG:0000103C>: [Goddess Server 00] Enter KG_GoddessServer::_ping()
20220517-164113<DEBUG:000016F8>: [Goddess Server 02] Enter KG_GoddessServer::_ping()
20220517-164127<DEBUG:0000103C>: [Goddess Server 00] Enter KG_GoddessServer::_ping()
20220517-164143<DEBUG:000016F8>: [Goddess Server 02] Enter KG_GoddessServer::_ping()
20220517-164147<DEBUG:0000103C>: [Goddess Server 00] Enter KG_GoddessServer::_ping()
20220517-164207<DEBUG:0000103C>: [Goddess Server 00] Enter KG_GoddessServer::_ping()
20220517-164213<DEBUG:000016F8>: [Goddess Server 02] Enter KG_GoddessServer::_ping()
20220517-164227<DEBUG:0000103C>: [Goddess Server 00] Enter KG_GoddessServer::_ping()
20220517-164243<DEBUG:000016F8>: [Goddess Server 02] Enter KG_GoddessServer::_ping()
20220517-164247<DEBUG:0000103C>: [Goddess Server 00] Enter KG_GoddessServer::_ping()
20220517-164307<DEBUG:0000103C>: [Goddess Server 00] Enter KG_GoddessServer::_ping()
20220517-164313<DEBUG:000016F8>: [Goddess Server 02] Enter KG_GoddessServer::_ping()
20220517-164327<DEBUG:0000103C>: [Goddess Server 00] Enter KG_GoddessServer::_ping()
20220517-164343<DEBUG:000016F8>: [Goddess Server 02] Enter KG_GoddessServer::_ping()
20220517-164347<DEBUG:0000103C>: [Goddess Server 00] Enter KG_GoddessServer::_ping()
20220517-164407<DEBUG:0000103C>: [Goddess Server 00] Enter KG_GoddessServer::_ping()
20220517-164413<DEBUG:000016F8>: [Goddess Server 02] Enter KG_GoddessServer::_ping()
20220517-164428<DEBUG:0000103C>: [Goddess Server 00] Enter KG_GoddessServer::_ping()
20220517-164443<DEBUG:000016F8>: [Goddess Server 02] Enter KG_GoddessServer::_ping()
20220517-164448<DEBUG:0000103C>: [Goddess Server 00] Enter KG_GoddessServer::_ping()
20220517-164508<DEBUG:0000103C>: [Goddess Server 00] Enter KG_GoddessServer::_ping()
20220517-164514<DEBUG:000016F8>: [Goddess Server 02] Enter KG_GoddessServer::_ping()
20220517-164528<DEBUG:0000103C>: [Goddess Server 00] Enter KG_GoddessServer::_ping()
20220517-164544<DEBUG:000016F8>: [Goddess Server 02] Enter KG_GoddessServer::_ping()
20220517-164548<DEBUG:0000103C>: [Goddess Server 00] Enter KG_GoddessServer::_ping()
20220517-164608<DEBUG:0000103C>: [Goddess Server 00] Enter KG_GoddessServer::_ping()
20220517-164614<DEBUG:000016F8>: [Goddess Server 02] Enter KG_GoddessServer::_ping()
20220517-164628<DEBUG:0000103C>: [Goddess Server 00] Enter KG_GoddessServer::_ping()
20220517-164644<DEBUG:000016F8>: [Goddess Server 02] Enter KG_GoddessServer::_ping()
20220517-164648<DEBUG:0000103C>: [Goddess Server 00] Enter KG_GoddessServer::_ping()
20220517-164708<DEBUG:0000103C>: [Goddess Server 00] Enter KG_GoddessServer::_ping()
20220517-164714<DEBUG:000016F8>: [Goddess Server 02] Enter KG_GoddessServer::_ping()
20220517-164728<DEBUG:0000103C>: [Goddess Server 00] Enter KG_GoddessServer::_ping()
20220517-164735<INFO :00001700>: [ServerManager] Accept from (127.0.0.1: 49706) SocketStream = 021229A0
20220517-164735<INFO :00000FC0>: [Goddess Server 03] Started, service for 127.0.0.1:49706
20220517-164735<DEBUG:00000FC0>: [KGD] Success connect to localhost:3306, character set switch to latin1
20220517-164743<DEBUG:00000FC0>: nSocket = 568, nSendFlag = 0, Error = 10054
20220517-164743<DEBUG:00000FC0>: KGLOG_PROCESS_ERROR(nRetCode && "Receive packet failed") at line 1023 in KG_GoddessServer::ProcessRequest
20220517-164743<DEBUG:00000FC0>: KGLOG_PROCESS_ERROR(nRetCode && "Process Request failed, will stop") at line 1099 in KG_GoddessServer::_ThreadFunction
20220517-164743<INFO :00000FC0>: [Goddess Server 03] Stopped
20220517-164744<DEBUG:000016F8>: [Goddess Server 02] Enter KG_GoddessServer::_ping()
20220517-164748<DEBUG:0000103C>: [Goddess Server 00] Enter KG_GoddessServer::_ping()
20220517-164759<INFO :00001700>: [ServerManager] Accept from (127.0.0.1: 49714) SocketStream = 021229A0
20220517-164759<INFO :00001A3C>: [Goddess Server 04] Started, service for 127.0.0.1:49714
20220517-164759<DEBUG:00001A3C>: [KGD] Success connect to localhost:3306, character set switch to latin1
20220517-164808<DEBUG:0000103C>: [Goddess Server 00] Enter KG_GoddessServer::_ping()
20220517-164810<DEBUG:00001A3C>: nSocket = 536, nSendFlag = 0, Error = 10054
20220517-164810<DEBUG:00001A3C>: KGLOG_PROCESS_ERROR(nRetCode && "Receive packet failed") at line 1023 in KG_GoddessServer::ProcessRequest
20220517-164810<DEBUG:00001A3C>: KGLOG_PROCESS_ERROR(nRetCode && "Process Request failed, will stop") at line 1099 in KG_GoddessServer::_ThreadFunction
20220517-164810<INFO :00001A3C>: [Goddess Server 04] Stopped
20220517-164814<DEBUG:000016F8>: [Goddess Server 02] Enter KG_GoddessServer::_ping()
20220517-164828<DEBUG:0000103C>: [Goddess Server 00] Enter KG_GoddessServer::_ping()
20220517-164844<DEBUG:000016F8>: [Goddess Server 02] Enter KG_GoddessServer::_ping()
20220517-164848<DEBUG:0000103C>: [Goddess Server 00] Enter KG_GoddessServer::_ping()
20220517-164908<DEBUG:0000103C>: [Goddess Server 00] Enter KG_GoddessServer::_ping()
20220517-164914<DEBUG:000016F8>: [Goddess Server 02] Enter KG_GoddessServer::_ping()
20220517-164928<DEBUG:0000103C>: [Goddess Server 00] Enter KG_GoddessServer::_ping()
20220517-164944<DEBUG:000016F8>: [Goddess Server 02] Enter KG_GoddessServer::_ping()
20220517-164948<DEBUG:0000103C>: [Goddess Server 00] Enter KG_GoddessServer::_ping()
20220517-165008<DEBUG:0000103C>: [Goddess Server 00] Enter KG_GoddessServer::_ping()
20220517-165014<DEBUG:000016F8>: [Goddess Server 02] Enter KG_GoddessServer::_ping()
20220517-165028<DEBUG:0000103C>: [Goddess Server 00] Enter KG_GoddessServer::_ping()
20220517-165044<DEBUG:000016F8>: [Goddess Server 02] Enter KG_GoddessServer::_ping()
20220517-165048<DEBUG:0000103C>: [Goddess Server 00] Enter KG_GoddessServer::_ping()
20220517-165108<DEBUG:0000103C>: [Goddess Server 00] Enter KG_GoddessServer::_ping()
20220517-165114<DEBUG:000016F8>: [Goddess Server 02] Enter KG_GoddessServer::_ping()
20220517-165128<DEBUG:0000103C>: [Goddess Server 00] Enter KG_GoddessServer::_ping()
20220517-165144<DEBUG:000016F8>: [Goddess Server 02] Enter KG_GoddessServer::_ping()
20220517-165148<DEBUG:0000103C>: [Goddess Server 00] Enter KG_GoddessServer::_ping()
20220517-165208<DEBUG:0000103C>: [Goddess Server 00] Enter KG_GoddessServer::_ping()
20220517-165214<DEBUG:000016F8>: [Goddess Server 02] Enter KG_GoddessServer::_ping()
20220517-165228<DEBUG:0000103C>: [Goddess Server 00] Enter KG_GoddessServer::_ping()
20220517-165236<INFO :00001700>: [ServerManager] Accept from (127.0.0.1: 49744) SocketStream = 021229A0
20220517-165236<INFO :00000D14>: [Goddess Server 05] Started, service for 127.0.0.1:49744
20220517-165236<DEBUG:00000D14>: [KGD] Success connect to localhost:3306, character set switch to latin1
20220517-165243<DEBUG:000016F8>: [Goddess Server 02] Enter KG_GoddessServer::_ping()
20220517-165248<DEBUG:0000103C>: [Goddess Server 00] Enter KG_GoddessServer::_ping()
20220517-165304<DEBUG:00000D14>: [Goddess Server 05] Enter KG_GoddessServer::_query_statistic_info()
20220517-165304<DEBUG:00000D14>: KGLOG_PROCESS_ERROR(piStatistic) at line 2189 in KG_GoddessServer::_query_statistic_info
20220517-165305<DEBUG:00000D14>: [Goddess Server 05] Leave KG_GoddessServer::_query_statistic_info()
20220517-165308<DEBUG:0000103C>: [Goddess Server 00] Enter KG_GoddessServer::_ping()
20220517-165312<DEBUG:00000D14>: [Goddess Server 05] Enter KG_GoddessServer::_ping()
20220517-165313<DEBUG:000016F8>: [Goddess Server 02] Enter KG_GoddessServer::_ping()
20220517-165322<DEBUG:00000D14>: [Goddess Server 05] Enter KG_GoddessServer::_ping()
20220517-165328<DEBUG:0000103C>: [Goddess Server 00] Enter KG_GoddessServer::_ping()
20220517-165332<DEBUG:00000D14>: [Goddess Server 05] Enter KG_GoddessServer::_ping()
20220517-165332<DEBUG:00000D14>: [Goddess Server 05] Enter KG_GoddessServer::_ping()
20220517-165342<DEBUG:00000D14>: [Goddess Server 05] Enter KG_GoddessServer::_ping()
20220517-165343<DEBUG:000016F8>: [Goddess Server 02] Enter KG_GoddessServer::_ping()
20220517-165348<DEBUG:0000103C>: [Goddess Server 00] Enter KG_GoddessServer::_ping()
20220517-165352<DEBUG:00000D14>: [Goddess Server 05] Enter KG_GoddessServer::_ping()
20220517-165402<DEBUG:00000D14>: [Goddess Server 05] Enter KG_GoddessServer::_ping()
20220517-165402<DEBUG:00000D14>: [Goddess Server 05] Enter KG_GoddessServer::_ping()
20220517-165408<DEBUG:0000103C>: [Goddess Server 00] Enter KG_GoddessServer::_ping()
20220517-165412<DEBUG:00000D14>: [Goddess Server 05] Enter KG_GoddessServer::_ping()
20220517-165413<DEBUG:000016F8>: [Goddess Server 02] Enter KG_GoddessServer::_ping()
20220517-165422<DEBUG:00000D14>: [Goddess Server 05] Enter KG_GoddessServer::_ping()
20220517-165428<DEBUG:0000103C>: [Goddess Server 00] Enter KG_GoddessServer::_ping()
20220517-165432<DEBUG:00000D14>: [Goddess Server 05] Enter KG_GoddessServer::_ping()
20220517-165432<DEBUG:00000D14>: [Goddess Server 05] Enter KG_GoddessServer::_ping()
20220517-165442<DEBUG:00000D14>: [Goddess Server 05] Enter KG_GoddessServer::_ping()
20220517-165443<DEBUG:000016F8>: [Goddess Server 02] Enter KG_GoddessServer::_ping()
20220517-165448<DEBUG:0000103C>: [Goddess Server 00] Enter KG_GoddessServer::_ping()
20220517-165452<DEBUG:00000D14>: [Goddess Server 05] Enter KG_GoddessServer::_ping()
20220517-165502<DEBUG:00000D14>: [Goddess Server 05] Enter KG_GoddessServer::_ping()
20220517-165502<DEBUG:00000D14>: [Goddess Server 05] Enter KG_GoddessServer::_ping()
20220517-165508<DEBUG:0000103C>: [Goddess Server 00] Enter KG_GoddessServer::_ping()
20220517-165512<DEBUG:00000D14>: [Goddess Server 05] Enter KG_GoddessServer::_ping()
20220517-165513<DEBUG:000016F8>: [Goddess Server 02] Enter KG_GoddessServer::_ping()
20220517-165522<DEBUG:00000D14>: [Goddess Server 05] Enter KG_GoddessServer::_ping()
20220517-165528<DEBUG:0000103C>: [Goddess Server 00] Enter KG_GoddessServer::_ping()
20220517-165532<DEBUG:00000D14>: [Goddess Server 05] Enter KG_GoddessServer::_ping()
20220517-165532<DEBUG:00000D14>: [Goddess Server 05] Enter KG_GoddessServer::_ping()
20220517-165542<DEBUG:00000D14>: [Goddess Server 05] Enter KG_GoddessServer::_ping()
20220517-165543<DEBUG:000016F8>: [Goddess Server 02] Enter KG_GoddessServer::_ping()
20220517-165548<DEBUG:0000103C>: [Goddess Server 00] Enter KG_GoddessServer::_ping()
20220517-165552<DEBUG:00000D14>: [Goddess Server 05] Enter KG_GoddessServer::_ping()
20220517-165602<DEBUG:00000D14>: [Goddess Server 05] Enter KG_GoddessServer::_ping()
20220517-165602<DEBUG:00000D14>: [Goddess Server 05] Enter KG_GoddessServer::_ping()
20220517-165608<DEBUG:0000103C>: [Goddess Server 00] Enter KG_GoddessServer::_ping()
20220517-165612<DEBUG:00000D14>: [Goddess Server 05] Enter KG_GoddessServer::_ping()
20220517-165613<DEBUG:000016F8>: [Goddess Server 02] Enter KG_GoddessServer::_ping()
20220517-165622<DEBUG:00000D14>: [Goddess Server 05] Enter KG_GoddessServer::_ping()
20220517-165628<DEBUG:0000103C>: [Goddess Server 00] Enter KG_GoddessServer::_ping()
20220517-165632<DEBUG:00000D14>: [Goddess Server 05] Enter KG_GoddessServer::_ping()
20220517-165632<DEBUG:00000D14>: [Goddess Server 05] Enter KG_GoddessServer::_ping()
20220517-165642<DEBUG:00000D14>: [Goddess Server 05] Enter KG_GoddessServer::_ping()
20220517-165643<DEBUG:000016F8>: [Goddess Server 02] Enter KG_GoddessServer::_ping()
20220517-165648<DEBUG:0000103C>: [Goddess Server 00] Enter KG_GoddessServer::_ping()
20220517-165652<DEBUG:00000D14>: [Goddess Server 05] Enter KG_GoddessServer::_ping()
20220517-165702<DEBUG:00000D14>: [Goddess Server 05] Enter KG_GoddessServer::_ping()
20220517-165702<DEBUG:00000D14>: [Goddess Server 05] Enter KG_GoddessServer::_ping()
20220517-165708<DEBUG:0000103C>: [Goddess Server 00] Enter KG_GoddessServer::_ping()
20220517-165712<DEBUG:00000D14>: [Goddess Server 05] Enter KG_GoddessServer::_ping()
20220517-165713<DEBUG:000016F8>: [Goddess Server 02] Enter KG_GoddessServer::_ping()
20220517-165722<DEBUG:00000D14>: [Goddess Server 05] Enter KG_GoddessServer::_ping()
20220517-165728<DEBUG:0000103C>: [Goddess Server 00] Enter KG_GoddessServer::_ping()
20220517-165732<DEBUG:00000D14>: [Goddess Server 05] Enter KG_GoddessServer::_ping()
20220517-165732<DEBUG:00000D14>: [Goddess Server 05] Enter KG_GoddessServer::_ping()
20220517-165742<DEBUG:00000D14>: [Goddess Server 05] Enter KG_GoddessServer::_ping()
20220517-165743<DEBUG:000016F8>: [Goddess Server 02] Enter KG_GoddessServer::_ping()
20220517-165748<DEBUG:0000103C>: [Goddess Server 00] Enter KG_GoddessServer::_ping()
20220517-165752<DEBUG:00000D14>: [Goddess Server 05] Enter KG_GoddessServer::_ping()
20220517-165802<DEBUG:00000D14>: [Goddess Server 05] Enter KG_GoddessServer::_ping()
20220517-165803<DEBUG:00000D14>: [Goddess Server 05] Enter KG_GoddessServer::_ping()
20220517-165808<DEBUG:0000103C>: [Goddess Server 00] Enter KG_GoddessServer::_ping()
20220517-165812<DEBUG:00000D14>: [Goddess Server 05] Enter KG_GoddessServer::_ping()
20220517-165813<DEBUG:000016F8>: [Goddess Server 02] Enter KG_GoddessServer::_ping()
20220517-165822<DEBUG:00000D14>: [Goddess Server 05] Enter KG_GoddessServer::_ping()
20220517-165828<DEBUG:0000103C>: [Goddess Server 00] Enter KG_GoddessServer::_ping()
20220517-165832<DEBUG:00000D14>: [Goddess Server 05] Enter KG_GoddessServer::_ping()
20220517-165833<DEBUG:00000D14>: [Goddess Server 05] Enter KG_GoddessServer::_ping()
20220517-165842<DEBUG:00000D14>: [Goddess Server 05] Enter KG_GoddessServer::_ping()
20220517-165843<DEBUG:000016F8>: [Goddess Server 02] Enter KG_GoddessServer::_ping()
20220517-165848<DEBUG:0000103C>: [Goddess Server 00] Enter KG_GoddessServer::_ping()
20220517-165852<DEBUG:00000D14>: [Goddess Server 05] Enter KG_GoddessServer::_ping()
20220517-165902<DEBUG:00000D14>: [Goddess Server 05] Enter KG_GoddessServer::_ping()
20220517-165903<DEBUG:00000D14>: [Goddess Server 05] Enter KG_GoddessServer::_ping()
20220517-165908<DEBUG:0000103C>: [Goddess Server 00] Enter KG_GoddessServer::_ping()
20220517-165912<DEBUG:00000D14>: [Goddess Server 05] Enter KG_GoddessServer::_ping()
20220517-165913<DEBUG:000016F8>: [Goddess Server 02] Enter KG_GoddessServer::_ping()
20220517-165922<DEBUG:00000D14>: [Goddess Server 05] Enter KG_GoddessServer::_ping()
20220517-165928<DEBUG:0000103C>: [Goddess Server 00] Enter KG_GoddessServer::_ping()
20220517-165932<DEBUG:00000D14>: [Goddess Server 05] Enter KG_GoddessServer::_ping()
20220517-165933<DEBUG:00000D14>: [Goddess Server 05] Enter KG_GoddessServer::_ping()
20220517-165942<DEBUG:00000D14>: [Goddess Server 05] Enter KG_GoddessServer::_ping()
20220517-165943<DEBUG:000016F8>: [Goddess Server 02] Enter KG_GoddessServer::_ping()
20220517-165948<DEBUG:0000103C>: [Goddess Server 00] Enter KG_GoddessServer::_ping()
20220517-165952<DEBUG:00000D14>: [Goddess Server 05] Enter KG_GoddessServer::_ping()
20220517-170002<DEBUG:00000D14>: [Goddess Server 05] Enter KG_GoddessServer::_ping()
20220517-170003<DEBUG:00000D14>: [Goddess Server 05] Enter KG_GoddessServer::_ping()
20220517-170008<DEBUG:0000103C>: [Goddess Server 00] Enter KG_GoddessServer::_ping()
20220517-170012<DEBUG:00000D14>: [Goddess Server 05] Enter KG_GoddessServer::_ping()
20220517-170013<DEBUG:000016F8>: [Goddess Server 02] Enter KG_GoddessServer::_ping()
20220517-170022<DEBUG:00000D14>: [Goddess Server 05] Enter KG_GoddessServer::_ping()
20220517-170028<DEBUG:0000103C>: [Goddess Server 00] Enter KG_GoddessServer::_ping()
20220517-170032<DEBUG:00000D14>: [Goddess Server 05] Enter KG_GoddessServer::_ping()
20220517-170033<DEBUG:00000D14>: [Goddess Server 05] Enter KG_GoddessServer::_ping()
20220517-170042<DEBUG:00000D14>: [Goddess Server 05] Enter KG_GoddessServer::_ping()
20220517-170043<DEBUG:000016F8>: [Goddess Server 02] Enter KG_GoddessServer::_ping()
20220517-170048<DEBUG:0000103C>: [Goddess Server 00] Enter KG_GoddessServer::_ping()
20220517-170052<DEBUG:00000D14>: [Goddess Server 05] Enter KG_GoddessServer::_ping()
20220517-170102<DEBUG:00000D14>: [Goddess Server 05] Enter KG_GoddessServer::_ping()
20220517-170103<DEBUG:00000D14>: [Goddess Server 05] Enter KG_GoddessServer::_ping()
20220517-170109<DEBUG:0000103C>: [Goddess Server 00] Enter KG_GoddessServer::_ping()
20220517-170112<DEBUG:00000D14>: [Goddess Server 05] Enter KG_GoddessServer::_ping()
20220517-170113<DEBUG:000016F8>: [Goddess Server 02] Enter KG_GoddessServer::_ping()
20220517-170122<DEBUG:00000D14>: [Goddess Server 05] Enter KG_GoddessServer::_ping()
20220517-170129<DEBUG:0000103C>: [Goddess Server 00] Enter KG_GoddessServer::_ping()
20220517-170132<DEBUG:00000D14>: [Goddess Server 05] Enter KG_GoddessServer::_ping()
20220517-170133<DEBUG:00000D14>: [Goddess Server 05] Enter KG_GoddessServer::_ping()
20220517-170142<DEBUG:00000D14>: [Goddess Server 05] Enter KG_GoddessServer::_ping()
20220517-170143<DEBUG:000016F8>: [Goddess Server 02] Enter KG_GoddessServer::_ping()
20220517-170149<DEBUG:0000103C>: [Goddess Server 00] Enter KG_GoddessServer::_ping()
20220517-170152<DEBUG:00000D14>: [Goddess Server 05] Enter KG_GoddessServer::_ping()
20220517-170202<DEBUG:00000D14>: [Goddess Server 05] Enter KG_GoddessServer::_ping()
20220517-170203<DEBUG:00000D14>: [Goddess Server 05] Enter KG_GoddessServer::_ping()
20220517-170209<DEBUG:0000103C>: [Goddess Server 00] Enter KG_GoddessServer::_ping()
20220517-170212<DEBUG:00000D14>: [Goddess Server 05] Enter KG_GoddessServer::_ping()
20220517-170213<DEBUG:000016F8>: [Goddess Server 02] Enter KG_GoddessServer::_ping()
20220517-170222<DEBUG:00000D14>: [Goddess Server 05] Enter KG_GoddessServer::_ping()
20220517-170229<DEBUG:0000103C>: [Goddess Server 00] Enter KG_GoddessServer::_ping()
20220517-170232<DEBUG:00000D14>: [Goddess Server 05] Enter KG_GoddessServer::_ping()
20220517-170233<DEBUG:00000D14>: [Goddess Server 05] Enter KG_GoddessServer::_ping()
20220517-170242<DEBUG:00000D14>: [Goddess Server 05] Enter KG_GoddessServer::_ping()
20220517-170244<DEBUG:000016F8>: [Goddess Server 02] Enter KG_GoddessServer::_ping()
20220517-170249<DEBUG:0000103C>: [Goddess Server 00] Enter KG_GoddessServer::_ping()
20220517-170252<DEBUG:00000D14>: [Goddess Server 05] Enter KG_GoddessServer::_ping()
20220517-170302<DEBUG:00000D14>: [Goddess Server 05] Enter KG_GoddessServer::_ping()
20220517-170303<DEBUG:00000D14>: [Goddess Server 05] Enter KG_GoddessServer::_ping()
20220517-170309<DEBUG:0000103C>: [Goddess Server 00] Enter KG_GoddessServer::_ping()
20220517-170312<DEBUG:00000D14>: [Goddess Server 05] Enter KG_GoddessServer::_ping()
20220517-170314<DEBUG:000016F8>: [Goddess Server 02] Enter KG_GoddessServer::_ping()
20220517-170322<DEBUG:00000D14>: [Goddess Server 05] Enter KG_GoddessServer::_ping()
20220517-170329<DEBUG:0000103C>: [Goddess Server 00] Enter KG_GoddessServer::_ping()
20220517-170332<DEBUG:00000D14>: [Goddess Server 05] Enter KG_GoddessServer::_ping()
20220517-170333<DEBUG:00000D14>: [Goddess Server 05] Enter KG_GoddessServer::_ping()
20220517-170342<DEBUG:00000D14>: [Goddess Server 05] Enter KG_GoddessServer::_ping()
20220517-170344<DEBUG:000016F8>: [Goddess Server 02] Enter KG_GoddessServer::_ping()
20220517-170349<DEBUG:0000103C>: [Goddess Server 00] Enter KG_GoddessServer::_ping()
20220517-170352<DEBUG:00000D14>: [Goddess Server 05] Enter KG_GoddessServer::_ping()
20220517-170402<DEBUG:00000D14>: [Goddess Server 05] Enter KG_GoddessServer::_ping()
20220517-170403<DEBUG:00000D14>: [Goddess Server 05] Enter KG_GoddessServer::_ping()
20220517-170409<DEBUG:0000103C>: [Goddess Server 00] Enter KG_GoddessServer::_ping()
20220517-170412<DEBUG:00000D14>: [Goddess Server 05] Enter KG_GoddessServer::_ping()
20220517-170414<DEBUG:000016F8>: [Goddess Server 02] Enter KG_GoddessServer::_ping()
20220517-170422<DEBUG:00000D14>: [Goddess Server 05] Enter KG_GoddessServer::_ping()
20220517-170429<DEBUG:0000103C>: [Goddess Server 00] Enter KG_GoddessServer::_ping()
20220517-170432<DEBUG:00000D14>: [Goddess Server 05] Enter KG_GoddessServer::_ping()
20220517-170433<DEBUG:00000D14>: [Goddess Server 05] Enter KG_GoddessServer::_ping()
20220517-170442<DEBUG:00000D14>: [Goddess Server 05] Enter KG_GoddessServer::_ping()
20220517-170444<DEBUG:000016F8>: [Goddess Server 02] Enter KG_GoddessServer::_ping()
20220517-170449<DEBUG:0000103C>: [Goddess Server 00] Enter KG_GoddessServer::_ping()
20220517-170452<DEBUG:00000D14>: [Goddess Server 05] Enter KG_GoddessServer::_ping()
20220517-170500<DEBUG:00000D14>: nSocket = 220, nSendFlag = 0, Error = 10054
20220517-170500<DEBUG:00000D14>: KGLOG_PROCESS_ERROR(nRetCode && "Receive packet failed") at line 1023 in KG_GoddessServer::ProcessRequest
20220517-170500<DEBUG:00000D14>: KGLOG_PROCESS_ERROR(nRetCode && "Process Request failed, will stop") at line 1099 in KG_GoddessServer::_ThreadFunction
20220517-170500<INFO :00000D14>: [Goddess Server 05] Stopped
20220517-170509<DEBUG:0000103C>: [Goddess Server 00] Enter KG_GoddessServer::_ping()
20220517-170514<DEBUG:000016F8>: [Goddess Server 02] Enter KG_GoddessServer::_ping()
20220517-170529<DEBUG:0000103C>: [Goddess Server 00] Enter KG_GoddessServer::_ping()
20220517-170544<DEBUG:000016F8>: [Goddess Server 02] Enter KG_GoddessServer::_ping()
20220517-170549<DEBUG:0000103C>: [Goddess Server 00] Enter KG_GoddessServer::_ping()
20220517-170609<DEBUG:0000103C>: [Goddess Server 00] Enter KG_GoddessServer::_ping()
20220517-170614<DEBUG:000016F8>: [Goddess Server 02] Enter KG_GoddessServer::_ping()
20220517-170629<DEBUG:0000103C>: [Goddess Server 00] Enter KG_GoddessServer::_ping()
20220517-170633<INFO :00001700>: [ServerManager] Accept from (127.0.0.1: 49806) SocketStream = 021229A0
20220517-170633<INFO :00001094>: [Goddess Server 06] Started, service for 127.0.0.1:49806
20220517-170633<DEBUG:00001094>: [KGD] Success connect to localhost:3306, character set switch to latin1
20220517-170644<DEBUG:000016F8>: [Goddess Server 02] Enter KG_GoddessServer::_ping()
20220517-170649<DEBUG:0000103C>: [Goddess Server 00] Enter KG_GoddessServer::_ping()
20220517-170658<DEBUG:00001094>: nSocket = 568, nSendFlag = 0, Error = 10054
20220517-170658<DEBUG:00001094>: KGLOG_PROCESS_ERROR(nRetCode && "Receive packet failed") at line 1023 in KG_GoddessServer::ProcessRequest
20220517-170658<DEBUG:00001094>: KGLOG_PROCESS_ERROR(nRetCode && "Process Request failed, will stop") at line 1099 in KG_GoddessServer::_ThreadFunction
20220517-170658<INFO :00001094>: [Goddess Server 06] Stopped
20220517-170659<DEBUG:000016F8>: nSocket = 496, nSendFlag = 0, Error = 10054
20220517-170659<DEBUG:000016F8>: KGLOG_PROCESS_ERROR(nRetCode && "Receive packet failed") at line 1023 in KG_GoddessServer::ProcessRequest
20220517-170659<DEBUG:000016F8>: KGLOG_PROCESS_ERROR(nRetCode && "Process Request failed, will stop") at line 1099 in KG_GoddessServer::_ThreadFunction
20220517-170659<INFO :000016F8>: [Goddess Server 02] Stopped
