20211126-195808<DEBUG:00008290>: [PrevInitCore]:1, start tickers = 25501496771475
20211126-195809<ERROR:00008290>: GetString(2, Level) failed !
20211126-195809<ERROR:00008290>: GetString(3, Level) failed !
20211126-195809<ERROR:00008290>: GetString(4, Level) failed !
20211126-195809<ERROR:00008290>: GetString(5, Level) failed !
20211126-195809<ERROR:00008290>: GetString(6, Level) failed !
20211126-195809<ERROR:00008290>: GetString(7, Level) failed !
20211126-195809<ERROR:00008290>: GetString(8, Level) failed !
20211126-195809<ERROR:00008290>: GetString(9, Level) failed !
20211126-195809<ERROR:00008290>: GetString(10, Level) failed !
20211126-195809<ERROR:00008290>: GetString(11, Level) failed !
20211126-195809<ERROR:00008290>: GetString(12, Level) failed !
20211126-195809<ERROR:00008290>: GetString(13, Level) failed !
20211126-195809<ERROR:00008290>: GetString(14, Level) failed !
20211126-195809<ERROR:00008290>: GetString(15, Level) failed !
20211126-195809<ERROR:00008290>: GetString(16, Level) failed !
20211126-195809<ERROR:00008290>: GetString(17, Level) failed !
20211126-195809<DEBUG:00008290>: [PrevInitCore]:1->[PrevInitCore]:0 timeout, tickers = 1888526388
20211126-195809<DEBUG:00008290>: KGLOG_PROCESS_ERROR(nCount >= 3) at line 69 in _g_GetColorValue
20211126-195813<DEBUG:00008290>: KGLOG_PROCESS_ERROR(nOffset < nSize) at line 65 in s_GoNextLine
20211126-195813<ERROR:00008290>: GetInteger(12, 1) failed !
20211126-195814<DEBUG:00008290>: KGLOG_PROCESS_ERROR(bRetCode) at line 145 in KUIManage::LoadUiGroup
20211126-195814<DEBUG:00008290>: KGLOG_PROCESS_ERROR(bRetCode) at line 145 in KUIManage::LoadUiGroup
20211126-195814<ERROR:00008290>: Script stack leak! (2)
20211126-195833<DEBUG:00008290>: Error: m_CurrentLifeMax > 0 (nBaseChange 0, nAddPChange 0, nAddVChange 0)
20211126-195834<ERROR:00008290>: GetInteger(141, Type) failed !
20211126-195834<ERROR:00008290>: GetInteger(141, Point_x) failed !
20211126-195834<ERROR:00008290>: GetInteger(141, Point_y) failed !
20211126-195834<ERROR:00008290>: GetString(141, Content) failed !
20211126-195834<ERROR:00008290>: GetInteger(142, Type) failed !
20211126-195834<ERROR:00008290>: GetInteger(142, Point_x) failed !
20211126-195834<ERROR:00008290>: GetInteger(142, Point_y) failed !
20211126-195834<ERROR:00008290>: GetString(142, Content) failed !
20211126-195834<ERROR:00008290>: GetInteger(143, Type) failed !
20211126-195834<ERROR:00008290>: GetInteger(143, Point_x) failed !
20211126-195834<ERROR:00008290>: GetInteger(143, Point_y) failed !
20211126-195834<ERROR:00008290>: GetString(143, Content) failed !
20211126-195834<ERROR:00008290>: GetInteger(144, Type) failed !
20211126-195834<ERROR:00008290>: GetInteger(144, Point_x) failed !
20211126-195834<ERROR:00008290>: GetInteger(144, Point_y) failed !
20211126-195834<ERROR:00008290>: GetString(144, Content) failed !
20211126-195834<ERROR:00008290>: GetInteger(145, Type) failed !
20211126-195834<ERROR:00008290>: GetInteger(145, Point_x) failed !
20211126-195834<ERROR:00008290>: GetInteger(145, Point_y) failed !
20211126-195834<ERROR:00008290>: GetString(145, Content) failed !
20211126-195834<ERROR:00008290>: GetInteger(146, Type) failed !
20211126-195834<ERROR:00008290>: GetInteger(146, Point_x) failed !
20211126-195834<ERROR:00008290>: GetInteger(146, Point_y) failed !
20211126-195834<ERROR:00008290>: GetString(146, Content) failed !
20211126-195834<ERROR:00008290>: GetInteger(147, Type) failed !
20211126-195834<ERROR:00008290>: GetInteger(147, Point_x) failed !
20211126-195834<ERROR:00008290>: GetInteger(147, Point_y) failed !
20211126-195834<ERROR:00008290>: GetString(147, Content) failed !
20211126-195834<ERROR:00008290>: GetInteger(148, Type) failed !
20211126-195834<ERROR:00008290>: GetInteger(148, Point_x) failed !
20211126-195834<ERROR:00008290>: GetInteger(148, Point_y) failed !
20211126-195834<ERROR:00008290>: GetString(148, Content) failed !
20211126-195834<ERROR:00008290>: GetInteger(149, Type) failed !
20211126-195834<ERROR:00008290>: GetInteger(149, Point_x) failed !
20211126-195834<ERROR:00008290>: GetInteger(149, Point_y) failed !
20211126-195834<ERROR:00008290>: GetString(149, Content) failed !
20211126-195834<ERROR:00008290>: GetInteger(150, Type) failed !
20211126-195834<ERROR:00008290>: GetInteger(150, Point_x) failed !
20211126-195834<ERROR:00008290>: GetInteger(150, Point_y) failed !
20211126-195834<ERROR:00008290>: GetString(150, Content) failed !
20211126-195834<ERROR:00008290>: GetInteger(151, Type) failed !
20211126-195834<ERROR:00008290>: GetInteger(151, Point_x) failed !
20211126-195834<ERROR:00008290>: GetInteger(151, Point_y) failed !
20211126-195834<ERROR:00008290>: GetString(151, Content) failed !
20211126-195834<ERROR:00008290>: GetInteger(152, Type) failed !
20211126-195834<ERROR:00008290>: GetInteger(152, Point_x) failed !
20211126-195834<ERROR:00008290>: GetInteger(152, Point_y) failed !
20211126-195834<ERROR:00008290>: GetString(152, Content) failed !
20211126-195834<ERROR:00008290>: GetInteger(153, Type) failed !
20211126-195834<ERROR:00008290>: GetInteger(153, Point_x) failed !
20211126-195834<ERROR:00008290>: GetInteger(153, Point_y) failed !
20211126-195834<ERROR:00008290>: GetString(153, Content) failed !
20211126-195834<ERROR:00008290>: GetInteger(154, Type) failed !
20211126-195834<ERROR:00008290>: GetInteger(154, Point_x) failed !
20211126-195834<ERROR:00008290>: GetInteger(154, Point_y) failed !
20211126-195834<ERROR:00008290>: GetString(154, Content) failed !
20211126-195834<ERROR:00008290>: GetInteger(155, Type) failed !
20211126-195834<ERROR:00008290>: GetInteger(155, Point_x) failed !
20211126-195834<ERROR:00008290>: GetInteger(155, Point_y) failed !
20211126-195834<ERROR:00008290>: GetString(155, Content) failed !
20211126-195834<ERROR:00008290>: GetInteger(156, Type) failed !
20211126-195834<ERROR:00008290>: GetInteger(156, Point_x) failed !
20211126-195834<ERROR:00008290>: GetInteger(156, Point_y) failed !
20211126-195834<ERROR:00008290>: GetString(156, Content) failed !
20211126-195834<ERROR:00008290>: GetInteger(157, Type) failed !
20211126-195834<ERROR:00008290>: GetInteger(157, Point_x) failed !
20211126-195834<ERROR:00008290>: GetInteger(157, Point_y) failed !
20211126-195834<ERROR:00008290>: GetString(157, Content) failed !
20211126-195834<ERROR:00008290>: GetInteger(158, Type) failed !
20211126-195834<ERROR:00008290>: GetInteger(158, Point_x) failed !
20211126-195834<ERROR:00008290>: GetInteger(158, Point_y) failed !
20211126-195834<ERROR:00008290>: GetString(158, Content) failed !
20211126-195834<ERROR:00008290>: GetInteger(159, Type) failed !
20211126-195834<ERROR:00008290>: GetInteger(159, Point_x) failed !
20211126-195834<ERROR:00008290>: GetInteger(159, Point_y) failed !
20211126-195834<ERROR:00008290>: GetString(159, Content) failed !
20211126-195834<ERROR:00008290>: GetInteger(160, Type) failed !
20211126-195834<ERROR:00008290>: GetInteger(160, Point_x) failed !
20211126-195834<ERROR:00008290>: GetInteger(160, Point_y) failed !
20211126-195834<ERROR:00008290>: GetString(160, Content) failed !
20211126-195834<ERROR:00008290>: GetInteger(161, Type) failed !
20211126-195834<ERROR:00008290>: GetInteger(161, Point_x) failed !
20211126-195834<ERROR:00008290>: GetInteger(161, Point_y) failed !
20211126-195834<ERROR:00008290>: GetString(161, Content) failed !
20211126-195834<ERROR:00008290>: GetInteger(162, Type) failed !
20211126-195834<ERROR:00008290>: GetInteger(162, Point_x) failed !
20211126-195834<ERROR:00008290>: GetInteger(162, Point_y) failed !
20211126-195834<ERROR:00008290>: GetString(162, Content) failed !
20211126-195834<ERROR:00008290>: GetInteger(163, Type) failed !
20211126-195834<ERROR:00008290>: GetInteger(163, Point_x) failed !
20211126-195834<ERROR:00008290>: GetInteger(163, Point_y) failed !
20211126-195834<ERROR:00008290>: GetString(163, Content) failed !
20211126-195834<ERROR:00008290>: GetInteger(164, Type) failed !
20211126-195834<ERROR:00008290>: GetInteger(164, Point_x) failed !
20211126-195834<ERROR:00008290>: GetInteger(164, Point_y) failed !
20211126-195834<ERROR:00008290>: GetString(164, Content) failed !
20211126-195834<ERROR:00008290>: GetInteger(165, Type) failed !
20211126-195834<ERROR:00008290>: GetInteger(165, Point_x) failed !
20211126-195834<ERROR:00008290>: GetInteger(165, Point_y) failed !
20211126-195834<ERROR:00008290>: GetString(165, Content) failed !
20211126-195834<ERROR:00008290>: GetInteger(166, Type) failed !
20211126-195834<ERROR:00008290>: GetInteger(166, Point_x) failed !
20211126-195834<ERROR:00008290>: GetInteger(166, Point_y) failed !
20211126-195834<ERROR:00008290>: GetString(166, Content) failed !
20211126-195834<ERROR:00008290>: GetInteger(167, Type) failed !
20211126-195834<ERROR:00008290>: GetInteger(167, Point_x) failed !
20211126-195834<ERROR:00008290>: GetInteger(167, Point_y) failed !
20211126-195834<ERROR:00008290>: GetString(167, Content) failed !
20211126-195834<ERROR:00008290>: GetInteger(168, Type) failed !
20211126-195834<ERROR:00008290>: GetInteger(168, Point_x) failed !
20211126-195834<ERROR:00008290>: GetInteger(168, Point_y) failed !
20211126-195834<ERROR:00008290>: GetString(168, Content) failed !
20211126-195834<ERROR:00008290>: GetInteger(169, Type) failed !
20211126-195834<ERROR:00008290>: GetInteger(169, Point_x) failed !
20211126-195834<ERROR:00008290>: GetInteger(169, Point_y) failed !
20211126-195834<ERROR:00008290>: GetString(169, Content) failed !
20211126-195834<ERROR:00008290>: GetInteger(170, Type) failed !
20211126-195834<ERROR:00008290>: GetInteger(170, Point_x) failed !
20211126-195834<ERROR:00008290>: GetInteger(170, Point_y) failed !
20211126-195834<ERROR:00008290>: GetString(170, Content) failed !
20211126-195834<ERROR:00008290>: GetInteger(171, Type) failed !
20211126-195834<ERROR:00008290>: GetInteger(171, Point_x) failed !
20211126-195834<ERROR:00008290>: GetInteger(171, Point_y) failed !
20211126-195834<ERROR:00008290>: GetString(171, Content) failed !
20211126-195834<ERROR:00008290>: GetInteger(172, Type) failed !
20211126-195834<ERROR:00008290>: GetInteger(172, Point_x) failed !
20211126-195834<ERROR:00008290>: GetInteger(172, Point_y) failed !
20211126-195834<ERROR:00008290>: GetString(172, Content) failed !
20211126-195834<ERROR:00008290>: GetInteger(173, Type) failed !
20211126-195834<ERROR:00008290>: GetInteger(173, Point_x) failed !
20211126-195834<ERROR:00008290>: GetInteger(173, Point_y) failed !
20211126-195834<ERROR:00008290>: GetString(173, Content) failed !
20211126-195834<ERROR:00008290>: GetInteger(174, Type) failed !
20211126-195834<ERROR:00008290>: GetInteger(174, Point_x) failed !
20211126-195834<ERROR:00008290>: GetInteger(174, Point_y) failed !
20211126-195834<ERROR:00008290>: GetString(174, Content) failed !
20211126-195834<ERROR:00008290>: GetInteger(175, Type) failed !
20211126-195834<ERROR:00008290>: GetInteger(175, Point_x) failed !
20211126-195834<ERROR:00008290>: GetInteger(175, Point_y) failed !
20211126-195834<ERROR:00008290>: GetString(175, Content) failed !
20211126-195834<ERROR:00008290>: GetInteger(176, Type) failed !
20211126-195834<ERROR:00008290>: GetInteger(176, Point_x) failed !
20211126-195834<ERROR:00008290>: GetInteger(176, Point_y) failed !
20211126-195834<ERROR:00008290>: GetString(176, Content) failed !
20211126-195834<ERROR:00008290>: GetInteger(177, Type) failed !
20211126-195834<ERROR:00008290>: GetInteger(177, Point_x) failed !
20211126-195834<ERROR:00008290>: GetInteger(177, Point_y) failed !
20211126-195834<ERROR:00008290>: GetString(177, Content) failed !
20211126-195834<ERROR:00008290>: GetInteger(178, Type) failed !
20211126-195834<ERROR:00008290>: GetInteger(178, Point_x) failed !
20211126-195834<ERROR:00008290>: GetInteger(178, Point_y) failed !
20211126-195834<ERROR:00008290>: GetString(178, Content) failed !
20211126-195834<ERROR:00008290>: GetInteger(179, Type) failed !
20211126-195834<ERROR:00008290>: GetInteger(179, Point_x) failed !
20211126-195834<ERROR:00008290>: GetInteger(179, Point_y) failed !
20211126-195834<ERROR:00008290>: GetString(179, Content) failed !
20211126-195834<ERROR:00008290>: GetInteger(180, Type) failed !
20211126-195834<ERROR:00008290>: GetInteger(180, Point_x) failed !
20211126-195834<ERROR:00008290>: GetInteger(180, Point_y) failed !
20211126-195834<ERROR:00008290>: GetString(180, Content) failed !
20211126-195834<ERROR:00008290>: GetInteger(181, Type) failed !
20211126-195834<ERROR:00008290>: GetInteger(181, Point_x) failed !
20211126-195834<ERROR:00008290>: GetInteger(181, Point_y) failed !
20211126-195834<ERROR:00008290>: GetString(181, Content) failed !
20211126-195834<ERROR:00008290>: GetInteger(182, Type) failed !
20211126-195834<ERROR:00008290>: GetInteger(182, Point_x) failed !
20211126-195834<ERROR:00008290>: GetInteger(182, Point_y) failed !
20211126-195834<ERROR:00008290>: GetString(182, Content) failed !
20211126-195834<ERROR:00008290>: GetInteger(183, Type) failed !
20211126-195834<ERROR:00008290>: GetInteger(183, Point_x) failed !
20211126-195834<ERROR:00008290>: GetInteger(183, Point_y) failed !
20211126-195834<ERROR:00008290>: GetString(183, Content) failed !
20211126-195834<ERROR:00008290>: GetInteger(184, Type) failed !
20211126-195834<ERROR:00008290>: GetInteger(184, Point_x) failed !
20211126-195834<ERROR:00008290>: GetInteger(184, Point_y) failed !
20211126-195834<ERROR:00008290>: GetString(184, Content) failed !
20211126-195834<DEBUG:00008290>: KGLOG_PROCESS_ERROR(nOutLen > 0) at line 122 in s_Ansi_Utf16
20211126-195834<ERROR:00008290>: GetInteger(141, Type) failed !
20211126-195834<ERROR:00008290>: GetInteger(141, Point_x) failed !
20211126-195834<ERROR:00008290>: GetInteger(141, Point_y) failed !
20211126-195834<ERROR:00008290>: GetString(141, Content) failed !
20211126-195834<ERROR:00008290>: GetInteger(142, Type) failed !
20211126-195834<ERROR:00008290>: GetInteger(142, Point_x) failed !
20211126-195834<ERROR:00008290>: GetInteger(142, Point_y) failed !
20211126-195834<ERROR:00008290>: GetString(142, Content) failed !
20211126-195834<ERROR:00008290>: GetInteger(143, Type) failed !
20211126-195834<ERROR:00008290>: GetInteger(143, Point_x) failed !
20211126-195834<ERROR:00008290>: GetInteger(143, Point_y) failed !
20211126-195834<ERROR:00008290>: GetString(143, Content) failed !
20211126-195834<ERROR:00008290>: GetInteger(144, Type) failed !
20211126-195834<ERROR:00008290>: GetInteger(144, Point_x) failed !
20211126-195834<ERROR:00008290>: GetInteger(144, Point_y) failed !
20211126-195834<ERROR:00008290>: GetString(144, Content) failed !
20211126-195834<ERROR:00008290>: GetInteger(145, Type) failed !
20211126-195834<ERROR:00008290>: GetInteger(145, Point_x) failed !
20211126-195834<ERROR:00008290>: GetInteger(145, Point_y) failed !
20211126-195834<ERROR:00008290>: GetString(145, Content) failed !
20211126-195834<ERROR:00008290>: GetInteger(146, Type) failed !
20211126-195834<ERROR:00008290>: GetInteger(146, Point_x) failed !
20211126-195834<ERROR:00008290>: GetInteger(146, Point_y) failed !
20211126-195834<ERROR:00008290>: GetString(146, Content) failed !
20211126-195834<ERROR:00008290>: GetInteger(147, Type) failed !
20211126-195834<ERROR:00008290>: GetInteger(147, Point_x) failed !
20211126-195834<ERROR:00008290>: GetInteger(147, Point_y) failed !
20211126-195834<ERROR:00008290>: GetString(147, Content) failed !
20211126-195834<ERROR:00008290>: GetInteger(148, Type) failed !
20211126-195834<ERROR:00008290>: GetInteger(148, Point_x) failed !
20211126-195834<ERROR:00008290>: GetInteger(148, Point_y) failed !
20211126-195834<ERROR:00008290>: GetString(148, Content) failed !
20211126-195834<ERROR:00008290>: GetInteger(149, Type) failed !
20211126-195834<ERROR:00008290>: GetInteger(149, Point_x) failed !
20211126-195834<ERROR:00008290>: GetInteger(149, Point_y) failed !
20211126-195834<ERROR:00008290>: GetString(149, Content) failed !
20211126-195834<ERROR:00008290>: GetInteger(150, Type) failed !
20211126-195834<ERROR:00008290>: GetInteger(150, Point_x) failed !
20211126-195834<ERROR:00008290>: GetInteger(150, Point_y) failed !
20211126-195834<ERROR:00008290>: GetString(150, Content) failed !
20211126-195834<ERROR:00008290>: GetInteger(151, Type) failed !
20211126-195834<ERROR:00008290>: GetInteger(151, Point_x) failed !
20211126-195834<ERROR:00008290>: GetInteger(151, Point_y) failed !
20211126-195834<ERROR:00008290>: GetString(151, Content) failed !
20211126-195834<ERROR:00008290>: GetInteger(152, Type) failed !
20211126-195834<ERROR:00008290>: GetInteger(152, Point_x) failed !
20211126-195834<ERROR:00008290>: GetInteger(152, Point_y) failed !
20211126-195834<ERROR:00008290>: GetString(152, Content) failed !
20211126-195834<ERROR:00008290>: GetInteger(153, Type) failed !
20211126-195834<ERROR:00008290>: GetInteger(153, Point_x) failed !
20211126-195834<ERROR:00008290>: GetInteger(153, Point_y) failed !
20211126-195834<ERROR:00008290>: GetString(153, Content) failed !
20211126-195834<ERROR:00008290>: GetInteger(154, Type) failed !
20211126-195834<ERROR:00008290>: GetInteger(154, Point_x) failed !
20211126-195834<ERROR:00008290>: GetInteger(154, Point_y) failed !
20211126-195834<ERROR:00008290>: GetString(154, Content) failed !
20211126-195834<ERROR:00008290>: GetInteger(155, Type) failed !
20211126-195834<ERROR:00008290>: GetInteger(155, Point_x) failed !
20211126-195834<ERROR:00008290>: GetInteger(155, Point_y) failed !
20211126-195834<ERROR:00008290>: GetString(155, Content) failed !
20211126-195834<ERROR:00008290>: GetInteger(156, Type) failed !
20211126-195834<ERROR:00008290>: GetInteger(156, Point_x) failed !
20211126-195834<ERROR:00008290>: GetInteger(156, Point_y) failed !
20211126-195834<ERROR:00008290>: GetString(156, Content) failed !
20211126-195834<ERROR:00008290>: GetInteger(157, Type) failed !
20211126-195834<ERROR:00008290>: GetInteger(157, Point_x) failed !
20211126-195834<ERROR:00008290>: GetInteger(157, Point_y) failed !
20211126-195834<ERROR:00008290>: GetString(157, Content) failed !
20211126-195834<ERROR:00008290>: GetInteger(158, Type) failed !
20211126-195834<ERROR:00008290>: GetInteger(158, Point_x) failed !
20211126-195834<ERROR:00008290>: GetInteger(158, Point_y) failed !
20211126-195834<ERROR:00008290>: GetString(158, Content) failed !
20211126-195834<ERROR:00008290>: GetInteger(159, Type) failed !
20211126-195834<ERROR:00008290>: GetInteger(159, Point_x) failed !
20211126-195834<ERROR:00008290>: GetInteger(159, Point_y) failed !
20211126-195834<ERROR:00008290>: GetString(159, Content) failed !
20211126-195834<ERROR:00008290>: GetInteger(160, Type) failed !
20211126-195834<ERROR:00008290>: GetInteger(160, Point_x) failed !
20211126-195834<ERROR:00008290>: GetInteger(160, Point_y) failed !
20211126-195834<ERROR:00008290>: GetString(160, Content) failed !
20211126-195834<ERROR:00008290>: GetInteger(161, Type) failed !
20211126-195834<ERROR:00008290>: GetInteger(161, Point_x) failed !
20211126-195834<ERROR:00008290>: GetInteger(161, Point_y) failed !
20211126-195834<ERROR:00008290>: GetString(161, Content) failed !
20211126-195834<ERROR:00008290>: GetInteger(162, Type) failed !
20211126-195834<ERROR:00008290>: GetInteger(162, Point_x) failed !
20211126-195834<ERROR:00008290>: GetInteger(162, Point_y) failed !
20211126-195834<ERROR:00008290>: GetString(162, Content) failed !
20211126-195834<ERROR:00008290>: GetInteger(163, Type) failed !
20211126-195834<ERROR:00008290>: GetInteger(163, Point_x) failed !
20211126-195834<ERROR:00008290>: GetInteger(163, Point_y) failed !
20211126-195834<ERROR:00008290>: GetString(163, Content) failed !
20211126-195834<ERROR:00008290>: GetInteger(164, Type) failed !
20211126-195834<ERROR:00008290>: GetInteger(164, Point_x) failed !
20211126-195834<ERROR:00008290>: GetInteger(164, Point_y) failed !
20211126-195834<ERROR:00008290>: GetString(164, Content) failed !
20211126-195834<ERROR:00008290>: GetInteger(165, Type) failed !
20211126-195834<ERROR:00008290>: GetInteger(165, Point_x) failed !
20211126-195834<ERROR:00008290>: GetInteger(165, Point_y) failed !
20211126-195834<ERROR:00008290>: GetString(165, Content) failed !
20211126-195834<ERROR:00008290>: GetInteger(166, Type) failed !
20211126-195834<ERROR:00008290>: GetInteger(166, Point_x) failed !
20211126-195834<ERROR:00008290>: GetInteger(166, Point_y) failed !
20211126-195834<ERROR:00008290>: GetString(166, Content) failed !
20211126-195834<ERROR:00008290>: GetInteger(167, Type) failed !
20211126-195834<ERROR:00008290>: GetInteger(167, Point_x) failed !
20211126-195834<ERROR:00008290>: GetInteger(167, Point_y) failed !
20211126-195834<ERROR:00008290>: GetString(167, Content) failed !
20211126-195834<ERROR:00008290>: GetInteger(168, Type) failed !
20211126-195834<ERROR:00008290>: GetInteger(168, Point_x) failed !
20211126-195834<ERROR:00008290>: GetInteger(168, Point_y) failed !
20211126-195834<ERROR:00008290>: GetString(168, Content) failed !
20211126-195834<ERROR:00008290>: GetInteger(169, Type) failed !
20211126-195834<ERROR:00008290>: GetInteger(169, Point_x) failed !
20211126-195834<ERROR:00008290>: GetInteger(169, Point_y) failed !
20211126-195834<ERROR:00008290>: GetString(169, Content) failed !
20211126-195834<ERROR:00008290>: GetInteger(170, Type) failed !
20211126-195834<ERROR:00008290>: GetInteger(170, Point_x) failed !
20211126-195834<ERROR:00008290>: GetInteger(170, Point_y) failed !
20211126-195834<ERROR:00008290>: GetString(170, Content) failed !
20211126-195834<ERROR:00008290>: GetInteger(171, Type) failed !
20211126-195834<ERROR:00008290>: GetInteger(171, Point_x) failed !
20211126-195834<ERROR:00008290>: GetInteger(171, Point_y) failed !
20211126-195834<ERROR:00008290>: GetString(171, Content) failed !
20211126-195834<ERROR:00008290>: GetInteger(172, Type) failed !
20211126-195834<ERROR:00008290>: GetInteger(172, Point_x) failed !
20211126-195834<ERROR:00008290>: GetInteger(172, Point_y) failed !
20211126-195834<ERROR:00008290>: GetString(172, Content) failed !
20211126-195834<ERROR:00008290>: GetInteger(173, Type) failed !
20211126-195834<ERROR:00008290>: GetInteger(173, Point_x) failed !
20211126-195834<ERROR:00008290>: GetInteger(173, Point_y) failed !
20211126-195834<ERROR:00008290>: GetString(173, Content) failed !
20211126-195834<ERROR:00008290>: GetInteger(174, Type) failed !
20211126-195834<ERROR:00008290>: GetInteger(174, Point_x) failed !
20211126-195834<ERROR:00008290>: GetInteger(174, Point_y) failed !
20211126-195834<ERROR:00008290>: GetString(174, Content) failed !
20211126-195834<ERROR:00008290>: GetInteger(175, Type) failed !
20211126-195834<ERROR:00008290>: GetInteger(175, Point_x) failed !
20211126-195834<ERROR:00008290>: GetInteger(175, Point_y) failed !
20211126-195834<ERROR:00008290>: GetString(175, Content) failed !
20211126-195834<ERROR:00008290>: GetInteger(176, Type) failed !
20211126-195834<ERROR:00008290>: GetInteger(176, Point_x) failed !
20211126-195834<ERROR:00008290>: GetInteger(176, Point_y) failed !
20211126-195834<ERROR:00008290>: GetString(176, Content) failed !
20211126-195834<ERROR:00008290>: GetInteger(177, Type) failed !
20211126-195834<ERROR:00008290>: GetInteger(177, Point_x) failed !
20211126-195834<ERROR:00008290>: GetInteger(177, Point_y) failed !
20211126-195834<ERROR:00008290>: GetString(177, Content) failed !
20211126-195834<ERROR:00008290>: GetInteger(178, Type) failed !
20211126-195834<ERROR:00008290>: GetInteger(178, Point_x) failed !
20211126-195834<ERROR:00008290>: GetInteger(178, Point_y) failed !
20211126-195834<ERROR:00008290>: GetString(178, Content) failed !
20211126-195834<ERROR:00008290>: GetInteger(179, Type) failed !
20211126-195834<ERROR:00008290>: GetInteger(179, Point_x) failed !
20211126-195834<ERROR:00008290>: GetInteger(179, Point_y) failed !
20211126-195834<ERROR:00008290>: GetString(179, Content) failed !
20211126-195834<ERROR:00008290>: GetInteger(180, Type) failed !
20211126-195834<ERROR:00008290>: GetInteger(180, Point_x) failed !
20211126-195834<ERROR:00008290>: GetInteger(180, Point_y) failed !
20211126-195834<ERROR:00008290>: GetString(180, Content) failed !
20211126-195834<ERROR:00008290>: GetInteger(181, Type) failed !
20211126-195834<ERROR:00008290>: GetInteger(181, Point_x) failed !
20211126-195834<ERROR:00008290>: GetInteger(181, Point_y) failed !
20211126-195834<ERROR:00008290>: GetString(181, Content) failed !
20211126-195834<ERROR:00008290>: GetInteger(182, Type) failed !
20211126-195834<ERROR:00008290>: GetInteger(182, Point_x) failed !
20211126-195834<ERROR:00008290>: GetInteger(182, Point_y) failed !
20211126-195834<ERROR:00008290>: GetString(182, Content) failed !
20211126-195834<ERROR:00008290>: GetInteger(183, Type) failed !
20211126-195834<ERROR:00008290>: GetInteger(183, Point_x) failed !
20211126-195834<ERROR:00008290>: GetInteger(183, Point_y) failed !
20211126-195834<ERROR:00008290>: GetString(183, Content) failed !
20211126-195834<ERROR:00008290>: GetInteger(184, Type) failed !
20211126-195834<ERROR:00008290>: GetInteger(184, Point_x) failed !
20211126-195834<ERROR:00008290>: GetInteger(184, Point_y) failed !
20211126-195834<ERROR:00008290>: GetString(184, Content) failed !
20211126-195842<DEBUG:00008290>: KGLOG_PROCESS_ERROR(nOffset < nSize) at line 65 in s_GoNextLine
20211126-195842<ERROR:00008290>: GetString(366, 2) failed !
20211126-195844<DEBUG:00008290>: KGLOG_PROCESS_ERROR(nOffset < nSize) at line 65 in s_GoNextLine
20211126-195844<ERROR:00008290>: GetString(366, 2) failed !
20211126-195850<DEBUG:00008290>: KGLOG_PROCESS_ERROR(nOffset < nSize) at line 65 in s_GoNextLine
20211126-195850<ERROR:00008290>: GetString(366, 2) failed !
20211126-195852<DEBUG:00008290>: KGLOG_PROCESS_ERROR(nOffset < nSize) at line 65 in s_GoNextLine
20211126-195852<ERROR:00008290>: GetString(366, 2) failed !
20211126-195902<DEBUG:00008290>: KGLOG_PROCESS_ERROR(nOffset < nSize) at line 65 in s_GoNextLine
20211126-195902<ERROR:00008290>: GetString(366, 2) failed !
20211126-195905<DEBUG:00008290>: KGLOG_PROCESS_ERROR(nOffset < nSize) at line 65 in s_GoNextLine
20211126-195905<ERROR:00008290>: GetString(366, 2) failed !
20211126-195913<DEBUG:00008290>: KGLOG_PROCESS_ERROR(nOffset < nSize) at line 65 in s_GoNextLine
20211126-195913<ERROR:00008290>: GetString(366, 2) failed !
20211126-195916<DEBUG:00008290>: KGLOG_PROCESS_ERROR(nOffset < nSize) at line 65 in s_GoNextLine
20211126-195916<ERROR:00008290>: GetString(366, 2) failed !
20211126-195920<DEBUG:00008290>: KGLOG_PROCESS_ERROR(nOffset < nSize) at line 65 in s_GoNextLine
20211126-195920<ERROR:00008290>: GetString(366, 2) failed !
20211126-195926<DEBUG:00008290>: KGLOG_PROCESS_ERROR(nOffset < nSize) at line 65 in s_GoNextLine
20211126-195926<ERROR:00008290>: GetString(366, 2) failed !
20211126-195929<DEBUG:00008290>: KGLOG_PROCESS_ERROR(nOffset < nSize) at line 65 in s_GoNextLine
20211126-195929<ERROR:00008290>: GetString(366, 2) failed !
20211126-195935<DEBUG:00008290>: KGLOG_PROCESS_ERROR(nOffset < nSize) at line 65 in s_GoNextLine
20211126-195935<ERROR:00008290>: GetString(366, 2) failed !
20211126-195943<DEBUG:00008290>: KGLOG_PROCESS_ERROR(nOffset < nSize) at line 65 in s_GoNextLine
20211126-195943<ERROR:00008290>: GetString(366, 2) failed !
20211126-200055<DEBUG:00008290>: KGLOG_PROCESS_ERROR(nOffset < nSize) at line 65 in s_GoNextLine
20211126-200055<ERROR:00008290>: GetString(366, 2) failed !
20211126-200055<DEBUG:00008290>: KGLOG_PROCESS_ERROR(nOffset < nSize) at line 65 in s_GoNextLine
20211126-200055<ERROR:00008290>: GetString(366, 2) failed !
20211126-200057<DEBUG:00008290>: KGLOG_PROCESS_ERROR(m_dwLockCode) at line 3939 in KPlayer::UnlockAction
20211126-200057<ERROR:00008290>: GetInteger(868, Type) failed !
20211126-200057<ERROR:00008290>: GetInteger(868, Point_x) failed !
20211126-200057<ERROR:00008290>: GetInteger(868, Point_y) failed !
20211126-200057<ERROR:00008290>: GetString(868, Content) failed !
20211126-200057<ERROR:00008290>: GetInteger(869, Type) failed !
20211126-200057<ERROR:00008290>: GetInteger(869, Point_x) failed !
20211126-200057<ERROR:00008290>: GetInteger(869, Point_y) failed !
20211126-200057<ERROR:00008290>: GetString(869, Content) failed !
20211126-200057<ERROR:00008290>: GetInteger(870, Type) failed !
20211126-200057<ERROR:00008290>: GetInteger(870, Point_x) failed !
20211126-200057<ERROR:00008290>: GetInteger(870, Point_y) failed !
20211126-200057<ERROR:00008290>: GetString(870, Content) failed !
20211126-200057<ERROR:00008290>: GetInteger(871, Type) failed !
20211126-200057<ERROR:00008290>: GetInteger(871, Point_x) failed !
20211126-200057<ERROR:00008290>: GetInteger(871, Point_y) failed !
20211126-200057<ERROR:00008290>: GetString(871, Content) failed !
20211126-200057<ERROR:00008290>: GetInteger(872, Type) failed !
20211126-200057<ERROR:00008290>: GetInteger(872, Point_x) failed !
20211126-200057<ERROR:00008290>: GetInteger(872, Point_y) failed !
20211126-200057<ERROR:00008290>: GetString(872, Content) failed !
20211126-200057<ERROR:00008290>: GetInteger(873, Type) failed !
20211126-200057<ERROR:00008290>: GetInteger(873, Point_x) failed !
20211126-200057<ERROR:00008290>: GetInteger(873, Point_y) failed !
20211126-200057<ERROR:00008290>: GetString(873, Content) failed !
20211126-200057<ERROR:00008290>: GetInteger(874, Type) failed !
20211126-200057<ERROR:00008290>: GetInteger(874, Point_x) failed !
20211126-200057<ERROR:00008290>: GetInteger(874, Point_y) failed !
20211126-200057<ERROR:00008290>: GetString(874, Content) failed !
20211126-200057<ERROR:00008290>: GetInteger(875, Type) failed !
20211126-200057<ERROR:00008290>: GetInteger(875, Point_x) failed !
20211126-200057<ERROR:00008290>: GetInteger(875, Point_y) failed !
20211126-200057<ERROR:00008290>: GetString(875, Content) failed !
20211126-200057<ERROR:00008290>: GetInteger(876, Type) failed !
20211126-200057<ERROR:00008290>: GetInteger(876, Point_x) failed !
20211126-200057<ERROR:00008290>: GetInteger(876, Point_y) failed !
20211126-200057<ERROR:00008290>: GetString(876, Content) failed !
20211126-200057<ERROR:00008290>: GetInteger(877, Type) failed !
20211126-200057<ERROR:00008290>: GetInteger(877, Point_x) failed !
20211126-200057<ERROR:00008290>: GetInteger(877, Point_y) failed !
20211126-200057<ERROR:00008290>: GetString(877, Content) failed !
20211126-200057<ERROR:00008290>: GetInteger(878, Type) failed !
20211126-200057<ERROR:00008290>: GetInteger(878, Point_x) failed !
20211126-200057<ERROR:00008290>: GetInteger(878, Point_y) failed !
20211126-200057<ERROR:00008290>: GetString(878, Content) failed !
20211126-200057<ERROR:00008290>: GetInteger(879, Type) failed !
20211126-200057<ERROR:00008290>: GetInteger(879, Point_x) failed !
20211126-200057<ERROR:00008290>: GetInteger(879, Point_y) failed !
20211126-200057<ERROR:00008290>: GetString(879, Content) failed !
20211126-200057<ERROR:00008290>: GetInteger(880, Type) failed !
20211126-200057<ERROR:00008290>: GetInteger(880, Point_x) failed !
20211126-200057<ERROR:00008290>: GetInteger(880, Point_y) failed !
20211126-200057<ERROR:00008290>: GetString(880, Content) failed !
20211126-200057<ERROR:00008290>: GetInteger(881, Type) failed !
20211126-200057<ERROR:00008290>: GetInteger(881, Point_x) failed !
20211126-200057<ERROR:00008290>: GetInteger(881, Point_y) failed !
20211126-200057<ERROR:00008290>: GetString(881, Content) failed !
20211126-200057<ERROR:00008290>: GetInteger(882, Type) failed !
20211126-200057<ERROR:00008290>: GetInteger(882, Point_x) failed !
20211126-200057<ERROR:00008290>: GetInteger(882, Point_y) failed !
20211126-200057<ERROR:00008290>: GetString(882, Content) failed !
20211126-200057<ERROR:00008290>: GetInteger(883, Type) failed !
20211126-200057<ERROR:00008290>: GetInteger(883, Point_x) failed !
20211126-200057<ERROR:00008290>: GetInteger(883, Point_y) failed !
20211126-200057<ERROR:00008290>: GetString(883, Content) failed !
20211126-200057<ERROR:00008290>: GetInteger(884, Type) failed !
20211126-200057<ERROR:00008290>: GetInteger(884, Point_x) failed !
20211126-200057<ERROR:00008290>: GetInteger(884, Point_y) failed !
20211126-200057<ERROR:00008290>: GetString(884, Content) failed !
20211126-200057<ERROR:00008290>: GetInteger(885, Type) failed !
20211126-200057<ERROR:00008290>: GetInteger(885, Point_x) failed !
20211126-200057<ERROR:00008290>: GetInteger(885, Point_y) failed !
20211126-200057<ERROR:00008290>: GetString(885, Content) failed !
20211126-200057<ERROR:00008290>: GetInteger(886, Type) failed !
20211126-200057<ERROR:00008290>: GetInteger(886, Point_x) failed !
20211126-200057<ERROR:00008290>: GetInteger(886, Point_y) failed !
20211126-200057<ERROR:00008290>: GetString(886, Content) failed !
20211126-200057<ERROR:00008290>: GetInteger(887, Type) failed !
20211126-200057<ERROR:00008290>: GetInteger(887, Point_x) failed !
20211126-200057<ERROR:00008290>: GetInteger(887, Point_y) failed !
20211126-200057<ERROR:00008290>: GetString(887, Content) failed !
20211126-200057<ERROR:00008290>: GetInteger(888, Type) failed !
20211126-200057<ERROR:00008290>: GetInteger(888, Point_x) failed !
20211126-200057<ERROR:00008290>: GetInteger(888, Point_y) failed !
20211126-200057<ERROR:00008290>: GetString(888, Content) failed !
20211126-200057<ERROR:00008290>: GetInteger(889, Type) failed !
20211126-200057<ERROR:00008290>: GetInteger(889, Point_x) failed !
20211126-200057<ERROR:00008290>: GetInteger(889, Point_y) failed !
20211126-200057<ERROR:00008290>: GetString(889, Content) failed !
20211126-200057<ERROR:00008290>: GetInteger(890, Type) failed !
20211126-200057<ERROR:00008290>: GetInteger(890, Point_x) failed !
20211126-200057<ERROR:00008290>: GetInteger(890, Point_y) failed !
20211126-200057<ERROR:00008290>: GetString(890, Content) failed !
20211126-200057<ERROR:00008290>: GetInteger(891, Type) failed !
20211126-200057<ERROR:00008290>: GetInteger(891, Point_x) failed !
20211126-200057<ERROR:00008290>: GetInteger(891, Point_y) failed !
20211126-200057<ERROR:00008290>: GetString(891, Content) failed !
20211126-200057<ERROR:00008290>: GetInteger(892, Type) failed !
20211126-200057<ERROR:00008290>: GetInteger(892, Point_x) failed !
20211126-200057<ERROR:00008290>: GetInteger(892, Point_y) failed !
20211126-200057<ERROR:00008290>: GetString(892, Content) failed !
20211126-200057<ERROR:00008290>: GetInteger(893, Type) failed !
20211126-200057<ERROR:00008290>: GetInteger(893, Point_x) failed !
20211126-200057<ERROR:00008290>: GetInteger(893, Point_y) failed !
20211126-200057<ERROR:00008290>: GetString(893, Content) failed !
20211126-200057<ERROR:00008290>: GetInteger(894, Type) failed !
20211126-200057<ERROR:00008290>: GetInteger(894, Point_x) failed !
20211126-200057<ERROR:00008290>: GetInteger(894, Point_y) failed !
20211126-200057<ERROR:00008290>: GetString(894, Content) failed !
20211126-200057<ERROR:00008290>: GetInteger(895, Type) failed !
20211126-200057<ERROR:00008290>: GetInteger(895, Point_x) failed !
20211126-200057<ERROR:00008290>: GetInteger(895, Point_y) failed !
20211126-200057<ERROR:00008290>: GetString(895, Content) failed !
20211126-200057<ERROR:00008290>: GetInteger(896, Type) failed !
20211126-200057<ERROR:00008290>: GetInteger(896, Point_x) failed !
20211126-200057<ERROR:00008290>: GetInteger(896, Point_y) failed !
20211126-200057<ERROR:00008290>: GetString(896, Content) failed !
20211126-200057<ERROR:00008290>: GetInteger(897, Type) failed !
20211126-200057<ERROR:00008290>: GetInteger(897, Point_x) failed !
20211126-200057<ERROR:00008290>: GetInteger(897, Point_y) failed !
20211126-200057<ERROR:00008290>: GetString(897, Content) failed !
20211126-200057<ERROR:00008290>: GetInteger(898, Type) failed !
20211126-200057<ERROR:00008290>: GetInteger(898, Point_x) failed !
20211126-200057<ERROR:00008290>: GetInteger(898, Point_y) failed !
20211126-200057<ERROR:00008290>: GetString(898, Content) failed !
20211126-200057<ERROR:00008290>: GetInteger(899, Type) failed !
20211126-200057<ERROR:00008290>: GetInteger(899, Point_x) failed !
20211126-200057<ERROR:00008290>: GetInteger(899, Point_y) failed !
20211126-200057<ERROR:00008290>: GetString(899, Content) failed !
20211126-200057<ERROR:00008290>: GetInteger(900, Type) failed !
20211126-200057<ERROR:00008290>: GetInteger(900, Point_x) failed !
20211126-200057<ERROR:00008290>: GetInteger(900, Point_y) failed !
20211126-200057<ERROR:00008290>: GetString(900, Content) failed !
20211126-200057<ERROR:00008290>: GetInteger(901, Type) failed !
20211126-200057<ERROR:00008290>: GetInteger(901, Point_x) failed !
20211126-200057<ERROR:00008290>: GetInteger(901, Point_y) failed !
20211126-200057<ERROR:00008290>: GetString(901, Content) failed !
20211126-200057<ERROR:00008290>: GetInteger(902, Type) failed !
20211126-200057<ERROR:00008290>: GetInteger(902, Point_x) failed !
20211126-200057<ERROR:00008290>: GetInteger(902, Point_y) failed !
20211126-200057<ERROR:00008290>: GetString(902, Content) failed !
20211126-200057<ERROR:00008290>: GetInteger(903, Type) failed !
20211126-200057<ERROR:00008290>: GetInteger(903, Point_x) failed !
20211126-200057<ERROR:00008290>: GetInteger(903, Point_y) failed !
20211126-200057<ERROR:00008290>: GetString(903, Content) failed !
20211126-200057<ERROR:00008290>: GetInteger(904, Type) failed !
20211126-200057<ERROR:00008290>: GetInteger(904, Point_x) failed !
20211126-200057<ERROR:00008290>: GetInteger(904, Point_y) failed !
20211126-200057<ERROR:00008290>: GetString(904, Content) failed !
20211126-200057<ERROR:00008290>: GetInteger(905, Type) failed !
20211126-200057<ERROR:00008290>: GetInteger(905, Point_x) failed !
20211126-200057<ERROR:00008290>: GetInteger(905, Point_y) failed !
20211126-200057<ERROR:00008290>: GetString(905, Content) failed !
20211126-200057<ERROR:00008290>: GetInteger(906, Type) failed !
20211126-200057<ERROR:00008290>: GetInteger(906, Point_x) failed !
20211126-200057<ERROR:00008290>: GetInteger(906, Point_y) failed !
20211126-200057<ERROR:00008290>: GetString(906, Content) failed !
20211126-200057<ERROR:00008290>: GetInteger(907, Type) failed !
20211126-200057<ERROR:00008290>: GetInteger(907, Point_x) failed !
20211126-200057<ERROR:00008290>: GetInteger(907, Point_y) failed !
20211126-200057<ERROR:00008290>: GetString(907, Content) failed !
20211126-200057<ERROR:00008290>: GetInteger(908, Type) failed !
20211126-200057<ERROR:00008290>: GetInteger(908, Point_x) failed !
20211126-200057<ERROR:00008290>: GetInteger(908, Point_y) failed !
20211126-200057<ERROR:00008290>: GetString(908, Content) failed !
20211126-200057<ERROR:00008290>: GetInteger(909, Type) failed !
20211126-200057<ERROR:00008290>: GetInteger(909, Point_x) failed !
20211126-200057<ERROR:00008290>: GetInteger(909, Point_y) failed !
20211126-200057<ERROR:00008290>: GetString(909, Content) failed !
20211126-200057<ERROR:00008290>: GetInteger(910, Type) failed !
20211126-200057<ERROR:00008290>: GetInteger(910, Point_x) failed !
20211126-200057<ERROR:00008290>: GetInteger(910, Point_y) failed !
20211126-200057<ERROR:00008290>: GetString(910, Content) failed !
20211126-200057<ERROR:00008290>: GetInteger(911, Type) failed !
20211126-200057<ERROR:00008290>: GetInteger(911, Point_x) failed !
20211126-200057<ERROR:00008290>: GetInteger(911, Point_y) failed !
20211126-200057<ERROR:00008290>: GetString(911, Content) failed !
20211126-200057<ERROR:00008290>: GetInteger(912, Type) failed !
20211126-200057<ERROR:00008290>: GetInteger(912, Point_x) failed !
20211126-200057<ERROR:00008290>: GetInteger(912, Point_y) failed !
20211126-200057<ERROR:00008290>: GetString(912, Content) failed !
20211126-200057<ERROR:00008290>: GetInteger(913, Type) failed !
20211126-200057<ERROR:00008290>: GetInteger(913, Point_x) failed !
20211126-200057<ERROR:00008290>: GetInteger(913, Point_y) failed !
20211126-200057<ERROR:00008290>: GetString(913, Content) failed !
20211126-200057<ERROR:00008290>: GetInteger(914, Type) failed !
20211126-200057<ERROR:00008290>: GetInteger(914, Point_x) failed !
20211126-200057<ERROR:00008290>: GetInteger(914, Point_y) failed !
20211126-200057<ERROR:00008290>: GetString(914, Content) failed !
20211126-200057<ERROR:00008290>: GetInteger(915, Type) failed !
20211126-200057<ERROR:00008290>: GetInteger(915, Point_x) failed !
20211126-200057<ERROR:00008290>: GetInteger(915, Point_y) failed !
20211126-200057<ERROR:00008290>: GetString(915, Content) failed !
20211126-200057<ERROR:00008290>: GetInteger(916, Type) failed !
20211126-200057<ERROR:00008290>: GetInteger(916, Point_x) failed !
20211126-200057<ERROR:00008290>: GetInteger(916, Point_y) failed !
20211126-200057<ERROR:00008290>: GetString(916, Content) failed !
20211126-200057<ERROR:00008290>: GetInteger(917, Type) failed !
20211126-200057<ERROR:00008290>: GetInteger(917, Point_x) failed !
20211126-200057<ERROR:00008290>: GetInteger(917, Point_y) failed !
20211126-200057<ERROR:00008290>: GetString(917, Content) failed !
20211126-200057<ERROR:00008290>: GetInteger(918, Type) failed !
20211126-200057<ERROR:00008290>: GetInteger(918, Point_x) failed !
20211126-200057<ERROR:00008290>: GetInteger(918, Point_y) failed !
20211126-200057<ERROR:00008290>: GetString(918, Content) failed !
20211126-200057<ERROR:00008290>: GetInteger(919, Type) failed !
20211126-200057<ERROR:00008290>: GetInteger(919, Point_x) failed !
20211126-200057<ERROR:00008290>: GetInteger(919, Point_y) failed !
20211126-200057<ERROR:00008290>: GetString(919, Content) failed !
20211126-200057<ERROR:00008290>: GetInteger(920, Type) failed !
20211126-200057<ERROR:00008290>: GetInteger(920, Point_x) failed !
20211126-200057<ERROR:00008290>: GetInteger(920, Point_y) failed !
20211126-200057<ERROR:00008290>: GetString(920, Content) failed !
20211126-200057<ERROR:00008290>: GetInteger(921, Type) failed !
20211126-200057<ERROR:00008290>: GetInteger(921, Point_x) failed !
20211126-200057<ERROR:00008290>: GetInteger(921, Point_y) failed !
20211126-200057<ERROR:00008290>: GetString(921, Content) failed !
20211126-200057<ERROR:00008290>: GetInteger(922, Type) failed !
20211126-200057<ERROR:00008290>: GetInteger(922, Point_x) failed !
20211126-200057<ERROR:00008290>: GetInteger(922, Point_y) failed !
20211126-200057<ERROR:00008290>: GetString(922, Content) failed !
20211126-200102<DEBUG:00008290>: KGLOG_PROCESS_ERROR(nOffset < nSize) at line 65 in s_GoNextLine
20211126-200120<DEBUG:00008290>: KGLOG_PROCESS_ERROR(m_dwLockCode) at line 3939 in KPlayer::UnlockAction
20211126-200120<DEBUG:00008290>: Error: m_CurrentLifeMax > 0 (nBaseChange 0, nAddPChange 0, nAddVChange 0)
20211126-200124<DEBUG:00008290>: KGLOG_PROCESS_ERROR(nOffset < nSize) at line 65 in s_GoNextLine
20211126-200124<ERROR:00008290>: GetString(366, 2) failed !
20211126-200136<DEBUG:00008290>: KGLOG_PROCESS_ERROR(m_dwLockCode) at line 3939 in KPlayer::UnlockAction
20211126-200136<DEBUG:00008290>: Error: m_CurrentLifeMax > 0 (nBaseChange 0, nAddPChange 0, nAddVChange 0)
20211126-200136<ERROR:00008290>: GetInteger(868, Type) failed !
20211126-200136<ERROR:00008290>: GetInteger(868, Point_x) failed !
20211126-200136<ERROR:00008290>: GetInteger(868, Point_y) failed !
20211126-200136<ERROR:00008290>: GetString(868, Content) failed !
20211126-200136<ERROR:00008290>: GetInteger(869, Type) failed !
20211126-200136<ERROR:00008290>: GetInteger(869, Point_x) failed !
20211126-200136<ERROR:00008290>: GetInteger(869, Point_y) failed !
20211126-200136<ERROR:00008290>: GetString(869, Content) failed !
20211126-200136<ERROR:00008290>: GetInteger(870, Type) failed !
20211126-200136<ERROR:00008290>: GetInteger(870, Point_x) failed !
20211126-200136<ERROR:00008290>: GetInteger(870, Point_y) failed !
20211126-200136<ERROR:00008290>: GetString(870, Content) failed !
20211126-200136<ERROR:00008290>: GetInteger(871, Type) failed !
20211126-200136<ERROR:00008290>: GetInteger(871, Point_x) failed !
20211126-200136<ERROR:00008290>: GetInteger(871, Point_y) failed !
20211126-200136<ERROR:00008290>: GetString(871, Content) failed !
20211126-200136<ERROR:00008290>: GetInteger(872, Type) failed !
20211126-200136<ERROR:00008290>: GetInteger(872, Point_x) failed !
20211126-200136<ERROR:00008290>: GetInteger(872, Point_y) failed !
20211126-200136<ERROR:00008290>: GetString(872, Content) failed !
20211126-200136<ERROR:00008290>: GetInteger(873, Type) failed !
20211126-200136<ERROR:00008290>: GetInteger(873, Point_x) failed !
20211126-200136<ERROR:00008290>: GetInteger(873, Point_y) failed !
20211126-200136<ERROR:00008290>: GetString(873, Content) failed !
20211126-200136<ERROR:00008290>: GetInteger(874, Type) failed !
20211126-200136<ERROR:00008290>: GetInteger(874, Point_x) failed !
20211126-200136<ERROR:00008290>: GetInteger(874, Point_y) failed !
20211126-200136<ERROR:00008290>: GetString(874, Content) failed !
20211126-200136<ERROR:00008290>: GetInteger(875, Type) failed !
20211126-200136<ERROR:00008290>: GetInteger(875, Point_x) failed !
20211126-200136<ERROR:00008290>: GetInteger(875, Point_y) failed !
20211126-200136<ERROR:00008290>: GetString(875, Content) failed !
20211126-200136<ERROR:00008290>: GetInteger(876, Type) failed !
20211126-200136<ERROR:00008290>: GetInteger(876, Point_x) failed !
20211126-200136<ERROR:00008290>: GetInteger(876, Point_y) failed !
20211126-200136<ERROR:00008290>: GetString(876, Content) failed !
20211126-200136<ERROR:00008290>: GetInteger(877, Type) failed !
20211126-200136<ERROR:00008290>: GetInteger(877, Point_x) failed !
20211126-200136<ERROR:00008290>: GetInteger(877, Point_y) failed !
20211126-200136<ERROR:00008290>: GetString(877, Content) failed !
20211126-200136<ERROR:00008290>: GetInteger(878, Type) failed !
20211126-200136<ERROR:00008290>: GetInteger(878, Point_x) failed !
20211126-200136<ERROR:00008290>: GetInteger(878, Point_y) failed !
20211126-200136<ERROR:00008290>: GetString(878, Content) failed !
20211126-200136<ERROR:00008290>: GetInteger(879, Type) failed !
20211126-200136<ERROR:00008290>: GetInteger(879, Point_x) failed !
20211126-200136<ERROR:00008290>: GetInteger(879, Point_y) failed !
20211126-200136<ERROR:00008290>: GetString(879, Content) failed !
20211126-200136<ERROR:00008290>: GetInteger(880, Type) failed !
20211126-200136<ERROR:00008290>: GetInteger(880, Point_x) failed !
20211126-200136<ERROR:00008290>: GetInteger(880, Point_y) failed !
20211126-200136<ERROR:00008290>: GetString(880, Content) failed !
20211126-200136<ERROR:00008290>: GetInteger(881, Type) failed !
20211126-200136<ERROR:00008290>: GetInteger(881, Point_x) failed !
20211126-200136<ERROR:00008290>: GetInteger(881, Point_y) failed !
20211126-200136<ERROR:00008290>: GetString(881, Content) failed !
20211126-200136<ERROR:00008290>: GetInteger(882, Type) failed !
20211126-200136<ERROR:00008290>: GetInteger(882, Point_x) failed !
20211126-200136<ERROR:00008290>: GetInteger(882, Point_y) failed !
20211126-200136<ERROR:00008290>: GetString(882, Content) failed !
20211126-200136<ERROR:00008290>: GetInteger(883, Type) failed !
20211126-200136<ERROR:00008290>: GetInteger(883, Point_x) failed !
20211126-200136<ERROR:00008290>: GetInteger(883, Point_y) failed !
20211126-200136<ERROR:00008290>: GetString(883, Content) failed !
20211126-200136<ERROR:00008290>: GetInteger(884, Type) failed !
20211126-200136<ERROR:00008290>: GetInteger(884, Point_x) failed !
20211126-200136<ERROR:00008290>: GetInteger(884, Point_y) failed !
20211126-200136<ERROR:00008290>: GetString(884, Content) failed !
20211126-200136<ERROR:00008290>: GetInteger(885, Type) failed !
20211126-200136<ERROR:00008290>: GetInteger(885, Point_x) failed !
20211126-200136<ERROR:00008290>: GetInteger(885, Point_y) failed !
20211126-200136<ERROR:00008290>: GetString(885, Content) failed !
20211126-200136<ERROR:00008290>: GetInteger(886, Type) failed !
20211126-200136<ERROR:00008290>: GetInteger(886, Point_x) failed !
20211126-200136<ERROR:00008290>: GetInteger(886, Point_y) failed !
20211126-200136<ERROR:00008290>: GetString(886, Content) failed !
20211126-200136<ERROR:00008290>: GetInteger(887, Type) failed !
20211126-200136<ERROR:00008290>: GetInteger(887, Point_x) failed !
20211126-200136<ERROR:00008290>: GetInteger(887, Point_y) failed !
20211126-200136<ERROR:00008290>: GetString(887, Content) failed !
20211126-200136<ERROR:00008290>: GetInteger(888, Type) failed !
20211126-200136<ERROR:00008290>: GetInteger(888, Point_x) failed !
20211126-200136<ERROR:00008290>: GetInteger(888, Point_y) failed !
20211126-200136<ERROR:00008290>: GetString(888, Content) failed !
20211126-200136<ERROR:00008290>: GetInteger(889, Type) failed !
20211126-200136<ERROR:00008290>: GetInteger(889, Point_x) failed !
20211126-200136<ERROR:00008290>: GetInteger(889, Point_y) failed !
20211126-200136<ERROR:00008290>: GetString(889, Content) failed !
20211126-200136<ERROR:00008290>: GetInteger(890, Type) failed !
20211126-200136<ERROR:00008290>: GetInteger(890, Point_x) failed !
20211126-200136<ERROR:00008290>: GetInteger(890, Point_y) failed !
20211126-200136<ERROR:00008290>: GetString(890, Content) failed !
20211126-200136<ERROR:00008290>: GetInteger(891, Type) failed !
20211126-200136<ERROR:00008290>: GetInteger(891, Point_x) failed !
20211126-200136<ERROR:00008290>: GetInteger(891, Point_y) failed !
20211126-200136<ERROR:00008290>: GetString(891, Content) failed !
20211126-200136<ERROR:00008290>: GetInteger(892, Type) failed !
20211126-200136<ERROR:00008290>: GetInteger(892, Point_x) failed !
20211126-200136<ERROR:00008290>: GetInteger(892, Point_y) failed !
20211126-200136<ERROR:00008290>: GetString(892, Content) failed !
20211126-200136<ERROR:00008290>: GetInteger(893, Type) failed !
20211126-200136<ERROR:00008290>: GetInteger(893, Point_x) failed !
20211126-200136<ERROR:00008290>: GetInteger(893, Point_y) failed !
20211126-200136<ERROR:00008290>: GetString(893, Content) failed !
20211126-200136<ERROR:00008290>: GetInteger(894, Type) failed !
20211126-200136<ERROR:00008290>: GetInteger(894, Point_x) failed !
20211126-200136<ERROR:00008290>: GetInteger(894, Point_y) failed !
20211126-200136<ERROR:00008290>: GetString(894, Content) failed !
20211126-200136<ERROR:00008290>: GetInteger(895, Type) failed !
20211126-200136<ERROR:00008290>: GetInteger(895, Point_x) failed !
20211126-200136<ERROR:00008290>: GetInteger(895, Point_y) failed !
20211126-200136<ERROR:00008290>: GetString(895, Content) failed !
20211126-200136<ERROR:00008290>: GetInteger(896, Type) failed !
20211126-200136<ERROR:00008290>: GetInteger(896, Point_x) failed !
20211126-200136<ERROR:00008290>: GetInteger(896, Point_y) failed !
20211126-200136<ERROR:00008290>: GetString(896, Content) failed !
20211126-200136<ERROR:00008290>: GetInteger(897, Type) failed !
20211126-200136<ERROR:00008290>: GetInteger(897, Point_x) failed !
20211126-200136<ERROR:00008290>: GetInteger(897, Point_y) failed !
20211126-200136<ERROR:00008290>: GetString(897, Content) failed !
20211126-200136<ERROR:00008290>: GetInteger(898, Type) failed !
20211126-200136<ERROR:00008290>: GetInteger(898, Point_x) failed !
20211126-200136<ERROR:00008290>: GetInteger(898, Point_y) failed !
20211126-200136<ERROR:00008290>: GetString(898, Content) failed !
20211126-200136<ERROR:00008290>: GetInteger(899, Type) failed !
20211126-200136<ERROR:00008290>: GetInteger(899, Point_x) failed !
20211126-200136<ERROR:00008290>: GetInteger(899, Point_y) failed !
20211126-200136<ERROR:00008290>: GetString(899, Content) failed !
20211126-200136<ERROR:00008290>: GetInteger(900, Type) failed !
20211126-200136<ERROR:00008290>: GetInteger(900, Point_x) failed !
20211126-200136<ERROR:00008290>: GetInteger(900, Point_y) failed !
20211126-200136<ERROR:00008290>: GetString(900, Content) failed !
20211126-200136<ERROR:00008290>: GetInteger(901, Type) failed !
20211126-200136<ERROR:00008290>: GetInteger(901, Point_x) failed !
20211126-200136<ERROR:00008290>: GetInteger(901, Point_y) failed !
20211126-200136<ERROR:00008290>: GetString(901, Content) failed !
20211126-200136<ERROR:00008290>: GetInteger(902, Type) failed !
20211126-200136<ERROR:00008290>: GetInteger(902, Point_x) failed !
20211126-200136<ERROR:00008290>: GetInteger(902, Point_y) failed !
20211126-200136<ERROR:00008290>: GetString(902, Content) failed !
20211126-200136<ERROR:00008290>: GetInteger(903, Type) failed !
20211126-200136<ERROR:00008290>: GetInteger(903, Point_x) failed !
20211126-200136<ERROR:00008290>: GetInteger(903, Point_y) failed !
20211126-200136<ERROR:00008290>: GetString(903, Content) failed !
20211126-200136<ERROR:00008290>: GetInteger(904, Type) failed !
20211126-200136<ERROR:00008290>: GetInteger(904, Point_x) failed !
20211126-200136<ERROR:00008290>: GetInteger(904, Point_y) failed !
20211126-200136<ERROR:00008290>: GetString(904, Content) failed !
20211126-200136<ERROR:00008290>: GetInteger(905, Type) failed !
20211126-200136<ERROR:00008290>: GetInteger(905, Point_x) failed !
20211126-200136<ERROR:00008290>: GetInteger(905, Point_y) failed !
20211126-200136<ERROR:00008290>: GetString(905, Content) failed !
20211126-200136<ERROR:00008290>: GetInteger(906, Type) failed !
20211126-200136<ERROR:00008290>: GetInteger(906, Point_x) failed !
20211126-200136<ERROR:00008290>: GetInteger(906, Point_y) failed !
20211126-200136<ERROR:00008290>: GetString(906, Content) failed !
20211126-200136<ERROR:00008290>: GetInteger(907, Type) failed !
20211126-200136<ERROR:00008290>: GetInteger(907, Point_x) failed !
20211126-200136<ERROR:00008290>: GetInteger(907, Point_y) failed !
20211126-200136<ERROR:00008290>: GetString(907, Content) failed !
20211126-200136<ERROR:00008290>: GetInteger(908, Type) failed !
20211126-200136<ERROR:00008290>: GetInteger(908, Point_x) failed !
20211126-200136<ERROR:00008290>: GetInteger(908, Point_y) failed !
20211126-200136<ERROR:00008290>: GetString(908, Content) failed !
20211126-200136<ERROR:00008290>: GetInteger(909, Type) failed !
20211126-200136<ERROR:00008290>: GetInteger(909, Point_x) failed !
20211126-200136<ERROR:00008290>: GetInteger(909, Point_y) failed !
20211126-200136<ERROR:00008290>: GetString(909, Content) failed !
20211126-200136<ERROR:00008290>: GetInteger(910, Type) failed !
20211126-200136<ERROR:00008290>: GetInteger(910, Point_x) failed !
20211126-200136<ERROR:00008290>: GetInteger(910, Point_y) failed !
20211126-200136<ERROR:00008290>: GetString(910, Content) failed !
20211126-200136<ERROR:00008290>: GetInteger(911, Type) failed !
20211126-200136<ERROR:00008290>: GetInteger(911, Point_x) failed !
20211126-200136<ERROR:00008290>: GetInteger(911, Point_y) failed !
20211126-200136<ERROR:00008290>: GetString(911, Content) failed !
20211126-200136<ERROR:00008290>: GetInteger(912, Type) failed !
20211126-200136<ERROR:00008290>: GetInteger(912, Point_x) failed !
20211126-200136<ERROR:00008290>: GetInteger(912, Point_y) failed !
20211126-200136<ERROR:00008290>: GetString(912, Content) failed !
20211126-200136<ERROR:00008290>: GetInteger(913, Type) failed !
20211126-200136<ERROR:00008290>: GetInteger(913, Point_x) failed !
20211126-200136<ERROR:00008290>: GetInteger(913, Point_y) failed !
20211126-200136<ERROR:00008290>: GetString(913, Content) failed !
20211126-200136<ERROR:00008290>: GetInteger(914, Type) failed !
20211126-200136<ERROR:00008290>: GetInteger(914, Point_x) failed !
20211126-200136<ERROR:00008290>: GetInteger(914, Point_y) failed !
20211126-200136<ERROR:00008290>: GetString(914, Content) failed !
20211126-200136<ERROR:00008290>: GetInteger(915, Type) failed !
20211126-200136<ERROR:00008290>: GetInteger(915, Point_x) failed !
20211126-200136<ERROR:00008290>: GetInteger(915, Point_y) failed !
20211126-200136<ERROR:00008290>: GetString(915, Content) failed !
20211126-200136<ERROR:00008290>: GetInteger(916, Type) failed !
20211126-200136<ERROR:00008290>: GetInteger(916, Point_x) failed !
20211126-200136<ERROR:00008290>: GetInteger(916, Point_y) failed !
20211126-200136<ERROR:00008290>: GetString(916, Content) failed !
20211126-200136<ERROR:00008290>: GetInteger(917, Type) failed !
20211126-200136<ERROR:00008290>: GetInteger(917, Point_x) failed !
20211126-200136<ERROR:00008290>: GetInteger(917, Point_y) failed !
20211126-200136<ERROR:00008290>: GetString(917, Content) failed !
20211126-200136<ERROR:00008290>: GetInteger(918, Type) failed !
20211126-200136<ERROR:00008290>: GetInteger(918, Point_x) failed !
20211126-200136<ERROR:00008290>: GetInteger(918, Point_y) failed !
20211126-200136<ERROR:00008290>: GetString(918, Content) failed !
20211126-200136<ERROR:00008290>: GetInteger(919, Type) failed !
20211126-200136<ERROR:00008290>: GetInteger(919, Point_x) failed !
20211126-200136<ERROR:00008290>: GetInteger(919, Point_y) failed !
20211126-200136<ERROR:00008290>: GetString(919, Content) failed !
20211126-200136<ERROR:00008290>: GetInteger(920, Type) failed !
20211126-200136<ERROR:00008290>: GetInteger(920, Point_x) failed !
20211126-200136<ERROR:00008290>: GetInteger(920, Point_y) failed !
20211126-200136<ERROR:00008290>: GetString(920, Content) failed !
20211126-200136<ERROR:00008290>: GetInteger(921, Type) failed !
20211126-200136<ERROR:00008290>: GetInteger(921, Point_x) failed !
20211126-200136<ERROR:00008290>: GetInteger(921, Point_y) failed !
20211126-200136<ERROR:00008290>: GetString(921, Content) failed !
20211126-200136<ERROR:00008290>: GetInteger(922, Type) failed !
20211126-200136<ERROR:00008290>: GetInteger(922, Point_x) failed !
20211126-200136<ERROR:00008290>: GetInteger(922, Point_y) failed !
20211126-200136<ERROR:00008290>: GetString(922, Content) failed !
20211126-200138<DEBUG:00008290>: KGLOG_PROCESS_ERROR(nOffset < nSize) at line 65 in s_GoNextLine
20211126-200138<ERROR:00008290>: GetString(366, 2) failed !
20211126-200138<DEBUG:00008290>: KGLOG_PROCESS_ERROR(nOffset < nSize) at line 65 in s_GoNextLine
20211126-200138<ERROR:00008290>: GetString(366, 2) failed !
20211126-200140<DEBUG:00008290>: KGLOG_PROCESS_ERROR(m_dwLockCode) at line 3939 in KPlayer::UnlockAction
20211126-200140<ERROR:00008290>: GetInteger(141, Type) failed !
20211126-200140<ERROR:00008290>: GetInteger(141, Point_x) failed !
20211126-200140<ERROR:00008290>: GetInteger(141, Point_y) failed !
20211126-200140<ERROR:00008290>: GetString(141, Content) failed !
20211126-200140<ERROR:00008290>: GetInteger(142, Type) failed !
20211126-200140<ERROR:00008290>: GetInteger(142, Point_x) failed !
20211126-200140<ERROR:00008290>: GetInteger(142, Point_y) failed !
20211126-200140<ERROR:00008290>: GetString(142, Content) failed !
20211126-200140<ERROR:00008290>: GetInteger(143, Type) failed !
20211126-200140<ERROR:00008290>: GetInteger(143, Point_x) failed !
20211126-200140<ERROR:00008290>: GetInteger(143, Point_y) failed !
20211126-200140<ERROR:00008290>: GetString(143, Content) failed !
20211126-200140<ERROR:00008290>: GetInteger(144, Type) failed !
20211126-200140<ERROR:00008290>: GetInteger(144, Point_x) failed !
20211126-200140<ERROR:00008290>: GetInteger(144, Point_y) failed !
20211126-200140<ERROR:00008290>: GetString(144, Content) failed !
20211126-200140<ERROR:00008290>: GetInteger(145, Type) failed !
20211126-200140<ERROR:00008290>: GetInteger(145, Point_x) failed !
20211126-200140<ERROR:00008290>: GetInteger(145, Point_y) failed !
20211126-200140<ERROR:00008290>: GetString(145, Content) failed !
20211126-200140<ERROR:00008290>: GetInteger(146, Type) failed !
20211126-200140<ERROR:00008290>: GetInteger(146, Point_x) failed !
20211126-200140<ERROR:00008290>: GetInteger(146, Point_y) failed !
20211126-200140<ERROR:00008290>: GetString(146, Content) failed !
20211126-200140<ERROR:00008290>: GetInteger(147, Type) failed !
20211126-200140<ERROR:00008290>: GetInteger(147, Point_x) failed !
20211126-200140<ERROR:00008290>: GetInteger(147, Point_y) failed !
20211126-200140<ERROR:00008290>: GetString(147, Content) failed !
20211126-200140<ERROR:00008290>: GetInteger(148, Type) failed !
20211126-200140<ERROR:00008290>: GetInteger(148, Point_x) failed !
20211126-200140<ERROR:00008290>: GetInteger(148, Point_y) failed !
20211126-200140<ERROR:00008290>: GetString(148, Content) failed !
20211126-200140<ERROR:00008290>: GetInteger(149, Type) failed !
20211126-200140<ERROR:00008290>: GetInteger(149, Point_x) failed !
20211126-200140<ERROR:00008290>: GetInteger(149, Point_y) failed !
20211126-200140<ERROR:00008290>: GetString(149, Content) failed !
20211126-200140<ERROR:00008290>: GetInteger(150, Type) failed !
20211126-200140<ERROR:00008290>: GetInteger(150, Point_x) failed !
20211126-200140<ERROR:00008290>: GetInteger(150, Point_y) failed !
20211126-200140<ERROR:00008290>: GetString(150, Content) failed !
20211126-200140<ERROR:00008290>: GetInteger(151, Type) failed !
20211126-200140<ERROR:00008290>: GetInteger(151, Point_x) failed !
20211126-200140<ERROR:00008290>: GetInteger(151, Point_y) failed !
20211126-200140<ERROR:00008290>: GetString(151, Content) failed !
20211126-200140<ERROR:00008290>: GetInteger(152, Type) failed !
20211126-200140<ERROR:00008290>: GetInteger(152, Point_x) failed !
20211126-200140<ERROR:00008290>: GetInteger(152, Point_y) failed !
20211126-200140<ERROR:00008290>: GetString(152, Content) failed !
20211126-200140<ERROR:00008290>: GetInteger(153, Type) failed !
20211126-200140<ERROR:00008290>: GetInteger(153, Point_x) failed !
20211126-200140<ERROR:00008290>: GetInteger(153, Point_y) failed !
20211126-200140<ERROR:00008290>: GetString(153, Content) failed !
20211126-200140<ERROR:00008290>: GetInteger(154, Type) failed !
20211126-200140<ERROR:00008290>: GetInteger(154, Point_x) failed !
20211126-200140<ERROR:00008290>: GetInteger(154, Point_y) failed !
20211126-200140<ERROR:00008290>: GetString(154, Content) failed !
20211126-200140<ERROR:00008290>: GetInteger(155, Type) failed !
20211126-200140<ERROR:00008290>: GetInteger(155, Point_x) failed !
20211126-200140<ERROR:00008290>: GetInteger(155, Point_y) failed !
20211126-200140<ERROR:00008290>: GetString(155, Content) failed !
20211126-200140<ERROR:00008290>: GetInteger(156, Type) failed !
20211126-200140<ERROR:00008290>: GetInteger(156, Point_x) failed !
20211126-200140<ERROR:00008290>: GetInteger(156, Point_y) failed !
20211126-200140<ERROR:00008290>: GetString(156, Content) failed !
20211126-200140<ERROR:00008290>: GetInteger(157, Type) failed !
20211126-200140<ERROR:00008290>: GetInteger(157, Point_x) failed !
20211126-200140<ERROR:00008290>: GetInteger(157, Point_y) failed !
20211126-200140<ERROR:00008290>: GetString(157, Content) failed !
20211126-200140<ERROR:00008290>: GetInteger(158, Type) failed !
20211126-200140<ERROR:00008290>: GetInteger(158, Point_x) failed !
20211126-200140<ERROR:00008290>: GetInteger(158, Point_y) failed !
20211126-200140<ERROR:00008290>: GetString(158, Content) failed !
20211126-200140<ERROR:00008290>: GetInteger(159, Type) failed !
20211126-200140<ERROR:00008290>: GetInteger(159, Point_x) failed !
20211126-200140<ERROR:00008290>: GetInteger(159, Point_y) failed !
20211126-200140<ERROR:00008290>: GetString(159, Content) failed !
20211126-200140<ERROR:00008290>: GetInteger(160, Type) failed !
20211126-200140<ERROR:00008290>: GetInteger(160, Point_x) failed !
20211126-200140<ERROR:00008290>: GetInteger(160, Point_y) failed !
20211126-200140<ERROR:00008290>: GetString(160, Content) failed !
20211126-200140<ERROR:00008290>: GetInteger(161, Type) failed !
20211126-200140<ERROR:00008290>: GetInteger(161, Point_x) failed !
20211126-200140<ERROR:00008290>: GetInteger(161, Point_y) failed !
20211126-200140<ERROR:00008290>: GetString(161, Content) failed !
20211126-200140<ERROR:00008290>: GetInteger(162, Type) failed !
20211126-200140<ERROR:00008290>: GetInteger(162, Point_x) failed !
20211126-200140<ERROR:00008290>: GetInteger(162, Point_y) failed !
20211126-200140<ERROR:00008290>: GetString(162, Content) failed !
20211126-200140<ERROR:00008290>: GetInteger(163, Type) failed !
20211126-200140<ERROR:00008290>: GetInteger(163, Point_x) failed !
20211126-200140<ERROR:00008290>: GetInteger(163, Point_y) failed !
20211126-200140<ERROR:00008290>: GetString(163, Content) failed !
20211126-200140<ERROR:00008290>: GetInteger(164, Type) failed !
20211126-200140<ERROR:00008290>: GetInteger(164, Point_x) failed !
20211126-200140<ERROR:00008290>: GetInteger(164, Point_y) failed !
20211126-200140<ERROR:00008290>: GetString(164, Content) failed !
20211126-200140<ERROR:00008290>: GetInteger(165, Type) failed !
20211126-200140<ERROR:00008290>: GetInteger(165, Point_x) failed !
20211126-200140<ERROR:00008290>: GetInteger(165, Point_y) failed !
20211126-200140<ERROR:00008290>: GetString(165, Content) failed !
20211126-200140<ERROR:00008290>: GetInteger(166, Type) failed !
20211126-200140<ERROR:00008290>: GetInteger(166, Point_x) failed !
20211126-200140<ERROR:00008290>: GetInteger(166, Point_y) failed !
20211126-200140<ERROR:00008290>: GetString(166, Content) failed !
20211126-200140<ERROR:00008290>: GetInteger(167, Type) failed !
20211126-200140<ERROR:00008290>: GetInteger(167, Point_x) failed !
20211126-200140<ERROR:00008290>: GetInteger(167, Point_y) failed !
20211126-200140<ERROR:00008290>: GetString(167, Content) failed !
20211126-200140<ERROR:00008290>: GetInteger(168, Type) failed !
20211126-200140<ERROR:00008290>: GetInteger(168, Point_x) failed !
20211126-200140<ERROR:00008290>: GetInteger(168, Point_y) failed !
20211126-200140<ERROR:00008290>: GetString(168, Content) failed !
20211126-200140<ERROR:00008290>: GetInteger(169, Type) failed !
20211126-200140<ERROR:00008290>: GetInteger(169, Point_x) failed !
20211126-200140<ERROR:00008290>: GetInteger(169, Point_y) failed !
20211126-200140<ERROR:00008290>: GetString(169, Content) failed !
20211126-200140<ERROR:00008290>: GetInteger(170, Type) failed !
20211126-200140<ERROR:00008290>: GetInteger(170, Point_x) failed !
20211126-200140<ERROR:00008290>: GetInteger(170, Point_y) failed !
20211126-200140<ERROR:00008290>: GetString(170, Content) failed !
20211126-200140<ERROR:00008290>: GetInteger(171, Type) failed !
20211126-200140<ERROR:00008290>: GetInteger(171, Point_x) failed !
20211126-200140<ERROR:00008290>: GetInteger(171, Point_y) failed !
20211126-200140<ERROR:00008290>: GetString(171, Content) failed !
20211126-200140<ERROR:00008290>: GetInteger(172, Type) failed !
20211126-200140<ERROR:00008290>: GetInteger(172, Point_x) failed !
20211126-200140<ERROR:00008290>: GetInteger(172, Point_y) failed !
20211126-200140<ERROR:00008290>: GetString(172, Content) failed !
20211126-200140<ERROR:00008290>: GetInteger(173, Type) failed !
20211126-200140<ERROR:00008290>: GetInteger(173, Point_x) failed !
20211126-200140<ERROR:00008290>: GetInteger(173, Point_y) failed !
20211126-200140<ERROR:00008290>: GetString(173, Content) failed !
20211126-200140<ERROR:00008290>: GetInteger(174, Type) failed !
20211126-200140<ERROR:00008290>: GetInteger(174, Point_x) failed !
20211126-200140<ERROR:00008290>: GetInteger(174, Point_y) failed !
20211126-200140<ERROR:00008290>: GetString(174, Content) failed !
20211126-200140<ERROR:00008290>: GetInteger(175, Type) failed !
20211126-200140<ERROR:00008290>: GetInteger(175, Point_x) failed !
20211126-200140<ERROR:00008290>: GetInteger(175, Point_y) failed !
20211126-200140<ERROR:00008290>: GetString(175, Content) failed !
20211126-200140<ERROR:00008290>: GetInteger(176, Type) failed !
20211126-200140<ERROR:00008290>: GetInteger(176, Point_x) failed !
20211126-200140<ERROR:00008290>: GetInteger(176, Point_y) failed !
20211126-200140<ERROR:00008290>: GetString(176, Content) failed !
20211126-200140<ERROR:00008290>: GetInteger(177, Type) failed !
20211126-200140<ERROR:00008290>: GetInteger(177, Point_x) failed !
20211126-200140<ERROR:00008290>: GetInteger(177, Point_y) failed !
20211126-200140<ERROR:00008290>: GetString(177, Content) failed !
20211126-200140<ERROR:00008290>: GetInteger(178, Type) failed !
20211126-200140<ERROR:00008290>: GetInteger(178, Point_x) failed !
20211126-200140<ERROR:00008290>: GetInteger(178, Point_y) failed !
20211126-200140<ERROR:00008290>: GetString(178, Content) failed !
20211126-200140<ERROR:00008290>: GetInteger(179, Type) failed !
20211126-200140<ERROR:00008290>: GetInteger(179, Point_x) failed !
20211126-200140<ERROR:00008290>: GetInteger(179, Point_y) failed !
20211126-200140<ERROR:00008290>: GetString(179, Content) failed !
20211126-200140<ERROR:00008290>: GetInteger(180, Type) failed !
20211126-200140<ERROR:00008290>: GetInteger(180, Point_x) failed !
20211126-200140<ERROR:00008290>: GetInteger(180, Point_y) failed !
20211126-200140<ERROR:00008290>: GetString(180, Content) failed !
20211126-200140<ERROR:00008290>: GetInteger(181, Type) failed !
20211126-200140<ERROR:00008290>: GetInteger(181, Point_x) failed !
20211126-200140<ERROR:00008290>: GetInteger(181, Point_y) failed !
20211126-200140<ERROR:00008290>: GetString(181, Content) failed !
20211126-200140<ERROR:00008290>: GetInteger(182, Type) failed !
20211126-200140<ERROR:00008290>: GetInteger(182, Point_x) failed !
20211126-200140<ERROR:00008290>: GetInteger(182, Point_y) failed !
20211126-200140<ERROR:00008290>: GetString(182, Content) failed !
20211126-200140<ERROR:00008290>: GetInteger(183, Type) failed !
20211126-200140<ERROR:00008290>: GetInteger(183, Point_x) failed !
20211126-200140<ERROR:00008290>: GetInteger(183, Point_y) failed !
20211126-200140<ERROR:00008290>: GetString(183, Content) failed !
20211126-200140<ERROR:00008290>: GetInteger(184, Type) failed !
20211126-200140<ERROR:00008290>: GetInteger(184, Point_x) failed !
20211126-200140<ERROR:00008290>: GetInteger(184, Point_y) failed !
20211126-200140<ERROR:00008290>: GetString(184, Content) failed !
20211126-200142<DEBUG:00008290>: KGLOG_PROCESS_ERROR(nOffset < nSize) at line 65 in s_GoNextLine
20211126-200142<ERROR:00008290>: GetString(366, 2) failed !
20211126-200143<DEBUG:00008290>: KGLOG_PROCESS_ERROR(nOffset < nSize) at line 65 in s_GoNextLine
20211126-200143<ERROR:00008290>: GetString(366, 2) failed !
20211126-200144<DEBUG:00008290>: KGLOG_PROCESS_ERROR(nOffset < nSize) at line 65 in s_GoNextLine
20211126-200144<ERROR:00008290>: GetString(366, 2) failed !
20211126-200145<DEBUG:00008290>: KGLOG_PROCESS_ERROR(nOffset < nSize) at line 65 in s_GoNextLine
20211126-200145<ERROR:00008290>: GetString(366, 2) failed !
20211126-200146<DEBUG:00008290>: KGLOG_PROCESS_ERROR(m_dwLockCode) at line 3939 in KPlayer::UnlockAction
20211126-200146<DEBUG:00008290>: Error: m_CurrentLifeMax > 0 (nBaseChange 0, nAddPChange 0, nAddVChange 0)
20211126-200146<ERROR:00008290>: GetInteger(1828, Type) failed !
20211126-200146<ERROR:00008290>: GetInteger(1828, Point_x) failed !
20211126-200146<ERROR:00008290>: GetInteger(1828, Point_y) failed !
20211126-200146<ERROR:00008290>: GetString(1828, Content) failed !
20211126-200146<ERROR:00008290>: GetInteger(1829, Type) failed !
20211126-200146<ERROR:00008290>: GetInteger(1829, Point_x) failed !
20211126-200146<ERROR:00008290>: GetInteger(1829, Point_y) failed !
20211126-200146<ERROR:00008290>: GetString(1829, Content) failed !
20211126-200146<ERROR:00008290>: GetInteger(1830, Type) failed !
20211126-200146<ERROR:00008290>: GetInteger(1830, Point_x) failed !
20211126-200146<ERROR:00008290>: GetInteger(1830, Point_y) failed !
20211126-200146<ERROR:00008290>: GetString(1830, Content) failed !
20211126-200146<ERROR:00008290>: GetInteger(1831, Type) failed !
20211126-200146<ERROR:00008290>: GetInteger(1831, Point_x) failed !
20211126-200146<ERROR:00008290>: GetInteger(1831, Point_y) failed !
20211126-200146<ERROR:00008290>: GetString(1831, Content) failed !
20211126-200146<ERROR:00008290>: GetInteger(1832, Type) failed !
20211126-200146<ERROR:00008290>: GetInteger(1832, Point_x) failed !
20211126-200146<ERROR:00008290>: GetInteger(1832, Point_y) failed !
20211126-200146<ERROR:00008290>: GetString(1832, Content) failed !
20211126-200146<ERROR:00008290>: GetInteger(1833, Type) failed !
20211126-200146<ERROR:00008290>: GetInteger(1833, Point_x) failed !
20211126-200146<ERROR:00008290>: GetInteger(1833, Point_y) failed !
20211126-200146<ERROR:00008290>: GetString(1833, Content) failed !
20211126-200146<ERROR:00008290>: GetInteger(1834, Type) failed !
20211126-200146<ERROR:00008290>: GetInteger(1834, Point_x) failed !
20211126-200146<ERROR:00008290>: GetInteger(1834, Point_y) failed !
20211126-200146<ERROR:00008290>: GetString(1834, Content) failed !
20211126-200146<ERROR:00008290>: GetInteger(1835, Type) failed !
20211126-200146<ERROR:00008290>: GetInteger(1835, Point_x) failed !
20211126-200146<ERROR:00008290>: GetInteger(1835, Point_y) failed !
20211126-200146<ERROR:00008290>: GetString(1835, Content) failed !
20211126-200146<ERROR:00008290>: GetInteger(1836, Type) failed !
20211126-200146<ERROR:00008290>: GetInteger(1836, Point_x) failed !
20211126-200146<ERROR:00008290>: GetInteger(1836, Point_y) failed !
20211126-200146<ERROR:00008290>: GetString(1836, Content) failed !
20211126-200146<ERROR:00008290>: GetInteger(1837, Type) failed !
20211126-200146<ERROR:00008290>: GetInteger(1837, Point_x) failed !
20211126-200146<ERROR:00008290>: GetInteger(1837, Point_y) failed !
20211126-200146<ERROR:00008290>: GetString(1837, Content) failed !
20211126-200146<ERROR:00008290>: GetInteger(1838, Type) failed !
20211126-200146<ERROR:00008290>: GetInteger(1838, Point_x) failed !
20211126-200146<ERROR:00008290>: GetInteger(1838, Point_y) failed !
20211126-200146<ERROR:00008290>: GetString(1838, Content) failed !
20211126-200146<ERROR:00008290>: GetInteger(1839, Type) failed !
20211126-200146<ERROR:00008290>: GetInteger(1839, Point_x) failed !
20211126-200146<ERROR:00008290>: GetInteger(1839, Point_y) failed !
20211126-200146<ERROR:00008290>: GetString(1839, Content) failed !
20211126-200146<ERROR:00008290>: GetInteger(1840, Type) failed !
20211126-200146<ERROR:00008290>: GetInteger(1840, Point_x) failed !
20211126-200146<ERROR:00008290>: GetInteger(1840, Point_y) failed !
20211126-200146<ERROR:00008290>: GetString(1840, Content) failed !
20211126-200147<DEBUG:00008290>: KGLOG_PROCESS_ERROR(m_dwLockCode) at line 3939 in KPlayer::UnlockAction
20211126-200152<DEBUG:00008290>: KGLOG_PROCESS_ERROR(nOffset < nSize) at line 65 in s_GoNextLine
20211126-200154<ERROR:00008290>: Script stack leak! (1)
20211126-200155<DEBUG:00008290>: KGLOG_PROCESS_ERROR(nOffset < nSize) at line 65 in s_GoNextLine
20211126-200155<ERROR:00008290>: GetString(366, 2) failed !
20211126-200157<DEBUG:00008290>: KGLOG_PROCESS_ERROR(nOffset < nSize) at line 65 in s_GoNextLine
20211126-200157<ERROR:00008290>: GetString(366, 2) failed !
20211126-200158<DEBUG:00008290>: KGLOG_PROCESS_ERROR(nOffset < nSize) at line 65 in s_GoNextLine
20211126-200158<ERROR:00008290>: GetString(366, 2) failed !
20211126-200200<DEBUG:00008290>: KGLOG_PROCESS_ERROR(nOffset < nSize) at line 65 in s_GoNextLine
20211126-200200<ERROR:00008290>: GetString(366, 2) failed !
20211126-200202<DEBUG:00008290>: KGLOG_PROCESS_ERROR(nOffset < nSize) at line 65 in s_GoNextLine
20211126-200202<ERROR:00008290>: GetString(366, 2) failed !
20211126-200204<DEBUG:00008290>: KGLOG_PROCESS_ERROR(nOffset < nSize) at line 65 in s_GoNextLine
20211126-200204<ERROR:00008290>: GetString(366, 2) failed !
20211126-200207<DEBUG:00008290>: KGLOG_PROCESS_ERROR(nOffset < nSize) at line 65 in s_GoNextLine
20211126-200207<ERROR:00008290>: GetString(366, 2) failed !
20211126-200208<DEBUG:00008290>: KGLOG_PROCESS_ERROR(nOffset < nSize) at line 65 in s_GoNextLine
20211126-200208<ERROR:00008290>: GetString(366, 2) failed !
20211126-200209<DEBUG:00008290>: KGLOG_PROCESS_ERROR(m_dwLockCode) at line 3939 in KPlayer::UnlockAction
20211126-200209<DEBUG:00008290>: Error: m_CurrentLifeMax > 0 (nBaseChange 0, nAddPChange 0, nAddVChange 0)
20211126-200209<ERROR:00008290>: GetInteger(374, Type) failed !
20211126-200209<ERROR:00008290>: GetInteger(374, Point_x) failed !
20211126-200209<ERROR:00008290>: GetInteger(374, Point_y) failed !
20211126-200209<ERROR:00008290>: GetString(374, Content) failed !
20211126-200209<ERROR:00008290>: GetInteger(375, Type) failed !
20211126-200209<ERROR:00008290>: GetInteger(375, Point_x) failed !
20211126-200209<ERROR:00008290>: GetInteger(375, Point_y) failed !
20211126-200209<ERROR:00008290>: GetString(375, Content) failed !
20211126-200209<ERROR:00008290>: GetInteger(376, Type) failed !
20211126-200209<ERROR:00008290>: GetInteger(376, Point_x) failed !
20211126-200209<ERROR:00008290>: GetInteger(376, Point_y) failed !
20211126-200209<ERROR:00008290>: GetString(376, Content) failed !
20211126-200209<ERROR:00008290>: GetInteger(377, Type) failed !
20211126-200209<ERROR:00008290>: GetInteger(377, Point_x) failed !
20211126-200209<ERROR:00008290>: GetInteger(377, Point_y) failed !
20211126-200209<ERROR:00008290>: GetString(377, Content) failed !
20211126-200209<ERROR:00008290>: GetInteger(378, Type) failed !
20211126-200209<ERROR:00008290>: GetInteger(378, Point_x) failed !
20211126-200209<ERROR:00008290>: GetInteger(378, Point_y) failed !
20211126-200209<ERROR:00008290>: GetString(378, Content) failed !
20211126-200209<ERROR:00008290>: GetInteger(379, Type) failed !
20211126-200209<ERROR:00008290>: GetInteger(379, Point_x) failed !
20211126-200209<ERROR:00008290>: GetInteger(379, Point_y) failed !
20211126-200209<ERROR:00008290>: GetString(379, Content) failed !
20211126-200209<ERROR:00008290>: GetInteger(380, Type) failed !
20211126-200209<ERROR:00008290>: GetInteger(380, Point_x) failed !
20211126-200209<ERROR:00008290>: GetInteger(380, Point_y) failed !
20211126-200209<ERROR:00008290>: GetString(380, Content) failed !
20211126-200209<ERROR:00008290>: GetInteger(381, Type) failed !
20211126-200209<ERROR:00008290>: GetInteger(381, Point_x) failed !
20211126-200209<ERROR:00008290>: GetInteger(381, Point_y) failed !
20211126-200209<ERROR:00008290>: GetString(381, Content) failed !
20211126-200209<ERROR:00008290>: GetInteger(382, Type) failed !
20211126-200209<ERROR:00008290>: GetInteger(382, Point_x) failed !
20211126-200209<ERROR:00008290>: GetInteger(382, Point_y) failed !
20211126-200209<ERROR:00008290>: GetString(382, Content) failed !
20211126-200209<ERROR:00008290>: GetInteger(383, Type) failed !
20211126-200209<ERROR:00008290>: GetInteger(383, Point_x) failed !
20211126-200209<ERROR:00008290>: GetInteger(383, Point_y) failed !
20211126-200209<ERROR:00008290>: GetString(383, Content) failed !
20211126-200209<ERROR:00008290>: GetInteger(384, Type) failed !
20211126-200209<ERROR:00008290>: GetInteger(384, Point_x) failed !
20211126-200209<ERROR:00008290>: GetInteger(384, Point_y) failed !
20211126-200209<ERROR:00008290>: GetString(384, Content) failed !
20211126-200209<ERROR:00008290>: GetInteger(385, Type) failed !
20211126-200209<ERROR:00008290>: GetInteger(385, Point_x) failed !
20211126-200209<ERROR:00008290>: GetInteger(385, Point_y) failed !
20211126-200209<ERROR:00008290>: GetString(385, Content) failed !
20211126-200209<ERROR:00008290>: GetInteger(386, Type) failed !
20211126-200209<ERROR:00008290>: GetInteger(386, Point_x) failed !
20211126-200209<ERROR:00008290>: GetInteger(386, Point_y) failed !
20211126-200209<ERROR:00008290>: GetString(386, Content) failed !
20211126-200209<ERROR:00008290>: GetInteger(387, Type) failed !
20211126-200209<ERROR:00008290>: GetInteger(387, Point_x) failed !
20211126-200209<ERROR:00008290>: GetInteger(387, Point_y) failed !
20211126-200209<ERROR:00008290>: GetString(387, Content) failed !
20211126-200209<ERROR:00008290>: GetInteger(388, Type) failed !
20211126-200209<ERROR:00008290>: GetInteger(388, Point_x) failed !
20211126-200209<ERROR:00008290>: GetInteger(388, Point_y) failed !
20211126-200209<ERROR:00008290>: GetString(388, Content) failed !
20211126-200209<ERROR:00008290>: GetInteger(389, Type) failed !
20211126-200209<ERROR:00008290>: GetInteger(389, Point_x) failed !
20211126-200209<ERROR:00008290>: GetInteger(389, Point_y) failed !
20211126-200209<ERROR:00008290>: GetString(389, Content) failed !
20211126-200212<DEBUG:00008290>: KGLOG_PROCESS_ERROR(nOffset < nSize) at line 65 in s_GoNextLine
20211126-200212<ERROR:00008290>: GetString(366, 2) failed !
20211126-200212<DEBUG:00008290>: KGLOG_PROCESS_ERROR(nOffset < nSize) at line 65 in s_GoNextLine
20211126-200212<ERROR:00008290>: GetString(366, 2) failed !
20211126-200214<DEBUG:00008290>: KGLOG_PROCESS_ERROR(m_dwLockCode) at line 3939 in KPlayer::UnlockAction
20211126-200214<ERROR:00008290>: GetInteger(141, Type) failed !
20211126-200214<ERROR:00008290>: GetInteger(141, Point_x) failed !
20211126-200214<ERROR:00008290>: GetInteger(141, Point_y) failed !
20211126-200214<ERROR:00008290>: GetString(141, Content) failed !
20211126-200214<ERROR:00008290>: GetInteger(142, Type) failed !
20211126-200214<ERROR:00008290>: GetInteger(142, Point_x) failed !
20211126-200214<ERROR:00008290>: GetInteger(142, Point_y) failed !
20211126-200214<ERROR:00008290>: GetString(142, Content) failed !
20211126-200214<ERROR:00008290>: GetInteger(143, Type) failed !
20211126-200214<ERROR:00008290>: GetInteger(143, Point_x) failed !
20211126-200214<ERROR:00008290>: GetInteger(143, Point_y) failed !
20211126-200214<ERROR:00008290>: GetString(143, Content) failed !
20211126-200214<ERROR:00008290>: GetInteger(144, Type) failed !
20211126-200214<ERROR:00008290>: GetInteger(144, Point_x) failed !
20211126-200214<ERROR:00008290>: GetInteger(144, Point_y) failed !
20211126-200214<ERROR:00008290>: GetString(144, Content) failed !
20211126-200214<ERROR:00008290>: GetInteger(145, Type) failed !
20211126-200214<ERROR:00008290>: GetInteger(145, Point_x) failed !
20211126-200214<ERROR:00008290>: GetInteger(145, Point_y) failed !
20211126-200214<ERROR:00008290>: GetString(145, Content) failed !
20211126-200214<ERROR:00008290>: GetInteger(146, Type) failed !
20211126-200214<ERROR:00008290>: GetInteger(146, Point_x) failed !
20211126-200214<ERROR:00008290>: GetInteger(146, Point_y) failed !
20211126-200214<ERROR:00008290>: GetString(146, Content) failed !
20211126-200214<ERROR:00008290>: GetInteger(147, Type) failed !
20211126-200214<ERROR:00008290>: GetInteger(147, Point_x) failed !
20211126-200214<ERROR:00008290>: GetInteger(147, Point_y) failed !
20211126-200214<ERROR:00008290>: GetString(147, Content) failed !
20211126-200214<ERROR:00008290>: GetInteger(148, Type) failed !
20211126-200214<ERROR:00008290>: GetInteger(148, Point_x) failed !
20211126-200214<ERROR:00008290>: GetInteger(148, Point_y) failed !
20211126-200214<ERROR:00008290>: GetString(148, Content) failed !
20211126-200214<ERROR:00008290>: GetInteger(149, Type) failed !
20211126-200214<ERROR:00008290>: GetInteger(149, Point_x) failed !
20211126-200214<ERROR:00008290>: GetInteger(149, Point_y) failed !
20211126-200214<ERROR:00008290>: GetString(149, Content) failed !
20211126-200214<ERROR:00008290>: GetInteger(150, Type) failed !
20211126-200214<ERROR:00008290>: GetInteger(150, Point_x) failed !
20211126-200214<ERROR:00008290>: GetInteger(150, Point_y) failed !
20211126-200214<ERROR:00008290>: GetString(150, Content) failed !
20211126-200214<ERROR:00008290>: GetInteger(151, Type) failed !
20211126-200214<ERROR:00008290>: GetInteger(151, Point_x) failed !
20211126-200214<ERROR:00008290>: GetInteger(151, Point_y) failed !
20211126-200214<ERROR:00008290>: GetString(151, Content) failed !
20211126-200214<ERROR:00008290>: GetInteger(152, Type) failed !
20211126-200214<ERROR:00008290>: GetInteger(152, Point_x) failed !
20211126-200214<ERROR:00008290>: GetInteger(152, Point_y) failed !
20211126-200214<ERROR:00008290>: GetString(152, Content) failed !
20211126-200214<ERROR:00008290>: GetInteger(153, Type) failed !
20211126-200214<ERROR:00008290>: GetInteger(153, Point_x) failed !
20211126-200214<ERROR:00008290>: GetInteger(153, Point_y) failed !
20211126-200214<ERROR:00008290>: GetString(153, Content) failed !
20211126-200214<ERROR:00008290>: GetInteger(154, Type) failed !
20211126-200214<ERROR:00008290>: GetInteger(154, Point_x) failed !
20211126-200214<ERROR:00008290>: GetInteger(154, Point_y) failed !
20211126-200214<ERROR:00008290>: GetString(154, Content) failed !
20211126-200214<ERROR:00008290>: GetInteger(155, Type) failed !
20211126-200214<ERROR:00008290>: GetInteger(155, Point_x) failed !
20211126-200214<ERROR:00008290>: GetInteger(155, Point_y) failed !
20211126-200214<ERROR:00008290>: GetString(155, Content) failed !
20211126-200214<ERROR:00008290>: GetInteger(156, Type) failed !
20211126-200214<ERROR:00008290>: GetInteger(156, Point_x) failed !
20211126-200214<ERROR:00008290>: GetInteger(156, Point_y) failed !
20211126-200214<ERROR:00008290>: GetString(156, Content) failed !
20211126-200214<ERROR:00008290>: GetInteger(157, Type) failed !
20211126-200214<ERROR:00008290>: GetInteger(157, Point_x) failed !
20211126-200214<ERROR:00008290>: GetInteger(157, Point_y) failed !
20211126-200214<ERROR:00008290>: GetString(157, Content) failed !
20211126-200214<ERROR:00008290>: GetInteger(158, Type) failed !
20211126-200214<ERROR:00008290>: GetInteger(158, Point_x) failed !
20211126-200214<ERROR:00008290>: GetInteger(158, Point_y) failed !
20211126-200214<ERROR:00008290>: GetString(158, Content) failed !
20211126-200214<ERROR:00008290>: GetInteger(159, Type) failed !
20211126-200214<ERROR:00008290>: GetInteger(159, Point_x) failed !
20211126-200214<ERROR:00008290>: GetInteger(159, Point_y) failed !
20211126-200214<ERROR:00008290>: GetString(159, Content) failed !
20211126-200214<ERROR:00008290>: GetInteger(160, Type) failed !
20211126-200214<ERROR:00008290>: GetInteger(160, Point_x) failed !
20211126-200214<ERROR:00008290>: GetInteger(160, Point_y) failed !
20211126-200214<ERROR:00008290>: GetString(160, Content) failed !
20211126-200214<ERROR:00008290>: GetInteger(161, Type) failed !
20211126-200214<ERROR:00008290>: GetInteger(161, Point_x) failed !
20211126-200214<ERROR:00008290>: GetInteger(161, Point_y) failed !
20211126-200214<ERROR:00008290>: GetString(161, Content) failed !
20211126-200214<ERROR:00008290>: GetInteger(162, Type) failed !
20211126-200214<ERROR:00008290>: GetInteger(162, Point_x) failed !
20211126-200214<ERROR:00008290>: GetInteger(162, Point_y) failed !
20211126-200214<ERROR:00008290>: GetString(162, Content) failed !
20211126-200214<ERROR:00008290>: GetInteger(163, Type) failed !
20211126-200214<ERROR:00008290>: GetInteger(163, Point_x) failed !
20211126-200214<ERROR:00008290>: GetInteger(163, Point_y) failed !
20211126-200214<ERROR:00008290>: GetString(163, Content) failed !
20211126-200214<ERROR:00008290>: GetInteger(164, Type) failed !
20211126-200214<ERROR:00008290>: GetInteger(164, Point_x) failed !
20211126-200214<ERROR:00008290>: GetInteger(164, Point_y) failed !
20211126-200214<ERROR:00008290>: GetString(164, Content) failed !
20211126-200214<ERROR:00008290>: GetInteger(165, Type) failed !
20211126-200214<ERROR:00008290>: GetInteger(165, Point_x) failed !
20211126-200214<ERROR:00008290>: GetInteger(165, Point_y) failed !
20211126-200214<ERROR:00008290>: GetString(165, Content) failed !
20211126-200214<ERROR:00008290>: GetInteger(166, Type) failed !
20211126-200214<ERROR:00008290>: GetInteger(166, Point_x) failed !
20211126-200214<ERROR:00008290>: GetInteger(166, Point_y) failed !
20211126-200214<ERROR:00008290>: GetString(166, Content) failed !
20211126-200214<ERROR:00008290>: GetInteger(167, Type) failed !
20211126-200214<ERROR:00008290>: GetInteger(167, Point_x) failed !
20211126-200214<ERROR:00008290>: GetInteger(167, Point_y) failed !
20211126-200214<ERROR:00008290>: GetString(167, Content) failed !
20211126-200214<ERROR:00008290>: GetInteger(168, Type) failed !
20211126-200214<ERROR:00008290>: GetInteger(168, Point_x) failed !
20211126-200214<ERROR:00008290>: GetInteger(168, Point_y) failed !
20211126-200214<ERROR:00008290>: GetString(168, Content) failed !
20211126-200214<ERROR:00008290>: GetInteger(169, Type) failed !
20211126-200214<ERROR:00008290>: GetInteger(169, Point_x) failed !
20211126-200214<ERROR:00008290>: GetInteger(169, Point_y) failed !
20211126-200214<ERROR:00008290>: GetString(169, Content) failed !
20211126-200214<ERROR:00008290>: GetInteger(170, Type) failed !
20211126-200214<ERROR:00008290>: GetInteger(170, Point_x) failed !
20211126-200214<ERROR:00008290>: GetInteger(170, Point_y) failed !
20211126-200214<ERROR:00008290>: GetString(170, Content) failed !
20211126-200214<ERROR:00008290>: GetInteger(171, Type) failed !
20211126-200214<ERROR:00008290>: GetInteger(171, Point_x) failed !
20211126-200214<ERROR:00008290>: GetInteger(171, Point_y) failed !
20211126-200214<ERROR:00008290>: GetString(171, Content) failed !
20211126-200214<ERROR:00008290>: GetInteger(172, Type) failed !
20211126-200214<ERROR:00008290>: GetInteger(172, Point_x) failed !
20211126-200214<ERROR:00008290>: GetInteger(172, Point_y) failed !
20211126-200214<ERROR:00008290>: GetString(172, Content) failed !
20211126-200214<ERROR:00008290>: GetInteger(173, Type) failed !
20211126-200214<ERROR:00008290>: GetInteger(173, Point_x) failed !
20211126-200214<ERROR:00008290>: GetInteger(173, Point_y) failed !
20211126-200214<ERROR:00008290>: GetString(173, Content) failed !
20211126-200214<ERROR:00008290>: GetInteger(174, Type) failed !
20211126-200214<ERROR:00008290>: GetInteger(174, Point_x) failed !
20211126-200214<ERROR:00008290>: GetInteger(174, Point_y) failed !
20211126-200214<ERROR:00008290>: GetString(174, Content) failed !
20211126-200214<ERROR:00008290>: GetInteger(175, Type) failed !
20211126-200214<ERROR:00008290>: GetInteger(175, Point_x) failed !
20211126-200214<ERROR:00008290>: GetInteger(175, Point_y) failed !
20211126-200214<ERROR:00008290>: GetString(175, Content) failed !
20211126-200214<ERROR:00008290>: GetInteger(176, Type) failed !
20211126-200214<ERROR:00008290>: GetInteger(176, Point_x) failed !
20211126-200214<ERROR:00008290>: GetInteger(176, Point_y) failed !
20211126-200214<ERROR:00008290>: GetString(176, Content) failed !
20211126-200214<ERROR:00008290>: GetInteger(177, Type) failed !
20211126-200214<ERROR:00008290>: GetInteger(177, Point_x) failed !
20211126-200214<ERROR:00008290>: GetInteger(177, Point_y) failed !
20211126-200214<ERROR:00008290>: GetString(177, Content) failed !
20211126-200214<ERROR:00008290>: GetInteger(178, Type) failed !
20211126-200214<ERROR:00008290>: GetInteger(178, Point_x) failed !
20211126-200214<ERROR:00008290>: GetInteger(178, Point_y) failed !
20211126-200214<ERROR:00008290>: GetString(178, Content) failed !
20211126-200214<ERROR:00008290>: GetInteger(179, Type) failed !
20211126-200214<ERROR:00008290>: GetInteger(179, Point_x) failed !
20211126-200214<ERROR:00008290>: GetInteger(179, Point_y) failed !
20211126-200214<ERROR:00008290>: GetString(179, Content) failed !
20211126-200214<ERROR:00008290>: GetInteger(180, Type) failed !
20211126-200214<ERROR:00008290>: GetInteger(180, Point_x) failed !
20211126-200214<ERROR:00008290>: GetInteger(180, Point_y) failed !
20211126-200214<ERROR:00008290>: GetString(180, Content) failed !
20211126-200214<ERROR:00008290>: GetInteger(181, Type) failed !
20211126-200214<ERROR:00008290>: GetInteger(181, Point_x) failed !
20211126-200214<ERROR:00008290>: GetInteger(181, Point_y) failed !
20211126-200214<ERROR:00008290>: GetString(181, Content) failed !
20211126-200214<ERROR:00008290>: GetInteger(182, Type) failed !
20211126-200214<ERROR:00008290>: GetInteger(182, Point_x) failed !
20211126-200214<ERROR:00008290>: GetInteger(182, Point_y) failed !
20211126-200214<ERROR:00008290>: GetString(182, Content) failed !
20211126-200214<ERROR:00008290>: GetInteger(183, Type) failed !
20211126-200214<ERROR:00008290>: GetInteger(183, Point_x) failed !
20211126-200214<ERROR:00008290>: GetInteger(183, Point_y) failed !
20211126-200214<ERROR:00008290>: GetString(183, Content) failed !
20211126-200214<ERROR:00008290>: GetInteger(184, Type) failed !
20211126-200214<ERROR:00008290>: GetInteger(184, Point_x) failed !
20211126-200214<ERROR:00008290>: GetInteger(184, Point_y) failed !
20211126-200214<ERROR:00008290>: GetString(184, Content) failed !
20211126-200222<DEBUG:00008290>: KGLOG_PROCESS_ERROR(nOffset < nSize) at line 65 in s_GoNextLine
20211126-200222<ERROR:00008290>: GetString(366, 2) failed !
20211126-200231<DEBUG:00008290>: KGLOG_PROCESS_ERROR(nOffset < nSize) at line 65 in s_GoNextLine
20211126-200231<ERROR:00008290>: GetString(366, 2) failed !
20211126-200233<ERROR:00008290>: Script stack leak! (3)
20211126-200234<ERROR:00008290>: Script stack leak! (3)
20211126-200236<ERROR:00008290>: Script stack leak! (3)
20211126-200238<ERROR:00008290>: Script stack leak! (3)
20211126-200240<ERROR:00008290>: Script stack leak! (3)
20211126-200247<DEBUG:00008290>: KGLOG_PROCESS_ERROR(nOffset < nSize) at line 65 in s_GoNextLine
20211126-200247<ERROR:00008290>: GetString(366, 2) failed !
20211126-200250<DEBUG:00008290>: KGLOG_PROCESS_ERROR(nOffset < nSize) at line 65 in s_GoNextLine
20211126-200250<ERROR:00008290>: GetString(366, 2) failed !
20211126-200250<DEBUG:00008290>: KGLOG_PROCESS_ERROR(nOffset < nSize) at line 65 in s_GoNextLine
20211126-200250<ERROR:00008290>: GetString(366, 2) failed !
20211126-200250<DEBUG:00008290>: KGLOG_PROCESS_ERROR(nOffset < nSize) at line 65 in s_GoNextLine
20211126-200250<ERROR:00008290>: GetString(366, 2) failed !
20211126-200250<DEBUG:00008290>: KGLOG_PROCESS_ERROR(nOffset < nSize) at line 65 in s_GoNextLine
20211126-200250<ERROR:00008290>: GetString(366, 2) failed !
20211126-200250<DEBUG:00008290>: KGLOG_PROCESS_ERROR(nOffset < nSize) at line 65 in s_GoNextLine
20211126-200250<ERROR:00008290>: GetString(366, 2) failed !
20211126-200306<DEBUG:00008290>: KGLOG_PROCESS_ERROR(nOffset < nSize) at line 65 in s_GoNextLine
20211126-200306<ERROR:00008290>: GetString(366, 2) failed !
20211126-200652<DEBUG:00008290>: KGLOG_PROCESS_ERROR(nOffset < nSize) at line 65 in s_GoNextLine
20211126-200652<ERROR:00008290>: GetString(366, 2) failed !
20211126-200652<DEBUG:00008290>: KGLOG_PROCESS_ERROR(nOffset < nSize) at line 65 in s_GoNextLine
20211126-200652<ERROR:00008290>: GetString(366, 2) failed !
20211126-200652<DEBUG:00008290>: KGLOG_PROCESS_ERROR(nOffset < nSize) at line 65 in s_GoNextLine
20211126-200652<ERROR:00008290>: GetString(366, 2) failed !
20211126-200652<DEBUG:00008290>: KGLOG_PROCESS_ERROR(nOffset < nSize) at line 65 in s_GoNextLine
20211126-200652<ERROR:00008290>: GetString(366, 2) failed !
20211126-200652<DEBUG:00008290>: KGLOG_PROCESS_ERROR(nOffset < nSize) at line 65 in s_GoNextLine
20211126-200652<ERROR:00008290>: GetString(366, 2) failed !
20211126-200658<DEBUG:00008290>: KGLOG_PROCESS_ERROR(nOffset < nSize) at line 65 in s_GoNextLine
20211126-200658<ERROR:00008290>: GetString(366, 2) failed !
20211126-200701<DEBUG:00008290>: KGLOG_PROCESS_ERROR(nOffset < nSize) at line 65 in s_GoNextLine
20211126-200701<ERROR:00008290>: GetString(366, 2) failed !
20211126-200705<DEBUG:00008290>: KGLOG_PROCESS_ERROR(nOffset < nSize) at line 65 in s_GoNextLine
20211126-200705<ERROR:00008290>: GetString(366, 2) failed !
20211126-200705<DEBUG:00008290>: KGLOG_PROCESS_ERROR(nOffset < nSize) at line 65 in s_GoNextLine
20211126-200705<ERROR:00008290>: GetString(366, 2) failed !
20211126-200705<DEBUG:00008290>: KGLOG_PROCESS_ERROR(nOffset < nSize) at line 65 in s_GoNextLine
20211126-200705<ERROR:00008290>: GetString(366, 2) failed !
20211126-200705<DEBUG:00008290>: KGLOG_PROCESS_ERROR(nOffset < nSize) at line 65 in s_GoNextLine
20211126-200705<ERROR:00008290>: GetString(366, 2) failed !
20211126-200705<DEBUG:00008290>: KGLOG_PROCESS_ERROR(nOffset < nSize) at line 65 in s_GoNextLine
20211126-200705<ERROR:00008290>: GetString(366, 2) failed !
20211126-200711<DEBUG:00008290>: KGLOG_PROCESS_ERROR(nOffset < nSize) at line 65 in s_GoNextLine
20211126-200711<ERROR:00008290>: GetString(366, 2) failed !
20211126-200712<DEBUG:00008290>: KGLOG_PROCESS_ERROR(m_dwLockCode) at line 3939 in KPlayer::UnlockAction
20211126-200712<DEBUG:00008290>: Error: m_CurrentLifeMax > 0 (nBaseChange 0, nAddPChange 0, nAddVChange 0)
20211126-200714<DEBUG:00008290>: KGLOG_PROCESS_ERROR(nOffset < nSize) at line 65 in s_GoNextLine
