20211126-201835<DEBUG:0000A56C>: [PrevInitCore]:1, start tickers = 31915777798971
20211126-201835<ERROR:0000A56C>: GetString(2, Level) failed !
20211126-201835<ERROR:0000A56C>: GetString(3, Level) failed !
20211126-201835<ERROR:0000A56C>: GetString(4, Level) failed !
20211126-201835<ERROR:0000A56C>: GetString(5, Level) failed !
20211126-201835<ERROR:0000A56C>: GetString(6, Level) failed !
20211126-201835<ERROR:0000A56C>: GetString(7, Level) failed !
20211126-201835<ERROR:0000A56C>: GetString(8, Level) failed !
20211126-201835<ERROR:0000A56C>: GetString(9, Level) failed !
20211126-201835<ERROR:0000A56C>: GetString(10, Level) failed !
20211126-201835<ERROR:0000A56C>: GetString(11, Level) failed !
20211126-201835<ERROR:0000A56C>: GetString(12, Level) failed !
20211126-201835<ERROR:0000A56C>: GetString(13, Level) failed !
20211126-201835<ERROR:0000A56C>: GetString(14, Level) failed !
20211126-201835<ERROR:0000A56C>: GetString(15, Level) failed !
20211126-201835<ERROR:0000A56C>: GetString(16, Level) failed !
20211126-201835<ERROR:0000A56C>: GetString(17, Level) failed !
20211126-201835<DEBUG:0000A56C>: [PrevInitCore]:1->[PrevInitCore]:0 timeout, tickers = 1843922634
20211126-201835<DEBUG:0000A56C>: KGLOG_PROCESS_ERROR(nCount >= 3) at line 69 in _g_GetColorValue
20211126-201840<DEBUG:0000A56C>: KGLOG_PROCESS_ERROR(nOffset < nSize) at line 65 in s_GoNextLine
20211126-201840<ERROR:0000A56C>: GetInteger(12, 1) failed !
20211126-201841<DEBUG:0000A56C>: KGLOG_PROCESS_ERROR(bRetCode) at line 145 in KUIManage::LoadUiGroup
20211126-201841<DEBUG:0000A56C>: KGLOG_PROCESS_ERROR(bRetCode) at line 145 in KUIManage::LoadUiGroup
20211126-201841<ERROR:0000A56C>: Script stack leak! (2)
20211126-201904<DEBUG:0000A56C>: Error: m_CurrentLifeMax > 0 (nBaseChange 0, nAddPChange 0, nAddVChange 0)
20211126-201905<ERROR:0000A56C>: GetInteger(141, Type) failed !
20211126-201905<ERROR:0000A56C>: GetInteger(141, Point_x) failed !
20211126-201905<ERROR:0000A56C>: GetInteger(141, Point_y) failed !
20211126-201905<ERROR:0000A56C>: GetString(141, Content) failed !
20211126-201905<ERROR:0000A56C>: GetInteger(142, Type) failed !
20211126-201905<ERROR:0000A56C>: GetInteger(142, Point_x) failed !
20211126-201905<ERROR:0000A56C>: GetInteger(142, Point_y) failed !
20211126-201905<ERROR:0000A56C>: GetString(142, Content) failed !
20211126-201905<ERROR:0000A56C>: GetInteger(143, Type) failed !
20211126-201905<ERROR:0000A56C>: GetInteger(143, Point_x) failed !
20211126-201905<ERROR:0000A56C>: GetInteger(143, Point_y) failed !
20211126-201905<ERROR:0000A56C>: GetString(143, Content) failed !
20211126-201905<ERROR:0000A56C>: GetInteger(144, Type) failed !
20211126-201905<ERROR:0000A56C>: GetInteger(144, Point_x) failed !
20211126-201905<ERROR:0000A56C>: GetInteger(144, Point_y) failed !
20211126-201905<ERROR:0000A56C>: GetString(144, Content) failed !
20211126-201905<ERROR:0000A56C>: GetInteger(145, Type) failed !
20211126-201905<ERROR:0000A56C>: GetInteger(145, Point_x) failed !
20211126-201905<ERROR:0000A56C>: GetInteger(145, Point_y) failed !
20211126-201905<ERROR:0000A56C>: GetString(145, Content) failed !
20211126-201905<ERROR:0000A56C>: GetInteger(146, Type) failed !
20211126-201905<ERROR:0000A56C>: GetInteger(146, Point_x) failed !
20211126-201905<ERROR:0000A56C>: GetInteger(146, Point_y) failed !
20211126-201905<ERROR:0000A56C>: GetString(146, Content) failed !
20211126-201905<ERROR:0000A56C>: GetInteger(147, Type) failed !
20211126-201905<ERROR:0000A56C>: GetInteger(147, Point_x) failed !
20211126-201905<ERROR:0000A56C>: GetInteger(147, Point_y) failed !
20211126-201905<ERROR:0000A56C>: GetString(147, Content) failed !
20211126-201905<ERROR:0000A56C>: GetInteger(148, Type) failed !
20211126-201905<ERROR:0000A56C>: GetInteger(148, Point_x) failed !
20211126-201905<ERROR:0000A56C>: GetInteger(148, Point_y) failed !
20211126-201905<ERROR:0000A56C>: GetString(148, Content) failed !
20211126-201905<ERROR:0000A56C>: GetInteger(149, Type) failed !
20211126-201905<ERROR:0000A56C>: GetInteger(149, Point_x) failed !
20211126-201905<ERROR:0000A56C>: GetInteger(149, Point_y) failed !
20211126-201905<ERROR:0000A56C>: GetString(149, Content) failed !
20211126-201905<ERROR:0000A56C>: GetInteger(150, Type) failed !
20211126-201905<ERROR:0000A56C>: GetInteger(150, Point_x) failed !
20211126-201905<ERROR:0000A56C>: GetInteger(150, Point_y) failed !
20211126-201905<ERROR:0000A56C>: GetString(150, Content) failed !
20211126-201905<ERROR:0000A56C>: GetInteger(151, Type) failed !
20211126-201905<ERROR:0000A56C>: GetInteger(151, Point_x) failed !
20211126-201905<ERROR:0000A56C>: GetInteger(151, Point_y) failed !
20211126-201905<ERROR:0000A56C>: GetString(151, Content) failed !
20211126-201905<ERROR:0000A56C>: GetInteger(152, Type) failed !
20211126-201905<ERROR:0000A56C>: GetInteger(152, Point_x) failed !
20211126-201905<ERROR:0000A56C>: GetInteger(152, Point_y) failed !
20211126-201905<ERROR:0000A56C>: GetString(152, Content) failed !
20211126-201905<ERROR:0000A56C>: GetInteger(153, Type) failed !
20211126-201905<ERROR:0000A56C>: GetInteger(153, Point_x) failed !
20211126-201905<ERROR:0000A56C>: GetInteger(153, Point_y) failed !
20211126-201905<ERROR:0000A56C>: GetString(153, Content) failed !
20211126-201905<ERROR:0000A56C>: GetInteger(154, Type) failed !
20211126-201905<ERROR:0000A56C>: GetInteger(154, Point_x) failed !
20211126-201905<ERROR:0000A56C>: GetInteger(154, Point_y) failed !
20211126-201905<ERROR:0000A56C>: GetString(154, Content) failed !
20211126-201905<ERROR:0000A56C>: GetInteger(155, Type) failed !
20211126-201905<ERROR:0000A56C>: GetInteger(155, Point_x) failed !
20211126-201905<ERROR:0000A56C>: GetInteger(155, Point_y) failed !
20211126-201905<ERROR:0000A56C>: GetString(155, Content) failed !
20211126-201905<ERROR:0000A56C>: GetInteger(156, Type) failed !
20211126-201905<ERROR:0000A56C>: GetInteger(156, Point_x) failed !
20211126-201905<ERROR:0000A56C>: GetInteger(156, Point_y) failed !
20211126-201905<ERROR:0000A56C>: GetString(156, Content) failed !
20211126-201905<ERROR:0000A56C>: GetInteger(157, Type) failed !
20211126-201905<ERROR:0000A56C>: GetInteger(157, Point_x) failed !
20211126-201905<ERROR:0000A56C>: GetInteger(157, Point_y) failed !
20211126-201905<ERROR:0000A56C>: GetString(157, Content) failed !
20211126-201905<ERROR:0000A56C>: GetInteger(158, Type) failed !
20211126-201905<ERROR:0000A56C>: GetInteger(158, Point_x) failed !
20211126-201905<ERROR:0000A56C>: GetInteger(158, Point_y) failed !
20211126-201905<ERROR:0000A56C>: GetString(158, Content) failed !
20211126-201905<ERROR:0000A56C>: GetInteger(159, Type) failed !
20211126-201905<ERROR:0000A56C>: GetInteger(159, Point_x) failed !
20211126-201905<ERROR:0000A56C>: GetInteger(159, Point_y) failed !
20211126-201905<ERROR:0000A56C>: GetString(159, Content) failed !
20211126-201905<ERROR:0000A56C>: GetInteger(160, Type) failed !
20211126-201905<ERROR:0000A56C>: GetInteger(160, Point_x) failed !
20211126-201905<ERROR:0000A56C>: GetInteger(160, Point_y) failed !
20211126-201905<ERROR:0000A56C>: GetString(160, Content) failed !
20211126-201905<ERROR:0000A56C>: GetInteger(161, Type) failed !
20211126-201905<ERROR:0000A56C>: GetInteger(161, Point_x) failed !
20211126-201905<ERROR:0000A56C>: GetInteger(161, Point_y) failed !
20211126-201905<ERROR:0000A56C>: GetString(161, Content) failed !
20211126-201905<ERROR:0000A56C>: GetInteger(162, Type) failed !
20211126-201905<ERROR:0000A56C>: GetInteger(162, Point_x) failed !
20211126-201905<ERROR:0000A56C>: GetInteger(162, Point_y) failed !
20211126-201905<ERROR:0000A56C>: GetString(162, Content) failed !
20211126-201905<ERROR:0000A56C>: GetInteger(163, Type) failed !
20211126-201905<ERROR:0000A56C>: GetInteger(163, Point_x) failed !
20211126-201905<ERROR:0000A56C>: GetInteger(163, Point_y) failed !
20211126-201905<ERROR:0000A56C>: GetString(163, Content) failed !
20211126-201905<ERROR:0000A56C>: GetInteger(164, Type) failed !
20211126-201905<ERROR:0000A56C>: GetInteger(164, Point_x) failed !
20211126-201905<ERROR:0000A56C>: GetInteger(164, Point_y) failed !
20211126-201905<ERROR:0000A56C>: GetString(164, Content) failed !
20211126-201905<ERROR:0000A56C>: GetInteger(165, Type) failed !
20211126-201905<ERROR:0000A56C>: GetInteger(165, Point_x) failed !
20211126-201905<ERROR:0000A56C>: GetInteger(165, Point_y) failed !
20211126-201905<ERROR:0000A56C>: GetString(165, Content) failed !
20211126-201905<ERROR:0000A56C>: GetInteger(166, Type) failed !
20211126-201905<ERROR:0000A56C>: GetInteger(166, Point_x) failed !
20211126-201905<ERROR:0000A56C>: GetInteger(166, Point_y) failed !
20211126-201905<ERROR:0000A56C>: GetString(166, Content) failed !
20211126-201905<ERROR:0000A56C>: GetInteger(167, Type) failed !
20211126-201905<ERROR:0000A56C>: GetInteger(167, Point_x) failed !
20211126-201905<ERROR:0000A56C>: GetInteger(167, Point_y) failed !
20211126-201905<ERROR:0000A56C>: GetString(167, Content) failed !
20211126-201905<ERROR:0000A56C>: GetInteger(168, Type) failed !
20211126-201905<ERROR:0000A56C>: GetInteger(168, Point_x) failed !
20211126-201905<ERROR:0000A56C>: GetInteger(168, Point_y) failed !
20211126-201905<ERROR:0000A56C>: GetString(168, Content) failed !
20211126-201905<ERROR:0000A56C>: GetInteger(169, Type) failed !
20211126-201905<ERROR:0000A56C>: GetInteger(169, Point_x) failed !
20211126-201905<ERROR:0000A56C>: GetInteger(169, Point_y) failed !
20211126-201905<ERROR:0000A56C>: GetString(169, Content) failed !
20211126-201905<ERROR:0000A56C>: GetInteger(170, Type) failed !
20211126-201905<ERROR:0000A56C>: GetInteger(170, Point_x) failed !
20211126-201905<ERROR:0000A56C>: GetInteger(170, Point_y) failed !
20211126-201905<ERROR:0000A56C>: GetString(170, Content) failed !
20211126-201905<ERROR:0000A56C>: GetInteger(171, Type) failed !
20211126-201905<ERROR:0000A56C>: GetInteger(171, Point_x) failed !
20211126-201905<ERROR:0000A56C>: GetInteger(171, Point_y) failed !
20211126-201905<ERROR:0000A56C>: GetString(171, Content) failed !
20211126-201905<ERROR:0000A56C>: GetInteger(172, Type) failed !
20211126-201905<ERROR:0000A56C>: GetInteger(172, Point_x) failed !
20211126-201905<ERROR:0000A56C>: GetInteger(172, Point_y) failed !
20211126-201905<ERROR:0000A56C>: GetString(172, Content) failed !
20211126-201905<ERROR:0000A56C>: GetInteger(173, Type) failed !
20211126-201905<ERROR:0000A56C>: GetInteger(173, Point_x) failed !
20211126-201905<ERROR:0000A56C>: GetInteger(173, Point_y) failed !
20211126-201905<ERROR:0000A56C>: GetString(173, Content) failed !
20211126-201905<ERROR:0000A56C>: GetInteger(174, Type) failed !
20211126-201905<ERROR:0000A56C>: GetInteger(174, Point_x) failed !
20211126-201905<ERROR:0000A56C>: GetInteger(174, Point_y) failed !
20211126-201905<ERROR:0000A56C>: GetString(174, Content) failed !
20211126-201905<ERROR:0000A56C>: GetInteger(175, Type) failed !
20211126-201905<ERROR:0000A56C>: GetInteger(175, Point_x) failed !
20211126-201905<ERROR:0000A56C>: GetInteger(175, Point_y) failed !
20211126-201905<ERROR:0000A56C>: GetString(175, Content) failed !
20211126-201905<ERROR:0000A56C>: GetInteger(176, Type) failed !
20211126-201905<ERROR:0000A56C>: GetInteger(176, Point_x) failed !
20211126-201905<ERROR:0000A56C>: GetInteger(176, Point_y) failed !
20211126-201905<ERROR:0000A56C>: GetString(176, Content) failed !
20211126-201905<ERROR:0000A56C>: GetInteger(177, Type) failed !
20211126-201905<ERROR:0000A56C>: GetInteger(177, Point_x) failed !
20211126-201905<ERROR:0000A56C>: GetInteger(177, Point_y) failed !
20211126-201905<ERROR:0000A56C>: GetString(177, Content) failed !
20211126-201905<ERROR:0000A56C>: GetInteger(178, Type) failed !
20211126-201905<ERROR:0000A56C>: GetInteger(178, Point_x) failed !
20211126-201905<ERROR:0000A56C>: GetInteger(178, Point_y) failed !
20211126-201905<ERROR:0000A56C>: GetString(178, Content) failed !
20211126-201905<ERROR:0000A56C>: GetInteger(179, Type) failed !
20211126-201905<ERROR:0000A56C>: GetInteger(179, Point_x) failed !
20211126-201905<ERROR:0000A56C>: GetInteger(179, Point_y) failed !
20211126-201905<ERROR:0000A56C>: GetString(179, Content) failed !
20211126-201905<ERROR:0000A56C>: GetInteger(180, Type) failed !
20211126-201905<ERROR:0000A56C>: GetInteger(180, Point_x) failed !
20211126-201905<ERROR:0000A56C>: GetInteger(180, Point_y) failed !
20211126-201905<ERROR:0000A56C>: GetString(180, Content) failed !
20211126-201905<ERROR:0000A56C>: GetInteger(181, Type) failed !
20211126-201905<ERROR:0000A56C>: GetInteger(181, Point_x) failed !
20211126-201905<ERROR:0000A56C>: GetInteger(181, Point_y) failed !
20211126-201905<ERROR:0000A56C>: GetString(181, Content) failed !
20211126-201905<ERROR:0000A56C>: GetInteger(182, Type) failed !
20211126-201905<ERROR:0000A56C>: GetInteger(182, Point_x) failed !
20211126-201905<ERROR:0000A56C>: GetInteger(182, Point_y) failed !
20211126-201905<ERROR:0000A56C>: GetString(182, Content) failed !
20211126-201905<ERROR:0000A56C>: GetInteger(183, Type) failed !
20211126-201905<ERROR:0000A56C>: GetInteger(183, Point_x) failed !
20211126-201905<ERROR:0000A56C>: GetInteger(183, Point_y) failed !
20211126-201905<ERROR:0000A56C>: GetString(183, Content) failed !
20211126-201905<ERROR:0000A56C>: GetInteger(184, Type) failed !
20211126-201905<ERROR:0000A56C>: GetInteger(184, Point_x) failed !
20211126-201905<ERROR:0000A56C>: GetInteger(184, Point_y) failed !
20211126-201905<ERROR:0000A56C>: GetString(184, Content) failed !
20211126-201905<DEBUG:0000A56C>: KGLOG_PROCESS_ERROR(nOutLen > 0) at line 122 in s_Ansi_Utf16
20211126-201905<ERROR:0000A56C>: GetInteger(141, Type) failed !
20211126-201905<ERROR:0000A56C>: GetInteger(141, Point_x) failed !
20211126-201905<ERROR:0000A56C>: GetInteger(141, Point_y) failed !
20211126-201905<ERROR:0000A56C>: GetString(141, Content) failed !
20211126-201905<ERROR:0000A56C>: GetInteger(142, Type) failed !
20211126-201905<ERROR:0000A56C>: GetInteger(142, Point_x) failed !
20211126-201905<ERROR:0000A56C>: GetInteger(142, Point_y) failed !
20211126-201905<ERROR:0000A56C>: GetString(142, Content) failed !
20211126-201905<ERROR:0000A56C>: GetInteger(143, Type) failed !
20211126-201905<ERROR:0000A56C>: GetInteger(143, Point_x) failed !
20211126-201905<ERROR:0000A56C>: GetInteger(143, Point_y) failed !
20211126-201905<ERROR:0000A56C>: GetString(143, Content) failed !
20211126-201905<ERROR:0000A56C>: GetInteger(144, Type) failed !
20211126-201905<ERROR:0000A56C>: GetInteger(144, Point_x) failed !
20211126-201905<ERROR:0000A56C>: GetInteger(144, Point_y) failed !
20211126-201905<ERROR:0000A56C>: GetString(144, Content) failed !
20211126-201905<ERROR:0000A56C>: GetInteger(145, Type) failed !
20211126-201905<ERROR:0000A56C>: GetInteger(145, Point_x) failed !
20211126-201905<ERROR:0000A56C>: GetInteger(145, Point_y) failed !
20211126-201905<ERROR:0000A56C>: GetString(145, Content) failed !
20211126-201905<ERROR:0000A56C>: GetInteger(146, Type) failed !
20211126-201905<ERROR:0000A56C>: GetInteger(146, Point_x) failed !
20211126-201905<ERROR:0000A56C>: GetInteger(146, Point_y) failed !
20211126-201905<ERROR:0000A56C>: GetString(146, Content) failed !
20211126-201905<ERROR:0000A56C>: GetInteger(147, Type) failed !
20211126-201905<ERROR:0000A56C>: GetInteger(147, Point_x) failed !
20211126-201905<ERROR:0000A56C>: GetInteger(147, Point_y) failed !
20211126-201905<ERROR:0000A56C>: GetString(147, Content) failed !
20211126-201905<ERROR:0000A56C>: GetInteger(148, Type) failed !
20211126-201905<ERROR:0000A56C>: GetInteger(148, Point_x) failed !
20211126-201905<ERROR:0000A56C>: GetInteger(148, Point_y) failed !
20211126-201905<ERROR:0000A56C>: GetString(148, Content) failed !
20211126-201905<ERROR:0000A56C>: GetInteger(149, Type) failed !
20211126-201905<ERROR:0000A56C>: GetInteger(149, Point_x) failed !
20211126-201905<ERROR:0000A56C>: GetInteger(149, Point_y) failed !
20211126-201905<ERROR:0000A56C>: GetString(149, Content) failed !
20211126-201905<ERROR:0000A56C>: GetInteger(150, Type) failed !
20211126-201905<ERROR:0000A56C>: GetInteger(150, Point_x) failed !
20211126-201905<ERROR:0000A56C>: GetInteger(150, Point_y) failed !
20211126-201905<ERROR:0000A56C>: GetString(150, Content) failed !
20211126-201905<ERROR:0000A56C>: GetInteger(151, Type) failed !
20211126-201905<ERROR:0000A56C>: GetInteger(151, Point_x) failed !
20211126-201905<ERROR:0000A56C>: GetInteger(151, Point_y) failed !
20211126-201905<ERROR:0000A56C>: GetString(151, Content) failed !
20211126-201905<ERROR:0000A56C>: GetInteger(152, Type) failed !
20211126-201905<ERROR:0000A56C>: GetInteger(152, Point_x) failed !
20211126-201905<ERROR:0000A56C>: GetInteger(152, Point_y) failed !
20211126-201905<ERROR:0000A56C>: GetString(152, Content) failed !
20211126-201905<ERROR:0000A56C>: GetInteger(153, Type) failed !
20211126-201905<ERROR:0000A56C>: GetInteger(153, Point_x) failed !
20211126-201905<ERROR:0000A56C>: GetInteger(153, Point_y) failed !
20211126-201905<ERROR:0000A56C>: GetString(153, Content) failed !
20211126-201905<ERROR:0000A56C>: GetInteger(154, Type) failed !
20211126-201905<ERROR:0000A56C>: GetInteger(154, Point_x) failed !
20211126-201905<ERROR:0000A56C>: GetInteger(154, Point_y) failed !
20211126-201905<ERROR:0000A56C>: GetString(154, Content) failed !
20211126-201905<ERROR:0000A56C>: GetInteger(155, Type) failed !
20211126-201905<ERROR:0000A56C>: GetInteger(155, Point_x) failed !
20211126-201905<ERROR:0000A56C>: GetInteger(155, Point_y) failed !
20211126-201905<ERROR:0000A56C>: GetString(155, Content) failed !
20211126-201905<ERROR:0000A56C>: GetInteger(156, Type) failed !
20211126-201905<ERROR:0000A56C>: GetInteger(156, Point_x) failed !
20211126-201905<ERROR:0000A56C>: GetInteger(156, Point_y) failed !
20211126-201905<ERROR:0000A56C>: GetString(156, Content) failed !
20211126-201905<ERROR:0000A56C>: GetInteger(157, Type) failed !
20211126-201905<ERROR:0000A56C>: GetInteger(157, Point_x) failed !
20211126-201905<ERROR:0000A56C>: GetInteger(157, Point_y) failed !
20211126-201905<ERROR:0000A56C>: GetString(157, Content) failed !
20211126-201905<ERROR:0000A56C>: GetInteger(158, Type) failed !
20211126-201905<ERROR:0000A56C>: GetInteger(158, Point_x) failed !
20211126-201905<ERROR:0000A56C>: GetInteger(158, Point_y) failed !
20211126-201905<ERROR:0000A56C>: GetString(158, Content) failed !
20211126-201905<ERROR:0000A56C>: GetInteger(159, Type) failed !
20211126-201905<ERROR:0000A56C>: GetInteger(159, Point_x) failed !
20211126-201905<ERROR:0000A56C>: GetInteger(159, Point_y) failed !
20211126-201905<ERROR:0000A56C>: GetString(159, Content) failed !
20211126-201905<ERROR:0000A56C>: GetInteger(160, Type) failed !
20211126-201905<ERROR:0000A56C>: GetInteger(160, Point_x) failed !
20211126-201905<ERROR:0000A56C>: GetInteger(160, Point_y) failed !
20211126-201905<ERROR:0000A56C>: GetString(160, Content) failed !
20211126-201905<ERROR:0000A56C>: GetInteger(161, Type) failed !
20211126-201905<ERROR:0000A56C>: GetInteger(161, Point_x) failed !
20211126-201905<ERROR:0000A56C>: GetInteger(161, Point_y) failed !
20211126-201905<ERROR:0000A56C>: GetString(161, Content) failed !
20211126-201905<ERROR:0000A56C>: GetInteger(162, Type) failed !
20211126-201905<ERROR:0000A56C>: GetInteger(162, Point_x) failed !
20211126-201905<ERROR:0000A56C>: GetInteger(162, Point_y) failed !
20211126-201905<ERROR:0000A56C>: GetString(162, Content) failed !
20211126-201905<ERROR:0000A56C>: GetInteger(163, Type) failed !
20211126-201905<ERROR:0000A56C>: GetInteger(163, Point_x) failed !
20211126-201905<ERROR:0000A56C>: GetInteger(163, Point_y) failed !
20211126-201905<ERROR:0000A56C>: GetString(163, Content) failed !
20211126-201905<ERROR:0000A56C>: GetInteger(164, Type) failed !
20211126-201905<ERROR:0000A56C>: GetInteger(164, Point_x) failed !
20211126-201905<ERROR:0000A56C>: GetInteger(164, Point_y) failed !
20211126-201905<ERROR:0000A56C>: GetString(164, Content) failed !
20211126-201905<ERROR:0000A56C>: GetInteger(165, Type) failed !
20211126-201905<ERROR:0000A56C>: GetInteger(165, Point_x) failed !
20211126-201905<ERROR:0000A56C>: GetInteger(165, Point_y) failed !
20211126-201905<ERROR:0000A56C>: GetString(165, Content) failed !
20211126-201905<ERROR:0000A56C>: GetInteger(166, Type) failed !
20211126-201905<ERROR:0000A56C>: GetInteger(166, Point_x) failed !
20211126-201905<ERROR:0000A56C>: GetInteger(166, Point_y) failed !
20211126-201905<ERROR:0000A56C>: GetString(166, Content) failed !
20211126-201905<ERROR:0000A56C>: GetInteger(167, Type) failed !
20211126-201905<ERROR:0000A56C>: GetInteger(167, Point_x) failed !
20211126-201905<ERROR:0000A56C>: GetInteger(167, Point_y) failed !
20211126-201905<ERROR:0000A56C>: GetString(167, Content) failed !
20211126-201905<ERROR:0000A56C>: GetInteger(168, Type) failed !
20211126-201905<ERROR:0000A56C>: GetInteger(168, Point_x) failed !
20211126-201905<ERROR:0000A56C>: GetInteger(168, Point_y) failed !
20211126-201905<ERROR:0000A56C>: GetString(168, Content) failed !
20211126-201905<ERROR:0000A56C>: GetInteger(169, Type) failed !
20211126-201905<ERROR:0000A56C>: GetInteger(169, Point_x) failed !
20211126-201905<ERROR:0000A56C>: GetInteger(169, Point_y) failed !
20211126-201905<ERROR:0000A56C>: GetString(169, Content) failed !
20211126-201905<ERROR:0000A56C>: GetInteger(170, Type) failed !
20211126-201905<ERROR:0000A56C>: GetInteger(170, Point_x) failed !
20211126-201905<ERROR:0000A56C>: GetInteger(170, Point_y) failed !
20211126-201905<ERROR:0000A56C>: GetString(170, Content) failed !
20211126-201905<ERROR:0000A56C>: GetInteger(171, Type) failed !
20211126-201905<ERROR:0000A56C>: GetInteger(171, Point_x) failed !
20211126-201905<ERROR:0000A56C>: GetInteger(171, Point_y) failed !
20211126-201905<ERROR:0000A56C>: GetString(171, Content) failed !
20211126-201905<ERROR:0000A56C>: GetInteger(172, Type) failed !
20211126-201905<ERROR:0000A56C>: GetInteger(172, Point_x) failed !
20211126-201905<ERROR:0000A56C>: GetInteger(172, Point_y) failed !
20211126-201905<ERROR:0000A56C>: GetString(172, Content) failed !
20211126-201905<ERROR:0000A56C>: GetInteger(173, Type) failed !
20211126-201905<ERROR:0000A56C>: GetInteger(173, Point_x) failed !
20211126-201905<ERROR:0000A56C>: GetInteger(173, Point_y) failed !
20211126-201905<ERROR:0000A56C>: GetString(173, Content) failed !
20211126-201905<ERROR:0000A56C>: GetInteger(174, Type) failed !
20211126-201905<ERROR:0000A56C>: GetInteger(174, Point_x) failed !
20211126-201905<ERROR:0000A56C>: GetInteger(174, Point_y) failed !
20211126-201905<ERROR:0000A56C>: GetString(174, Content) failed !
20211126-201905<ERROR:0000A56C>: GetInteger(175, Type) failed !
20211126-201905<ERROR:0000A56C>: GetInteger(175, Point_x) failed !
20211126-201905<ERROR:0000A56C>: GetInteger(175, Point_y) failed !
20211126-201905<ERROR:0000A56C>: GetString(175, Content) failed !
20211126-201905<ERROR:0000A56C>: GetInteger(176, Type) failed !
20211126-201905<ERROR:0000A56C>: GetInteger(176, Point_x) failed !
20211126-201905<ERROR:0000A56C>: GetInteger(176, Point_y) failed !
20211126-201905<ERROR:0000A56C>: GetString(176, Content) failed !
20211126-201905<ERROR:0000A56C>: GetInteger(177, Type) failed !
20211126-201905<ERROR:0000A56C>: GetInteger(177, Point_x) failed !
20211126-201905<ERROR:0000A56C>: GetInteger(177, Point_y) failed !
20211126-201905<ERROR:0000A56C>: GetString(177, Content) failed !
20211126-201905<ERROR:0000A56C>: GetInteger(178, Type) failed !
20211126-201905<ERROR:0000A56C>: GetInteger(178, Point_x) failed !
20211126-201905<ERROR:0000A56C>: GetInteger(178, Point_y) failed !
20211126-201905<ERROR:0000A56C>: GetString(178, Content) failed !
20211126-201905<ERROR:0000A56C>: GetInteger(179, Type) failed !
20211126-201905<ERROR:0000A56C>: GetInteger(179, Point_x) failed !
20211126-201905<ERROR:0000A56C>: GetInteger(179, Point_y) failed !
20211126-201905<ERROR:0000A56C>: GetString(179, Content) failed !
20211126-201905<ERROR:0000A56C>: GetInteger(180, Type) failed !
20211126-201905<ERROR:0000A56C>: GetInteger(180, Point_x) failed !
20211126-201905<ERROR:0000A56C>: GetInteger(180, Point_y) failed !
20211126-201905<ERROR:0000A56C>: GetString(180, Content) failed !
20211126-201905<ERROR:0000A56C>: GetInteger(181, Type) failed !
20211126-201905<ERROR:0000A56C>: GetInteger(181, Point_x) failed !
20211126-201905<ERROR:0000A56C>: GetInteger(181, Point_y) failed !
20211126-201905<ERROR:0000A56C>: GetString(181, Content) failed !
20211126-201905<ERROR:0000A56C>: GetInteger(182, Type) failed !
20211126-201905<ERROR:0000A56C>: GetInteger(182, Point_x) failed !
20211126-201905<ERROR:0000A56C>: GetInteger(182, Point_y) failed !
20211126-201905<ERROR:0000A56C>: GetString(182, Content) failed !
20211126-201905<ERROR:0000A56C>: GetInteger(183, Type) failed !
20211126-201905<ERROR:0000A56C>: GetInteger(183, Point_x) failed !
20211126-201905<ERROR:0000A56C>: GetInteger(183, Point_y) failed !
20211126-201905<ERROR:0000A56C>: GetString(183, Content) failed !
20211126-201905<ERROR:0000A56C>: GetInteger(184, Type) failed !
20211126-201905<ERROR:0000A56C>: GetInteger(184, Point_x) failed !
20211126-201905<ERROR:0000A56C>: GetInteger(184, Point_y) failed !
20211126-201905<ERROR:0000A56C>: GetString(184, Content) failed !
20211126-201907<DEBUG:0000A56C>: KGLOG_PROCESS_ERROR(nOffset < nSize) at line 65 in s_GoNextLine
20211126-201907<ERROR:0000A56C>: GetString(366, 2) failed !
20211126-201911<DEBUG:0000A56C>: KGLOG_PROCESS_ERROR(nOffset < nSize) at line 65 in s_GoNextLine
20211126-201911<ERROR:0000A56C>: GetString(366, 2) failed !
20211126-201913<DEBUG:0000A56C>: KGLOG_PROCESS_ERROR(nOffset < nSize) at line 65 in s_GoNextLine
20211126-201913<ERROR:0000A56C>: GetString(366, 2) failed !
20211126-202004<DEBUG:0000A56C>: KGLOG_PROCESS_ERROR(nOffset < nSize) at line 65 in s_GoNextLine
20211126-202004<ERROR:0000A56C>: GetString(366, 2) failed !
20211126-202103<DEBUG:0000A56C>: KGLOG_PROCESS_ERROR(pNpc) at line 6991 in KLuaPlayer::LuaGetSkillState
