20220518-095623<DEBUG:00001B80>: KGLOG_PROCESS_ERROR(nOffset < nSize) at line 65 in s_GoNextLine
20220518-095625<DEBUG:00001B80>: [KGC_LadderManager::UpdateTotalLadder]:1494, start tickers = 16813580442938
20220518-095625<DEBUG:00001B80>: [RefreshTotalLadderData]:1495, start tickers = 16813582571051
20220518-095625<DEBUG:00001B80>: [RefreshTotalLadderData]:1495->[RefreshTotalLadderData]:1497 timeout, tickers = 2054637
20220518-095625<DEBUG:00001B80>: [ProcessTotalLadderData]:1499, start tickers = 16813588355192
20220518-095625<DEBUG:00001B80>: [ProcessTotalLadderData]:1520, start tickers = 16813590284901
20220518-095625<DEBUG:00001B80>: [ProcessTotalLadderData]:1520->[ProcessTotalLadderData]:1527 timeout, tickers = 26488
20220518-095625<DEBUG:00001B80>: [ProcessTotalLadderData]:1499->[ProcessTotalLadderData]:1501 timeout, tickers = 3162525
20220518-095625<DEBUG:00001B80>: [AdjustTotalLadder]:1503, start tickers = 16813594544153
20220518-095625<DEBUG:00001B80>: [AdjustTotalLadder]:1503->[AdjustTotalLadder]:1505 timeout, tickers = 2352
20220518-095625<DEBUG:00001B80>: [KGC_LadderManager::UpdateTotalLadder]:1494->[KGC_LadderManager::UpdateTotalLadder]:1511 timeout, tickers = 14242584
20220518-095625<DEBUG:00001B80>: [KGC_LadderManager::UpdateTotalLadder]:1494, start tickers = 16813665152720
20220518-095625<DEBUG:00001B80>: [RefreshTotalLadderData]:1495, start tickers = 16813666820255
20220518-095625<DEBUG:00001B80>: [RefreshTotalLadderData]:1495->[RefreshTotalLadderData]:1497 timeout, tickers = 930408
20220518-095625<DEBUG:00001B80>: [ProcessTotalLadderData]:1499, start tickers = 16813670680139
20220518-095625<DEBUG:00001B80>: [ProcessTotalLadderData]:1520, start tickers = 16813671790819
20220518-095625<DEBUG:00001B80>: [ProcessTotalLadderData]:1520->[ProcessTotalLadderData]:1527 timeout, tickers = 6300
20220518-095625<DEBUG:00001B80>: [ProcessTotalLadderData]:1499->[ProcessTotalLadderData]:1501 timeout, tickers = 2567810
20220518-095625<DEBUG:00001B80>: [AdjustTotalLadder]:1503, start tickers = 16813675529510
20220518-095625<DEBUG:00001B80>: [AdjustTotalLadder]:1503->[AdjustTotalLadder]:1505 timeout, tickers = 2577
20220518-095625<DEBUG:00001B80>: [KGC_LadderManager::UpdateTotalLadder]:1494->[KGC_LadderManager::UpdateTotalLadder]:1511 timeout, tickers = 10823760
20220518-120001<DEBUG:00001B80>: [KGC_LadderManager::UpdateTotalLadder]:1494, start tickers = 41231661667487
20220518-120001<DEBUG:00001B80>: [RefreshTotalLadderData]:1495, start tickers = 41231669201317
20220518-120001<DEBUG:00001B80>: [RefreshTotalLadderData]:1495->[RefreshTotalLadderData]:1497 timeout, tickers = 176844
20220518-120001<DEBUG:00001B80>: [ProcessTotalLadderData]:1499, start tickers = 41231671379032
20220518-120001<DEBUG:00001B80>: [ProcessTotalLadderData]:1520, start tickers = 41231673226750
20220518-120001<DEBUG:00001B80>: [ProcessTotalLadderData]:1520->[ProcessTotalLadderData]:1527 timeout, tickers = 88905
20220518-120001<DEBUG:00001B80>: [ProcessTotalLadderData]:1499->[ProcessTotalLadderData]:1501 timeout, tickers = 3591862
20220518-120001<DEBUG:00001B80>: [AdjustTotalLadder]:1503, start tickers = 41231675202980
20220518-120001<DEBUG:00001B80>: [AdjustTotalLadder]:1503->[AdjustTotalLadder]:1505 timeout, tickers = 4014
20220518-120001<DEBUG:00001B80>: [KGC_LadderManager::UpdateTotalLadder]:1494->[KGC_LadderManager::UpdateTotalLadder]:1511 timeout, tickers = 10811106
20220518-120001<DEBUG:00001B80>: [KGC_LadderManager::UpdateTotalLadder]:1494, start tickers = 41231685743189
20220518-120001<DEBUG:00001B80>: [RefreshTotalLadderData]:1495, start tickers = 41231686126517
20220518-120001<DEBUG:00001B80>: [RefreshTotalLadderData]:1495->[RefreshTotalLadderData]:1497 timeout, tickers = 186774
20220518-120001<DEBUG:00001B80>: [ProcessTotalLadderData]:1499, start tickers = 41231687801804
20220518-120001<DEBUG:00001B80>: [ProcessTotalLadderData]:1520, start tickers = 41231688628901
20220518-120001<DEBUG:00001B80>: [ProcessTotalLadderData]:1520->[ProcessTotalLadderData]:1527 timeout, tickers = 6933
20220518-120001<DEBUG:00001B80>: [ProcessTotalLadderData]:1499->[ProcessTotalLadderData]:1501 timeout, tickers = 605331
20220518-120001<DEBUG:00001B80>: [AdjustTotalLadder]:1503, start tickers = 41231689597931
20220518-120001<DEBUG:00001B80>: [AdjustTotalLadder]:1503->[AdjustTotalLadder]:1505 timeout, tickers = 2505
20220518-120001<DEBUG:00001B80>: [KGC_LadderManager::UpdateTotalLadder]:1494->[KGC_LadderManager::UpdateTotalLadder]:1511 timeout, tickers = 5176734
20220518-120001<DEBUG:00001B80>: [KGC_LadderManager::UpdateTotalLadder]:1494, start tickers = 41231693068672
20220518-120001<DEBUG:00001B80>: [RefreshTotalLadderData]:1495, start tickers = 41231693194591
20220518-120001<DEBUG:00001B80>: [RefreshTotalLadderData]:1495->[RefreshTotalLadderData]:1497 timeout, tickers = 12519
20220518-120001<DEBUG:00001B80>: [ProcessTotalLadderData]:1499, start tickers = 41231693794157
20220518-120001<DEBUG:00001B80>: [ProcessTotalLadderData]:1520, start tickers = 41231695074791
20220518-120001<DEBUG:00001B80>: [ProcessTotalLadderData]:1520->[ProcessTotalLadderData]:1527 timeout, tickers = 6654
20220518-120001<DEBUG:00001B80>: [ProcessTotalLadderData]:1499->[ProcessTotalLadderData]:1501 timeout, tickers = 855792
20220518-120001<DEBUG:00001B80>: [AdjustTotalLadder]:1503, start tickers = 41231696246354
20220518-120001<DEBUG:00001B80>: [AdjustTotalLadder]:1503->[AdjustTotalLadder]:1505 timeout, tickers = 2595
20220518-120001<DEBUG:00001B80>: [KGC_LadderManager::UpdateTotalLadder]:1494->[KGC_LadderManager::UpdateTotalLadder]:1511 timeout, tickers = 3792679
20220518-120001<DEBUG:00001B80>: [KGC_LadderManager::UpdateTotalLadder]:1494, start tickers = 41231703980318
20220518-120001<DEBUG:00001B80>: [RefreshTotalLadderData]:1495, start tickers = 41231704465763
20220518-120001<DEBUG:00001B80>: [RefreshTotalLadderData]:1495->[RefreshTotalLadderData]:1497 timeout, tickers = 849738
20220518-120001<DEBUG:00001B80>: [ProcessTotalLadderData]:1499, start tickers = 41231709106624
20220518-120001<DEBUG:00001B80>: [ProcessTotalLadderData]:1520, start tickers = 41231709407416
20220518-120001<DEBUG:00001B80>: [ProcessTotalLadderData]:1520->[ProcessTotalLadderData]:1527 timeout, tickers = 22275
20220518-120001<DEBUG:00001B80>: [ProcessTotalLadderData]:1499->[ProcessTotalLadderData]:1501 timeout, tickers = 1328743
20220518-120001<DEBUG:00001B80>: [AdjustTotalLadder]:1503, start tickers = 41231710884830
20220518-120001<DEBUG:00001B80>: [AdjustTotalLadder]:1503->[AdjustTotalLadder]:1505 timeout, tickers = 141186
20220518-120001<DEBUG:00001B80>: [KGC_LadderManager::UpdateTotalLadder]:1494->[KGC_LadderManager::UpdateTotalLadder]:1511 timeout, tickers = 8774634
20220518-120001<DEBUG:00001B80>: [KGC_LadderManager::UpdateTotalLadder]:1494, start tickers = 41231783853725
20220518-120001<DEBUG:00001B80>: [RefreshTotalLadderData]:1495, start tickers = 41231784707398
20220518-120001<DEBUG:00001B80>: [RefreshTotalLadderData]:1495->[RefreshTotalLadderData]:1497 timeout, tickers = 626898
20220518-120001<DEBUG:00001B80>: [ProcessTotalLadderData]:1499, start tickers = 41231787218981
20220518-120001<DEBUG:00001B80>: [ProcessTotalLadderData]:1520, start tickers = 41231787378287
20220518-120001<DEBUG:00001B80>: [ProcessTotalLadderData]:1520->[ProcessTotalLadderData]:1527 timeout, tickers = 9519
20220518-120001<DEBUG:00001B80>: [ProcessTotalLadderData]:1499->[ProcessTotalLadderData]:1501 timeout, tickers = 985458
20220518-120001<DEBUG:00001B80>: [AdjustTotalLadder]:1503, start tickers = 41231788476029
20220518-120001<DEBUG:00001B80>: [AdjustTotalLadder]:1503->[AdjustTotalLadder]:1505 timeout, tickers = 2625
20220518-120001<DEBUG:00001B80>: [KGC_LadderManager::UpdateTotalLadder]:1494->[KGC_LadderManager::UpdateTotalLadder]:1511 timeout, tickers = 5037042
20220518-120001<DEBUG:00001B80>: [KGC_LadderManager::UpdateTotalLadder]:1494, start tickers = 41231792632006
20220518-120001<DEBUG:00001B80>: [RefreshTotalLadderData]:1495, start tickers = 41231792815651
20220518-120001<DEBUG:00001B80>: [RefreshTotalLadderData]:1495->[RefreshTotalLadderData]:1497 timeout, tickers = 317631
20220518-120001<DEBUG:00001B80>: [ProcessTotalLadderData]:1499, start tickers = 41231794100741
20220518-120001<DEBUG:00001B80>: [ProcessTotalLadderData]:1520, start tickers = 41231795111042
20220518-120001<DEBUG:00001B80>: [ProcessTotalLadderData]:1520->[ProcessTotalLadderData]:1527 timeout, tickers = 12708
20220518-120001<DEBUG:00001B80>: [ProcessTotalLadderData]:1499->[ProcessTotalLadderData]:1501 timeout, tickers = 812163
20220518-120001<DEBUG:00001B80>: [AdjustTotalLadder]:1503, start tickers = 41231796096779
20220518-120001<DEBUG:00001B80>: [AdjustTotalLadder]:1503->[AdjustTotalLadder]:1505 timeout, tickers = 3804
20220518-120001<DEBUG:00001B80>: [KGC_LadderManager::UpdateTotalLadder]:1494->[KGC_LadderManager::UpdateTotalLadder]:1511 timeout, tickers = 3900235
20220518-120001<DEBUG:00001B80>: [KGC_LadderManager::UpdateTotalLadder]:1494, start tickers = 41232012637518
20220518-120001<DEBUG:00001B80>: [RefreshTotalLadderData]:1495, start tickers = 41232013048006
20220518-120001<DEBUG:00001B80>: [RefreshTotalLadderData]:1495->[RefreshTotalLadderData]:1497 timeout, tickers = 20360
20220518-120001<DEBUG:00001B80>: [ProcessTotalLadderData]:1499, start tickers = 41232014273852
20220518-120001<DEBUG:00001B80>: [ProcessTotalLadderData]:1520, start tickers = 41232014913408
20220518-120001<DEBUG:00001B80>: [ProcessTotalLadderData]:1520->[ProcessTotalLadderData]:1527 timeout, tickers = 9402
20220518-120001<DEBUG:00001B80>: [ProcessTotalLadderData]:1499->[ProcessTotalLadderData]:1501 timeout, tickers = 1242563
20220518-120001<DEBUG:00001B80>: [AdjustTotalLadder]:1503, start tickers = 41232016732337
20220518-120001<DEBUG:00001B80>: [AdjustTotalLadder]:1503->[AdjustTotalLadder]:1505 timeout, tickers = 2328
20220518-120001<DEBUG:00001B80>: [KGC_LadderManager::UpdateTotalLadder]:1494->[KGC_LadderManager::UpdateTotalLadder]:1511 timeout, tickers = 10494794
20220518-120001<DEBUG:00001B80>: [KGC_LadderManager::UpdateTotalLadder]:1494, start tickers = 41232028928258
20220518-120001<DEBUG:00001B80>: [RefreshTotalLadderData]:1495, start tickers = 41232029810519
20220518-120001<DEBUG:00001B80>: [RefreshTotalLadderData]:1495->[RefreshTotalLadderData]:1497 timeout, tickers = 1100593
20220518-120001<DEBUG:00001B80>: [ProcessTotalLadderData]:1499, start tickers = 41232034828225
20220518-120001<DEBUG:00001B80>: [ProcessTotalLadderData]:1520, start tickers = 41232035671412
20220518-120001<DEBUG:00001B80>: [ProcessTotalLadderData]:1520->[ProcessTotalLadderData]:1527 timeout, tickers = 18528
20220518-120001<DEBUG:00001B80>: [ProcessTotalLadderData]:1499->[ProcessTotalLadderData]:1501 timeout, tickers = 1463778
20220518-120001<DEBUG:00001B80>: [AdjustTotalLadder]:1503, start tickers = 41232037839503
20220518-120001<DEBUG:00001B80>: [AdjustTotalLadder]:1503->[AdjustTotalLadder]:1505 timeout, tickers = 249654
20220518-120001<DEBUG:00001B80>: [KGC_LadderManager::UpdateTotalLadder]:1494->[KGC_LadderManager::UpdateTotalLadder]:1511 timeout, tickers = 9394404
20220518-120001<DEBUG:00001B80>: [KGC_LadderManager::UpdateTotalLadder]:1494, start tickers = 41232048906812
20220518-120001<DEBUG:00001B80>: [RefreshTotalLadderData]:1495, start tickers = 41232049516445
20220518-120001<DEBUG:00001B80>: [RefreshTotalLadderData]:1495->[RefreshTotalLadderData]:1497 timeout, tickers = 775269
20220518-120001<DEBUG:00001B80>: [ProcessTotalLadderData]:1499, start tickers = 41232051494693
20220518-120001<DEBUG:00001B80>: [ProcessTotalLadderData]:1520, start tickers = 41232052091831
20220518-120001<DEBUG:00001B80>: [ProcessTotalLadderData]:1520->[ProcessTotalLadderData]:1527 timeout, tickers = 4746
20220518-120001<DEBUG:00001B80>: [ProcessTotalLadderData]:1499->[ProcessTotalLadderData]:1501 timeout, tickers = 1216266
20220518-120001<DEBUG:00001B80>: [AdjustTotalLadder]:1503, start tickers = 41232053936246
20220518-120001<DEBUG:00001B80>: [AdjustTotalLadder]:1503->[AdjustTotalLadder]:1505 timeout, tickers = 1989
20220518-120001<DEBUG:00001B80>: [KGC_LadderManager::UpdateTotalLadder]:1494->[KGC_LadderManager::UpdateTotalLadder]:1511 timeout, tickers = 5728311
20220518-120001<DEBUG:00001B80>: [KGC_LadderManager::UpdateTotalLadder]:1494, start tickers = 41232058812482
20220518-120001<DEBUG:00001B80>: [RefreshTotalLadderData]:1495, start tickers = 41232059603381
20220518-120001<DEBUG:00001B80>: [RefreshTotalLadderData]:1495->[RefreshTotalLadderData]:1497 timeout, tickers = 325473
20220518-120001<DEBUG:00001B80>: [ProcessTotalLadderData]:1499, start tickers = 41232062014979
20220518-120001<DEBUG:00001B80>: [ProcessTotalLadderData]:1520, start tickers = 41232062425640
20220518-120001<DEBUG:00001B80>: [ProcessTotalLadderData]:1520->[ProcessTotalLadderData]:1527 timeout, tickers = 9828
20220518-120001<DEBUG:00001B80>: [ProcessTotalLadderData]:1499->[ProcessTotalLadderData]:1501 timeout, tickers = 1372911
20220518-120001<DEBUG:00001B80>: [AdjustTotalLadder]:1503, start tickers = 41232064226858
20220518-120001<DEBUG:00001B80>: [AdjustTotalLadder]:1503->[AdjustTotalLadder]:1505 timeout, tickers = 4035
20220518-120001<DEBUG:00001B80>: [KGC_LadderManager::UpdateTotalLadder]:1494->[KGC_LadderManager::UpdateTotalLadder]:1511 timeout, tickers = 5220372
20220518-120001<DEBUG:00001B80>: [KGC_LadderManager::UpdateTotalLadder]:1494, start tickers = 41232068519333
20220518-120001<DEBUG:00001B80>: [RefreshTotalLadderData]:1495, start tickers = 41232068894369
20220518-120001<DEBUG:00001B80>: [RefreshTotalLadderData]:1495->[RefreshTotalLadderData]:1497 timeout, tickers = 166113
20220518-120001<DEBUG:00001B80>: [ProcessTotalLadderData]:1499, start tickers = 41232069694109
20220518-120001<DEBUG:00001B80>: [ProcessTotalLadderData]:1520, start tickers = 41232072719080
20220518-120001<DEBUG:00001B80>: [ProcessTotalLadderData]:1520->[ProcessTotalLadderData]:1527 timeout, tickers = 10245
20220518-120001<DEBUG:00001B80>: [ProcessTotalLadderData]:1499->[ProcessTotalLadderData]:1501 timeout, tickers = 5094292
20220518-120001<DEBUG:00001B80>: [AdjustTotalLadder]:1503, start tickers = 41232078250199
20220518-120001<DEBUG:00001B80>: [AdjustTotalLadder]:1503->[AdjustTotalLadder]:1505 timeout, tickers = 7680
20220518-120001<DEBUG:00001B80>: [KGC_LadderManager::UpdateTotalLadder]:1494->[KGC_LadderManager::UpdateTotalLadder]:1511 timeout, tickers = 11276369
20220518-120001<DEBUG:00001B80>: [KGC_LadderManager::UpdateTotalLadder]:1494, start tickers = 41232083129582
20220518-120001<DEBUG:00001B80>: [RefreshTotalLadderData]:1495, start tickers = 41232083477258
20220518-120001<DEBUG:00001B80>: [RefreshTotalLadderData]:1495->[RefreshTotalLadderData]:1497 timeout, tickers = 416097
20220518-120001<DEBUG:00001B80>: [ProcessTotalLadderData]:1499, start tickers = 41232084493070
20220518-120001<DEBUG:00001B80>: [ProcessTotalLadderData]:1520, start tickers = 41232084608798
20220518-120001<DEBUG:00001B80>: [ProcessTotalLadderData]:1520->[ProcessTotalLadderData]:1527 timeout, tickers = 10893
20220518-120001<DEBUG:00001B80>: [ProcessTotalLadderData]:1499->[ProcessTotalLadderData]:1501 timeout, tickers = 768594
20220518-120001<DEBUG:00001B80>: [AdjustTotalLadder]:1503, start tickers = 41232085550654
20220518-120001<DEBUG:00001B80>: [AdjustTotalLadder]:1503->[AdjustTotalLadder]:1505 timeout, tickers = 3831
20220518-120001<DEBUG:00001B80>: [KGC_LadderManager::UpdateTotalLadder]:1494->[KGC_LadderManager::UpdateTotalLadder]:1511 timeout, tickers = 2839152
20220518-120001<DEBUG:00001B80>: [KGC_LadderManager::UpdateTotalLadder]:1494, start tickers = 41232089543693
20220518-120001<DEBUG:00001B80>: [RefreshTotalLadderData]:1495, start tickers = 41232090686003
20220518-120001<DEBUG:00001B80>: [RefreshTotalLadderData]:1495->[RefreshTotalLadderData]:1497 timeout, tickers = 354516
20220518-120001<DEBUG:00001B80>: [ProcessTotalLadderData]:1499, start tickers = 41232092360608
20220518-120001<DEBUG:00001B80>: [ProcessTotalLadderData]:1520, start tickers = 41232092565179
20220518-120001<DEBUG:00001B80>: [ProcessTotalLadderData]:1520->[ProcessTotalLadderData]:1527 timeout, tickers = 7977
20220518-120001<DEBUG:00001B80>: [ProcessTotalLadderData]:1499->[ProcessTotalLadderData]:1501 timeout, tickers = 1135953
20220518-120001<DEBUG:00001B80>: [AdjustTotalLadder]:1503, start tickers = 41232094187093
20220518-120001<DEBUG:00001B80>: [AdjustTotalLadder]:1503->[AdjustTotalLadder]:1505 timeout, tickers = 2670
20220518-120001<DEBUG:00001B80>: [KGC_LadderManager::UpdateTotalLadder]:1494->[KGC_LadderManager::UpdateTotalLadder]:1511 timeout, tickers = 3957714
20220518-120001<DEBUG:00001B80>: [KGC_LadderManager::UpdateTotalLadder]:1494, start tickers = 41232096178540
20220518-120001<DEBUG:00001B80>: [RefreshTotalLadderData]:1495, start tickers = 41232096644992
20220518-120001<DEBUG:00001B80>: [RefreshTotalLadderData]:1495->[RefreshTotalLadderData]:1497 timeout, tickers = 128175
20220518-120001<DEBUG:00001B80>: [ProcessTotalLadderData]:1499, start tickers = 41232097520758
20220518-120001<DEBUG:00001B80>: [ProcessTotalLadderData]:1520, start tickers = 41232097786411
20220518-120001<DEBUG:00001B80>: [ProcessTotalLadderData]:1520->[ProcessTotalLadderData]:1527 timeout, tickers = 6993
20220518-120001<DEBUG:00001B80>: [ProcessTotalLadderData]:1499->[ProcessTotalLadderData]:1501 timeout, tickers = 842655
20220518-120001<DEBUG:00001B80>: [AdjustTotalLadder]:1503, start tickers = 41232099020530
20220518-120001<DEBUG:00001B80>: [AdjustTotalLadder]:1503->[AdjustTotalLadder]:1505 timeout, tickers = 3060
20220518-120001<DEBUG:00001B80>: [KGC_LadderManager::UpdateTotalLadder]:1494->[KGC_LadderManager::UpdateTotalLadder]:1511 timeout, tickers = 3340008
20220518-120001<DEBUG:00001B80>: [KGC_LadderManager::UpdateTotalLadder]:1494, start tickers = 41232101172514
20220518-120001<DEBUG:00001B80>: [RefreshTotalLadderData]:1495, start tickers = 41232101926133
20220518-120001<DEBUG:00001B80>: [RefreshTotalLadderData]:1495->[RefreshTotalLadderData]:1497 timeout, tickers = 387427
20220518-120001<DEBUG:00001B80>: [ProcessTotalLadderData]:1499, start tickers = 41232103397816
20220518-120001<DEBUG:00001B80>: [ProcessTotalLadderData]:1520, start tickers = 41232103709522
20220518-120001<DEBUG:00001B80>: [ProcessTotalLadderData]:1520->[ProcessTotalLadderData]:1527 timeout, tickers = 6036
20220518-120001<DEBUG:00001B80>: [ProcessTotalLadderData]:1499->[ProcessTotalLadderData]:1501 timeout, tickers = 747953
20220518-120001<DEBUG:00001B80>: [AdjustTotalLadder]:1503, start tickers = 41232104569261
20220518-120001<DEBUG:00001B80>: [AdjustTotalLadder]:1503->[AdjustTotalLadder]:1505 timeout, tickers = 2583
20220518-120001<DEBUG:00001B80>: [KGC_LadderManager::UpdateTotalLadder]:1494->[KGC_LadderManager::UpdateTotalLadder]:1511 timeout, tickers = 3608366
20220518-120001<DEBUG:00001B80>: [KGC_LadderManager::UpdateTotalLadder]:1494, start tickers = 41232106518388
20220518-120001<DEBUG:00001B80>: [RefreshTotalLadderData]:1495, start tickers = 41232107047052
20220518-120001<DEBUG:00001B80>: [RefreshTotalLadderData]:1495->[RefreshTotalLadderData]:1497 timeout, tickers = 518379
20220518-120001<DEBUG:00001B80>: [ProcessTotalLadderData]:1499, start tickers = 41232108301552
20220518-120001<DEBUG:00001B80>: [ProcessTotalLadderData]:1520, start tickers = 41232108988057
20220518-120001<DEBUG:00001B80>: [ProcessTotalLadderData]:1520->[ProcessTotalLadderData]:1527 timeout, tickers = 5907
20220518-120001<DEBUG:00001B80>: [ProcessTotalLadderData]:1499->[ProcessTotalLadderData]:1501 timeout, tickers = 758889
20220518-120001<DEBUG:00001B80>: [AdjustTotalLadder]:1503, start tickers = 41232109977325
20220518-120001<DEBUG:00001B80>: [AdjustTotalLadder]:1503->[AdjustTotalLadder]:1505 timeout, tickers = 2307
20220518-120001<DEBUG:00001B80>: [KGC_LadderManager::UpdateTotalLadder]:1494->[KGC_LadderManager::UpdateTotalLadder]:1511 timeout, tickers = 3615174
20220518-120001<DEBUG:00001B80>: [KGC_LadderManager::UpdateTotalLadder]:1494, start tickers = 41232112596808
20220518-120001<DEBUG:00001B80>: [RefreshTotalLadderData]:1495, start tickers = 41232112855789
20220518-120001<DEBUG:00001B80>: [RefreshTotalLadderData]:1495->[RefreshTotalLadderData]:1497 timeout, tickers = 180723
20220518-120001<DEBUG:00001B80>: [ProcessTotalLadderData]:1499, start tickers = 41232113339641
20220518-120001<DEBUG:00001B80>: [ProcessTotalLadderData]:1520, start tickers = 41232113444035
20220518-120001<DEBUG:00001B80>: [ProcessTotalLadderData]:1520->[ProcessTotalLadderData]:1527 timeout, tickers = 5898
20220518-120001<DEBUG:00001B80>: [ProcessTotalLadderData]:1499->[ProcessTotalLadderData]:1501 timeout, tickers = 365478
20220518-120001<DEBUG:00001B80>: [AdjustTotalLadder]:1503, start tickers = 41232113920936
20220518-120001<DEBUG:00001B80>: [AdjustTotalLadder]:1503->[AdjustTotalLadder]:1505 timeout, tickers = 2739
20220518-120001<DEBUG:00001B80>: [KGC_LadderManager::UpdateTotalLadder]:1494->[KGC_LadderManager::UpdateTotalLadder]:1511 timeout, tickers = 1482702
20220518-141838<DEBUG:0000142C>: nSocket = 604, nSendFlag = 0, Error = 10054
20220518-141838<DEBUG:00001B80>: nSocket = 604, nSendFlag = 1, Error = 10054
