20220518-095614<INFO :00001540>: [KG_CSLogServer] starting ...
20220518-095614<INFO :00001540>: [KG_CSLogServer] Loading KG_CSLogServer.ini
20220518-095614<INFO :00001540>: [KG_CSLogServer] Init Socket thread ...
20220518-095614<INFO :00001540>: start listen on 127.0.0.1:5100
20220518-095614<INFO :00001540>: [KG_CSLogServer] Init Log thread ...
20220518-095614<INFO :00001540>: [Database] character set switch to latin1
20220518-095614<INFO :00001540>: [KG_CSLogServer] start success
20220518-095625<INFO :00000B78>: [1] (127.0.0.1:51430) Connected
20220518-095625<INFO :000008BC>: [1] PacketID:1, Gateway "nadev" Login, Result = 1
20220518-095816<INFO :00000B78>: [2] (127.0.0.1:54246) Connected
20220518-095816<INFO :000008BC>: [2] PacketID:1, Gateway "nadev" Login, Result = 1
20220518-095930<INFO :000008BC>: [2] PacketID:2, Log PlayerAction on role "" of Account "", Result = 2
20220518-095930<INFO :000008BC>: [2] PacketID:3, Log PlayerAction on role "" of Account "", Result = 2
20220518-095930<INFO :000008BC>: [2] PacketID:4, Log PlayerAction on role "" of Account "", Result = 2
20220518-095930<INFO :000008BC>: [2] PacketID:5, Log PlayerAction on role "" of Account "", Result = 2
20220518-095930<INFO :000008BC>: [2] PacketID:6, Log PlayerAction on role "" of Account "", Result = 2
20220518-095930<INFO :000008BC>: [2] PacketID:7, Log PlayerAction on role "" of Account "", Result = 2
20220518-095930<INFO :000008BC>: [2] PacketID:8, Log PlayerAction on role "" of Account "", Result = 2
20220518-095930<INFO :000008BC>: [2] PacketID:9, Log PlayerAction on role "" of Account "", Result = 2
20220518-095930<INFO :000008BC>: [2] PacketID:10, Log PlayerAction on role "" of Account "", Result = 2
20220518-095930<INFO :000008BC>: [2] PacketID:11, Log PlayerAction on role "" of Account "", Result = 2
20220518-095930<INFO :000008BC>: [2] PacketID:12, Log PlayerAction on role "" of Account "", Result = 2
20220518-095930<INFO :000008BC>: [2] PacketID:13, Log PlayerAction on role "" of Account "", Result = 2
20220518-095930<INFO :000008BC>: [2] PacketID:14, Log PlayerAction on role "" of Account "", Result = 2
20220518-095930<INFO :000008BC>: [2] PacketID:15, Log PlayerAction on role "" of Account "", Result = 2
20220518-095930<INFO :000008BC>: [2] PacketID:16, Log PlayerAction on role "" of Account "", Result = 2
20220518-095930<INFO :000008BC>: [2] PacketID:17, Log PlayerAction on role "" of Account "", Result = 2
20220518-095930<INFO :000008BC>: [2] PacketID:18, Log PlayerAction on role "" of Account "", Result = 2
20220518-095930<INFO :000008BC>: [2] PacketID:19, Log PlayerAction on role "" of Account "", Result = 2
20220518-095930<INFO :000008BC>: [2] PacketID:20, Log PlayerAction on role "" of Account "", Result = 2
20220518-095930<INFO :000008BC>: [2] PacketID:21, Log PlayerAction on role "" of Account "", Result = 2
20220518-095930<INFO :000008BC>: [2] PacketID:22, Log PlayerAction on role "" of Account "", Result = 2
20220518-095930<INFO :000008BC>: [2] PacketID:23, Log PlayerAction on role "" of Account "", Result = 2
20220518-095930<INFO :000008BC>: [2] PacketID:24, Log PlayerAction on role "" of Account "", Result = 2
20220518-095930<INFO :000008BC>: [2] PacketID:25, Log PlayerAction on role "" of Account "", Result = 2
20220518-095930<INFO :000008BC>: [2] PacketID:26, Log PlayerAction on role "" of Account "", Result = 2
20220518-095930<INFO :000008BC>: [2] PacketID:27, Log PlayerAction on role "" of Account "", Result = 2
20220518-095930<INFO :000008BC>: [2] PacketID:28, Log PlayerAction on role "" of Account "", Result = 2
20220518-095930<INFO :000008BC>: [2] PacketID:29, Log PlayerAction on role "" of Account "", Result = 2
20220518-095930<INFO :000008BC>: [2] PacketID:30, Log PlayerAction on role "" of Account "", Result = 2
20220518-095930<INFO :000008BC>: [2] PacketID:31, Log PlayerAction on role "" of Account "", Result = 2
20220518-095930<INFO :000008BC>: [2] PacketID:32, Log PlayerAction on role "" of Account "", Result = 2
20220518-095930<INFO :000008BC>: [2] PacketID:33, Log PlayerAction on role "" of Account "", Result = 2
20220518-095930<INFO :000008BC>: [2] PacketID:34, Log PlayerAction on role "" of Account "", Result = 2
20220518-095930<INFO :000008BC>: [2] PacketID:35, Log PlayerAction on role "" of Account "", Result = 2
20220518-095930<INFO :000008BC>: [2] PacketID:36, Log PlayerAction on role "" of Account "", Result = 2
20220518-095930<INFO :000008BC>: [2] PacketID:37, Log PlayerAction on role "" of Account "", Result = 2
20220518-095930<INFO :000008BC>: [2] PacketID:38, Log PlayerAction on role "" of Account "", Result = 2
20220518-095930<INFO :000008BC>: [2] PacketID:39, Log PlayerAction on role "" of Account "", Result = 2
20220518-095930<INFO :000008BC>: [2] PacketID:40, Log PlayerAction on role "" of Account "", Result = 2
20220518-095930<INFO :000008BC>: [2] PacketID:41, Log PlayerAction on role "" of Account "", Result = 2
20220518-095930<INFO :000008BC>: [2] PacketID:42, Log PlayerAction on role "" of Account "", Result = 2
20220518-095930<INFO :000008BC>: [2] PacketID:43, Log PlayerAction on role "" of Account "", Result = 2
20220518-095930<INFO :000008BC>: [2] PacketID:44, Log PlayerAction on role "" of Account "", Result = 2
20220518-095930<INFO :000008BC>: [2] PacketID:45, Log PlayerAction on role "" of Account "", Result = 2
20220518-095930<INFO :000008BC>: [2] PacketID:46, Log PlayerAction on role "" of Account "", Result = 2
20220518-095930<INFO :000008BC>: [2] PacketID:47, Log PlayerAction on role "" of Account "", Result = 2
20220518-095930<INFO :000008BC>: [2] PacketID:48, Log PlayerAction on role "" of Account "", Result = 2
20220518-095930<INFO :000008BC>: [2] PacketID:49, Log PlayerAction on role "" of Account "", Result = 2
20220518-095930<INFO :000008BC>: [2] PacketID:50, Log PlayerAction on role "" of Account "", Result = 2
20220518-095930<INFO :000008BC>: [2] PacketID:51, Log PlayerAction on role "" of Account "", Result = 2
20220518-095930<INFO :000008BC>: [2] PacketID:52, Log PlayerAction on role "" of Account "", Result = 2
20220518-095930<INFO :000008BC>: [2] PacketID:53, Log Item operation on role "" of Account "", Result = 2
20220518-095930<INFO :000008BC>: [2] PacketID:54, Log Item operation on role "" of Account "", Result = 2
20220518-095930<INFO :000008BC>: [2] PacketID:55, Log Item operation on role "" of Account "", Result = 2
20220518-095930<INFO :000008BC>: [2] PacketID:56, Log Item operation on role "" of Account "", Result = 2
20220518-095930<INFO :000008BC>: [2] PacketID:57, Log Item operation on role "" of Account "", Result = 2
20220518-095930<INFO :000008BC>: [2] PacketID:58, Log Item operation on role "" of Account "", Result = 2
20220518-095930<INFO :000008BC>: [2] PacketID:59, Log Item operation on role "" of Account "", Result = 2
20220518-095930<INFO :000008BC>: [2] PacketID:60, Log Item operation on role "" of Account "", Result = 2
20220518-095930<INFO :000008BC>: [2] PacketID:61, Log Item operation on role "" of Account "", Result = 2
20220518-095930<INFO :000008BC>: [2] PacketID:62, Log Item operation on role "" of Account "", Result = 2
20220518-095930<INFO :000008BC>: [2] PacketID:63, Log Item operation on role "" of Account "", Result = 2
20220518-095930<INFO :000008BC>: [2] PacketID:64, Log Item operation on role "" of Account "", Result = 2
20220518-095930<INFO :000008BC>: [2] PacketID:65, Log Item operation on role "" of Account "", Result = 2
20220518-095930<INFO :000008BC>: [2] PacketID:66, Log Item operation on role "" of Account "", Result = 2
20220518-095930<INFO :000008BC>: [2] PacketID:67, Log Item operation on role "" of Account "", Result = 2
20220518-095930<INFO :000008BC>: [2] PacketID:68, Log Item operation on role "" of Account "", Result = 2
20220518-095930<INFO :000008BC>: [2] PacketID:69, Log Item operation on role "" of Account "", Result = 2
20220518-095930<INFO :000008BC>: [2] PacketID:70, Log Item operation on role "" of Account "", Result = 2
20220518-095930<INFO :000008BC>: [2] PacketID:71, Log Item operation on role "" of Account "", Result = 2
20220518-095930<INFO :000008BC>: [2] PacketID:72, Log Item operation on role "" of Account "", Result = 2
20220518-095930<INFO :000008BC>: [2] PacketID:73, Log Item operation on role "" of Account "", Result = 2
20220518-095930<INFO :000008BC>: [2] PacketID:74, Log Item operation on role "" of Account "", Result = 2
20220518-095930<INFO :000008BC>: [2] PacketID:75, Log Item operation on role "" of Account "", Result = 2
20220518-095930<INFO :000008BC>: [2] PacketID:76, Log Item operation on role "" of Account "", Result = 2
20220518-095930<INFO :000008BC>: [2] PacketID:77, Log Item operation on role "" of Account "", Result = 2
20220518-095930<INFO :000008BC>: [2] PacketID:78, Log Item operation on role "" of Account "", Result = 2
20220518-095930<INFO :000008BC>: [2] PacketID:79, Log Item operation on role "" of Account "", Result = 2
20220518-095930<INFO :000008BC>: [2] PacketID:80, Log Item operation on role "" of Account "", Result = 2
20220518-095930<INFO :000008BC>: [2] PacketID:81, Log Item operation on role "" of Account "", Result = 2
20220518-095930<INFO :000008BC>: [2] PacketID:82, Log Item operation on role "" of Account "", Result = 2
20220518-095930<INFO :000008BC>: [2] PacketID:83, Log Item operation on role "" of Account "", Result = 2
20220518-095930<INFO :000008BC>: [2] PacketID:84, Log Item operation on role "" of Account "", Result = 2
20220518-095930<INFO :000008BC>: [2] PacketID:85, Log Item operation on role "" of Account "", Result = 2
20220518-095930<INFO :000008BC>: [2] PacketID:86, Log Item operation on role "" of Account "", Result = 2
20220518-095930<INFO :000008BC>: [2] PacketID:87, Log Item operation on role "" of Account "", Result = 2
20220518-095930<INFO :000008BC>: [2] PacketID:88, Log Item operation on role "" of Account "", Result = 2
20220518-095930<INFO :000008BC>: [2] PacketID:89, Log Item operation on role "" of Account "", Result = 2
20220518-095930<INFO :000008BC>: [2] PacketID:90, Log Item operation on role "" of Account "", Result = 2
20220518-095931<INFO :000008BC>: [2] PacketID:91, Log PlayerAction on role "" of Account "", Result = 2
20220518-095934<INFO :000008BC>: [2] PacketID:92, Log Item operation on role "" of Account "", Result = 2
20220518-095934<INFO :000008BC>: [2] PacketID:93, Log Item operation on role "" of Account "", Result = 2
20220518-095940<INFO :000008BC>: [2] PacketID:94, Log Item operation on role "" of Account "", Result = 2
20220518-095942<INFO :000008BC>: [2] PacketID:95, Log Item operation on role "" of Account "", Result = 2
20220518-100037<INFO :000008BC>: [2] PacketID:96, Log PlayerAction on role "" of Account "", Result = 2
20220518-100037<INFO :000008BC>: [2] PacketID:97, Log PlayerAction on role "" of Account "", Result = 2
20220518-100037<INFO :000008BC>: [2] PacketID:98, Log PlayerAction on role "" of Account "", Result = 2
20220518-100037<INFO :000008BC>: [2] PacketID:99, Log PlayerAction on role "" of Account "", Result = 2
20220518-100037<INFO :000008BC>: [2] PacketID:100, Log PlayerAction on role "" of Account "", Result = 2
20220518-100037<INFO :000008BC>: [2] PacketID:101, Log PlayerAction on role "" of Account "", Result = 2
20220518-100037<INFO :000008BC>: [2] PacketID:102, Log PlayerAction on role "" of Account "", Result = 2
20220518-100037<INFO :000008BC>: [2] PacketID:103, Log PlayerAction on role "" of Account "", Result = 2
20220518-100037<INFO :000008BC>: [2] PacketID:104, Log PlayerAction on role "" of Account "", Result = 2
20220518-100037<INFO :000008BC>: [2] PacketID:105, Log PlayerAction on role "" of Account "", Result = 2
20220518-100037<INFO :000008BC>: [2] PacketID:106, Log Item operation on role "" of Account "", Result = 2
20220518-100037<INFO :000008BC>: [2] PacketID:107, Log Item operation on role "" of Account "", Result = 2
20220518-100037<INFO :000008BC>: [2] PacketID:108, Log Item operation on role "" of Account "", Result = 2
20220518-100037<INFO :000008BC>: [2] PacketID:109, Log Item operation on role "" of Account "", Result = 2
20220518-100037<INFO :000008BC>: [2] PacketID:110, Log Item operation on role "" of Account "", Result = 2
20220518-100037<INFO :000008BC>: [2] PacketID:111, Log Item operation on role "Testgame" of Account "administrator", Result = 1
20220518-100037<INFO :000008BC>: [2] PacketID:112, Log Item operation on role "Testgame" of Account "administrator", Result = 1
20220518-100037<INFO :000008BC>: [2] PacketID:113, Log Item operation on role "Testgame" of Account "administrator", Result = 1
20220518-100037<INFO :000008BC>: [2] PacketID:114, Log Item operation on role "Testgame" of Account "administrator", Result = 1
20220518-100037<INFO :000008BC>: [2] PacketID:115, Log Item operation on role "Testgame" of Account "administrator", Result = 1
20220518-100037<INFO :000008BC>: [2] PacketID:116, Log Item operation on role "Testgame" of Account "administrator", Result = 1
20220518-100037<INFO :000008BC>: [2] PacketID:117, Log Item operation on role "" of Account "", Result = 2
20220518-100057<INFO :000008BC>: [2] PacketID:118, Log Item operation on role "" of Account "", Result = 2
20220518-100058<INFO :000008BC>: [2] PacketID:119, Log PlayerAction on role "" of Account "", Result = 2
20220518-100101<INFO :000008BC>: [2] PacketID:120, Log Item operation on role "" of Account "", Result = 2
20220518-100101<INFO :000008BC>: [2] PacketID:121, Log PlayerAction on role "" of Account "", Result = 2
20220518-100104<INFO :000008BC>: [2] PacketID:122, Log Item operation on role "" of Account "", Result = 2
20220518-100104<INFO :000008BC>: [2] PacketID:123, Log PlayerAction on role "" of Account "", Result = 2
20220518-100536<INFO :000008BC>: [2] PacketID:124, Log PlayerAction on role "" of Account "", Result = 2
20220518-104300<INFO :000008BC>: [2] PacketID:125, Log PlayerAction on role "" of Account "", Result = 2
20220518-110410<INFO :000008BC>: [2] PacketID:126, Log PlayerAction on role "" of Account "", Result = 2
20220518-110410<INFO :000008BC>: [2] PacketID:127, Log PlayerAction on role "" of Account "", Result = 2
20220518-110410<INFO :000008BC>: [2] PacketID:128, Log PlayerAction on role "" of Account "", Result = 2
20220518-110410<INFO :000008BC>: [2] PacketID:129, Log PlayerAction on role "" of Account "", Result = 2
20220518-110410<INFO :000008BC>: [2] PacketID:130, Log PlayerAction on role "" of Account "", Result = 2
20220518-110410<INFO :000008BC>: [2] PacketID:131, Log PlayerAction on role "" of Account "", Result = 2
20220518-110410<INFO :000008BC>: [2] PacketID:132, Log PlayerAction on role "" of Account "", Result = 2
20220518-110410<INFO :000008BC>: [2] PacketID:133, Log PlayerAction on role "" of Account "", Result = 2
20220518-110410<INFO :000008BC>: [2] PacketID:134, Log PlayerAction on role "" of Account "", Result = 2
20220518-110410<INFO :000008BC>: [2] PacketID:135, Log PlayerAction on role "" of Account "", Result = 2
20220518-110410<INFO :000008BC>: [2] PacketID:136, Log PlayerAction on role "" of Account "", Result = 2
20220518-110410<INFO :000008BC>: [2] PacketID:137, Log PlayerAction on role "" of Account "", Result = 2
20220518-110410<INFO :000008BC>: [2] PacketID:138, Log PlayerAction on role "" of Account "", Result = 2
20220518-110410<INFO :000008BC>: [2] PacketID:139, Log PlayerAction on role "" of Account "", Result = 2
20220518-110410<INFO :000008BC>: [2] PacketID:140, Log PlayerAction on role "" of Account "", Result = 2
20220518-110410<INFO :000008BC>: [2] PacketID:141, Log PlayerAction on role "" of Account "", Result = 2
20220518-110410<INFO :000008BC>: [2] PacketID:142, Log PlayerAction on role "" of Account "", Result = 2
20220518-110410<INFO :000008BC>: [2] PacketID:143, Log PlayerAction on role "" of Account "", Result = 2
20220518-110410<INFO :000008BC>: [2] PacketID:144, Log PlayerAction on role "" of Account "", Result = 2
20220518-110410<INFO :000008BC>: [2] PacketID:145, Log PlayerAction on role "" of Account "", Result = 2
20220518-110410<INFO :000008BC>: [2] PacketID:146, Log PlayerAction on role "" of Account "", Result = 2
20220518-110410<INFO :000008BC>: [2] PacketID:147, Log PlayerAction on role "" of Account "", Result = 2
20220518-110410<INFO :000008BC>: [2] PacketID:148, Log PlayerAction on role "" of Account "", Result = 2
20220518-110410<INFO :000008BC>: [2] PacketID:149, Log PlayerAction on role "" of Account "", Result = 2
20220518-110410<INFO :000008BC>: [2] PacketID:150, Log PlayerAction on role "" of Account "", Result = 2
20220518-110410<INFO :000008BC>: [2] PacketID:151, Log PlayerAction on role "" of Account "", Result = 2
20220518-110410<INFO :000008BC>: [2] PacketID:152, Log PlayerAction on role "" of Account "", Result = 2
20220518-110411<INFO :000008BC>: [2] PacketID:153, Log PlayerAction on role "" of Account "", Result = 2
20220518-110411<INFO :000008BC>: [2] PacketID:154, Log PlayerAction on role "" of Account "", Result = 2
20220518-110411<INFO :000008BC>: [2] PacketID:155, Log PlayerAction on role "" of Account "", Result = 2
20220518-110411<INFO :000008BC>: [2] PacketID:156, Log PlayerAction on role "" of Account "", Result = 2
20220518-110411<INFO :000008BC>: [2] PacketID:157, Log PlayerAction on role "" of Account "", Result = 2
20220518-110411<INFO :000008BC>: [2] PacketID:158, Log PlayerAction on role "" of Account "", Result = 2
20220518-110411<INFO :000008BC>: [2] PacketID:159, Log PlayerAction on role "" of Account "", Result = 2
20220518-110411<INFO :000008BC>: [2] PacketID:160, Log PlayerAction on role "" of Account "", Result = 2
20220518-110411<INFO :000008BC>: [2] PacketID:161, Log PlayerAction on role "" of Account "", Result = 2
20220518-110411<INFO :000008BC>: [2] PacketID:162, Log PlayerAction on role "" of Account "", Result = 2
20220518-110411<INFO :000008BC>: [2] PacketID:163, Log PlayerAction on role "" of Account "", Result = 2
20220518-110411<INFO :000008BC>: [2] PacketID:164, Log PlayerAction on role "" of Account "", Result = 2
20220518-110411<INFO :000008BC>: [2] PacketID:165, Log PlayerAction on role "" of Account "", Result = 2
20220518-110411<INFO :000008BC>: [2] PacketID:166, Log PlayerAction on role "" of Account "", Result = 2
20220518-110411<INFO :000008BC>: [2] PacketID:167, Log PlayerAction on role "" of Account "", Result = 2
20220518-110411<INFO :000008BC>: [2] PacketID:168, Log PlayerAction on role "" of Account "", Result = 2
20220518-110411<INFO :000008BC>: [2] PacketID:169, Log PlayerAction on role "" of Account "", Result = 2
20220518-110411<INFO :000008BC>: [2] PacketID:170, Log PlayerAction on role "" of Account "", Result = 2
20220518-110411<INFO :000008BC>: [2] PacketID:171, Log PlayerAction on role "" of Account "", Result = 2
20220518-110411<INFO :000008BC>: [2] PacketID:172, Log PlayerAction on role "" of Account "", Result = 2
20220518-110411<INFO :000008BC>: [2] PacketID:173, Log PlayerAction on role "" of Account "", Result = 2
20220518-110411<INFO :000008BC>: [2] PacketID:174, Log PlayerAction on role "" of Account "", Result = 2
20220518-110411<INFO :000008BC>: [2] PacketID:175, Log PlayerAction on role "" of Account "", Result = 2
20220518-110411<INFO :000008BC>: [2] PacketID:176, Log PlayerAction on role "" of Account "", Result = 2
20220518-110411<INFO :000008BC>: [2] PacketID:177, Log Item operation on role "" of Account "", Result = 2
20220518-110411<INFO :000008BC>: [2] PacketID:178, Log Item operation on role "" of Account "", Result = 2
20220518-110411<INFO :000008BC>: [2] PacketID:179, Log Item operation on role "" of Account "", Result = 2
20220518-110411<INFO :000008BC>: [2] PacketID:180, Log Item operation on role "" of Account "", Result = 2
20220518-110411<INFO :000008BC>: [2] PacketID:181, Log Item operation on role "" of Account "", Result = 2
20220518-110411<INFO :000008BC>: [2] PacketID:182, Log Item operation on role "" of Account "", Result = 2
20220518-110411<INFO :000008BC>: [2] PacketID:183, Log Item operation on role "" of Account "", Result = 2
20220518-110411<INFO :000008BC>: [2] PacketID:184, Log Item operation on role "" of Account "", Result = 2
20220518-110411<INFO :000008BC>: [2] PacketID:185, Log Item operation on role "" of Account "", Result = 2
20220518-110411<INFO :000008BC>: [2] PacketID:186, Log Item operation on role "" of Account "", Result = 2
20220518-110411<INFO :000008BC>: [2] PacketID:187, Log Item operation on role "" of Account "", Result = 2
20220518-110411<INFO :000008BC>: [2] PacketID:188, Log Item operation on role "" of Account "", Result = 2
20220518-110411<INFO :000008BC>: [2] PacketID:189, Log Item operation on role "" of Account "", Result = 2
20220518-110411<INFO :000008BC>: [2] PacketID:190, Log Item operation on role "" of Account "", Result = 2
20220518-110411<INFO :000008BC>: [2] PacketID:191, Log Item operation on role "" of Account "", Result = 2
20220518-110411<INFO :000008BC>: [2] PacketID:192, Log Item operation on role "" of Account "", Result = 2
20220518-110411<INFO :000008BC>: [2] PacketID:193, Log Item operation on role "" of Account "", Result = 2
20220518-110411<INFO :000008BC>: [2] PacketID:194, Log Item operation on role "" of Account "", Result = 2
20220518-110411<INFO :000008BC>: [2] PacketID:195, Log Item operation on role "" of Account "", Result = 2
20220518-110411<INFO :000008BC>: [2] PacketID:196, Log Item operation on role "" of Account "", Result = 2
20220518-110411<INFO :000008BC>: [2] PacketID:197, Log Item operation on role "" of Account "", Result = 2
20220518-110411<INFO :000008BC>: [2] PacketID:198, Log Item operation on role "" of Account "", Result = 2
20220518-110411<INFO :000008BC>: [2] PacketID:199, Log Item operation on role "" of Account "", Result = 2
20220518-110411<INFO :000008BC>: [2] PacketID:200, Log Item operation on role "" of Account "", Result = 2
20220518-110411<INFO :000008BC>: [2] PacketID:201, Log Item operation on role "" of Account "", Result = 2
20220518-110411<INFO :000008BC>: [2] PacketID:202, Log Item operation on role "" of Account "", Result = 2
20220518-110411<INFO :000008BC>: [2] PacketID:203, Log Item operation on role "" of Account "", Result = 2
20220518-110411<INFO :000008BC>: [2] PacketID:204, Log Item operation on role "" of Account "", Result = 2
20220518-110411<INFO :000008BC>: [2] PacketID:205, Log Item operation on role "" of Account "", Result = 2
20220518-110411<INFO :000008BC>: [2] PacketID:206, Log Item operation on role "" of Account "", Result = 2
20220518-110411<INFO :000008BC>: [2] PacketID:207, Log Item operation on role "" of Account "", Result = 2
20220518-110411<INFO :000008BC>: [2] PacketID:208, Log Item operation on role "" of Account "", Result = 2
20220518-110411<INFO :000008BC>: [2] PacketID:209, Log Item operation on role "" of Account "", Result = 2
20220518-110411<INFO :000008BC>: [2] PacketID:210, Log Item operation on role "" of Account "", Result = 2
20220518-110411<INFO :000008BC>: [2] PacketID:211, Log Item operation on role "" of Account "", Result = 2
20220518-110411<INFO :000008BC>: [2] PacketID:212, Log Item operation on role "" of Account "", Result = 2
20220518-110411<INFO :000008BC>: [2] PacketID:213, Log Item operation on role "" of Account "", Result = 2
20220518-110411<INFO :000008BC>: [2] PacketID:214, Log Item operation on role "" of Account "", Result = 2
20220518-110412<INFO :000008BC>: [2] PacketID:215, Log PlayerAction on role "" of Account "", Result = 2
20220518-110415<INFO :000008BC>: [2] PacketID:216, Log Item operation on role "" of Account "", Result = 2
20220518-110415<INFO :000008BC>: [2] PacketID:217, Log Item operation on role "" of Account "", Result = 2
20220518-110600<INFO :000008BC>: [2] PacketID:218, Log Item operation on role "" of Account "", Result = 2
20220518-110603<INFO :000008BC>: [2] PacketID:219, Log Item operation on role "" of Account "", Result = 2
20220518-110642<INFO :000008BC>: [2] PacketID:220, Log Item operation on role "" of Account "", Result = 2
20220518-110642<INFO :000008BC>: [2] PacketID:221, Log PlayerAction on role "" of Account "", Result = 2
20220518-110643<INFO :000008BC>: [2] PacketID:222, Log Item operation on role "" of Account "", Result = 2
20220518-110643<INFO :000008BC>: [2] PacketID:223, Log Item operation on role "" of Account "", Result = 2
20220518-110803<INFO :000008BC>: [2] PacketID:224, Log Item operation on role "" of Account "", Result = 2
20220518-110803<INFO :000008BC>: [2] PacketID:225, Log PlayerAction on role "" of Account "", Result = 2
20220518-110952<INFO :000008BC>: [2] PacketID:226, Log PlayerAction on role "" of Account "", Result = 2
20220518-110952<INFO :000008BC>: [2] PacketID:227, Log PlayerAction on role "" of Account "", Result = 2
20220518-110952<INFO :000008BC>: [2] PacketID:228, Log PlayerAction on role "" of Account "", Result = 2
20220518-110952<INFO :000008BC>: [2] PacketID:229, Log PlayerAction on role "" of Account "", Result = 2
20220518-110952<INFO :000008BC>: [2] PacketID:230, Log PlayerAction on role "" of Account "", Result = 2
20220518-110952<INFO :000008BC>: [2] PacketID:231, Log PlayerAction on role "" of Account "", Result = 2
20220518-110952<INFO :000008BC>: [2] PacketID:232, Log PlayerAction on role "" of Account "", Result = 2
20220518-110952<INFO :000008BC>: [2] PacketID:233, Log PlayerAction on role "" of Account "", Result = 2
20220518-110952<INFO :000008BC>: [2] PacketID:234, Log PlayerAction on role "" of Account "", Result = 2
20220518-110952<INFO :000008BC>: [2] PacketID:235, Log PlayerAction on role "" of Account "", Result = 2
20220518-110952<INFO :000008BC>: [2] PacketID:236, Log Item operation on role "" of Account "", Result = 2
20220518-110952<INFO :000008BC>: [2] PacketID:237, Log Item operation on role "" of Account "", Result = 2
20220518-110952<INFO :000008BC>: [2] PacketID:238, Log Item operation on role "" of Account "", Result = 2
20220518-110952<INFO :000008BC>: [2] PacketID:239, Log Item operation on role "" of Account "", Result = 2
20220518-110952<INFO :000008BC>: [2] PacketID:240, Log Item operation on role "" of Account "", Result = 2
20220518-110952<INFO :000008BC>: [2] PacketID:241, Log Item operation on role "Solana" of Account "hungnv", Result = 1
20220518-110952<INFO :000008BC>: [2] PacketID:242, Log Item operation on role "Solana" of Account "hungnv", Result = 1
20220518-110952<INFO :000008BC>: [2] PacketID:243, Log Item operation on role "Solana" of Account "hungnv", Result = 1
20220518-110952<INFO :000008BC>: [2] PacketID:244, Log Item operation on role "Solana" of Account "hungnv", Result = 1
20220518-110952<INFO :000008BC>: [2] PacketID:245, Log Item operation on role "Solana" of Account "hungnv", Result = 1
20220518-110952<INFO :000008BC>: [2] PacketID:246, Log Item operation on role "Solana" of Account "hungnv", Result = 1
20220518-110952<INFO :000008BC>: [2] PacketID:247, Log Item operation on role "" of Account "", Result = 2
20220518-111044<INFO :000008BC>: [2] PacketID:248, Log Item operation on role "" of Account "", Result = 2
20220518-111044<INFO :000008BC>: [2] PacketID:249, Log PlayerAction on role "" of Account "", Result = 2
20220518-111052<INFO :000008BC>: [2] PacketID:250, Log Item operation on role "" of Account "", Result = 2
20220518-111052<INFO :000008BC>: [2] PacketID:251, Log PlayerAction on role "" of Account "", Result = 2
20220518-111057<INFO :000008BC>: [2] PacketID:252, Log Item operation on role "" of Account "", Result = 2
20220518-111057<INFO :000008BC>: [2] PacketID:253, Log PlayerAction on role "" of Account "", Result = 2
20220518-111229<INFO :000008BC>: [2] PacketID:254, Log Item operation on role "" of Account "", Result = 2
20220518-111229<INFO :000008BC>: [2] PacketID:255, Log Item operation on role "" of Account "", Result = 2
20220518-111229<INFO :000008BC>: [2] PacketID:256, Log PlayerAction on role "" of Account "", Result = 2
20220518-112314<INFO :000008BC>: [2] PacketID:257, Log PlayerAction on role "" of Account "", Result = 2
20220518-113234<INFO :000008BC>: [2] PacketID:258, Log PlayerAction on role "" of Account "", Result = 2
20220518-113434<INFO :000008BC>: [2] PacketID:259, Log Item operation on role "" of Account "", Result = 2
20220518-113434<INFO :000008BC>: [2] PacketID:260, Log PlayerAction on role "" of Account "", Result = 2
20220518-113439<INFO :000008BC>: [2] PacketID:261, Log Item operation on role "" of Account "", Result = 2
20220518-113439<INFO :000008BC>: [2] PacketID:262, Log Item operation on role "" of Account "", Result = 2
20220518-113440<INFO :000008BC>: [2] PacketID:263, Log Item operation on role "" of Account "", Result = 2
20220518-113440<INFO :000008BC>: [2] PacketID:264, Log Item operation on role "" of Account "", Result = 2
20220518-113446<INFO :000008BC>: [2] PacketID:265, Log Item operation on role "" of Account "", Result = 2
20220518-113446<INFO :000008BC>: [2] PacketID:266, Log Item operation on role "" of Account "", Result = 2
20220518-113446<INFO :000008BC>: [2] PacketID:267, Log Item operation on role "" of Account "", Result = 2
20220518-113446<INFO :000008BC>: [2] PacketID:268, Log Item operation on role "" of Account "", Result = 2
20220518-113536<INFO :000008BC>: [2] PacketID:269, Log PlayerAction on role "" of Account "", Result = 2
20220518-113536<INFO :000008BC>: [2] PacketID:270, Log Item operation on role "" of Account "", Result = 2
20220518-113536<INFO :000008BC>: [2] PacketID:271, Log PlayerAction on role "" of Account "", Result = 2
20220518-113544<INFO :000008BC>: [2] PacketID:272, Log Item operation on role "" of Account "", Result = 2
20220518-113544<INFO :000008BC>: [2] PacketID:273, Log Item operation on role "" of Account "", Result = 2
20220518-113603<INFO :000008BC>: [2] PacketID:274, Log Item operation on role "" of Account "", Result = 2
20220518-113639<INFO :000008BC>: [2] PacketID:275, Log PlayerAction on role "" of Account "", Result = 2
20220518-113812<INFO :000008BC>: [2] PacketID:276, Log Item operation on role "" of Account "", Result = 2
20220518-113812<INFO :000008BC>: [2] PacketID:277, Log Item operation on role "" of Account "", Result = 2
20220518-113812<INFO :000008BC>: [2] PacketID:278, Log Item operation on role "" of Account "", Result = 2
20220518-113812<INFO :000008BC>: [2] PacketID:279, Log Item operation on role "" of Account "", Result = 2
20220518-113812<INFO :000008BC>: [2] PacketID:280, Log Item operation on role "" of Account "", Result = 2
20220518-113812<INFO :000008BC>: [2] PacketID:281, Log PlayerAction on role "" of Account "", Result = 2
20220518-113840<INFO :000008BC>: [2] PacketID:282, Log Item operation on role "" of Account "", Result = 2
20220518-113840<INFO :000008BC>: [2] PacketID:283, Log Item operation on role "" of Account "", Result = 2
20220518-113840<INFO :000008BC>: [2] PacketID:284, Log Item operation on role "" of Account "", Result = 2
20220518-113840<INFO :000008BC>: [2] PacketID:285, Log Item operation on role "" of Account "", Result = 2
20220518-113840<INFO :000008BC>: [2] PacketID:286, Log Item operation on role "" of Account "", Result = 2
20220518-113840<INFO :000008BC>: [2] PacketID:287, Log Item operation on role "" of Account "", Result = 2
20220518-113840<INFO :000008BC>: [2] PacketID:288, Log PlayerAction on role "" of Account "", Result = 2
20220518-113854<INFO :000008BC>: [2] PacketID:289, Log Item operation on role "" of Account "", Result = 2
20220518-113854<INFO :000008BC>: [2] PacketID:290, Log Item operation on role "" of Account "", Result = 2
20220518-113854<INFO :000008BC>: [2] PacketID:291, Log Item operation on role "" of Account "", Result = 2
20220518-113854<INFO :000008BC>: [2] PacketID:292, Log Item operation on role "" of Account "", Result = 2
20220518-113854<INFO :000008BC>: [2] PacketID:293, Log Item operation on role "" of Account "", Result = 2
20220518-113854<INFO :000008BC>: [2] PacketID:294, Log Item operation on role "" of Account "", Result = 2
20220518-113854<INFO :000008BC>: [2] PacketID:295, Log Item operation on role "" of Account "", Result = 2
20220518-113854<INFO :000008BC>: [2] PacketID:296, Log Item operation on role "" of Account "", Result = 2
20220518-113854<INFO :000008BC>: [2] PacketID:297, Log Item operation on role "" of Account "", Result = 2
20220518-113854<INFO :000008BC>: [2] PacketID:298, Log Item operation on role "" of Account "", Result = 2
20220518-113854<INFO :000008BC>: [2] PacketID:299, Log Item operation on role "" of Account "", Result = 2
20220518-113854<INFO :000008BC>: [2] PacketID:300, Log Item operation on role "" of Account "", Result = 2
20220518-113854<INFO :000008BC>: [2] PacketID:301, Log Item operation on role "Testgame" of Account "administrator", Result = 1
20220518-113854<INFO :000008BC>: [2] PacketID:302, Log Item operation on role "Testgame" of Account "administrator", Result = 1
20220518-131658<INFO :000008BC>: [2] PacketID:303, Log PlayerAction on role "" of Account "", Result = 2
20220518-131754<INFO :000008BC>: [2] PacketID:304, Log PlayerAction on role "" of Account "", Result = 2
20220518-131754<INFO :000008BC>: [2] PacketID:305, Log PlayerAction on role "" of Account "", Result = 2
20220518-131754<INFO :000008BC>: [2] PacketID:306, Log PlayerAction on role "" of Account "", Result = 2
20220518-131754<INFO :000008BC>: [2] PacketID:307, Log PlayerAction on role "" of Account "", Result = 2
20220518-131754<INFO :000008BC>: [2] PacketID:308, Log PlayerAction on role "" of Account "", Result = 2
20220518-131754<INFO :000008BC>: [2] PacketID:309, Log PlayerAction on role "" of Account "", Result = 2
20220518-131754<INFO :000008BC>: [2] PacketID:310, Log PlayerAction on role "" of Account "", Result = 2
20220518-131754<INFO :000008BC>: [2] PacketID:311, Log PlayerAction on role "" of Account "", Result = 2
20220518-131754<INFO :000008BC>: [2] PacketID:312, Log PlayerAction on role "" of Account "", Result = 2
20220518-131754<INFO :000008BC>: [2] PacketID:313, Log PlayerAction on role "" of Account "", Result = 2
20220518-131754<INFO :000008BC>: [2] PacketID:314, Log PlayerAction on role "" of Account "", Result = 2
20220518-131754<INFO :000008BC>: [2] PacketID:315, Log PlayerAction on role "" of Account "", Result = 2
20220518-131754<INFO :000008BC>: [2] PacketID:316, Log PlayerAction on role "" of Account "", Result = 2
20220518-131754<INFO :000008BC>: [2] PacketID:317, Log PlayerAction on role "" of Account "", Result = 2
20220518-131754<INFO :000008BC>: [2] PacketID:318, Log PlayerAction on role "" of Account "", Result = 2
20220518-131754<INFO :000008BC>: [2] PacketID:319, Log PlayerAction on role "" of Account "", Result = 2
20220518-131754<INFO :000008BC>: [2] PacketID:320, Log PlayerAction on role "" of Account "", Result = 2
20220518-131754<INFO :000008BC>: [2] PacketID:321, Log PlayerAction on role "" of Account "", Result = 2
20220518-131754<INFO :000008BC>: [2] PacketID:322, Log PlayerAction on role "" of Account "", Result = 2
20220518-131754<INFO :000008BC>: [2] PacketID:323, Log PlayerAction on role "" of Account "", Result = 2
20220518-131754<INFO :000008BC>: [2] PacketID:324, Log PlayerAction on role "" of Account "", Result = 2
20220518-131754<INFO :000008BC>: [2] PacketID:325, Log PlayerAction on role "" of Account "", Result = 2
20220518-131754<INFO :000008BC>: [2] PacketID:326, Log PlayerAction on role "" of Account "", Result = 2
20220518-131754<INFO :000008BC>: [2] PacketID:327, Log PlayerAction on role "" of Account "", Result = 2
20220518-131754<INFO :000008BC>: [2] PacketID:328, Log PlayerAction on role "" of Account "", Result = 2
20220518-131754<INFO :000008BC>: [2] PacketID:329, Log PlayerAction on role "" of Account "", Result = 2
20220518-131754<INFO :000008BC>: [2] PacketID:330, Log PlayerAction on role "" of Account "", Result = 2
20220518-131754<INFO :000008BC>: [2] PacketID:331, Log PlayerAction on role "" of Account "", Result = 2
20220518-131754<INFO :000008BC>: [2] PacketID:332, Log PlayerAction on role "" of Account "", Result = 2
20220518-131754<INFO :000008BC>: [2] PacketID:333, Log PlayerAction on role "" of Account "", Result = 2
20220518-131754<INFO :000008BC>: [2] PacketID:334, Log PlayerAction on role "" of Account "", Result = 2
20220518-131754<INFO :000008BC>: [2] PacketID:335, Log PlayerAction on role "" of Account "", Result = 2
20220518-131754<INFO :000008BC>: [2] PacketID:336, Log PlayerAction on role "" of Account "", Result = 2
20220518-131754<INFO :000008BC>: [2] PacketID:337, Log PlayerAction on role "" of Account "", Result = 2
20220518-131754<INFO :000008BC>: [2] PacketID:338, Log PlayerAction on role "" of Account "", Result = 2
20220518-131754<INFO :000008BC>: [2] PacketID:339, Log PlayerAction on role "" of Account "", Result = 2
20220518-131754<INFO :000008BC>: [2] PacketID:340, Log PlayerAction on role "" of Account "", Result = 2
20220518-131754<INFO :000008BC>: [2] PacketID:341, Log PlayerAction on role "" of Account "", Result = 2
20220518-131754<INFO :000008BC>: [2] PacketID:342, Log PlayerAction on role "" of Account "", Result = 2
20220518-131754<INFO :000008BC>: [2] PacketID:343, Log PlayerAction on role "" of Account "", Result = 2
20220518-131754<INFO :000008BC>: [2] PacketID:344, Log PlayerAction on role "" of Account "", Result = 2
20220518-131754<INFO :000008BC>: [2] PacketID:345, Log PlayerAction on role "" of Account "", Result = 2
20220518-131754<INFO :000008BC>: [2] PacketID:346, Log PlayerAction on role "" of Account "", Result = 2
20220518-131754<INFO :000008BC>: [2] PacketID:347, Log PlayerAction on role "" of Account "", Result = 2
20220518-131754<INFO :000008BC>: [2] PacketID:348, Log PlayerAction on role "" of Account "", Result = 2
20220518-131754<INFO :000008BC>: [2] PacketID:349, Log PlayerAction on role "" of Account "", Result = 2
20220518-131754<INFO :000008BC>: [2] PacketID:350, Log PlayerAction on role "" of Account "", Result = 2
20220518-131754<INFO :000008BC>: [2] PacketID:351, Log PlayerAction on role "" of Account "", Result = 2
20220518-131754<INFO :000008BC>: [2] PacketID:352, Log PlayerAction on role "" of Account "", Result = 2
20220518-131754<INFO :000008BC>: [2] PacketID:353, Log PlayerAction on role "" of Account "", Result = 2
20220518-131754<INFO :000008BC>: [2] PacketID:354, Log PlayerAction on role "" of Account "", Result = 2
20220518-131754<INFO :000008BC>: [2] PacketID:355, Log Item operation on role "" of Account "", Result = 2
20220518-131754<INFO :000008BC>: [2] PacketID:356, Log Item operation on role "" of Account "", Result = 2
20220518-131754<INFO :000008BC>: [2] PacketID:357, Log Item operation on role "" of Account "", Result = 2
20220518-131754<INFO :000008BC>: [2] PacketID:358, Log Item operation on role "" of Account "", Result = 2
20220518-131754<INFO :000008BC>: [2] PacketID:359, Log Item operation on role "" of Account "", Result = 2
20220518-131754<INFO :000008BC>: [2] PacketID:360, Log Item operation on role "" of Account "", Result = 2
20220518-131754<INFO :000008BC>: [2] PacketID:361, Log Item operation on role "" of Account "", Result = 2
20220518-131754<INFO :000008BC>: [2] PacketID:362, Log Item operation on role "" of Account "", Result = 2
20220518-131754<INFO :000008BC>: [2] PacketID:363, Log Item operation on role "" of Account "", Result = 2
20220518-131754<INFO :000008BC>: [2] PacketID:364, Log Item operation on role "" of Account "", Result = 2
20220518-131754<INFO :000008BC>: [2] PacketID:365, Log Item operation on role "" of Account "", Result = 2
20220518-131754<INFO :000008BC>: [2] PacketID:366, Log Item operation on role "" of Account "", Result = 2
20220518-131754<INFO :000008BC>: [2] PacketID:367, Log Item operation on role "" of Account "", Result = 2
20220518-131754<INFO :000008BC>: [2] PacketID:368, Log Item operation on role "" of Account "", Result = 2
20220518-131754<INFO :000008BC>: [2] PacketID:369, Log Item operation on role "" of Account "", Result = 2
20220518-131754<INFO :000008BC>: [2] PacketID:370, Log Item operation on role "" of Account "", Result = 2
20220518-131754<INFO :000008BC>: [2] PacketID:371, Log Item operation on role "" of Account "", Result = 2
20220518-131754<INFO :000008BC>: [2] PacketID:372, Log Item operation on role "" of Account "", Result = 2
20220518-131754<INFO :000008BC>: [2] PacketID:373, Log Item operation on role "" of Account "", Result = 2
20220518-131754<INFO :000008BC>: [2] PacketID:374, Log Item operation on role "" of Account "", Result = 2
20220518-131754<INFO :000008BC>: [2] PacketID:375, Log Item operation on role "" of Account "", Result = 2
20220518-131754<INFO :000008BC>: [2] PacketID:376, Log Item operation on role "" of Account "", Result = 2
20220518-131754<INFO :000008BC>: [2] PacketID:377, Log Item operation on role "" of Account "", Result = 2
20220518-131754<INFO :000008BC>: [2] PacketID:378, Log Item operation on role "" of Account "", Result = 2
20220518-131754<INFO :000008BC>: [2] PacketID:379, Log Item operation on role "" of Account "", Result = 2
20220518-131754<INFO :000008BC>: [2] PacketID:380, Log Item operation on role "" of Account "", Result = 2
20220518-131754<INFO :000008BC>: [2] PacketID:381, Log Item operation on role "" of Account "", Result = 2
20220518-131754<INFO :000008BC>: [2] PacketID:382, Log Item operation on role "" of Account "", Result = 2
20220518-131754<INFO :000008BC>: [2] PacketID:383, Log Item operation on role "" of Account "", Result = 2
20220518-131754<INFO :000008BC>: [2] PacketID:384, Log Item operation on role "" of Account "", Result = 2
20220518-131754<INFO :000008BC>: [2] PacketID:385, Log Item operation on role "" of Account "", Result = 2
20220518-131754<INFO :000008BC>: [2] PacketID:386, Log Item operation on role "" of Account "", Result = 2
20220518-131754<INFO :000008BC>: [2] PacketID:387, Log Item operation on role "" of Account "", Result = 2
20220518-131754<INFO :000008BC>: [2] PacketID:388, Log Item operation on role "" of Account "", Result = 2
20220518-131754<INFO :000008BC>: [2] PacketID:389, Log Item operation on role "" of Account "", Result = 2
20220518-131754<INFO :000008BC>: [2] PacketID:390, Log Item operation on role "" of Account "", Result = 2
20220518-131754<INFO :000008BC>: [2] PacketID:391, Log Item operation on role "" of Account "", Result = 2
20220518-131754<INFO :000008BC>: [2] PacketID:392, Log Item operation on role "" of Account "", Result = 2
20220518-131756<INFO :000008BC>: [2] PacketID:393, Log PlayerAction on role "" of Account "", Result = 2
20220518-131759<INFO :000008BC>: [2] PacketID:394, Log Item operation on role "" of Account "", Result = 2
20220518-131759<INFO :000008BC>: [2] PacketID:395, Log Item operation on role "" of Account "", Result = 2
20220518-131812<INFO :000008BC>: [2] PacketID:396, Log Item operation on role "" of Account "", Result = 2
20220518-131814<INFO :000008BC>: [2] PacketID:397, Log Item operation on role "" of Account "", Result = 2
20220518-131846<INFO :000008BC>: [2] PacketID:398, Log PlayerAction on role "" of Account "", Result = 2
20220518-131846<INFO :000008BC>: [2] PacketID:399, Log PlayerAction on role "" of Account "", Result = 2
20220518-131846<INFO :000008BC>: [2] PacketID:400, Log PlayerAction on role "" of Account "", Result = 2
20220518-131846<INFO :000008BC>: [2] PacketID:401, Log PlayerAction on role "" of Account "", Result = 2
20220518-131846<INFO :000008BC>: [2] PacketID:402, Log PlayerAction on role "" of Account "", Result = 2
20220518-131846<INFO :000008BC>: [2] PacketID:403, Log PlayerAction on role "" of Account "", Result = 2
20220518-131846<INFO :000008BC>: [2] PacketID:404, Log PlayerAction on role "" of Account "", Result = 2
20220518-131846<INFO :000008BC>: [2] PacketID:405, Log PlayerAction on role "" of Account "", Result = 2
20220518-131846<INFO :000008BC>: [2] PacketID:406, Log PlayerAction on role "" of Account "", Result = 2
20220518-131846<INFO :000008BC>: [2] PacketID:407, Log PlayerAction on role "" of Account "", Result = 2
20220518-131846<INFO :000008BC>: [2] PacketID:408, Log Item operation on role "" of Account "", Result = 2
20220518-131846<INFO :000008BC>: [2] PacketID:409, Log Item operation on role "" of Account "", Result = 2
20220518-131846<INFO :000008BC>: [2] PacketID:410, Log Item operation on role "" of Account "", Result = 2
20220518-131846<INFO :000008BC>: [2] PacketID:411, Log Item operation on role "" of Account "", Result = 2
20220518-131846<INFO :000008BC>: [2] PacketID:412, Log Item operation on role "" of Account "", Result = 2
20220518-131846<INFO :000008BC>: [2] PacketID:413, Log Item operation on role "MaNhẫn05" of Account "testgamea", Result = 1
20220518-131846<INFO :000008BC>: [2] PacketID:414, Log Item operation on role "MaNhẫn05" of Account "testgamea", Result = 1
20220518-131846<INFO :000008BC>: [2] PacketID:415, Log Item operation on role "MaNhẫn05" of Account "testgamea", Result = 1
20220518-131847<INFO :000008BC>: [2] PacketID:416, Log Item operation on role "MaNhẫn05" of Account "testgamea", Result = 1
20220518-131847<INFO :000008BC>: [2] PacketID:417, Log Item operation on role "MaNhẫn05" of Account "testgamea", Result = 1
20220518-131847<INFO :000008BC>: [2] PacketID:418, Log Item operation on role "MaNhẫn05" of Account "testgamea", Result = 1
20220518-131847<INFO :000008BC>: [2] PacketID:419, Log Item operation on role "" of Account "", Result = 2
20220518-131909<INFO :000008BC>: [2] PacketID:420, Log Item operation on role "" of Account "", Result = 2
20220518-131909<INFO :000008BC>: [2] PacketID:421, Log PlayerAction on role "" of Account "", Result = 2
20220518-131914<INFO :000008BC>: [2] PacketID:422, Log Item operation on role "" of Account "", Result = 2
20220518-131914<INFO :000008BC>: [2] PacketID:423, Log PlayerAction on role "" of Account "", Result = 2
20220518-131920<INFO :000008BC>: [2] PacketID:424, Log Item operation on role "" of Account "", Result = 2
20220518-131920<INFO :000008BC>: [2] PacketID:425, Log PlayerAction on role "" of Account "", Result = 2
20220518-132008<INFO :000008BC>: [2] PacketID:426, Log Item operation on role "" of Account "", Result = 2
20220518-132008<INFO :000008BC>: [2] PacketID:427, Log PlayerAction on role "" of Account "", Result = 2
20220518-132015<INFO :000008BC>: [2] PacketID:428, Log Item operation on role "" of Account "", Result = 2
20220518-132015<INFO :000008BC>: [2] PacketID:429, Log Item operation on role "" of Account "", Result = 2
20220518-132021<INFO :000008BC>: [2] PacketID:430, Log Item operation on role "" of Account "", Result = 2
20220518-132021<INFO :000008BC>: [2] PacketID:431, Log Item operation on role "" of Account "", Result = 2
20220518-132022<INFO :000008BC>: [2] PacketID:432, Log Item operation on role "" of Account "", Result = 2
20220518-132022<INFO :000008BC>: [2] PacketID:433, Log Item operation on role "" of Account "", Result = 2
20220518-132026<INFO :000008BC>: [2] PacketID:434, Log Item operation on role "" of Account "", Result = 2
20220518-132026<INFO :000008BC>: [2] PacketID:435, Log Item operation on role "" of Account "", Result = 2
20220518-132030<INFO :000008BC>: [2] PacketID:436, Log Item operation on role "" of Account "", Result = 2
20220518-132030<INFO :000008BC>: [2] PacketID:437, Log Item operation on role "" of Account "", Result = 2
20220518-132036<INFO :000008BC>: [2] PacketID:438, Log Item operation on role "" of Account "", Result = 2
20220518-132036<INFO :000008BC>: [2] PacketID:439, Log Item operation on role "" of Account "", Result = 2
20220518-132039<INFO :000008BC>: [2] PacketID:440, Log Item operation on role "" of Account "", Result = 2
20220518-132039<INFO :000008BC>: [2] PacketID:441, Log Item operation on role "" of Account "", Result = 2
20220518-132041<INFO :000008BC>: [2] PacketID:442, Log Item operation on role "" of Account "", Result = 2
20220518-132041<INFO :000008BC>: [2] PacketID:443, Log Item operation on role "" of Account "", Result = 2
20220518-132042<INFO :000008BC>: [2] PacketID:444, Log Item operation on role "" of Account "", Result = 2
20220518-132042<INFO :000008BC>: [2] PacketID:445, Log Item operation on role "" of Account "", Result = 2
20220518-132046<INFO :000008BC>: [2] PacketID:446, Log Item operation on role "" of Account "", Result = 2
20220518-132046<INFO :000008BC>: [2] PacketID:447, Log Item operation on role "" of Account "", Result = 2
20220518-132050<INFO :000008BC>: [2] PacketID:448, Log Item operation on role "" of Account "", Result = 2
20220518-132050<INFO :000008BC>: [2] PacketID:449, Log Item operation on role "" of Account "", Result = 2
20220518-132052<INFO :000008BC>: [2] PacketID:450, Log Item operation on role "" of Account "", Result = 2
20220518-132052<INFO :000008BC>: [2] PacketID:451, Log Item operation on role "" of Account "", Result = 2
20220518-132053<INFO :000008BC>: [2] PacketID:452, Log Item operation on role "" of Account "", Result = 2
20220518-132053<INFO :000008BC>: [2] PacketID:453, Log Item operation on role "" of Account "", Result = 2
20220518-132057<INFO :000008BC>: [2] PacketID:454, Log Item operation on role "" of Account "", Result = 2
20220518-132057<INFO :000008BC>: [2] PacketID:455, Log Item operation on role "" of Account "", Result = 2
20220518-132058<INFO :000008BC>: [2] PacketID:456, Log Item operation on role "" of Account "", Result = 2
20220518-132058<INFO :000008BC>: [2] PacketID:457, Log Item operation on role "" of Account "", Result = 2
20220518-132101<INFO :000008BC>: [2] PacketID:458, Log Item operation on role "" of Account "", Result = 2
20220518-132101<INFO :000008BC>: [2] PacketID:459, Log Item operation on role "" of Account "", Result = 2
20220518-132105<INFO :000008BC>: [2] PacketID:460, Log Item operation on role "" of Account "", Result = 2
20220518-132105<INFO :000008BC>: [2] PacketID:461, Log Item operation on role "" of Account "", Result = 2
20220518-132106<INFO :000008BC>: [2] PacketID:462, Log Item operation on role "" of Account "", Result = 2
20220518-132106<INFO :000008BC>: [2] PacketID:463, Log Item operation on role "" of Account "", Result = 2
20220518-132303<INFO :000008BC>: [2] PacketID:464, Log Item operation on role "" of Account "", Result = 2
20220518-132303<INFO :000008BC>: [2] PacketID:465, Log Item operation on role "" of Account "", Result = 2
20220518-132303<INFO :000008BC>: [2] PacketID:466, Log Item operation on role "" of Account "", Result = 2
20220518-132303<INFO :000008BC>: [2] PacketID:467, Log Item operation on role "" of Account "", Result = 2
20220518-132303<INFO :000008BC>: [2] PacketID:468, Log Item operation on role "" of Account "", Result = 2
20220518-132303<INFO :000008BC>: [2] PacketID:469, Log Item operation on role "" of Account "", Result = 2
20220518-132303<INFO :000008BC>: [2] PacketID:470, Log Item operation on role "" of Account "", Result = 2
20220518-132303<INFO :000008BC>: [2] PacketID:471, Log Item operation on role "" of Account "", Result = 2
20220518-132303<INFO :000008BC>: [2] PacketID:472, Log Item operation on role "" of Account "", Result = 2
20220518-132303<INFO :000008BC>: [2] PacketID:473, Log Item operation on role "" of Account "", Result = 2
20220518-132303<INFO :000008BC>: [2] PacketID:474, Log Item operation on role "" of Account "", Result = 2
20220518-132303<INFO :000008BC>: [2] PacketID:475, Log Item operation on role "" of Account "", Result = 2
20220518-132303<INFO :000008BC>: [2] PacketID:476, Log Item operation on role "" of Account "", Result = 2
20220518-132303<INFO :000008BC>: [2] PacketID:477, Log Item operation on role "" of Account "", Result = 2
20220518-132329<INFO :000008BC>: [2] PacketID:478, Log Item operation on role "" of Account "", Result = 2
20220518-132329<INFO :000008BC>: [2] PacketID:479, Log Item operation on role "" of Account "", Result = 2
20220518-132330<INFO :000008BC>: [2] PacketID:480, Log Item operation on role "" of Account "", Result = 2
20220518-132330<INFO :000008BC>: [2] PacketID:481, Log Item operation on role "" of Account "", Result = 2
20220518-132331<INFO :000008BC>: [2] PacketID:482, Log Item operation on role "" of Account "", Result = 2
20220518-132331<INFO :000008BC>: [2] PacketID:483, Log Item operation on role "" of Account "", Result = 2
20220518-132332<INFO :000008BC>: [2] PacketID:484, Log Item operation on role "" of Account "", Result = 2
20220518-132332<INFO :000008BC>: [2] PacketID:485, Log Item operation on role "" of Account "", Result = 2
20220518-132333<INFO :000008BC>: [2] PacketID:486, Log Item operation on role "" of Account "", Result = 2
20220518-132333<INFO :000008BC>: [2] PacketID:487, Log Item operation on role "" of Account "", Result = 2
20220518-132334<INFO :000008BC>: [2] PacketID:488, Log Item operation on role "" of Account "", Result = 2
20220518-132334<INFO :000008BC>: [2] PacketID:489, Log Item operation on role "" of Account "", Result = 2
20220518-132336<INFO :000008BC>: [2] PacketID:490, Log Item operation on role "" of Account "", Result = 2
20220518-132336<INFO :000008BC>: [2] PacketID:491, Log Item operation on role "" of Account "", Result = 2
20220518-132336<INFO :000008BC>: [2] PacketID:492, Log Item operation on role "" of Account "", Result = 2
20220518-132336<INFO :000008BC>: [2] PacketID:493, Log Item operation on role "" of Account "", Result = 2
20220518-132336<INFO :000008BC>: [2] PacketID:494, Log PlayerAction on role "" of Account "", Result = 2
20220518-132336<INFO :000008BC>: [2] PacketID:495, Log Item operation on role "" of Account "", Result = 2
20220518-132336<INFO :000008BC>: [2] PacketID:496, Log Item operation on role "" of Account "", Result = 2
20220518-132337<INFO :000008BC>: [2] PacketID:497, Log Item operation on role "" of Account "", Result = 2
20220518-132337<INFO :000008BC>: [2] PacketID:498, Log Item operation on role "" of Account "", Result = 2
20220518-132338<INFO :000008BC>: [2] PacketID:499, Log Item operation on role "" of Account "", Result = 2
20220518-132338<INFO :000008BC>: [2] PacketID:500, Log Item operation on role "" of Account "", Result = 2
20220518-132339<INFO :000008BC>: [2] PacketID:501, Log Item operation on role "" of Account "", Result = 2
20220518-132339<INFO :000008BC>: [2] PacketID:502, Log Item operation on role "" of Account "", Result = 2
20220518-132339<INFO :000008BC>: [2] PacketID:503, Log Item operation on role "" of Account "", Result = 2
20220518-132339<INFO :000008BC>: [2] PacketID:504, Log Item operation on role "" of Account "", Result = 2
20220518-132340<INFO :000008BC>: [2] PacketID:505, Log Item operation on role "" of Account "", Result = 2
20220518-132340<INFO :000008BC>: [2] PacketID:506, Log Item operation on role "" of Account "", Result = 2
20220518-132340<INFO :000008BC>: [2] PacketID:507, Log Item operation on role "" of Account "", Result = 2
20220518-132340<INFO :000008BC>: [2] PacketID:508, Log Item operation on role "" of Account "", Result = 2
20220518-132341<INFO :000008BC>: [2] PacketID:509, Log Item operation on role "" of Account "", Result = 2
20220518-132341<INFO :000008BC>: [2] PacketID:510, Log Item operation on role "" of Account "", Result = 2
20220518-132400<INFO :000008BC>: [2] PacketID:511, Log Item operation on role "" of Account "", Result = 2
20220518-132400<INFO :000008BC>: [2] PacketID:512, Log Item operation on role "" of Account "", Result = 2
20220518-132400<INFO :000008BC>: [2] PacketID:513, Log Item operation on role "" of Account "", Result = 2
20220518-132400<INFO :000008BC>: [2] PacketID:514, Log Item operation on role "" of Account "", Result = 2
20220518-132400<INFO :000008BC>: [2] PacketID:515, Log PlayerAction on role "" of Account "", Result = 2
20220518-132414<INFO :000008BC>: [2] PacketID:516, Log Item operation on role "" of Account "", Result = 2
20220518-132414<INFO :000008BC>: [2] PacketID:517, Log Item operation on role "" of Account "", Result = 2
20220518-132414<INFO :000008BC>: [2] PacketID:518, Log Item operation on role "" of Account "", Result = 2
20220518-132414<INFO :000008BC>: [2] PacketID:519, Log Item operation on role "" of Account "", Result = 2
20220518-132414<INFO :000008BC>: [2] PacketID:520, Log Item operation on role "" of Account "", Result = 2
20220518-132414<INFO :000008BC>: [2] PacketID:521, Log Item operation on role "" of Account "", Result = 2
20220518-132414<INFO :000008BC>: [2] PacketID:522, Log Item operation on role "" of Account "", Result = 2
20220518-132414<INFO :000008BC>: [2] PacketID:523, Log Item operation on role "" of Account "", Result = 2
20220518-132414<INFO :000008BC>: [2] PacketID:524, Log Item operation on role "" of Account "", Result = 2
20220518-132414<INFO :000008BC>: [2] PacketID:525, Log Item operation on role "" of Account "", Result = 2
20220518-132414<INFO :000008BC>: [2] PacketID:526, Log Item operation on role "MaNhẫn05" of Account "testgamea", Result = 1
20220518-132414<INFO :000008BC>: [2] PacketID:527, Log Item operation on role "MaNhẫn05" of Account "testgamea", Result = 1
20220518-132653<INFO :000008BC>: [2] PacketID:528, Log PlayerAction on role "" of Account "", Result = 2
20220518-132918<INFO :000008BC>: [2] PacketID:529, Log Item operation on role "" of Account "", Result = 2
20220518-133152<INFO :000008BC>: [2] PacketID:530, Log Item operation on role "" of Account "", Result = 2
20220518-133653<INFO :000008BC>: [2] PacketID:531, Log PlayerAction on role "" of Account "", Result = 2
20220518-135905<INFO :000008BC>: [2] PacketID:532, Log Item operation on role "" of Account "", Result = 2
20220518-135905<INFO :000008BC>: [2] PacketID:533, Log PlayerAction on role "" of Account "", Result = 2
20220518-135906<INFO :000008BC>: [2] PacketID:534, Log Item operation on role "" of Account "", Result = 2
20220518-135906<INFO :000008BC>: [2] PacketID:535, Log Item operation on role "" of Account "", Result = 2
20220518-140210<INFO :000008BC>: [2] PacketID:536, Log Item operation on role "" of Account "", Result = 2
20220518-140217<INFO :000008BC>: [2] PacketID:537, Log Item operation on role "" of Account "", Result = 2
20220518-140245<INFO :000008BC>: [2] PacketID:538, Log Item operation on role "" of Account "", Result = 2
20220518-140301<INFO :000008BC>: [2] PacketID:539, Log Item operation on role "" of Account "", Result = 2
20220518-140447<INFO :000008BC>: [2] PacketID:540, Log Item operation on role "" of Account "", Result = 2
20220518-140510<INFO :000008BC>: [2] PacketID:541, Log Item operation on role "" of Account "", Result = 2
20220518-141838<ERROR:00000B78>: [2] (127.0.0.1:54246) Recv data error, disconnect it.
20220518-141855<ERROR:00000B78>: [1] (127.0.0.1:51430) Recv data error, disconnect it.
