[2021-11-26 19:58:35]	ERR!	[Npc]	Npc [tanglaodai] not found!
[2021-11-26 19:58:35]	ERR!	[Npc]	Npc [tanglaodai] not found!
[2021-11-26 19:58:35]	ERR!	[Npc]	Npc [tanglaodai] not found!
[2021-11-26 19:58:35]	ERR!	[Npc]	Npc [tanglaodai] not found!
[2021-11-26 19:58:35]	ERR!	[Npc]	Npc [tanglaodai] not found!
[2021-11-26 19:58:35]	ERR!	[Npc]	Npc [tanglaodai] not found!
[2021-11-26 19:58:35]	ERR!	[Npc]	Npc [tanglaodai] not found!
[2021-11-26 19:58:35]	ERR!	[Npc]	Npc [tanglaodai] not found!
[2021-11-26 19:58:35]	ERR!	[Npc]	Npc [tanglaodai] not found!
[2021-11-26 19:58:35]	ERR!	[Npc]	Npc [tanglaodai] not found!
[2021-11-26 19:58:35]	ERR!	[Npc]	Npc [tanglaodai] not found!
[2021-11-26 19:58:35]	ERR!	[Npc]	Npc [tanglaodai] not found!
[2021-11-26 19:58:35]	ERR!	[Npc]	Npc [tanglaodai] not found!
[2021-11-26 19:58:35]	ERR!	[Npc]	Npc [hoatdong1] not found!
[2021-11-26 19:58:35]	ERR!	[Npc]	Npc [hoatdong1] not found!
[2021-11-26 19:58:35]	ERR!	[Npc]	Npc [hoatdong1] not found!
[2021-11-26 19:58:35]	ERR!	[Npc]	Npc [hoatdong1] not found!
[2021-11-26 19:58:35]	ERR!	[Npc]	Npc [hoatdong1] not found!
[2021-11-26 19:58:35]	ERR!	[Npc]	Npc [hoatdong1] not found!
[2021-11-26 19:58:35]	ERR!	[Npc]	Npc [hoatdong1] not found!
[2021-11-26 19:58:35]	ERR!	[Npc]	Npc [hoatdong1] not found!
[2021-11-26 19:58:35]	ERR!	[Npc]	Npc [hoatdong1] not found!
[2021-11-26 19:58:35]	ERR!	[Npc]	Npc [hoatdong1] not found!
[2021-11-26 19:58:35]	ERR!	[Npc]	Npc [hoatdong1] not found!
[2021-11-26 19:58:35]	ERR!	[Npc]	Npc [hoatdong1] not found!
[2021-11-26 19:58:35]	ERR!	[Npc]	Npc [hoatdong1] not found!
[2021-11-26 19:58:35]	ERR!	[Npc]	Npc [qinling_enternpc_1] not found!
[2021-11-26 19:58:35]	ERR!	[Npc]	Npc [qinling_enternpc_1] not found!
[2021-11-26 19:58:35]	ERR!	[Npc]	Npc [qinling_enternpc_1] not found!
[2021-11-26 19:58:35]	ERR!	[Npc]	Npc [qinling_enternpc_1] not found!
[2021-11-26 19:58:35]	ERR!	[Npc]	Npc [qinling_enternpc_1] not found!
[2021-11-26 19:58:35]	ERR!	[Npc]	Npc [qinling_enternpc_1] not found!
[2021-11-26 19:58:35]	ERR!	[Npc]	Npc [qinling_enternpc_1] not found!
[2021-11-26 19:58:35]	ERR!	[Npc]	Npc [qinling_enternpc_1] not found!
[2021-11-26 19:58:35]	ERR!	[Npc]	Npc [qinling_enternpc_1] not found!
[2021-11-26 19:58:35]	ERR!	[Npc]	Npc [qinling_enternpc_1] not found!
[2021-11-26 19:58:35]	ERR!	[Npc]	Npc [qinling_enternpc_1] not found!
[2021-11-26 19:58:35]	ERR!	[Npc]	Npc [qinling_enternpc_1] not found!
[2021-11-26 19:58:35]	ERR!	[Npc]	Npc [qinling_enternpc_1] not found!
[2021-11-26 19:58:35]	ERR!	[Npc]	Npc [sukienkiemthe1] not found!
[2021-11-26 19:58:35]	ERR!	[Npc]	Npc [sukienkiemthe1] not found!
[2021-11-26 19:58:35]	ERR!	[Npc]	Npc [sukienkiemthe1] not found!
[2021-11-26 19:58:35]	ERR!	[Npc]	Npc [sukienkiemthe1] not found!
[2021-11-26 19:58:35]	ERR!	[Npc]	Npc [sukienkiemthe1] not found!
[2021-11-26 19:58:35]	ERR!	[Npc]	Npc [sukienkiemthe1] not found!
[2021-11-26 19:58:35]	ERR!	[Npc]	Npc [sukienkiemthe1] not found!
[2021-11-26 19:58:35]	ERR!	[Npc]	Npc [sukienkiemthe1] not found!
[2021-11-26 19:58:35]	ERR!	[Npc]	Npc [sukienkiemthe1] not found!
[2021-11-26 19:58:35]	ERR!	[Npc]	Npc [sukienkiemthe1] not found!
[2021-11-26 19:58:35]	ERR!	[Npc]	Npc [sukienkiemthe1] not found!
[2021-11-26 19:58:35]	ERR!	[Npc]	Npc [sukienkiemthe1] not found!
[2021-11-26 19:58:35]	ERR!	[Npc]	Npc [sukienkiemthe1] not found!
[2021-11-26 19:58:35]	ERR!	[Npc]	Npc [qianzhuang] not found!
[2021-11-26 19:58:35]	ERR!	[Npc]	Npc [qianzhuang] not found!
[2021-11-26 19:58:35]	ERR!	[Npc]	Npc [qianzhuang] not found!
[2021-11-26 19:58:35]	ERR!	[Npc]	Npc [qianzhuang] not found!
[2021-11-26 19:58:35]	ERR!	[Npc]	Npc [qianzhuang] not found!
[2021-11-26 19:58:35]	ERR!	[Npc]	Npc [qianzhuang] not found!
[2021-11-26 19:58:35]	ERR!	[Npc]	Npc [qianzhuang] not found!
[2021-11-26 19:58:35]	ERR!	[Npc]	Npc [qianzhuang] not found!
[2021-11-26 19:58:35]	ERR!	[Npc]	Npc [qianzhuang] not found!
[2021-11-26 19:58:35]	ERR!	[Npc]	Npc [qianzhuang] not found!
[2021-11-26 19:58:35]	ERR!	[Npc]	Npc [qianzhuang] not found!
[2021-11-26 19:58:35]	ERR!	[Npc]	Npc [qianzhuang] not found!
[2021-11-26 19:58:35]	ERR!	[Npc]	Npc [qianzhuang] not found!
[2021-11-26 19:58:35]	ERR!	[Npc]	Npc [yeliandashi] not found!
[2021-11-26 19:58:35]	ERR!	[Npc]	Npc [yeliandashi] not found!
[2021-11-26 19:58:35]	ERR!	[Npc]	Npc [yeliandashi] not found!
[2021-11-26 19:58:35]	ERR!	[Npc]	Npc [yeliandashi] not found!
[2021-11-26 19:58:35]	ERR!	[Npc]	Npc [yeliandashi] not found!
[2021-11-26 19:58:35]	ERR!	[Npc]	Npc [yeliandashi] not found!
[2021-11-26 19:58:35]	ERR!	[Npc]	Npc [yeliandashi] not found!
[2021-11-26 19:58:35]	ERR!	[Npc]	Npc [yeliandashi] not found!
[2021-11-26 19:58:35]	ERR!	[Npc]	Npc [yeliandashi] not found!
[2021-11-26 19:58:35]	ERR!	[Npc]	Npc [yeliandashi] not found!
[2021-11-26 19:58:35]	ERR!	[Npc]	Npc [yeliandashi] not found!
[2021-11-26 19:58:35]	ERR!	[Npc]	Npc [yeliandashi] not found!
[2021-11-26 19:58:35]	ERR!	[Npc]	Npc [yeliandashi] not found!
[2021-11-26 19:58:35]	ERR!	[Npc]	Npc [loanphai] not found!
[2021-11-26 19:58:35]	ERR!	[Npc]	Npc [loanphai] not found!
[2021-11-26 19:58:35]	ERR!	[Npc]	Npc [loanphai] not found!
[2021-11-26 19:58:35]	ERR!	[Npc]	Npc [loanphai] not found!
[2021-11-26 19:58:35]	ERR!	[Npc]	Npc [loanphai] not found!
[2021-11-26 19:58:35]	ERR!	[Npc]	Npc [loanphai] not found!
[2021-11-26 19:58:35]	ERR!	[Npc]	Npc [loanphai] not found!
[2021-11-26 19:58:35]	ERR!	[Npc]	Npc [loanphai] not found!
[2021-11-26 19:58:35]	ERR!	[Npc]	Npc [loanphai] not found!
[2021-11-26 19:58:35]	ERR!	[Npc]	Npc [loanphai] not found!
[2021-11-26 19:58:35]	ERR!	[Npc]	Npc [loanphai] not found!
[2021-11-26 19:58:35]	ERR!	[Npc]	Npc [loanphai] not found!
[2021-11-26 19:58:35]	ERR!	[Npc]	Npc [loanphai] not found!
[2021-11-26 19:58:35]	ERR!	[Npc]	Npc [sltk_hoca] not found!
[2021-11-26 19:58:35]	ERR!	[Npc]	Npc [sltk_hoca] not found!
[2021-11-26 19:58:35]	ERR!	[Npc]	Npc [sltk_hoca] not found!
[2021-11-26 19:58:35]	ERR!	[Npc]	Npc [sltk_hoca] not found!
[2021-11-26 19:58:35]	ERR!	[Npc]	Npc [sltk_hoca] not found!
[2021-11-26 19:58:35]	ERR!	[Npc]	Npc [sltk_hoca] not found!
[2021-11-26 19:58:35]	ERR!	[Npc]	Npc [sltk_hoca] not found!
[2021-11-26 19:58:35]	ERR!	[Npc]	Npc [sltk_hoca] not found!
[2021-11-26 19:58:35]	ERR!	[Npc]	Npc [sltk_hoca] not found!
[2021-11-26 19:58:35]	ERR!	[Npc]	Npc [sltk_hoca] not found!
[2021-11-26 19:58:35]	ERR!	[Npc]	Npc [sltk_hoca] not found!
[2021-11-26 19:58:35]	ERR!	[Npc]	Npc [sltk_hoca] not found!
[2021-11-26 19:58:35]	ERR!	[Npc]	Npc [sltk_hoca] not found!
[2021-11-26 19:58:35]	ERR!	[Npc]	Npc [xisuidashi] not found!
[2021-11-26 19:58:35]	ERR!	[Npc]	Npc [xisuidashi] not found!
[2021-11-26 19:58:35]	ERR!	[Npc]	Npc [xisuidashi] not found!
[2021-11-26 19:58:35]	ERR!	[Npc]	Npc [xisuidashi] not found!
[2021-11-26 19:58:35]	ERR!	[Npc]	Npc [xisuidashi] not found!
[2021-11-26 19:58:35]	ERR!	[Npc]	Npc [xisuidashi] not found!
[2021-11-26 19:58:35]	ERR!	[Npc]	Npc [xisuidashi] not found!
[2021-11-26 19:58:35]	ERR!	[Npc]	Npc [xisuidashi] not found!
[2021-11-26 19:58:35]	ERR!	[Npc]	Npc [xisuidashi] not found!
[2021-11-26 19:58:35]	ERR!	[Npc]	Npc [xisuidashi] not found!
[2021-11-26 19:58:35]	ERR!	[Npc]	Npc [xisuidashi] not found!
[2021-11-26 19:58:35]	ERR!	[Npc]	Npc [xisuidashi] not found!
[2021-11-26 19:58:35]	ERR!	[Npc]	Npc [xisuidashi] not found!
[2021-11-26 19:58:35]	ERR!	[Npc]	Npc [merchant] not found!
[2021-11-26 19:58:35]	ERR!	[Npc]	Npc [merchant] not found!
[2021-11-26 19:58:35]	ERR!	[Npc]	Npc [merchant] not found!
[2021-11-26 19:58:35]	ERR!	[Npc]	Npc [merchant] not found!
[2021-11-26 19:58:35]	ERR!	[Npc]	Npc [merchant] not found!
[2021-11-26 19:58:35]	ERR!	[Npc]	Npc [merchant] not found!
[2021-11-26 19:58:35]	ERR!	[Npc]	Npc [merchant] not found!
[2021-11-26 19:58:35]	ERR!	[Npc]	Npc [merchant] not found!
[2021-11-26 19:58:35]	ERR!	[Npc]	Npc [merchant] not found!
[2021-11-26 19:58:35]	ERR!	[Npc]	Npc [merchant] not found!
[2021-11-26 19:58:35]	ERR!	[Npc]	Npc [merchant] not found!
[2021-11-26 19:58:35]	ERR!	[Npc]	Npc [merchant] not found!
[2021-11-26 19:58:35]	ERR!	[Npc]	Npc [merchant] not found!
[2021-11-26 19:58:35]	ERR!	[Npc]	Npc [cuahangnew] not found!
[2021-11-26 19:58:35]	ERR!	[Npc]	Npc [cuahangnew] not found!
[2021-11-26 19:58:35]	ERR!	[Npc]	Npc [cuahangnew] not found!
[2021-11-26 19:58:35]	ERR!	[Npc]	Npc [cuahangnew] not found!
[2021-11-26 19:58:35]	ERR!	[Npc]	Npc [cuahangnew] not found!
[2021-11-26 19:58:35]	ERR!	[Npc]	Npc [cuahangnew] not found!
[2021-11-26 19:58:35]	ERR!	[Npc]	Npc [cuahangnew] not found!
[2021-11-26 19:58:35]	ERR!	[Npc]	Npc [cuahangnew] not found!
[2021-11-26 19:58:35]	ERR!	[Npc]	Npc [cuahangnew] not found!
[2021-11-26 19:58:35]	ERR!	[Npc]	Npc [cuahangnew] not found!
[2021-11-26 19:58:35]	ERR!	[Npc]	Npc [cuahangnew] not found!
[2021-11-26 19:58:35]	ERR!	[Npc]	Npc [cuahangnew] not found!
[2021-11-26 19:58:35]	ERR!	[Npc]	Npc [cuahangnew] not found!
[2021-11-26 19:58:35]	ERR!	[Npc]	Npc [bongtuyet123] not found!
[2021-11-26 19:58:35]	ERR!	[Npc]	Npc [bongtuyet123] not found!
[2021-11-26 19:58:35]	ERR!	[Npc]	Npc [bongtuyet123] not found!
[2021-11-26 19:58:35]	ERR!	[Npc]	Npc [bongtuyet123] not found!
[2021-11-26 19:58:35]	ERR!	[Npc]	Npc [bongtuyet123] not found!
[2021-11-26 19:58:35]	ERR!	[Npc]	Npc [bongtuyet123] not found!
[2021-11-26 19:58:35]	ERR!	[Npc]	Npc [bongtuyet123] not found!
[2021-11-26 19:58:35]	ERR!	[Npc]	Npc [bongtuyet123] not found!
[2021-11-26 19:58:35]	ERR!	[Npc]	Npc [bongtuyet123] not found!
[2021-11-26 19:58:35]	ERR!	[Npc]	Npc [bongtuyet123] not found!
[2021-11-26 19:58:35]	ERR!	[Npc]	Npc [bongtuyet123] not found!
[2021-11-26 19:58:35]	ERR!	[Npc]	Npc [bongtuyet123] not found!
[2021-11-26 19:58:35]	ERR!	[Npc]	Npc [bongtuyet123] not found!
[2021-11-26 19:58:35]	ERR!	[Npc]	Npc [sukienkiemthe] not found!
[2021-11-26 19:58:35]	ERR!	[Npc]	Npc [sukienkiemthe] not found!
[2021-11-26 19:58:35]	ERR!	[Npc]	Npc [sukienkiemthe] not found!
[2021-11-26 19:58:35]	ERR!	[Npc]	Npc [sukienkiemthe] not found!
[2021-11-26 19:58:35]	ERR!	[Npc]	Npc [sukienkiemthe] not found!
[2021-11-26 19:58:35]	ERR!	[Npc]	Npc [sukienkiemthe] not found!
[2021-11-26 19:58:35]	ERR!	[Npc]	Npc [sukienkiemthe] not found!
[2021-11-26 19:58:35]	ERR!	[Npc]	Npc [sukienkiemthe] not found!
[2021-11-26 19:58:35]	ERR!	[Npc]	Npc [sukienkiemthe] not found!
[2021-11-26 19:58:35]	ERR!	[Npc]	Npc [sukienkiemthe] not found!
[2021-11-26 19:58:35]	ERR!	[Npc]	Npc [sukienkiemthe] not found!
[2021-11-26 19:58:35]	ERR!	[Npc]	Npc [sukienkiemthe] not found!
[2021-11-26 19:58:35]	ERR!	[Npc]	Npc [sukienkiemthe] not found!
[2021-11-26 19:58:35]	ERR!	[Npc]	Npc [treoquatet123] not found!
[2021-11-26 19:58:35]	ERR!	[Npc]	Npc [treoquatet123] not found!
[2021-11-26 19:58:35]	ERR!	[Npc]	Npc [treoquatet123] not found!
[2021-11-26 19:58:35]	ERR!	[Npc]	Npc [treoquatet123] not found!
[2021-11-26 19:58:35]	ERR!	[Npc]	Npc [treoquatet123] not found!
[2021-11-26 19:58:35]	ERR!	[Npc]	Npc [treoquatet123] not found!
[2021-11-26 19:58:35]	ERR!	[Npc]	Npc [treoquatet123] not found!
[2021-11-26 19:58:35]	ERR!	[Npc]	Npc [treoquatet123] not found!
[2021-11-26 19:58:35]	ERR!	[Npc]	Npc [treoquatet123] not found!
[2021-11-26 19:58:35]	ERR!	[Npc]	Npc [treoquatet123] not found!
[2021-11-26 19:58:35]	ERR!	[Npc]	Npc [treoquatet123] not found!
[2021-11-26 19:58:35]	ERR!	[Npc]	Npc [treoquatet123] not found!
[2021-11-26 19:58:35]	ERR!	[Npc]	Npc [treoquatet123] not found!
[2021-11-26 19:58:35]	ERR!	[Npc]	Npc [caytoxanhtot] not found!
[2021-11-26 19:58:35]	ERR!	[Npc]	Npc [caytoxanhtot] not found!
[2021-11-26 19:58:35]	ERR!	[Npc]	Npc [caytoxanhtot] not found!
[2021-11-26 19:58:35]	ERR!	[Npc]	Npc [caytoxanhtot] not found!
[2021-11-26 19:58:35]	ERR!	[Npc]	Npc [caytoxanhtot] not found!
[2021-11-26 19:58:35]	ERR!	[Npc]	Npc [caytoxanhtot] not found!
[2021-11-26 19:58:35]	ERR!	[Npc]	Npc [caytoxanhtot] not found!
[2021-11-26 19:58:35]	ERR!	[Npc]	Npc [caytoxanhtot] not found!
[2021-11-26 19:58:35]	ERR!	[Npc]	Npc [caytoxanhtot] not found!
[2021-11-26 19:58:35]	ERR!	[Npc]	Npc [caytoxanhtot] not found!
[2021-11-26 19:58:35]	ERR!	[Npc]	Npc [caytoxanhtot] not found!
[2021-11-26 19:58:35]	ERR!	[Npc]	Npc [caytoxanhtot] not found!
[2021-11-26 19:58:35]	ERR!	[Npc]	Npc [caytoxanhtot] not found!
[2021-11-26 19:58:35]	ERR!	[Npc]	Npc [wlls_guanyuan1] not found!
[2021-11-26 19:58:35]	ERR!	[Npc]	Npc [wlls_guanyuan1] not found!
[2021-11-26 19:58:35]	ERR!	[Npc]	Npc [wlls_guanyuan1] not found!
[2021-11-26 19:58:35]	ERR!	[Npc]	Npc [wlls_guanyuan1] not found!
[2021-11-26 19:58:35]	ERR!	[Npc]	Npc [wlls_guanyuan1] not found!
[2021-11-26 19:58:35]	ERR!	[Npc]	Npc [wlls_guanyuan1] not found!
[2021-11-26 19:58:35]	ERR!	[Npc]	Npc [wlls_guanyuan1] not found!
[2021-11-26 19:58:35]	ERR!	[Npc]	Npc [wlls_guanyuan1] not found!
[2021-11-26 19:58:35]	ERR!	[Npc]	Npc [wlls_guanyuan1] not found!
[2021-11-26 19:58:35]	ERR!	[Npc]	Npc [wlls_guanyuan1] not found!
[2021-11-26 19:58:35]	ERR!	[Npc]	Npc [wlls_guanyuan1] not found!
[2021-11-26 19:58:35]	ERR!	[Npc]	Npc [wlls_guanyuan1] not found!
[2021-11-26 19:58:35]	ERR!	[Npc]	Npc [wlls_guanyuan1] not found!
[2021-11-26 19:58:35]	ERR!	[Npc]	Npc [tetrungthu1] not found!
[2021-11-26 19:58:35]	ERR!	[Npc]	Npc [tetrungthu1] not found!
[2021-11-26 19:58:35]	ERR!	[Npc]	Npc [tetrungthu1] not found!
[2021-11-26 19:58:35]	ERR!	[Npc]	Npc [tetrungthu1] not found!
[2021-11-26 19:58:35]	ERR!	[Npc]	Npc [tetrungthu1] not found!
[2021-11-26 19:58:35]	ERR!	[Npc]	Npc [tetrungthu1] not found!
[2021-11-26 19:58:35]	ERR!	[Npc]	Npc [tetrungthu1] not found!
[2021-11-26 19:58:35]	ERR!	[Npc]	Npc [tetrungthu1] not found!
[2021-11-26 19:58:35]	ERR!	[Npc]	Npc [tetrungthu1] not found!
[2021-11-26 19:58:35]	ERR!	[Npc]	Npc [tetrungthu1] not found!
[2021-11-26 19:58:35]	ERR!	[Npc]	Npc [tetrungthu1] not found!
[2021-11-26 19:58:35]	ERR!	[Npc]	Npc [tetrungthu1] not found!
[2021-11-26 19:58:35]	ERR!	[Npc]	Npc [tetrungthu1] not found!
[2021-11-26 19:58:38]	ERR!	[Npc]	Npc [longwutaiye] not found!
[2021-11-26 19:58:38]	ERR!	[Npc]	Npc [longwutaiye] not found!
[2021-11-26 19:58:38]	ERR!	[Npc]	Npc [longwutaiye] not found!
[2021-11-26 19:58:38]	ERR!	[Npc]	Npc [longwutaiye] not found!
[2021-11-26 19:58:38]	ERR!	[Npc]	Npc [longwutaiye] not found!
[2021-11-26 19:58:38]	ERR!	[Npc]	Npc [longwutaiye] not found!
[2021-11-26 19:58:38]	ERR!	[Npc]	Npc [longwutaiye] not found!
[2021-11-26 19:58:38]	ERR!	[Npc]	Npc [longwutaiye] not found!
[2021-11-26 19:58:38]	ERR!	[Npc]	Npc [longwutaiye] not found!
[2021-11-26 19:58:38]	ERR!	[Npc]	Npc [longwutaiye] not found!
[2021-11-26 19:58:38]	ERR!	[Npc]	Npc [longwutaiye] not found!
[2021-11-26 19:58:38]	ERR!	[Npc]	Npc [longwutaiye] not found!
[2021-11-26 19:58:38]	ERR!	[Npc]	Npc [longwutaiye] not found!
[2021-11-26 19:58:40]	ERR!	[Npc]	Npc [mariaozawa] not found!
[2021-11-26 19:58:40]	ERR!	[Npc]	Npc [mariaozawa] not found!
[2021-11-26 19:58:40]	ERR!	[Npc]	Npc [mariaozawa] not found!
[2021-11-26 19:58:40]	ERR!	[Npc]	Npc [mariaozawa] not found!
[2021-11-26 19:58:40]	ERR!	[Npc]	Npc [mariaozawa] not found!
[2021-11-26 19:58:40]	ERR!	[Npc]	Npc [mariaozawa] not found!
[2021-11-26 19:58:40]	ERR!	[Npc]	Npc [mariaozawa] not found!
[2021-11-26 19:58:40]	ERR!	[Npc]	Npc [mariaozawa] not found!
[2021-11-26 19:58:40]	ERR!	[Npc]	Npc [mariaozawa] not found!
[2021-11-26 19:58:40]	ERR!	[Npc]	Npc [mariaozawa] not found!
[2021-11-26 19:58:40]	ERR!	[Npc]	Npc [mariaozawa] not found!
[2021-11-26 19:58:40]	ERR!	[Npc]	Npc [mariaozawa] not found!
[2021-11-26 19:58:40]	ERR!	[Npc]	Npc [mariaozawa] not found!
[2021-11-26 19:58:41]	ERR!	[Npc]	Npc [xuanzhan] not found!
[2021-11-26 19:58:41]	ERR!	[Npc]	Npc [xuanzhan] not found!
[2021-11-26 19:58:41]	ERR!	[Npc]	Npc [xuanzhan] not found!
[2021-11-26 19:58:41]	ERR!	[Npc]	Npc [xuanzhan] not found!
[2021-11-26 19:58:41]	ERR!	[Npc]	Npc [xuanzhan] not found!
[2021-11-26 19:58:41]	ERR!	[Npc]	Npc [xuanzhan] not found!
[2021-11-26 19:58:41]	ERR!	[Npc]	Npc [xuanzhan] not found!
[2021-11-26 19:58:41]	ERR!	[Npc]	Npc [xuanzhan] not found!
[2021-11-26 19:58:41]	ERR!	[Npc]	Npc [xuanzhan] not found!
[2021-11-26 19:58:41]	ERR!	[Npc]	Npc [xuanzhan] not found!
[2021-11-26 19:58:41]	ERR!	[Npc]	Npc [xuanzhan] not found!
[2021-11-26 19:58:41]	ERR!	[Npc]	Npc [xuanzhan] not found!
[2021-11-26 19:58:41]	ERR!	[Npc]	Npc [xuanzhan] not found!
[2021-11-26 19:58:41]	ERR!	[Npc]	Npc [guanxian] not found!
[2021-11-26 19:58:41]	ERR!	[Npc]	Npc [guanxian] not found!
[2021-11-26 19:58:41]	ERR!	[Npc]	Npc [guanxian] not found!
[2021-11-26 19:58:41]	ERR!	[Npc]	Npc [guanxian] not found!
[2021-11-26 19:58:41]	ERR!	[Npc]	Npc [guanxian] not found!
[2021-11-26 19:58:41]	ERR!	[Npc]	Npc [guanxian] not found!
[2021-11-26 19:58:41]	ERR!	[Npc]	Npc [guanxian] not found!
[2021-11-26 19:58:41]	ERR!	[Npc]	Npc [guanxian] not found!
[2021-11-26 19:58:41]	ERR!	[Npc]	Npc [guanxian] not found!
[2021-11-26 19:58:41]	ERR!	[Npc]	Npc [guanxian] not found!
[2021-11-26 19:58:41]	ERR!	[Npc]	Npc [guanxian] not found!
[2021-11-26 19:58:41]	ERR!	[Npc]	Npc [guanxian] not found!
[2021-11-26 19:58:41]	ERR!	[Npc]	Npc [guanxian] not found!
[2021-11-26 19:59:02]	ERR!	[Npc]	Npc [cauca123] not found!
[2021-11-26 19:59:02]	ERR!	[Npc]	Npc [cauca123] not found!
[2021-11-26 19:59:02]	ERR!	[Npc]	Npc [cauca123] not found!
[2021-11-26 19:59:02]	ERR!	[Npc]	Npc [cauca123] not found!
[2021-11-26 19:59:02]	ERR!	[Npc]	Npc [cauca123] not found!
[2021-11-26 19:59:02]	ERR!	[Npc]	Npc [cauca123] not found!
[2021-11-26 19:59:02]	ERR!	[Npc]	Npc [cauca123] not found!
[2021-11-26 19:59:02]	ERR!	[Npc]	Npc [cauca123] not found!
[2021-11-26 19:59:02]	ERR!	[Npc]	Npc [cauca123] not found!
[2021-11-26 19:59:02]	ERR!	[Npc]	Npc [cauca123] not found!
[2021-11-26 19:59:02]	ERR!	[Npc]	Npc [cauca123] not found!
[2021-11-26 19:59:02]	ERR!	[Npc]	Npc [cauca123] not found!
[2021-11-26 19:59:02]	ERR!	[Npc]	Npc [cauca123] not found!
[2021-11-26 19:59:03]	ERR!	[Npc]	Npc [yijunjunxuguan] not found!
[2021-11-26 19:59:03]	ERR!	[Npc]	Npc [yijunjunxuguan] not found!
[2021-11-26 19:59:03]	ERR!	[Npc]	Npc [yijunjunxuguan] not found!
[2021-11-26 19:59:03]	ERR!	[Npc]	Npc [yijunjunxuguan] not found!
[2021-11-26 19:59:03]	ERR!	[Npc]	Npc [yijunjunxuguan] not found!
[2021-11-26 19:59:03]	ERR!	[Npc]	Npc [yijunjunxuguan] not found!
[2021-11-26 19:59:03]	ERR!	[Npc]	Npc [yijunjunxuguan] not found!
[2021-11-26 19:59:03]	ERR!	[Npc]	Npc [yijunjunxuguan] not found!
[2021-11-26 19:59:03]	ERR!	[Npc]	Npc [yijunjunxuguan] not found!
[2021-11-26 19:59:03]	ERR!	[Npc]	Npc [yijunjunxuguan] not found!
[2021-11-26 19:59:03]	ERR!	[Npc]	Npc [yijunjunxuguan] not found!
[2021-11-26 19:59:03]	ERR!	[Npc]	Npc [yijunjunxuguan] not found!
[2021-11-26 19:59:03]	ERR!	[Npc]	Npc [yijunjunxuguan] not found!
[2021-11-26 20:00:01]	ERR!	[Npc]	Npc [danhtrong1] not found!
[2021-11-26 20:00:01]	ERR!	[Npc]	Npc [danhtrong1] not found!
[2021-11-26 20:00:01]	ERR!	[Npc]	Npc [danhtrong1] not found!
[2021-11-26 20:00:01]	ERR!	[Npc]	Npc [danhtrong1] not found!
[2021-11-26 20:00:01]	ERR!	[Npc]	Npc [danhtrong1] not found!
[2021-11-26 20:00:01]	ERR!	[Npc]	Npc [danhtrong1] not found!
[2021-11-26 20:00:01]	ERR!	[Npc]	Npc [danhtrong1] not found!
[2021-11-26 20:00:01]	ERR!	[Npc]	Npc [danhtrong1] not found!
[2021-11-26 20:00:01]	ERR!	[Npc]	Npc [danhtrong1] not found!
[2021-11-26 20:00:01]	ERR!	[Npc]	Npc [danhtrong1] not found!
[2021-11-26 20:00:01]	ERR!	[Npc]	Npc [danhtrong1] not found!
[2021-11-26 20:00:01]	ERR!	[Npc]	Npc [danhtrong1] not found!
[2021-11-26 20:00:01]	ERR!	[Npc]	Npc [danhtrong1] not found!
[2021-11-26 20:00:02]	ERR!	[Npc]	Npc [sltk_hoca] not found!
[2021-11-26 20:00:02]	ERR!	[Npc]	Npc [sltk_hoca] not found!
[2021-11-26 20:00:02]	ERR!	[Npc]	Npc [sltk_hoca] not found!
[2021-11-26 20:00:02]	ERR!	[Npc]	Npc [sltk_hoca] not found!
[2021-11-26 20:00:02]	ERR!	[Npc]	Npc [sltk_hoca] not found!
[2021-11-26 20:00:02]	ERR!	[Npc]	Npc [sltk_hoca] not found!
[2021-11-26 20:00:02]	ERR!	[Npc]	Npc [sltk_hoca] not found!
[2021-11-26 20:00:02]	ERR!	[Npc]	Npc [sltk_hoca] not found!
[2021-11-26 20:00:02]	ERR!	[Npc]	Npc [sltk_hoca] not found!
[2021-11-26 20:00:02]	ERR!	[Npc]	Npc [sltk_hoca] not found!
[2021-11-26 20:00:02]	ERR!	[Npc]	Npc [sltk_hoca] not found!
[2021-11-26 20:00:02]	ERR!	[Npc]	Npc [sltk_hoca] not found!
[2021-11-26 20:00:02]	ERR!	[Npc]	Npc [sltk_hoca] not found!
[2021-11-26 20:01:21]	ERR!	[Npc]	Npc [nhantheadmin] not found!
[2021-11-26 20:01:21]	ERR!	[Npc]	Npc [nhantheadmin] not found!
[2021-11-26 20:01:21]	ERR!	[Npc]	Npc [nhantheadmin] not found!
[2021-11-26 20:01:21]	ERR!	[Npc]	Npc [nhantheadmin] not found!
[2021-11-26 20:01:21]	ERR!	[Npc]	Npc [nhantheadmin] not found!
[2021-11-26 20:01:21]	ERR!	[Npc]	Npc [nhantheadmin] not found!
[2021-11-26 20:01:21]	ERR!	[Npc]	Npc [nhantheadmin] not found!
[2021-11-26 20:01:21]	ERR!	[Npc]	Npc [nhantheadmin] not found!
[2021-11-26 20:01:21]	ERR!	[Npc]	Npc [nhantheadmin] not found!
[2021-11-26 20:01:21]	ERR!	[Npc]	Npc [nhantheadmin] not found!
[2021-11-26 20:01:21]	ERR!	[Npc]	Npc [nhantheadmin] not found!
[2021-11-26 20:01:21]	ERR!	[Npc]	Npc [nhantheadmin] not found!
[2021-11-26 20:01:21]	ERR!	[Npc]	Npc [nhantheadmin] not found!
[2021-11-26 20:03:11]	ERR!	[Npc]	Npc [cauca123] not found!
[2021-11-26 20:03:11]	ERR!	[Npc]	Npc [cauca123] not found!
[2021-11-26 20:03:11]	ERR!	[Npc]	Npc [cauca123] not found!
[2021-11-26 20:03:11]	ERR!	[Npc]	Npc [cauca123] not found!
[2021-11-26 20:03:11]	ERR!	[Npc]	Npc [cauca123] not found!
[2021-11-26 20:03:11]	ERR!	[Npc]	Npc [cauca123] not found!
[2021-11-26 20:03:11]	ERR!	[Npc]	Npc [cauca123] not found!
[2021-11-26 20:03:11]	ERR!	[Npc]	Npc [cauca123] not found!
[2021-11-26 20:03:11]	ERR!	[Npc]	Npc [cauca123] not found!
[2021-11-26 20:03:11]	ERR!	[Npc]	Npc [cauca123] not found!
[2021-11-26 20:03:11]	ERR!	[Npc]	Npc [cauca123] not found!
[2021-11-26 20:03:11]	ERR!	[Npc]	Npc [cauca123] not found!
[2021-11-26 20:03:11]	ERR!	[Npc]	Npc [cauca123] not found!
