[2021-11-26 20:40:07]	ERR!	[Npc]	Npc [tanglaodai] not found!
[2021-11-26 20:40:07]	ERR!	[Npc]	Npc [tanglaodai] not found!
[2021-11-26 20:40:07]	ERR!	[Npc]	Npc [tanglaodai] not found!
[2021-11-26 20:40:07]	ERR!	[Npc]	Npc [tanglaodai] not found!
[2021-11-26 20:40:07]	ERR!	[Npc]	Npc [tanglaodai] not found!
[2021-11-26 20:40:07]	ERR!	[Npc]	Npc [tanglaodai] not found!
[2021-11-26 20:40:07]	ERR!	[Npc]	Npc [tanglaodai] not found!
[2021-11-26 20:40:07]	ERR!	[Npc]	Npc [tanglaodai] not found!
[2021-11-26 20:40:07]	ERR!	[Npc]	Npc [tanglaodai] not found!
[2021-11-26 20:40:07]	ERR!	[Npc]	Npc [tanglaodai] not found!
[2021-11-26 20:40:07]	ERR!	[Npc]	Npc [tanglaodai] not found!
[2021-11-26 20:40:07]	ERR!	[Npc]	Npc [tanglaodai] not found!
[2021-11-26 20:40:07]	ERR!	[Npc]	Npc [tanglaodai] not found!
[2021-11-26 20:40:07]	ERR!	[Npc]	Npc [hoatdong1] not found!
[2021-11-26 20:40:07]	ERR!	[Npc]	Npc [hoatdong1] not found!
[2021-11-26 20:40:07]	ERR!	[Npc]	Npc [hoatdong1] not found!
[2021-11-26 20:40:07]	ERR!	[Npc]	Npc [hoatdong1] not found!
[2021-11-26 20:40:07]	ERR!	[Npc]	Npc [hoatdong1] not found!
[2021-11-26 20:40:07]	ERR!	[Npc]	Npc [hoatdong1] not found!
[2021-11-26 20:40:07]	ERR!	[Npc]	Npc [hoatdong1] not found!
[2021-11-26 20:40:07]	ERR!	[Npc]	Npc [hoatdong1] not found!
[2021-11-26 20:40:07]	ERR!	[Npc]	Npc [hoatdong1] not found!
[2021-11-26 20:40:07]	ERR!	[Npc]	Npc [hoatdong1] not found!
[2021-11-26 20:40:07]	ERR!	[Npc]	Npc [hoatdong1] not found!
[2021-11-26 20:40:07]	ERR!	[Npc]	Npc [hoatdong1] not found!
[2021-11-26 20:40:07]	ERR!	[Npc]	Npc [hoatdong1] not found!
[2021-11-26 20:40:07]	ERR!	[Npc]	Npc [qinling_enternpc_1] not found!
[2021-11-26 20:40:07]	ERR!	[Npc]	Npc [qinling_enternpc_1] not found!
[2021-11-26 20:40:07]	ERR!	[Npc]	Npc [qinling_enternpc_1] not found!
[2021-11-26 20:40:07]	ERR!	[Npc]	Npc [qinling_enternpc_1] not found!
[2021-11-26 20:40:07]	ERR!	[Npc]	Npc [qinling_enternpc_1] not found!
[2021-11-26 20:40:07]	ERR!	[Npc]	Npc [qinling_enternpc_1] not found!
[2021-11-26 20:40:07]	ERR!	[Npc]	Npc [qinling_enternpc_1] not found!
[2021-11-26 20:40:07]	ERR!	[Npc]	Npc [qinling_enternpc_1] not found!
[2021-11-26 20:40:07]	ERR!	[Npc]	Npc [qinling_enternpc_1] not found!
[2021-11-26 20:40:07]	ERR!	[Npc]	Npc [qinling_enternpc_1] not found!
[2021-11-26 20:40:07]	ERR!	[Npc]	Npc [qinling_enternpc_1] not found!
[2021-11-26 20:40:07]	ERR!	[Npc]	Npc [qinling_enternpc_1] not found!
[2021-11-26 20:40:07]	ERR!	[Npc]	Npc [qinling_enternpc_1] not found!
[2021-11-26 20:40:07]	ERR!	[Npc]	Npc [sukienkiemthe1] not found!
[2021-11-26 20:40:07]	ERR!	[Npc]	Npc [sukienkiemthe1] not found!
[2021-11-26 20:40:07]	ERR!	[Npc]	Npc [sukienkiemthe1] not found!
[2021-11-26 20:40:07]	ERR!	[Npc]	Npc [sukienkiemthe1] not found!
[2021-11-26 20:40:07]	ERR!	[Npc]	Npc [sukienkiemthe1] not found!
[2021-11-26 20:40:07]	ERR!	[Npc]	Npc [sukienkiemthe1] not found!
[2021-11-26 20:40:07]	ERR!	[Npc]	Npc [sukienkiemthe1] not found!
[2021-11-26 20:40:07]	ERR!	[Npc]	Npc [sukienkiemthe1] not found!
[2021-11-26 20:40:07]	ERR!	[Npc]	Npc [sukienkiemthe1] not found!
[2021-11-26 20:40:07]	ERR!	[Npc]	Npc [sukienkiemthe1] not found!
[2021-11-26 20:40:07]	ERR!	[Npc]	Npc [sukienkiemthe1] not found!
[2021-11-26 20:40:07]	ERR!	[Npc]	Npc [sukienkiemthe1] not found!
[2021-11-26 20:40:07]	ERR!	[Npc]	Npc [sukienkiemthe1] not found!
[2021-11-26 20:40:07]	ERR!	[Npc]	Npc [qianzhuang] not found!
[2021-11-26 20:40:07]	ERR!	[Npc]	Npc [qianzhuang] not found!
[2021-11-26 20:40:07]	ERR!	[Npc]	Npc [qianzhuang] not found!
[2021-11-26 20:40:07]	ERR!	[Npc]	Npc [qianzhuang] not found!
[2021-11-26 20:40:07]	ERR!	[Npc]	Npc [qianzhuang] not found!
[2021-11-26 20:40:07]	ERR!	[Npc]	Npc [qianzhuang] not found!
[2021-11-26 20:40:07]	ERR!	[Npc]	Npc [qianzhuang] not found!
[2021-11-26 20:40:07]	ERR!	[Npc]	Npc [qianzhuang] not found!
[2021-11-26 20:40:07]	ERR!	[Npc]	Npc [qianzhuang] not found!
[2021-11-26 20:40:07]	ERR!	[Npc]	Npc [qianzhuang] not found!
[2021-11-26 20:40:07]	ERR!	[Npc]	Npc [qianzhuang] not found!
[2021-11-26 20:40:07]	ERR!	[Npc]	Npc [qianzhuang] not found!
[2021-11-26 20:40:07]	ERR!	[Npc]	Npc [qianzhuang] not found!
[2021-11-26 20:40:07]	ERR!	[Npc]	Npc [yeliandashi] not found!
[2021-11-26 20:40:07]	ERR!	[Npc]	Npc [yeliandashi] not found!
[2021-11-26 20:40:07]	ERR!	[Npc]	Npc [yeliandashi] not found!
[2021-11-26 20:40:07]	ERR!	[Npc]	Npc [yeliandashi] not found!
[2021-11-26 20:40:07]	ERR!	[Npc]	Npc [yeliandashi] not found!
[2021-11-26 20:40:07]	ERR!	[Npc]	Npc [yeliandashi] not found!
[2021-11-26 20:40:07]	ERR!	[Npc]	Npc [yeliandashi] not found!
[2021-11-26 20:40:07]	ERR!	[Npc]	Npc [yeliandashi] not found!
[2021-11-26 20:40:07]	ERR!	[Npc]	Npc [yeliandashi] not found!
[2021-11-26 20:40:07]	ERR!	[Npc]	Npc [yeliandashi] not found!
[2021-11-26 20:40:07]	ERR!	[Npc]	Npc [yeliandashi] not found!
[2021-11-26 20:40:07]	ERR!	[Npc]	Npc [yeliandashi] not found!
[2021-11-26 20:40:07]	ERR!	[Npc]	Npc [yeliandashi] not found!
[2021-11-26 20:40:07]	ERR!	[Npc]	Npc [loanphai] not found!
[2021-11-26 20:40:07]	ERR!	[Npc]	Npc [loanphai] not found!
[2021-11-26 20:40:07]	ERR!	[Npc]	Npc [loanphai] not found!
[2021-11-26 20:40:07]	ERR!	[Npc]	Npc [loanphai] not found!
[2021-11-26 20:40:07]	ERR!	[Npc]	Npc [loanphai] not found!
[2021-11-26 20:40:07]	ERR!	[Npc]	Npc [loanphai] not found!
[2021-11-26 20:40:07]	ERR!	[Npc]	Npc [loanphai] not found!
[2021-11-26 20:40:07]	ERR!	[Npc]	Npc [loanphai] not found!
[2021-11-26 20:40:07]	ERR!	[Npc]	Npc [loanphai] not found!
[2021-11-26 20:40:07]	ERR!	[Npc]	Npc [loanphai] not found!
[2021-11-26 20:40:07]	ERR!	[Npc]	Npc [loanphai] not found!
[2021-11-26 20:40:07]	ERR!	[Npc]	Npc [loanphai] not found!
[2021-11-26 20:40:07]	ERR!	[Npc]	Npc [loanphai] not found!
[2021-11-26 20:40:07]	ERR!	[Npc]	Npc [xisuidashi] not found!
[2021-11-26 20:40:07]	ERR!	[Npc]	Npc [xisuidashi] not found!
[2021-11-26 20:40:07]	ERR!	[Npc]	Npc [xisuidashi] not found!
[2021-11-26 20:40:07]	ERR!	[Npc]	Npc [xisuidashi] not found!
[2021-11-26 20:40:07]	ERR!	[Npc]	Npc [xisuidashi] not found!
[2021-11-26 20:40:07]	ERR!	[Npc]	Npc [xisuidashi] not found!
[2021-11-26 20:40:07]	ERR!	[Npc]	Npc [xisuidashi] not found!
[2021-11-26 20:40:07]	ERR!	[Npc]	Npc [xisuidashi] not found!
[2021-11-26 20:40:07]	ERR!	[Npc]	Npc [xisuidashi] not found!
[2021-11-26 20:40:07]	ERR!	[Npc]	Npc [xisuidashi] not found!
[2021-11-26 20:40:07]	ERR!	[Npc]	Npc [xisuidashi] not found!
[2021-11-26 20:40:07]	ERR!	[Npc]	Npc [xisuidashi] not found!
[2021-11-26 20:40:07]	ERR!	[Npc]	Npc [xisuidashi] not found!
[2021-11-26 20:40:07]	ERR!	[Npc]	Npc [merchant] not found!
[2021-11-26 20:40:07]	ERR!	[Npc]	Npc [merchant] not found!
[2021-11-26 20:40:07]	ERR!	[Npc]	Npc [merchant] not found!
[2021-11-26 20:40:07]	ERR!	[Npc]	Npc [merchant] not found!
[2021-11-26 20:40:07]	ERR!	[Npc]	Npc [merchant] not found!
[2021-11-26 20:40:07]	ERR!	[Npc]	Npc [merchant] not found!
[2021-11-26 20:40:07]	ERR!	[Npc]	Npc [merchant] not found!
[2021-11-26 20:40:07]	ERR!	[Npc]	Npc [merchant] not found!
[2021-11-26 20:40:07]	ERR!	[Npc]	Npc [merchant] not found!
[2021-11-26 20:40:07]	ERR!	[Npc]	Npc [merchant] not found!
[2021-11-26 20:40:07]	ERR!	[Npc]	Npc [merchant] not found!
[2021-11-26 20:40:07]	ERR!	[Npc]	Npc [merchant] not found!
[2021-11-26 20:40:07]	ERR!	[Npc]	Npc [merchant] not found!
[2021-11-26 20:40:08]	ERR!	[Npc]	Npc [cuahangnew] not found!
[2021-11-26 20:40:08]	ERR!	[Npc]	Npc [cuahangnew] not found!
[2021-11-26 20:40:08]	ERR!	[Npc]	Npc [cuahangnew] not found!
[2021-11-26 20:40:08]	ERR!	[Npc]	Npc [cuahangnew] not found!
[2021-11-26 20:40:08]	ERR!	[Npc]	Npc [cuahangnew] not found!
[2021-11-26 20:40:08]	ERR!	[Npc]	Npc [cuahangnew] not found!
[2021-11-26 20:40:08]	ERR!	[Npc]	Npc [cuahangnew] not found!
[2021-11-26 20:40:08]	ERR!	[Npc]	Npc [cuahangnew] not found!
[2021-11-26 20:40:08]	ERR!	[Npc]	Npc [cuahangnew] not found!
[2021-11-26 20:40:08]	ERR!	[Npc]	Npc [cuahangnew] not found!
[2021-11-26 20:40:08]	ERR!	[Npc]	Npc [cuahangnew] not found!
[2021-11-26 20:40:08]	ERR!	[Npc]	Npc [cuahangnew] not found!
[2021-11-26 20:40:08]	ERR!	[Npc]	Npc [cuahangnew] not found!
[2021-11-26 20:40:08]	ERR!	[Npc]	Npc [bongtuyet123] not found!
[2021-11-26 20:40:08]	ERR!	[Npc]	Npc [bongtuyet123] not found!
[2021-11-26 20:40:08]	ERR!	[Npc]	Npc [bongtuyet123] not found!
[2021-11-26 20:40:08]	ERR!	[Npc]	Npc [bongtuyet123] not found!
[2021-11-26 20:40:08]	ERR!	[Npc]	Npc [bongtuyet123] not found!
[2021-11-26 20:40:08]	ERR!	[Npc]	Npc [bongtuyet123] not found!
[2021-11-26 20:40:08]	ERR!	[Npc]	Npc [bongtuyet123] not found!
[2021-11-26 20:40:08]	ERR!	[Npc]	Npc [bongtuyet123] not found!
[2021-11-26 20:40:08]	ERR!	[Npc]	Npc [bongtuyet123] not found!
[2021-11-26 20:40:08]	ERR!	[Npc]	Npc [bongtuyet123] not found!
[2021-11-26 20:40:08]	ERR!	[Npc]	Npc [bongtuyet123] not found!
[2021-11-26 20:40:08]	ERR!	[Npc]	Npc [bongtuyet123] not found!
[2021-11-26 20:40:08]	ERR!	[Npc]	Npc [bongtuyet123] not found!
[2021-11-26 20:40:08]	ERR!	[Npc]	Npc [sukienkiemthe] not found!
[2021-11-26 20:40:08]	ERR!	[Npc]	Npc [sukienkiemthe] not found!
[2021-11-26 20:40:08]	ERR!	[Npc]	Npc [sukienkiemthe] not found!
[2021-11-26 20:40:08]	ERR!	[Npc]	Npc [sukienkiemthe] not found!
[2021-11-26 20:40:08]	ERR!	[Npc]	Npc [sukienkiemthe] not found!
[2021-11-26 20:40:08]	ERR!	[Npc]	Npc [sukienkiemthe] not found!
[2021-11-26 20:40:08]	ERR!	[Npc]	Npc [sukienkiemthe] not found!
[2021-11-26 20:40:08]	ERR!	[Npc]	Npc [sukienkiemthe] not found!
[2021-11-26 20:40:08]	ERR!	[Npc]	Npc [sukienkiemthe] not found!
[2021-11-26 20:40:08]	ERR!	[Npc]	Npc [sukienkiemthe] not found!
[2021-11-26 20:40:08]	ERR!	[Npc]	Npc [sukienkiemthe] not found!
[2021-11-26 20:40:08]	ERR!	[Npc]	Npc [sukienkiemthe] not found!
[2021-11-26 20:40:08]	ERR!	[Npc]	Npc [sukienkiemthe] not found!
[2021-11-26 20:40:08]	ERR!	[Npc]	Npc [treoquatet123] not found!
[2021-11-26 20:40:08]	ERR!	[Npc]	Npc [treoquatet123] not found!
[2021-11-26 20:40:08]	ERR!	[Npc]	Npc [treoquatet123] not found!
[2021-11-26 20:40:08]	ERR!	[Npc]	Npc [treoquatet123] not found!
[2021-11-26 20:40:08]	ERR!	[Npc]	Npc [treoquatet123] not found!
[2021-11-26 20:40:08]	ERR!	[Npc]	Npc [treoquatet123] not found!
[2021-11-26 20:40:08]	ERR!	[Npc]	Npc [treoquatet123] not found!
[2021-11-26 20:40:08]	ERR!	[Npc]	Npc [treoquatet123] not found!
[2021-11-26 20:40:08]	ERR!	[Npc]	Npc [treoquatet123] not found!
[2021-11-26 20:40:08]	ERR!	[Npc]	Npc [treoquatet123] not found!
[2021-11-26 20:40:08]	ERR!	[Npc]	Npc [treoquatet123] not found!
[2021-11-26 20:40:08]	ERR!	[Npc]	Npc [treoquatet123] not found!
[2021-11-26 20:40:08]	ERR!	[Npc]	Npc [treoquatet123] not found!
[2021-11-26 20:40:08]	ERR!	[Npc]	Npc [caytoxanhtot] not found!
[2021-11-26 20:40:08]	ERR!	[Npc]	Npc [caytoxanhtot] not found!
[2021-11-26 20:40:08]	ERR!	[Npc]	Npc [caytoxanhtot] not found!
[2021-11-26 20:40:08]	ERR!	[Npc]	Npc [caytoxanhtot] not found!
[2021-11-26 20:40:08]	ERR!	[Npc]	Npc [caytoxanhtot] not found!
[2021-11-26 20:40:08]	ERR!	[Npc]	Npc [caytoxanhtot] not found!
[2021-11-26 20:40:08]	ERR!	[Npc]	Npc [caytoxanhtot] not found!
[2021-11-26 20:40:08]	ERR!	[Npc]	Npc [caytoxanhtot] not found!
[2021-11-26 20:40:08]	ERR!	[Npc]	Npc [caytoxanhtot] not found!
[2021-11-26 20:40:08]	ERR!	[Npc]	Npc [caytoxanhtot] not found!
[2021-11-26 20:40:08]	ERR!	[Npc]	Npc [caytoxanhtot] not found!
[2021-11-26 20:40:08]	ERR!	[Npc]	Npc [caytoxanhtot] not found!
[2021-11-26 20:40:08]	ERR!	[Npc]	Npc [caytoxanhtot] not found!
[2021-11-26 20:40:08]	ERR!	[Npc]	Npc [wlls_guanyuan1] not found!
[2021-11-26 20:40:08]	ERR!	[Npc]	Npc [wlls_guanyuan1] not found!
[2021-11-26 20:40:08]	ERR!	[Npc]	Npc [wlls_guanyuan1] not found!
[2021-11-26 20:40:08]	ERR!	[Npc]	Npc [wlls_guanyuan1] not found!
[2021-11-26 20:40:08]	ERR!	[Npc]	Npc [wlls_guanyuan1] not found!
[2021-11-26 20:40:08]	ERR!	[Npc]	Npc [wlls_guanyuan1] not found!
[2021-11-26 20:40:08]	ERR!	[Npc]	Npc [wlls_guanyuan1] not found!
[2021-11-26 20:40:08]	ERR!	[Npc]	Npc [wlls_guanyuan1] not found!
[2021-11-26 20:40:08]	ERR!	[Npc]	Npc [wlls_guanyuan1] not found!
[2021-11-26 20:40:08]	ERR!	[Npc]	Npc [wlls_guanyuan1] not found!
[2021-11-26 20:40:08]	ERR!	[Npc]	Npc [wlls_guanyuan1] not found!
[2021-11-26 20:40:08]	ERR!	[Npc]	Npc [wlls_guanyuan1] not found!
[2021-11-26 20:40:08]	ERR!	[Npc]	Npc [wlls_guanyuan1] not found!
[2021-11-26 20:40:08]	ERR!	[Npc]	Npc [tetrungthu1] not found!
[2021-11-26 20:40:08]	ERR!	[Npc]	Npc [tetrungthu1] not found!
[2021-11-26 20:40:08]	ERR!	[Npc]	Npc [tetrungthu1] not found!
[2021-11-26 20:40:08]	ERR!	[Npc]	Npc [tetrungthu1] not found!
[2021-11-26 20:40:08]	ERR!	[Npc]	Npc [tetrungthu1] not found!
[2021-11-26 20:40:08]	ERR!	[Npc]	Npc [tetrungthu1] not found!
[2021-11-26 20:40:08]	ERR!	[Npc]	Npc [tetrungthu1] not found!
[2021-11-26 20:40:08]	ERR!	[Npc]	Npc [tetrungthu1] not found!
[2021-11-26 20:40:08]	ERR!	[Npc]	Npc [tetrungthu1] not found!
[2021-11-26 20:40:08]	ERR!	[Npc]	Npc [tetrungthu1] not found!
[2021-11-26 20:40:08]	ERR!	[Npc]	Npc [tetrungthu1] not found!
[2021-11-26 20:40:08]	ERR!	[Npc]	Npc [tetrungthu1] not found!
[2021-11-26 20:40:08]	ERR!	[Npc]	Npc [tetrungthu1] not found!
[2021-11-26 20:40:09]	ERR!	[Npc]	Npc [sltk_hoca] not found!
[2021-11-26 20:40:09]	ERR!	[Npc]	Npc [sltk_hoca] not found!
[2021-11-26 20:40:09]	ERR!	[Npc]	Npc [sltk_hoca] not found!
[2021-11-26 20:40:09]	ERR!	[Npc]	Npc [sltk_hoca] not found!
[2021-11-26 20:40:09]	ERR!	[Npc]	Npc [sltk_hoca] not found!
[2021-11-26 20:40:09]	ERR!	[Npc]	Npc [sltk_hoca] not found!
[2021-11-26 20:40:09]	ERR!	[Npc]	Npc [sltk_hoca] not found!
[2021-11-26 20:40:09]	ERR!	[Npc]	Npc [sltk_hoca] not found!
[2021-11-26 20:40:09]	ERR!	[Npc]	Npc [sltk_hoca] not found!
[2021-11-26 20:40:09]	ERR!	[Npc]	Npc [sltk_hoca] not found!
[2021-11-26 20:40:09]	ERR!	[Npc]	Npc [sltk_hoca] not found!
[2021-11-26 20:40:09]	ERR!	[Npc]	Npc [sltk_hoca] not found!
[2021-11-26 20:40:09]	ERR!	[Npc]	Npc [sltk_hoca] not found!
[2021-11-26 20:40:10]	ERR!	[Npc]	Npc [mariaozawa] not found!
[2021-11-26 20:40:10]	ERR!	[Npc]	Npc [mariaozawa] not found!
[2021-11-26 20:40:10]	ERR!	[Npc]	Npc [mariaozawa] not found!
[2021-11-26 20:40:10]	ERR!	[Npc]	Npc [mariaozawa] not found!
[2021-11-26 20:40:10]	ERR!	[Npc]	Npc [mariaozawa] not found!
[2021-11-26 20:40:10]	ERR!	[Npc]	Npc [mariaozawa] not found!
[2021-11-26 20:40:10]	ERR!	[Npc]	Npc [mariaozawa] not found!
[2021-11-26 20:40:10]	ERR!	[Npc]	Npc [mariaozawa] not found!
[2021-11-26 20:40:10]	ERR!	[Npc]	Npc [mariaozawa] not found!
[2021-11-26 20:40:10]	ERR!	[Npc]	Npc [mariaozawa] not found!
[2021-11-26 20:40:10]	ERR!	[Npc]	Npc [mariaozawa] not found!
[2021-11-26 20:40:10]	ERR!	[Npc]	Npc [mariaozawa] not found!
[2021-11-26 20:40:10]	ERR!	[Npc]	Npc [mariaozawa] not found!
[2021-11-26 20:40:10]	ERR!	[Npc]	Npc [xuanzhan] not found!
[2021-11-26 20:40:10]	ERR!	[Npc]	Npc [xuanzhan] not found!
[2021-11-26 20:40:10]	ERR!	[Npc]	Npc [xuanzhan] not found!
[2021-11-26 20:40:10]	ERR!	[Npc]	Npc [xuanzhan] not found!
[2021-11-26 20:40:10]	ERR!	[Npc]	Npc [xuanzhan] not found!
[2021-11-26 20:40:10]	ERR!	[Npc]	Npc [xuanzhan] not found!
[2021-11-26 20:40:10]	ERR!	[Npc]	Npc [xuanzhan] not found!
[2021-11-26 20:40:10]	ERR!	[Npc]	Npc [xuanzhan] not found!
[2021-11-26 20:40:10]	ERR!	[Npc]	Npc [xuanzhan] not found!
[2021-11-26 20:40:10]	ERR!	[Npc]	Npc [xuanzhan] not found!
[2021-11-26 20:40:10]	ERR!	[Npc]	Npc [xuanzhan] not found!
[2021-11-26 20:40:10]	ERR!	[Npc]	Npc [xuanzhan] not found!
[2021-11-26 20:40:10]	ERR!	[Npc]	Npc [xuanzhan] not found!
[2021-11-26 20:40:11]	ERR!	[Npc]	Npc [guanxian] not found!
[2021-11-26 20:40:11]	ERR!	[Npc]	Npc [guanxian] not found!
[2021-11-26 20:40:11]	ERR!	[Npc]	Npc [guanxian] not found!
[2021-11-26 20:40:11]	ERR!	[Npc]	Npc [guanxian] not found!
[2021-11-26 20:40:11]	ERR!	[Npc]	Npc [guanxian] not found!
[2021-11-26 20:40:11]	ERR!	[Npc]	Npc [guanxian] not found!
[2021-11-26 20:40:11]	ERR!	[Npc]	Npc [guanxian] not found!
[2021-11-26 20:40:11]	ERR!	[Npc]	Npc [guanxian] not found!
[2021-11-26 20:40:11]	ERR!	[Npc]	Npc [guanxian] not found!
[2021-11-26 20:40:11]	ERR!	[Npc]	Npc [guanxian] not found!
[2021-11-26 20:40:11]	ERR!	[Npc]	Npc [guanxian] not found!
[2021-11-26 20:40:11]	ERR!	[Npc]	Npc [guanxian] not found!
[2021-11-26 20:40:11]	ERR!	[Npc]	Npc [guanxian] not found!
[2021-11-26 20:40:15]	ERR!	[Npc]	Npc [longwutaiye] not found!
[2021-11-26 20:40:15]	ERR!	[Npc]	Npc [longwutaiye] not found!
[2021-11-26 20:40:15]	ERR!	[Npc]	Npc [longwutaiye] not found!
[2021-11-26 20:40:15]	ERR!	[Npc]	Npc [longwutaiye] not found!
[2021-11-26 20:40:15]	ERR!	[Npc]	Npc [longwutaiye] not found!
[2021-11-26 20:40:15]	ERR!	[Npc]	Npc [longwutaiye] not found!
[2021-11-26 20:40:15]	ERR!	[Npc]	Npc [longwutaiye] not found!
[2021-11-26 20:40:15]	ERR!	[Npc]	Npc [longwutaiye] not found!
[2021-11-26 20:40:15]	ERR!	[Npc]	Npc [longwutaiye] not found!
[2021-11-26 20:40:15]	ERR!	[Npc]	Npc [longwutaiye] not found!
[2021-11-26 20:40:15]	ERR!	[Npc]	Npc [longwutaiye] not found!
[2021-11-26 20:40:15]	ERR!	[Npc]	Npc [longwutaiye] not found!
[2021-11-26 20:40:15]	ERR!	[Npc]	Npc [longwutaiye] not found!
[2021-11-26 20:41:58]	ERR!	[Npc]	Npc [cauca123] not found!
[2021-11-26 20:41:58]	ERR!	[Npc]	Npc [cauca123] not found!
[2021-11-26 20:41:58]	ERR!	[Npc]	Npc [cauca123] not found!
[2021-11-26 20:41:58]	ERR!	[Npc]	Npc [cauca123] not found!
[2021-11-26 20:41:58]	ERR!	[Npc]	Npc [cauca123] not found!
[2021-11-26 20:41:58]	ERR!	[Npc]	Npc [cauca123] not found!
[2021-11-26 20:41:58]	ERR!	[Npc]	Npc [cauca123] not found!
[2021-11-26 20:41:58]	ERR!	[Npc]	Npc [cauca123] not found!
[2021-11-26 20:41:58]	ERR!	[Npc]	Npc [cauca123] not found!
[2021-11-26 20:41:58]	ERR!	[Npc]	Npc [cauca123] not found!
[2021-11-26 20:41:58]	ERR!	[Npc]	Npc [cauca123] not found!
[2021-11-26 20:41:58]	ERR!	[Npc]	Npc [cauca123] not found!
[2021-11-26 20:41:58]	ERR!	[Npc]	Npc [cauca123] not found!
