[2021-11-26 20:48:34]	ERR!	[Npc]	Npc [tanglaodai] not found!
[2021-11-26 20:48:34]	ERR!	[Npc]	Npc [tanglaodai] not found!
[2021-11-26 20:48:34]	ERR!	[Npc]	Npc [tanglaodai] not found!
[2021-11-26 20:48:34]	ERR!	[Npc]	Npc [tanglaodai] not found!
[2021-11-26 20:48:34]	ERR!	[Npc]	Npc [tanglaodai] not found!
[2021-11-26 20:48:34]	ERR!	[Npc]	Npc [tanglaodai] not found!
[2021-11-26 20:48:34]	ERR!	[Npc]	Npc [tanglaodai] not found!
[2021-11-26 20:48:34]	ERR!	[Npc]	Npc [tanglaodai] not found!
[2021-11-26 20:48:34]	ERR!	[Npc]	Npc [tanglaodai] not found!
[2021-11-26 20:48:34]	ERR!	[Npc]	Npc [tanglaodai] not found!
[2021-11-26 20:48:34]	ERR!	[Npc]	Npc [tanglaodai] not found!
[2021-11-26 20:48:34]	ERR!	[Npc]	Npc [tanglaodai] not found!
[2021-11-26 20:48:34]	ERR!	[Npc]	Npc [tanglaodai] not found!
[2021-11-26 20:48:34]	ERR!	[Npc]	Npc [hoatdong1] not found!
[2021-11-26 20:48:34]	ERR!	[Npc]	Npc [hoatdong1] not found!
[2021-11-26 20:48:34]	ERR!	[Npc]	Npc [hoatdong1] not found!
[2021-11-26 20:48:34]	ERR!	[Npc]	Npc [hoatdong1] not found!
[2021-11-26 20:48:34]	ERR!	[Npc]	Npc [hoatdong1] not found!
[2021-11-26 20:48:34]	ERR!	[Npc]	Npc [hoatdong1] not found!
[2021-11-26 20:48:34]	ERR!	[Npc]	Npc [hoatdong1] not found!
[2021-11-26 20:48:34]	ERR!	[Npc]	Npc [hoatdong1] not found!
[2021-11-26 20:48:34]	ERR!	[Npc]	Npc [hoatdong1] not found!
[2021-11-26 20:48:34]	ERR!	[Npc]	Npc [hoatdong1] not found!
[2021-11-26 20:48:34]	ERR!	[Npc]	Npc [hoatdong1] not found!
[2021-11-26 20:48:34]	ERR!	[Npc]	Npc [hoatdong1] not found!
[2021-11-26 20:48:34]	ERR!	[Npc]	Npc [hoatdong1] not found!
[2021-11-26 20:48:34]	ERR!	[Npc]	Npc [qinling_enternpc_1] not found!
[2021-11-26 20:48:34]	ERR!	[Npc]	Npc [qinling_enternpc_1] not found!
[2021-11-26 20:48:34]	ERR!	[Npc]	Npc [qinling_enternpc_1] not found!
[2021-11-26 20:48:34]	ERR!	[Npc]	Npc [qinling_enternpc_1] not found!
[2021-11-26 20:48:34]	ERR!	[Npc]	Npc [qinling_enternpc_1] not found!
[2021-11-26 20:48:34]	ERR!	[Npc]	Npc [qinling_enternpc_1] not found!
[2021-11-26 20:48:34]	ERR!	[Npc]	Npc [qinling_enternpc_1] not found!
[2021-11-26 20:48:34]	ERR!	[Npc]	Npc [qinling_enternpc_1] not found!
[2021-11-26 20:48:34]	ERR!	[Npc]	Npc [qinling_enternpc_1] not found!
[2021-11-26 20:48:34]	ERR!	[Npc]	Npc [qinling_enternpc_1] not found!
[2021-11-26 20:48:34]	ERR!	[Npc]	Npc [qinling_enternpc_1] not found!
[2021-11-26 20:48:34]	ERR!	[Npc]	Npc [qinling_enternpc_1] not found!
[2021-11-26 20:48:34]	ERR!	[Npc]	Npc [qinling_enternpc_1] not found!
[2021-11-26 20:48:34]	ERR!	[Npc]	Npc [sukienkiemthe1] not found!
[2021-11-26 20:48:34]	ERR!	[Npc]	Npc [sukienkiemthe1] not found!
[2021-11-26 20:48:34]	ERR!	[Npc]	Npc [sukienkiemthe1] not found!
[2021-11-26 20:48:34]	ERR!	[Npc]	Npc [sukienkiemthe1] not found!
[2021-11-26 20:48:34]	ERR!	[Npc]	Npc [sukienkiemthe1] not found!
[2021-11-26 20:48:34]	ERR!	[Npc]	Npc [sukienkiemthe1] not found!
[2021-11-26 20:48:34]	ERR!	[Npc]	Npc [sukienkiemthe1] not found!
[2021-11-26 20:48:34]	ERR!	[Npc]	Npc [sukienkiemthe1] not found!
[2021-11-26 20:48:34]	ERR!	[Npc]	Npc [sukienkiemthe1] not found!
[2021-11-26 20:48:34]	ERR!	[Npc]	Npc [sukienkiemthe1] not found!
[2021-11-26 20:48:34]	ERR!	[Npc]	Npc [sukienkiemthe1] not found!
[2021-11-26 20:48:34]	ERR!	[Npc]	Npc [sukienkiemthe1] not found!
[2021-11-26 20:48:34]	ERR!	[Npc]	Npc [sukienkiemthe1] not found!
[2021-11-26 20:48:34]	ERR!	[Npc]	Npc [qianzhuang] not found!
[2021-11-26 20:48:34]	ERR!	[Npc]	Npc [qianzhuang] not found!
[2021-11-26 20:48:34]	ERR!	[Npc]	Npc [qianzhuang] not found!
[2021-11-26 20:48:34]	ERR!	[Npc]	Npc [qianzhuang] not found!
[2021-11-26 20:48:34]	ERR!	[Npc]	Npc [qianzhuang] not found!
[2021-11-26 20:48:34]	ERR!	[Npc]	Npc [qianzhuang] not found!
[2021-11-26 20:48:34]	ERR!	[Npc]	Npc [qianzhuang] not found!
[2021-11-26 20:48:34]	ERR!	[Npc]	Npc [qianzhuang] not found!
[2021-11-26 20:48:34]	ERR!	[Npc]	Npc [qianzhuang] not found!
[2021-11-26 20:48:34]	ERR!	[Npc]	Npc [qianzhuang] not found!
[2021-11-26 20:48:34]	ERR!	[Npc]	Npc [qianzhuang] not found!
[2021-11-26 20:48:34]	ERR!	[Npc]	Npc [qianzhuang] not found!
[2021-11-26 20:48:34]	ERR!	[Npc]	Npc [qianzhuang] not found!
[2021-11-26 20:48:34]	ERR!	[Npc]	Npc [yeliandashi] not found!
[2021-11-26 20:48:34]	ERR!	[Npc]	Npc [yeliandashi] not found!
[2021-11-26 20:48:34]	ERR!	[Npc]	Npc [yeliandashi] not found!
[2021-11-26 20:48:34]	ERR!	[Npc]	Npc [yeliandashi] not found!
[2021-11-26 20:48:34]	ERR!	[Npc]	Npc [yeliandashi] not found!
[2021-11-26 20:48:34]	ERR!	[Npc]	Npc [yeliandashi] not found!
[2021-11-26 20:48:34]	ERR!	[Npc]	Npc [yeliandashi] not found!
[2021-11-26 20:48:34]	ERR!	[Npc]	Npc [yeliandashi] not found!
[2021-11-26 20:48:34]	ERR!	[Npc]	Npc [yeliandashi] not found!
[2021-11-26 20:48:34]	ERR!	[Npc]	Npc [yeliandashi] not found!
[2021-11-26 20:48:34]	ERR!	[Npc]	Npc [yeliandashi] not found!
[2021-11-26 20:48:34]	ERR!	[Npc]	Npc [yeliandashi] not found!
[2021-11-26 20:48:34]	ERR!	[Npc]	Npc [yeliandashi] not found!
[2021-11-26 20:48:34]	ERR!	[Npc]	Npc [loanphai] not found!
[2021-11-26 20:48:34]	ERR!	[Npc]	Npc [loanphai] not found!
[2021-11-26 20:48:34]	ERR!	[Npc]	Npc [loanphai] not found!
[2021-11-26 20:48:34]	ERR!	[Npc]	Npc [loanphai] not found!
[2021-11-26 20:48:34]	ERR!	[Npc]	Npc [loanphai] not found!
[2021-11-26 20:48:34]	ERR!	[Npc]	Npc [loanphai] not found!
[2021-11-26 20:48:34]	ERR!	[Npc]	Npc [loanphai] not found!
[2021-11-26 20:48:34]	ERR!	[Npc]	Npc [loanphai] not found!
[2021-11-26 20:48:34]	ERR!	[Npc]	Npc [loanphai] not found!
[2021-11-26 20:48:34]	ERR!	[Npc]	Npc [loanphai] not found!
[2021-11-26 20:48:34]	ERR!	[Npc]	Npc [loanphai] not found!
[2021-11-26 20:48:34]	ERR!	[Npc]	Npc [loanphai] not found!
[2021-11-26 20:48:34]	ERR!	[Npc]	Npc [loanphai] not found!
[2021-11-26 20:48:34]	ERR!	[Npc]	Npc [xisuidashi] not found!
[2021-11-26 20:48:34]	ERR!	[Npc]	Npc [xisuidashi] not found!
[2021-11-26 20:48:34]	ERR!	[Npc]	Npc [xisuidashi] not found!
[2021-11-26 20:48:34]	ERR!	[Npc]	Npc [xisuidashi] not found!
[2021-11-26 20:48:34]	ERR!	[Npc]	Npc [xisuidashi] not found!
[2021-11-26 20:48:34]	ERR!	[Npc]	Npc [xisuidashi] not found!
[2021-11-26 20:48:34]	ERR!	[Npc]	Npc [xisuidashi] not found!
[2021-11-26 20:48:34]	ERR!	[Npc]	Npc [xisuidashi] not found!
[2021-11-26 20:48:34]	ERR!	[Npc]	Npc [xisuidashi] not found!
[2021-11-26 20:48:34]	ERR!	[Npc]	Npc [xisuidashi] not found!
[2021-11-26 20:48:34]	ERR!	[Npc]	Npc [xisuidashi] not found!
[2021-11-26 20:48:34]	ERR!	[Npc]	Npc [xisuidashi] not found!
[2021-11-26 20:48:34]	ERR!	[Npc]	Npc [xisuidashi] not found!
[2021-11-26 20:48:34]	ERR!	[Npc]	Npc [merchant] not found!
[2021-11-26 20:48:34]	ERR!	[Npc]	Npc [merchant] not found!
[2021-11-26 20:48:34]	ERR!	[Npc]	Npc [merchant] not found!
[2021-11-26 20:48:34]	ERR!	[Npc]	Npc [merchant] not found!
[2021-11-26 20:48:34]	ERR!	[Npc]	Npc [merchant] not found!
[2021-11-26 20:48:34]	ERR!	[Npc]	Npc [merchant] not found!
[2021-11-26 20:48:34]	ERR!	[Npc]	Npc [merchant] not found!
[2021-11-26 20:48:34]	ERR!	[Npc]	Npc [merchant] not found!
[2021-11-26 20:48:34]	ERR!	[Npc]	Npc [merchant] not found!
[2021-11-26 20:48:34]	ERR!	[Npc]	Npc [merchant] not found!
[2021-11-26 20:48:34]	ERR!	[Npc]	Npc [merchant] not found!
[2021-11-26 20:48:34]	ERR!	[Npc]	Npc [merchant] not found!
[2021-11-26 20:48:34]	ERR!	[Npc]	Npc [merchant] not found!
[2021-11-26 20:48:34]	ERR!	[Npc]	Npc [cuahangnew] not found!
[2021-11-26 20:48:34]	ERR!	[Npc]	Npc [cuahangnew] not found!
[2021-11-26 20:48:34]	ERR!	[Npc]	Npc [cuahangnew] not found!
[2021-11-26 20:48:34]	ERR!	[Npc]	Npc [cuahangnew] not found!
[2021-11-26 20:48:34]	ERR!	[Npc]	Npc [cuahangnew] not found!
[2021-11-26 20:48:34]	ERR!	[Npc]	Npc [cuahangnew] not found!
[2021-11-26 20:48:34]	ERR!	[Npc]	Npc [cuahangnew] not found!
[2021-11-26 20:48:34]	ERR!	[Npc]	Npc [cuahangnew] not found!
[2021-11-26 20:48:34]	ERR!	[Npc]	Npc [cuahangnew] not found!
[2021-11-26 20:48:34]	ERR!	[Npc]	Npc [cuahangnew] not found!
[2021-11-26 20:48:34]	ERR!	[Npc]	Npc [cuahangnew] not found!
[2021-11-26 20:48:34]	ERR!	[Npc]	Npc [cuahangnew] not found!
[2021-11-26 20:48:34]	ERR!	[Npc]	Npc [cuahangnew] not found!
[2021-11-26 20:48:34]	ERR!	[Npc]	Npc [bongtuyet123] not found!
[2021-11-26 20:48:34]	ERR!	[Npc]	Npc [bongtuyet123] not found!
[2021-11-26 20:48:34]	ERR!	[Npc]	Npc [bongtuyet123] not found!
[2021-11-26 20:48:34]	ERR!	[Npc]	Npc [bongtuyet123] not found!
[2021-11-26 20:48:34]	ERR!	[Npc]	Npc [bongtuyet123] not found!
[2021-11-26 20:48:34]	ERR!	[Npc]	Npc [bongtuyet123] not found!
[2021-11-26 20:48:34]	ERR!	[Npc]	Npc [bongtuyet123] not found!
[2021-11-26 20:48:34]	ERR!	[Npc]	Npc [bongtuyet123] not found!
[2021-11-26 20:48:34]	ERR!	[Npc]	Npc [bongtuyet123] not found!
[2021-11-26 20:48:34]	ERR!	[Npc]	Npc [bongtuyet123] not found!
[2021-11-26 20:48:34]	ERR!	[Npc]	Npc [bongtuyet123] not found!
[2021-11-26 20:48:34]	ERR!	[Npc]	Npc [bongtuyet123] not found!
[2021-11-26 20:48:34]	ERR!	[Npc]	Npc [bongtuyet123] not found!
[2021-11-26 20:48:34]	ERR!	[Npc]	Npc [sukienkiemthe] not found!
[2021-11-26 20:48:34]	ERR!	[Npc]	Npc [sukienkiemthe] not found!
[2021-11-26 20:48:34]	ERR!	[Npc]	Npc [sukienkiemthe] not found!
[2021-11-26 20:48:34]	ERR!	[Npc]	Npc [sukienkiemthe] not found!
[2021-11-26 20:48:34]	ERR!	[Npc]	Npc [sukienkiemthe] not found!
[2021-11-26 20:48:34]	ERR!	[Npc]	Npc [sukienkiemthe] not found!
[2021-11-26 20:48:34]	ERR!	[Npc]	Npc [sukienkiemthe] not found!
[2021-11-26 20:48:34]	ERR!	[Npc]	Npc [sukienkiemthe] not found!
[2021-11-26 20:48:34]	ERR!	[Npc]	Npc [sukienkiemthe] not found!
[2021-11-26 20:48:34]	ERR!	[Npc]	Npc [sukienkiemthe] not found!
[2021-11-26 20:48:34]	ERR!	[Npc]	Npc [sukienkiemthe] not found!
[2021-11-26 20:48:34]	ERR!	[Npc]	Npc [sukienkiemthe] not found!
[2021-11-26 20:48:34]	ERR!	[Npc]	Npc [sukienkiemthe] not found!
[2021-11-26 20:48:34]	ERR!	[Npc]	Npc [treoquatet123] not found!
[2021-11-26 20:48:34]	ERR!	[Npc]	Npc [treoquatet123] not found!
[2021-11-26 20:48:34]	ERR!	[Npc]	Npc [treoquatet123] not found!
[2021-11-26 20:48:34]	ERR!	[Npc]	Npc [treoquatet123] not found!
[2021-11-26 20:48:34]	ERR!	[Npc]	Npc [treoquatet123] not found!
[2021-11-26 20:48:34]	ERR!	[Npc]	Npc [treoquatet123] not found!
[2021-11-26 20:48:34]	ERR!	[Npc]	Npc [treoquatet123] not found!
[2021-11-26 20:48:34]	ERR!	[Npc]	Npc [treoquatet123] not found!
[2021-11-26 20:48:34]	ERR!	[Npc]	Npc [treoquatet123] not found!
[2021-11-26 20:48:34]	ERR!	[Npc]	Npc [treoquatet123] not found!
[2021-11-26 20:48:34]	ERR!	[Npc]	Npc [treoquatet123] not found!
[2021-11-26 20:48:34]	ERR!	[Npc]	Npc [treoquatet123] not found!
[2021-11-26 20:48:34]	ERR!	[Npc]	Npc [treoquatet123] not found!
[2021-11-26 20:48:34]	ERR!	[Npc]	Npc [caytoxanhtot] not found!
[2021-11-26 20:48:34]	ERR!	[Npc]	Npc [caytoxanhtot] not found!
[2021-11-26 20:48:34]	ERR!	[Npc]	Npc [caytoxanhtot] not found!
[2021-11-26 20:48:34]	ERR!	[Npc]	Npc [caytoxanhtot] not found!
[2021-11-26 20:48:34]	ERR!	[Npc]	Npc [caytoxanhtot] not found!
[2021-11-26 20:48:34]	ERR!	[Npc]	Npc [caytoxanhtot] not found!
[2021-11-26 20:48:34]	ERR!	[Npc]	Npc [caytoxanhtot] not found!
[2021-11-26 20:48:34]	ERR!	[Npc]	Npc [caytoxanhtot] not found!
[2021-11-26 20:48:34]	ERR!	[Npc]	Npc [caytoxanhtot] not found!
[2021-11-26 20:48:34]	ERR!	[Npc]	Npc [caytoxanhtot] not found!
[2021-11-26 20:48:34]	ERR!	[Npc]	Npc [caytoxanhtot] not found!
[2021-11-26 20:48:34]	ERR!	[Npc]	Npc [caytoxanhtot] not found!
[2021-11-26 20:48:34]	ERR!	[Npc]	Npc [caytoxanhtot] not found!
[2021-11-26 20:48:34]	ERR!	[Npc]	Npc [wlls_guanyuan1] not found!
[2021-11-26 20:48:34]	ERR!	[Npc]	Npc [wlls_guanyuan1] not found!
[2021-11-26 20:48:34]	ERR!	[Npc]	Npc [wlls_guanyuan1] not found!
[2021-11-26 20:48:34]	ERR!	[Npc]	Npc [wlls_guanyuan1] not found!
[2021-11-26 20:48:34]	ERR!	[Npc]	Npc [wlls_guanyuan1] not found!
[2021-11-26 20:48:34]	ERR!	[Npc]	Npc [wlls_guanyuan1] not found!
[2021-11-26 20:48:34]	ERR!	[Npc]	Npc [wlls_guanyuan1] not found!
[2021-11-26 20:48:34]	ERR!	[Npc]	Npc [wlls_guanyuan1] not found!
[2021-11-26 20:48:34]	ERR!	[Npc]	Npc [wlls_guanyuan1] not found!
[2021-11-26 20:48:34]	ERR!	[Npc]	Npc [wlls_guanyuan1] not found!
[2021-11-26 20:48:34]	ERR!	[Npc]	Npc [wlls_guanyuan1] not found!
[2021-11-26 20:48:34]	ERR!	[Npc]	Npc [wlls_guanyuan1] not found!
[2021-11-26 20:48:34]	ERR!	[Npc]	Npc [wlls_guanyuan1] not found!
[2021-11-26 20:48:34]	ERR!	[Npc]	Npc [tetrungthu1] not found!
[2021-11-26 20:48:34]	ERR!	[Npc]	Npc [tetrungthu1] not found!
[2021-11-26 20:48:34]	ERR!	[Npc]	Npc [tetrungthu1] not found!
[2021-11-26 20:48:34]	ERR!	[Npc]	Npc [tetrungthu1] not found!
[2021-11-26 20:48:34]	ERR!	[Npc]	Npc [tetrungthu1] not found!
[2021-11-26 20:48:34]	ERR!	[Npc]	Npc [tetrungthu1] not found!
[2021-11-26 20:48:34]	ERR!	[Npc]	Npc [tetrungthu1] not found!
[2021-11-26 20:48:34]	ERR!	[Npc]	Npc [tetrungthu1] not found!
[2021-11-26 20:48:34]	ERR!	[Npc]	Npc [tetrungthu1] not found!
[2021-11-26 20:48:34]	ERR!	[Npc]	Npc [tetrungthu1] not found!
[2021-11-26 20:48:34]	ERR!	[Npc]	Npc [tetrungthu1] not found!
[2021-11-26 20:48:34]	ERR!	[Npc]	Npc [tetrungthu1] not found!
[2021-11-26 20:48:34]	ERR!	[Npc]	Npc [tetrungthu1] not found!
[2021-11-26 20:48:39]	ERR!	[Npc]	Npc [sltk_hoca] not found!
[2021-11-26 20:48:39]	ERR!	[Npc]	Npc [sltk_hoca] not found!
[2021-11-26 20:48:39]	ERR!	[Npc]	Npc [sltk_hoca] not found!
[2021-11-26 20:48:39]	ERR!	[Npc]	Npc [sltk_hoca] not found!
[2021-11-26 20:48:39]	ERR!	[Npc]	Npc [sltk_hoca] not found!
[2021-11-26 20:48:39]	ERR!	[Npc]	Npc [sltk_hoca] not found!
[2021-11-26 20:48:39]	ERR!	[Npc]	Npc [sltk_hoca] not found!
[2021-11-26 20:48:39]	ERR!	[Npc]	Npc [sltk_hoca] not found!
[2021-11-26 20:48:39]	ERR!	[Npc]	Npc [sltk_hoca] not found!
[2021-11-26 20:48:39]	ERR!	[Npc]	Npc [sltk_hoca] not found!
[2021-11-26 20:48:39]	ERR!	[Npc]	Npc [sltk_hoca] not found!
[2021-11-26 20:48:39]	ERR!	[Npc]	Npc [sltk_hoca] not found!
[2021-11-26 20:48:39]	ERR!	[Npc]	Npc [sltk_hoca] not found!
[2021-11-26 20:48:39]	ERR!	[Npc]	Npc [mariaozawa] not found!
[2021-11-26 20:48:39]	ERR!	[Npc]	Npc [mariaozawa] not found!
[2021-11-26 20:48:39]	ERR!	[Npc]	Npc [mariaozawa] not found!
[2021-11-26 20:48:39]	ERR!	[Npc]	Npc [mariaozawa] not found!
[2021-11-26 20:48:39]	ERR!	[Npc]	Npc [mariaozawa] not found!
[2021-11-26 20:48:39]	ERR!	[Npc]	Npc [mariaozawa] not found!
[2021-11-26 20:48:39]	ERR!	[Npc]	Npc [mariaozawa] not found!
[2021-11-26 20:48:39]	ERR!	[Npc]	Npc [mariaozawa] not found!
[2021-11-26 20:48:39]	ERR!	[Npc]	Npc [mariaozawa] not found!
[2021-11-26 20:48:39]	ERR!	[Npc]	Npc [mariaozawa] not found!
[2021-11-26 20:48:39]	ERR!	[Npc]	Npc [mariaozawa] not found!
[2021-11-26 20:48:39]	ERR!	[Npc]	Npc [mariaozawa] not found!
[2021-11-26 20:48:39]	ERR!	[Npc]	Npc [mariaozawa] not found!
[2021-11-26 20:48:40]	ERR!	[Npc]	Npc [xuanzhan] not found!
[2021-11-26 20:48:40]	ERR!	[Npc]	Npc [xuanzhan] not found!
[2021-11-26 20:48:40]	ERR!	[Npc]	Npc [xuanzhan] not found!
[2021-11-26 20:48:40]	ERR!	[Npc]	Npc [xuanzhan] not found!
[2021-11-26 20:48:40]	ERR!	[Npc]	Npc [xuanzhan] not found!
[2021-11-26 20:48:40]	ERR!	[Npc]	Npc [xuanzhan] not found!
[2021-11-26 20:48:40]	ERR!	[Npc]	Npc [xuanzhan] not found!
[2021-11-26 20:48:40]	ERR!	[Npc]	Npc [xuanzhan] not found!
[2021-11-26 20:48:40]	ERR!	[Npc]	Npc [xuanzhan] not found!
[2021-11-26 20:48:40]	ERR!	[Npc]	Npc [xuanzhan] not found!
[2021-11-26 20:48:40]	ERR!	[Npc]	Npc [xuanzhan] not found!
[2021-11-26 20:48:40]	ERR!	[Npc]	Npc [xuanzhan] not found!
[2021-11-26 20:48:40]	ERR!	[Npc]	Npc [xuanzhan] not found!
[2021-11-26 20:48:40]	ERR!	[Npc]	Npc [guanxian] not found!
[2021-11-26 20:48:40]	ERR!	[Npc]	Npc [guanxian] not found!
[2021-11-26 20:48:40]	ERR!	[Npc]	Npc [guanxian] not found!
[2021-11-26 20:48:40]	ERR!	[Npc]	Npc [guanxian] not found!
[2021-11-26 20:48:40]	ERR!	[Npc]	Npc [guanxian] not found!
[2021-11-26 20:48:40]	ERR!	[Npc]	Npc [guanxian] not found!
[2021-11-26 20:48:40]	ERR!	[Npc]	Npc [guanxian] not found!
[2021-11-26 20:48:40]	ERR!	[Npc]	Npc [guanxian] not found!
[2021-11-26 20:48:40]	ERR!	[Npc]	Npc [guanxian] not found!
[2021-11-26 20:48:40]	ERR!	[Npc]	Npc [guanxian] not found!
[2021-11-26 20:48:40]	ERR!	[Npc]	Npc [guanxian] not found!
[2021-11-26 20:48:40]	ERR!	[Npc]	Npc [guanxian] not found!
[2021-11-26 20:48:40]	ERR!	[Npc]	Npc [guanxian] not found!
[2021-11-26 20:49:47]	ERR!	[Npc]	Npc [cauca123] not found!
[2021-11-26 20:49:47]	ERR!	[Npc]	Npc [cauca123] not found!
[2021-11-26 20:49:47]	ERR!	[Npc]	Npc [cauca123] not found!
[2021-11-26 20:49:47]	ERR!	[Npc]	Npc [cauca123] not found!
[2021-11-26 20:49:47]	ERR!	[Npc]	Npc [cauca123] not found!
[2021-11-26 20:49:47]	ERR!	[Npc]	Npc [cauca123] not found!
[2021-11-26 20:49:47]	ERR!	[Npc]	Npc [cauca123] not found!
[2021-11-26 20:49:47]	ERR!	[Npc]	Npc [cauca123] not found!
[2021-11-26 20:49:47]	ERR!	[Npc]	Npc [cauca123] not found!
[2021-11-26 20:49:47]	ERR!	[Npc]	Npc [cauca123] not found!
[2021-11-26 20:49:47]	ERR!	[Npc]	Npc [cauca123] not found!
[2021-11-26 20:49:47]	ERR!	[Npc]	Npc [cauca123] not found!
[2021-11-26 20:49:47]	ERR!	[Npc]	Npc [cauca123] not found!
[2021-11-26 20:50:29]	ERR!	[Npc]	Npc [longwutaiye] not found!
[2021-11-26 20:50:29]	ERR!	[Npc]	Npc [longwutaiye] not found!
[2021-11-26 20:50:29]	ERR!	[Npc]	Npc [longwutaiye] not found!
[2021-11-26 20:50:29]	ERR!	[Npc]	Npc [longwutaiye] not found!
[2021-11-26 20:50:29]	ERR!	[Npc]	Npc [longwutaiye] not found!
[2021-11-26 20:50:29]	ERR!	[Npc]	Npc [longwutaiye] not found!
[2021-11-26 20:50:29]	ERR!	[Npc]	Npc [longwutaiye] not found!
[2021-11-26 20:50:29]	ERR!	[Npc]	Npc [longwutaiye] not found!
[2021-11-26 20:50:29]	ERR!	[Npc]	Npc [longwutaiye] not found!
[2021-11-26 20:50:29]	ERR!	[Npc]	Npc [longwutaiye] not found!
[2021-11-26 20:50:29]	ERR!	[Npc]	Npc [longwutaiye] not found!
[2021-11-26 20:50:29]	ERR!	[Npc]	Npc [longwutaiye] not found!
[2021-11-26 20:50:29]	ERR!	[Npc]	Npc [longwutaiye] not found!
[2021-11-26 20:50:43]	ERR!	[Npc]	Npc [cauca123] not found!
[2021-11-26 20:50:43]	ERR!	[Npc]	Npc [cauca123] not found!
[2021-11-26 20:50:43]	ERR!	[Npc]	Npc [cauca123] not found!
[2021-11-26 20:50:43]	ERR!	[Npc]	Npc [cauca123] not found!
[2021-11-26 20:50:43]	ERR!	[Npc]	Npc [cauca123] not found!
[2021-11-26 20:50:43]	ERR!	[Npc]	Npc [cauca123] not found!
[2021-11-26 20:50:43]	ERR!	[Npc]	Npc [cauca123] not found!
[2021-11-26 20:50:43]	ERR!	[Npc]	Npc [cauca123] not found!
[2021-11-26 20:50:43]	ERR!	[Npc]	Npc [cauca123] not found!
[2021-11-26 20:50:43]	ERR!	[Npc]	Npc [cauca123] not found!
[2021-11-26 20:50:43]	ERR!	[Npc]	Npc [cauca123] not found!
[2021-11-26 20:50:43]	ERR!	[Npc]	Npc [cauca123] not found!
[2021-11-26 20:50:43]	ERR!	[Npc]	Npc [cauca123] not found!
[2021-11-26 20:50:44]	ERR!	[Npc]	Npc [yijunjunxuguan] not found!
[2021-11-26 20:50:44]	ERR!	[Npc]	Npc [yijunjunxuguan] not found!
[2021-11-26 20:50:44]	ERR!	[Npc]	Npc [yijunjunxuguan] not found!
[2021-11-26 20:50:44]	ERR!	[Npc]	Npc [yijunjunxuguan] not found!
[2021-11-26 20:50:44]	ERR!	[Npc]	Npc [yijunjunxuguan] not found!
[2021-11-26 20:50:44]	ERR!	[Npc]	Npc [yijunjunxuguan] not found!
[2021-11-26 20:50:44]	ERR!	[Npc]	Npc [yijunjunxuguan] not found!
[2021-11-26 20:50:44]	ERR!	[Npc]	Npc [yijunjunxuguan] not found!
[2021-11-26 20:50:44]	ERR!	[Npc]	Npc [yijunjunxuguan] not found!
[2021-11-26 20:50:44]	ERR!	[Npc]	Npc [yijunjunxuguan] not found!
[2021-11-26 20:50:44]	ERR!	[Npc]	Npc [yijunjunxuguan] not found!
[2021-11-26 20:50:44]	ERR!	[Npc]	Npc [yijunjunxuguan] not found!
[2021-11-26 20:50:44]	ERR!	[Npc]	Npc [yijunjunxuguan] not found!
[2021-11-26 20:51:19]	ERR!	[Npc]	Npc [mariaozawa] not found!
[2021-11-26 20:51:19]	ERR!	[Npc]	Npc [mariaozawa] not found!
[2021-11-26 20:51:19]	ERR!	[Npc]	Npc [mariaozawa] not found!
[2021-11-26 20:51:19]	ERR!	[Npc]	Npc [mariaozawa] not found!
[2021-11-26 20:51:19]	ERR!	[Npc]	Npc [mariaozawa] not found!
[2021-11-26 20:51:19]	ERR!	[Npc]	Npc [mariaozawa] not found!
[2021-11-26 20:51:19]	ERR!	[Npc]	Npc [mariaozawa] not found!
[2021-11-26 20:51:19]	ERR!	[Npc]	Npc [mariaozawa] not found!
[2021-11-26 20:51:19]	ERR!	[Npc]	Npc [mariaozawa] not found!
[2021-11-26 20:51:19]	ERR!	[Npc]	Npc [mariaozawa] not found!
[2021-11-26 20:51:19]	ERR!	[Npc]	Npc [mariaozawa] not found!
[2021-11-26 20:51:19]	ERR!	[Npc]	Npc [mariaozawa] not found!
[2021-11-26 20:51:19]	ERR!	[Npc]	Npc [mariaozawa] not found!
[2021-11-26 20:51:22]	ERR!	[Npc]	Npc [yijunjunxuguan] not found!
[2021-11-26 20:51:22]	ERR!	[Npc]	Npc [yijunjunxuguan] not found!
[2021-11-26 20:51:22]	ERR!	[Npc]	Npc [yijunjunxuguan] not found!
[2021-11-26 20:51:22]	ERR!	[Npc]	Npc [yijunjunxuguan] not found!
[2021-11-26 20:51:22]	ERR!	[Npc]	Npc [yijunjunxuguan] not found!
[2021-11-26 20:51:22]	ERR!	[Npc]	Npc [yijunjunxuguan] not found!
[2021-11-26 20:51:22]	ERR!	[Npc]	Npc [yijunjunxuguan] not found!
[2021-11-26 20:51:22]	ERR!	[Npc]	Npc [yijunjunxuguan] not found!
[2021-11-26 20:51:22]	ERR!	[Npc]	Npc [yijunjunxuguan] not found!
[2021-11-26 20:51:22]	ERR!	[Npc]	Npc [yijunjunxuguan] not found!
[2021-11-26 20:51:22]	ERR!	[Npc]	Npc [yijunjunxuguan] not found!
[2021-11-26 20:51:22]	ERR!	[Npc]	Npc [yijunjunxuguan] not found!
[2021-11-26 20:51:22]	ERR!	[Npc]	Npc [yijunjunxuguan] not found!
[2021-11-26 20:51:40]	ERR!	[Npc]	Npc [nhantheadmin] not found!
[2021-11-26 20:51:40]	ERR!	[Npc]	Npc [nhantheadmin] not found!
[2021-11-26 20:51:40]	ERR!	[Npc]	Npc [nhantheadmin] not found!
[2021-11-26 20:51:40]	ERR!	[Npc]	Npc [nhantheadmin] not found!
[2021-11-26 20:51:40]	ERR!	[Npc]	Npc [nhantheadmin] not found!
[2021-11-26 20:51:40]	ERR!	[Npc]	Npc [nhantheadmin] not found!
[2021-11-26 20:51:40]	ERR!	[Npc]	Npc [nhantheadmin] not found!
[2021-11-26 20:51:40]	ERR!	[Npc]	Npc [nhantheadmin] not found!
[2021-11-26 20:51:40]	ERR!	[Npc]	Npc [nhantheadmin] not found!
[2021-11-26 20:51:40]	ERR!	[Npc]	Npc [nhantheadmin] not found!
[2021-11-26 20:51:40]	ERR!	[Npc]	Npc [nhantheadmin] not found!
[2021-11-26 20:51:40]	ERR!	[Npc]	Npc [nhantheadmin] not found!
[2021-11-26 20:51:40]	ERR!	[Npc]	Npc [nhantheadmin] not found!
[2021-11-26 21:00:01]	ERR!	[Npc]	Npc [danhtrong1] not found!
[2021-11-26 21:00:01]	ERR!	[Npc]	Npc [danhtrong1] not found!
[2021-11-26 21:00:01]	ERR!	[Npc]	Npc [danhtrong1] not found!
[2021-11-26 21:00:01]	ERR!	[Npc]	Npc [danhtrong1] not found!
[2021-11-26 21:00:01]	ERR!	[Npc]	Npc [danhtrong1] not found!
[2021-11-26 21:00:01]	ERR!	[Npc]	Npc [danhtrong1] not found!
[2021-11-26 21:00:01]	ERR!	[Npc]	Npc [danhtrong1] not found!
[2021-11-26 21:00:01]	ERR!	[Npc]	Npc [danhtrong1] not found!
[2021-11-26 21:00:01]	ERR!	[Npc]	Npc [danhtrong1] not found!
[2021-11-26 21:00:01]	ERR!	[Npc]	Npc [danhtrong1] not found!
[2021-11-26 21:00:01]	ERR!	[Npc]	Npc [danhtrong1] not found!
[2021-11-26 21:00:01]	ERR!	[Npc]	Npc [danhtrong1] not found!
[2021-11-26 21:00:01]	ERR!	[Npc]	Npc [danhtrong1] not found!
