20220518-145625<DEBUG:00000C4C>: [PrevInitCore]:1, start tickers = 76076074525458
20220518-145626<DEBUG:00000C4C>: [PrevInitCore]:1->[PrevInitCore]:0 timeout, tickers = 4966254111
20220518-145628<ERROR:00000C4C>: GetInteger(12, 1) failed !
20220518-145628<ERROR:00000C4C>: NpcTemplate[20155] not found!
20220518-145628<DEBUG:00000C4C>: KGLOG_PROCESS_ERROR(nOffset < nSize) at line 65 in s_GoNextLine
20220518-145628<ERROR:00000C4C>: NpcTemplate[20121] not found!
20220518-145628<ERROR:00000C4C>: NpcTemplate[20121] not found!
20220518-145628<ERROR:00000C4C>: NpcTemplate[20121] not found!
20220518-145628<ERROR:00000C4C>: NpcTemplate[20121] not found!
20220518-145628<ERROR:00000C4C>: NpcTemplate[20121] not found!
20220518-145628<ERROR:00000C4C>: NpcTemplate[20121] not found!
20220518-145628<ERROR:00000C4C>: NpcTemplate[20121] not found!
20220518-145628<ERROR:00000C4C>: NpcTemplate[20121] not found!
20220518-145628<ERROR:00000C4C>: NpcTemplate[20121] not found!
20220518-145628<ERROR:00000C4C>: NpcTemplate[20121] not found!
20220518-145628<ERROR:00000C4C>: NpcTemplate[20121] not found!
20220518-145628<ERROR:00000C4C>: NpcTemplate[20121] not found!
20220518-145628<ERROR:00000C4C>: NpcTemplate[20121] not found!
20220518-145628<ERROR:00000C4C>: NpcTemplate[20121] not found!
20220518-145628<ERROR:00000C4C>: NpcTemplate[20121] not found!
20220518-145628<ERROR:00000C4C>: NpcTemplate[20121] not found!
20220518-145628<ERROR:00000C4C>: NpcTemplate[20121] not found!
20220518-145628<ERROR:00000C4C>: NpcTemplate[20121] not found!
20220518-145628<ERROR:00000C4C>: NpcTemplate[20121] not found!
20220518-145628<ERROR:00000C4C>: NpcTemplate[20121] not found!
20220518-145628<ERROR:00000C4C>: NpcTemplate[20121] not found!
20220518-145628<ERROR:00000C4C>: NpcTemplate[20121] not found!
20220518-145628<ERROR:00000C4C>: NpcTemplate[20121] not found!
20220518-145628<ERROR:00000C4C>: NpcTemplate[20121] not found!
20220518-145628<ERROR:00000C4C>: NpcTemplate[20121] not found!
20220518-145628<ERROR:00000C4C>: NpcTemplate[20121] not found!
20220518-145628<ERROR:00000C4C>: NpcTemplate[20121] not found!
20220518-145628<ERROR:00000C4C>: NpcTemplate[20121] not found!
20220518-145628<ERROR:00000C4C>: NpcTemplate[20121] not found!
20220518-145628<ERROR:00000C4C>: NpcTemplate[20121] not found!
20220518-145628<ERROR:00000C4C>: NpcTemplate[20121] not found!
20220518-145628<ERROR:00000C4C>: NpcTemplate[20121] not found!
20220518-145628<ERROR:00000C4C>: NpcTemplate[20121] not found!
20220518-145628<ERROR:00000C4C>: NpcTemplate[20121] not found!
20220518-145628<ERROR:00000C4C>: NpcTemplate[20121] not found!
20220518-145628<ERROR:00000C4C>: NpcTemplate[20121] not found!
20220518-145628<ERROR:00000C4C>: NpcTemplate[20121] not found!
20220518-145628<ERROR:00000C4C>: NpcTemplate[20121] not found!
20220518-145630<DEBUG:00000C4C>: KGLOG_PROCESS_ERROR(nOffset < nSize) at line 65 in s_GoNextLine
20220518-145630<DEBUG:00000C4C>: KGLOG_PROCESS_ERROR(nMaxSize > 0) at line 72 in KItemDropRate::LoadData
20220518-145630<DEBUG:00000C4C>: KGLOG_PROCESS_ERROR(nOffset < nSize) at line 65 in s_GoNextLine
20220518-145632<ERROR:00000C4C>: GetInteger(2, Money) failed !
20220518-145632<ERROR:00000C4C>: GetInteger(2, BindMoney) failed !
20220518-145632<ERROR:00000C4C>: GetInteger(2, LuckyRate) failed !
20220518-145632<ERROR:00000C4C>: GetInteger(2, Money) failed !
20220518-145632<ERROR:00000C4C>: GetInteger(2, BindMoney) failed !
20220518-145632<ERROR:00000C4C>: GetInteger(2, LuckyRate) failed !
20220518-145632<ERROR:00000C4C>: GetInteger(2, Money) failed !
20220518-145632<ERROR:00000C4C>: GetInteger(2, BindMoney) failed !
20220518-145632<ERROR:00000C4C>: GetInteger(2, LuckyRate) failed !
20220518-145632<ERROR:00000C4C>: GetInteger(2, Money) failed !
20220518-145632<ERROR:00000C4C>: GetInteger(2, BindMoney) failed !
20220518-145632<ERROR:00000C4C>: GetInteger(2, LuckyRate) failed !
20220518-145632<ERROR:00000C4C>: GetInteger(2, Money) failed !
20220518-145632<ERROR:00000C4C>: GetInteger(2, BindMoney) failed !
20220518-145632<ERROR:00000C4C>: GetInteger(2, LuckyRate) failed !
20220518-145632<ERROR:00000C4C>: GetInteger(2, Money) failed !
20220518-145632<ERROR:00000C4C>: GetInteger(2, BindMoney) failed !
20220518-145632<ERROR:00000C4C>: GetInteger(2, LuckyRate) failed !
20220518-145632<ERROR:00000C4C>: GetInteger(2, Money) failed !
20220518-145632<ERROR:00000C4C>: GetInteger(2, BindMoney) failed !
20220518-145632<ERROR:00000C4C>: GetInteger(2, LuckyRate) failed !
20220518-145632<ERROR:00000C4C>: GetInteger(2, Money) failed !
20220518-145632<ERROR:00000C4C>: GetInteger(2, BindMoney) failed !
20220518-145632<ERROR:00000C4C>: GetInteger(2, LuckyRate) failed !
20220518-145634<DEBUG:00000C4C>: KGLOG_PROCESS_ERROR(nOffset < nSize) at line 65 in s_GoNextLine
20220518-145634<DEBUG:00000C4C>: KGLOG_PROCESS_ERROR(nMaxSize > 0) at line 72 in KItemDropRate::LoadData
20220518-145634<DEBUG:00000C4C>: KGLOG_PROCESS_ERROR(nOffset < nSize) at line 65 in s_GoNextLine
20220518-145634<DEBUG:00000C4C>: KGLOG_PROCESS_ERROR(nMaxSize > 0) at line 72 in KItemDropRate::LoadData
20220518-145634<DEBUG:00000C4C>: KGLOG_PROCESS_ERROR(nOffset < nSize) at line 65 in s_GoNextLine
20220518-145634<DEBUG:00000C4C>: KGLOG_PROCESS_ERROR(nMaxSize > 0) at line 72 in KItemDropRate::LoadData
20220518-145634<DEBUG:00000C4C>: KGLOG_PROCESS_ERROR(nOffset < nSize) at line 65 in s_GoNextLine
20220518-145634<DEBUG:00000C4C>: KGLOG_PROCESS_ERROR(nMaxSize > 0) at line 72 in KItemDropRate::LoadData
20220518-145634<DEBUG:00000C4C>: KGLOG_PROCESS_ERROR(nOffset < nSize) at line 65 in s_GoNextLine
20220518-145634<DEBUG:00000C4C>: KGLOG_PROCESS_ERROR(nMaxSize > 0) at line 72 in KItemDropRate::LoadData
20220518-145635<DEBUG:00000C4C>: KGLOG_PROCESS_ERROR(nOffset < nSize) at line 65 in s_GoNextLine
20220518-145635<DEBUG:00000C4C>: KGLOG_PROCESS_ERROR(nMaxSize > 0) at line 72 in KItemDropRate::LoadData
20220518-145635<DEBUG:00000C4C>: KGLOG_PROCESS_ERROR(nOffset < nSize) at line 65 in s_GoNextLine
20220518-145635<DEBUG:00000C4C>: KGLOG_PROCESS_ERROR(nMaxSize > 0) at line 72 in KItemDropRate::LoadData
20220518-145635<DEBUG:00000C4C>: KGLOG_PROCESS_ERROR(nOffset < nSize) at line 65 in s_GoNextLine
20220518-145635<DEBUG:00000C4C>: KGLOG_PROCESS_ERROR(nMaxSize > 0) at line 72 in KItemDropRate::LoadData
20220518-145635<DEBUG:00000C4C>: KGLOG_PROCESS_ERROR(nOffset < nSize) at line 65 in s_GoNextLine
20220518-145635<DEBUG:00000C4C>: KGLOG_PROCESS_ERROR(nMaxSize > 0) at line 72 in KItemDropRate::LoadData
20220518-145635<DEBUG:00000C4C>: KGLOG_PROCESS_ERROR(nOffset < nSize) at line 65 in s_GoNextLine
20220518-145635<DEBUG:00000C4C>: KGLOG_PROCESS_ERROR(nMaxSize > 0) at line 72 in KItemDropRate::LoadData
20220518-145637<DEBUG:00000C4C>: KGLOG_PROCESS_ERROR(nOffset < nSize) at line 65 in s_GoNextLine
20220518-145637<DEBUG:00000C4C>: KGLOG_PROCESS_ERROR(nMaxSize > 0) at line 72 in KItemDropRate::LoadData
20220518-145637<DEBUG:00000C4C>: KGLOG_PROCESS_ERROR(nOffset < nSize) at line 65 in s_GoNextLine
20220518-145637<DEBUG:00000C4C>: KGLOG_PROCESS_ERROR(nMaxSize > 0) at line 72 in KItemDropRate::LoadData
20220518-145637<DEBUG:00000C4C>: KGLOG_PROCESS_ERROR(nOffset < nSize) at line 65 in s_GoNextLine
20220518-145637<DEBUG:00000C4C>: KGLOG_PROCESS_ERROR(nMaxSize > 0) at line 72 in KItemDropRate::LoadData
20220518-145637<DEBUG:00000C4C>: KGLOG_PROCESS_ERROR(nOffset < nSize) at line 65 in s_GoNextLine
20220518-145637<DEBUG:00000C4C>: KGLOG_PROCESS_ERROR(nMaxSize > 0) at line 72 in KItemDropRate::LoadData
20220518-145637<DEBUG:00000C4C>: KGLOG_PROCESS_ERROR(nOffset < nSize) at line 65 in s_GoNextLine
20220518-145637<DEBUG:00000C4C>: KGLOG_PROCESS_ERROR(nMaxSize > 0) at line 72 in KItemDropRate::LoadData
20220518-145637<DEBUG:00000C4C>: KGLOG_PROCESS_ERROR(nOffset < nSize) at line 65 in s_GoNextLine
20220518-145637<DEBUG:00000C4C>: KGLOG_PROCESS_ERROR(nMaxSize > 0) at line 72 in KItemDropRate::LoadData
20220518-145637<DEBUG:00000C4C>: KGLOG_PROCESS_ERROR(nOffset < nSize) at line 65 in s_GoNextLine
20220518-145637<DEBUG:00000C4C>: KGLOG_PROCESS_ERROR(nMaxSize > 0) at line 72 in KItemDropRate::LoadData
20220518-145637<DEBUG:00000C4C>: KGLOG_PROCESS_ERROR(nOffset < nSize) at line 65 in s_GoNextLine
20220518-145637<DEBUG:00000C4C>: KGLOG_PROCESS_ERROR(nMaxSize > 0) at line 72 in KItemDropRate::LoadData
20220518-145638<DEBUG:00000C4C>: KGLOG_PROCESS_ERROR(nOffset < nSize) at line 65 in s_GoNextLine
20220518-145638<DEBUG:00000C4C>: KGLOG_PROCESS_ERROR(nMaxSize > 0) at line 72 in KItemDropRate::LoadData
20220518-145638<DEBUG:00000C4C>: KGLOG_PROCESS_ERROR(nOffset < nSize) at line 65 in s_GoNextLine
20220518-145638<DEBUG:00000C4C>: KGLOG_PROCESS_ERROR(nMaxSize > 0) at line 72 in KItemDropRate::LoadData
20220518-145638<DEBUG:00000C4C>: KGLOG_PROCESS_ERROR(nOffset < nSize) at line 65 in s_GoNextLine
20220518-145638<DEBUG:00000C4C>: KGLOG_PROCESS_ERROR(nMaxSize > 0) at line 72 in KItemDropRate::LoadData
20220518-145638<DEBUG:00000C4C>: KGLOG_PROCESS_ERROR(nOffset < nSize) at line 65 in s_GoNextLine
20220518-145638<DEBUG:00000C4C>: KGLOG_PROCESS_ERROR(nMaxSize > 0) at line 72 in KItemDropRate::LoadData
20220518-145638<DEBUG:00000C4C>: KGLOG_PROCESS_ERROR(nOffset < nSize) at line 65 in s_GoNextLine
20220518-145638<DEBUG:00000C4C>: KGLOG_PROCESS_ERROR(nMaxSize > 0) at line 72 in KItemDropRate::LoadData
20220518-145638<DEBUG:00000C4C>: KGLOG_PROCESS_ERROR(nOffset < nSize) at line 65 in s_GoNextLine
20220518-145638<DEBUG:00000C4C>: KGLOG_PROCESS_ERROR(nMaxSize > 0) at line 72 in KItemDropRate::LoadData
20220518-145638<DEBUG:00000C4C>: KGLOG_PROCESS_ERROR(nOffset < nSize) at line 65 in s_GoNextLine
20220518-145638<DEBUG:00000C4C>: KGLOG_PROCESS_ERROR(nMaxSize > 0) at line 72 in KItemDropRate::LoadData
20220518-145638<DEBUG:00000C4C>: KGLOG_PROCESS_ERROR(nOffset < nSize) at line 65 in s_GoNextLine
20220518-145638<DEBUG:00000C4C>: KGLOG_PROCESS_ERROR(nMaxSize > 0) at line 72 in KItemDropRate::LoadData
20220518-145638<DEBUG:00000C4C>: KGLOG_PROCESS_ERROR(nOffset < nSize) at line 65 in s_GoNextLine
20220518-145638<DEBUG:00000C4C>: KGLOG_PROCESS_ERROR(nMaxSize > 0) at line 72 in KItemDropRate::LoadData
20220518-145638<DEBUG:00000C4C>: KGLOG_PROCESS_ERROR(nOffset < nSize) at line 65 in s_GoNextLine
20220518-145638<DEBUG:00000C4C>: KGLOG_PROCESS_ERROR(nMaxSize > 0) at line 72 in KItemDropRate::LoadData
20220518-145638<DEBUG:00000C4C>: KGLOG_PROCESS_ERROR(nOffset < nSize) at line 65 in s_GoNextLine
20220518-145638<DEBUG:00000C4C>: KGLOG_PROCESS_ERROR(nMaxSize > 0) at line 72 in KItemDropRate::LoadData
20220518-145638<DEBUG:00000C4C>: KGLOG_PROCESS_ERROR(nOffset < nSize) at line 65 in s_GoNextLine
20220518-145638<DEBUG:00000C4C>: KGLOG_PROCESS_ERROR(nMaxSize > 0) at line 72 in KItemDropRate::LoadData
20220518-145638<DEBUG:00000C4C>: KGLOG_PROCESS_ERROR(nOffset < nSize) at line 65 in s_GoNextLine
20220518-145638<DEBUG:00000C4C>: KGLOG_PROCESS_ERROR(nMaxSize > 0) at line 72 in KItemDropRate::LoadData
20220518-145638<DEBUG:00000C4C>: KGLOG_PROCESS_ERROR(nOffset < nSize) at line 65 in s_GoNextLine
20220518-145638<DEBUG:00000C4C>: KGLOG_PROCESS_ERROR(nMaxSize > 0) at line 72 in KItemDropRate::LoadData
20220518-145638<DEBUG:00000C4C>: KGLOG_PROCESS_ERROR(nOffset < nSize) at line 65 in s_GoNextLine
20220518-145638<DEBUG:00000C4C>: KGLOG_PROCESS_ERROR(nMaxSize > 0) at line 72 in KItemDropRate::LoadData
20220518-145640<WARN :00000C4C>: LostFps: 228 (+228)
20220518-145641<WARN :00000C4C>: LostFps: 184 (-44)
20220518-145642<WARN :00000C4C>: LostFps: 139 (-45)
20220518-145643<WARN :00000C4C>: LostFps: 93 (-46)
20220518-145644<WARN :00000C4C>: LostFps: 47 (-46)
20220518-145645<WARN :00000C4C>: LostFps: 0 (-47)
20220518-145853<WARN :00000C4C>: LostFps: 3 (+3)
20220518-145854<WARN :00000C4C>: LostFps: 0 (-3)
